ARM GAS  C:\Users\jens1\AppData\Local\Temp\ccSyhBS3.s 			page 1


   1              		.syntax unified
   2              		.cpu cortex-m3
   3              		.fpu softvfp
   4              		.eabi_attribute 20, 1
   5              		.eabi_attribute 21, 1
   6              		.eabi_attribute 23, 3
   7              		.eabi_attribute 24, 1
   8              		.eabi_attribute 25, 1
   9              		.eabi_attribute 26, 1
  10              		.eabi_attribute 30, 1
  11              		.eabi_attribute 34, 1
  12              		.eabi_attribute 18, 4
  13              		.thumb
  14              		.syntax unified
  15              		.file	"cyfitter_cfg.c"
  16              		.text
  17              	.Ltext0:
  18              		.cfi_sections	.debug_frame
  19              		.section	.text.CyClockStartupError,"ax",%progbits
  20              		.align	2
  21              		.thumb
  22              		.thumb_func
  23              		.type	CyClockStartupError, %function
  24              	CyClockStartupError:
  25              	.LFB3:
  26              		.file 1 "Generated_Source\\PSoC5\\cyfitter_cfg.c"
   1:Generated_Source\PSoC5/cyfitter_cfg.c **** 
   2:Generated_Source\PSoC5/cyfitter_cfg.c **** /*******************************************************************************
   3:Generated_Source\PSoC5/cyfitter_cfg.c **** * File Name: cyfitter_cfg.c
   4:Generated_Source\PSoC5/cyfitter_cfg.c **** * 
   5:Generated_Source\PSoC5/cyfitter_cfg.c **** * PSoC Creator  4.2
   6:Generated_Source\PSoC5/cyfitter_cfg.c **** *
   7:Generated_Source\PSoC5/cyfitter_cfg.c **** * Description:
   8:Generated_Source\PSoC5/cyfitter_cfg.c **** * This file contains device initialization code.
   9:Generated_Source\PSoC5/cyfitter_cfg.c **** * Except for the user defined sections in CyClockStartupError(), this file should not be modified.
  10:Generated_Source\PSoC5/cyfitter_cfg.c **** * This file is automatically generated by PSoC Creator.
  11:Generated_Source\PSoC5/cyfitter_cfg.c **** *
  12:Generated_Source\PSoC5/cyfitter_cfg.c **** ********************************************************************************
  13:Generated_Source\PSoC5/cyfitter_cfg.c **** * Copyright (c) 2007-2018 Cypress Semiconductor.  All rights reserved.
  14:Generated_Source\PSoC5/cyfitter_cfg.c **** * You may use this file only in accordance with the license, terms, conditions, 
  15:Generated_Source\PSoC5/cyfitter_cfg.c **** * disclaimers, and limitations in the end user license agreement accompanying 
  16:Generated_Source\PSoC5/cyfitter_cfg.c **** * the software package with which this file was provided.
  17:Generated_Source\PSoC5/cyfitter_cfg.c **** ********************************************************************************/
  18:Generated_Source\PSoC5/cyfitter_cfg.c **** 
  19:Generated_Source\PSoC5/cyfitter_cfg.c **** #include <string.h>
  20:Generated_Source\PSoC5/cyfitter_cfg.c **** #include "cytypes.h"
  21:Generated_Source\PSoC5/cyfitter_cfg.c **** #include "cydevice_trm.h"
  22:Generated_Source\PSoC5/cyfitter_cfg.c **** #include "cyfitter.h"
  23:Generated_Source\PSoC5/cyfitter_cfg.c **** #include "CyLib.h"
  24:Generated_Source\PSoC5/cyfitter_cfg.c **** #include "cyfitter_cfg.h"
  25:Generated_Source\PSoC5/cyfitter_cfg.c **** #include "cyapicallbacks.h"
  26:Generated_Source\PSoC5/cyfitter_cfg.c **** 
  27:Generated_Source\PSoC5/cyfitter_cfg.c **** #define CY_NEED_CYCLOCKSTARTUPERROR 1
  28:Generated_Source\PSoC5/cyfitter_cfg.c **** 
  29:Generated_Source\PSoC5/cyfitter_cfg.c **** 
  30:Generated_Source\PSoC5/cyfitter_cfg.c **** #if defined(__GNUC__) || defined(__ARMCC_VERSION)
  31:Generated_Source\PSoC5/cyfitter_cfg.c ****     #define CYPACKED 
ARM GAS  C:\Users\jens1\AppData\Local\Temp\ccSyhBS3.s 			page 2


  32:Generated_Source\PSoC5/cyfitter_cfg.c ****     #define CYPACKED_ATTR __attribute__ ((packed))
  33:Generated_Source\PSoC5/cyfitter_cfg.c ****     #define CYALIGNED __attribute__ ((aligned))
  34:Generated_Source\PSoC5/cyfitter_cfg.c ****     #define CY_CFG_UNUSED __attribute__ ((unused))
  35:Generated_Source\PSoC5/cyfitter_cfg.c ****     #ifndef CY_CFG_SECTION
  36:Generated_Source\PSoC5/cyfitter_cfg.c ****         #define CY_CFG_SECTION __attribute__ ((section(".psocinit")))
  37:Generated_Source\PSoC5/cyfitter_cfg.c ****     #endif
  38:Generated_Source\PSoC5/cyfitter_cfg.c ****     
  39:Generated_Source\PSoC5/cyfitter_cfg.c ****     #if defined(__ARMCC_VERSION)
  40:Generated_Source\PSoC5/cyfitter_cfg.c ****         #define CY_CFG_MEMORY_BARRIER() __memory_changed()
  41:Generated_Source\PSoC5/cyfitter_cfg.c ****     #else
  42:Generated_Source\PSoC5/cyfitter_cfg.c ****         #define CY_CFG_MEMORY_BARRIER() __sync_synchronize()
  43:Generated_Source\PSoC5/cyfitter_cfg.c ****     #endif
  44:Generated_Source\PSoC5/cyfitter_cfg.c ****     
  45:Generated_Source\PSoC5/cyfitter_cfg.c **** #elif defined(__ICCARM__)
  46:Generated_Source\PSoC5/cyfitter_cfg.c ****     #include <intrinsics.h>
  47:Generated_Source\PSoC5/cyfitter_cfg.c **** 
  48:Generated_Source\PSoC5/cyfitter_cfg.c ****     #define CYPACKED __packed
  49:Generated_Source\PSoC5/cyfitter_cfg.c ****     #define CYPACKED_ATTR 
  50:Generated_Source\PSoC5/cyfitter_cfg.c ****     #define CYALIGNED _Pragma("data_alignment=4")
  51:Generated_Source\PSoC5/cyfitter_cfg.c ****     #define CY_CFG_UNUSED _Pragma("diag_suppress=Pe177")
  52:Generated_Source\PSoC5/cyfitter_cfg.c ****     #define CY_CFG_SECTION _Pragma("location=\".psocinit\"")
  53:Generated_Source\PSoC5/cyfitter_cfg.c ****     
  54:Generated_Source\PSoC5/cyfitter_cfg.c ****     #define CY_CFG_MEMORY_BARRIER() __DMB()
  55:Generated_Source\PSoC5/cyfitter_cfg.c ****     
  56:Generated_Source\PSoC5/cyfitter_cfg.c **** #else
  57:Generated_Source\PSoC5/cyfitter_cfg.c ****     #error Unsupported toolchain
  58:Generated_Source\PSoC5/cyfitter_cfg.c **** #endif
  59:Generated_Source\PSoC5/cyfitter_cfg.c **** 
  60:Generated_Source\PSoC5/cyfitter_cfg.c **** #ifndef CYCODE
  61:Generated_Source\PSoC5/cyfitter_cfg.c ****     #define CYCODE
  62:Generated_Source\PSoC5/cyfitter_cfg.c **** #endif
  63:Generated_Source\PSoC5/cyfitter_cfg.c **** #ifndef CYDATA
  64:Generated_Source\PSoC5/cyfitter_cfg.c ****     #define CYDATA
  65:Generated_Source\PSoC5/cyfitter_cfg.c **** #endif
  66:Generated_Source\PSoC5/cyfitter_cfg.c **** #ifndef CYFAR
  67:Generated_Source\PSoC5/cyfitter_cfg.c ****     #define CYFAR
  68:Generated_Source\PSoC5/cyfitter_cfg.c **** #endif
  69:Generated_Source\PSoC5/cyfitter_cfg.c **** #ifndef CYXDATA
  70:Generated_Source\PSoC5/cyfitter_cfg.c ****     #define CYXDATA
  71:Generated_Source\PSoC5/cyfitter_cfg.c **** #endif
  72:Generated_Source\PSoC5/cyfitter_cfg.c **** 
  73:Generated_Source\PSoC5/cyfitter_cfg.c **** 
  74:Generated_Source\PSoC5/cyfitter_cfg.c **** CY_CFG_UNUSED
  75:Generated_Source\PSoC5/cyfitter_cfg.c **** static void CYMEMZERO(void *s, size_t n);
  76:Generated_Source\PSoC5/cyfitter_cfg.c **** CY_CFG_UNUSED
  77:Generated_Source\PSoC5/cyfitter_cfg.c **** static void CYMEMZERO(void *s, size_t n)
  78:Generated_Source\PSoC5/cyfitter_cfg.c **** {
  79:Generated_Source\PSoC5/cyfitter_cfg.c **** 	(void)memset(s, 0, n);
  80:Generated_Source\PSoC5/cyfitter_cfg.c **** }
  81:Generated_Source\PSoC5/cyfitter_cfg.c **** CY_CFG_UNUSED
  82:Generated_Source\PSoC5/cyfitter_cfg.c **** static void CYCONFIGCPY(void *dest, const void *src, size_t n);
  83:Generated_Source\PSoC5/cyfitter_cfg.c **** CY_CFG_UNUSED
  84:Generated_Source\PSoC5/cyfitter_cfg.c **** static void CYCONFIGCPY(void *dest, const void *src, size_t n)
  85:Generated_Source\PSoC5/cyfitter_cfg.c **** {
  86:Generated_Source\PSoC5/cyfitter_cfg.c **** 	(void)memcpy(dest, src, n);
  87:Generated_Source\PSoC5/cyfitter_cfg.c **** }
  88:Generated_Source\PSoC5/cyfitter_cfg.c **** CY_CFG_UNUSED
ARM GAS  C:\Users\jens1\AppData\Local\Temp\ccSyhBS3.s 			page 3


  89:Generated_Source\PSoC5/cyfitter_cfg.c **** static void CYCONFIGCPYCODE(void *dest, const void *src, size_t n);
  90:Generated_Source\PSoC5/cyfitter_cfg.c **** CY_CFG_UNUSED
  91:Generated_Source\PSoC5/cyfitter_cfg.c **** static void CYCONFIGCPYCODE(void *dest, const void *src, size_t n)
  92:Generated_Source\PSoC5/cyfitter_cfg.c **** {
  93:Generated_Source\PSoC5/cyfitter_cfg.c **** 	(void)memcpy(dest, src, n);
  94:Generated_Source\PSoC5/cyfitter_cfg.c **** }
  95:Generated_Source\PSoC5/cyfitter_cfg.c **** 
  96:Generated_Source\PSoC5/cyfitter_cfg.c **** 
  97:Generated_Source\PSoC5/cyfitter_cfg.c **** 
  98:Generated_Source\PSoC5/cyfitter_cfg.c **** 
  99:Generated_Source\PSoC5/cyfitter_cfg.c **** /* Clock startup error codes                                                   */
 100:Generated_Source\PSoC5/cyfitter_cfg.c **** #define CYCLOCKSTART_NO_ERROR    0u
 101:Generated_Source\PSoC5/cyfitter_cfg.c **** #define CYCLOCKSTART_XTAL_ERROR  1u
 102:Generated_Source\PSoC5/cyfitter_cfg.c **** #define CYCLOCKSTART_32KHZ_ERROR 2u
 103:Generated_Source\PSoC5/cyfitter_cfg.c **** #define CYCLOCKSTART_PLL_ERROR   3u
 104:Generated_Source\PSoC5/cyfitter_cfg.c **** #define CYCLOCKSTART_FLL_ERROR   4u
 105:Generated_Source\PSoC5/cyfitter_cfg.c **** #define CYCLOCKSTART_WCO_ERROR   5u
 106:Generated_Source\PSoC5/cyfitter_cfg.c **** 
 107:Generated_Source\PSoC5/cyfitter_cfg.c **** 
 108:Generated_Source\PSoC5/cyfitter_cfg.c **** #ifdef CY_NEED_CYCLOCKSTARTUPERROR
 109:Generated_Source\PSoC5/cyfitter_cfg.c **** /*******************************************************************************
 110:Generated_Source\PSoC5/cyfitter_cfg.c **** * Function Name: CyClockStartupError
 111:Generated_Source\PSoC5/cyfitter_cfg.c **** ********************************************************************************
 112:Generated_Source\PSoC5/cyfitter_cfg.c **** * Summary:
 113:Generated_Source\PSoC5/cyfitter_cfg.c **** *  If an error is encountered during clock configuration (crystal startup error,
 114:Generated_Source\PSoC5/cyfitter_cfg.c **** *  PLL lock error, etc.), the system will end up here.  Unless reimplemented by
 115:Generated_Source\PSoC5/cyfitter_cfg.c **** *  the customer, this function will stop in an infinite loop.
 116:Generated_Source\PSoC5/cyfitter_cfg.c **** *
 117:Generated_Source\PSoC5/cyfitter_cfg.c **** * Parameters:
 118:Generated_Source\PSoC5/cyfitter_cfg.c **** *   void
 119:Generated_Source\PSoC5/cyfitter_cfg.c **** *
 120:Generated_Source\PSoC5/cyfitter_cfg.c **** * Return:
 121:Generated_Source\PSoC5/cyfitter_cfg.c **** *   void
 122:Generated_Source\PSoC5/cyfitter_cfg.c **** *
 123:Generated_Source\PSoC5/cyfitter_cfg.c **** *******************************************************************************/
 124:Generated_Source\PSoC5/cyfitter_cfg.c **** CY_CFG_UNUSED
 125:Generated_Source\PSoC5/cyfitter_cfg.c **** static void CyClockStartupError(uint8 errorCode);
 126:Generated_Source\PSoC5/cyfitter_cfg.c **** CY_CFG_UNUSED
 127:Generated_Source\PSoC5/cyfitter_cfg.c **** static void CyClockStartupError(uint8 errorCode)
 128:Generated_Source\PSoC5/cyfitter_cfg.c **** {
  27              		.loc 1 128 0
  28              		.cfi_startproc
  29              		@ Volatile: function does not return.
  30              		@ args = 0, pretend = 0, frame = 0
  31              		@ frame_needed = 0, uses_anonymous_args = 0
  32              		@ link register save eliminated.
  33              	.LVL0:
  34              	.L2:
  35 0000 FEE7     		b	.L2
  36              		.cfi_endproc
  37              	.LFE3:
  38              		.size	CyClockStartupError, .-CyClockStartupError
  39 0002 00BF     		.section	.text.AnalogSetDefault,"ax",%progbits
  40              		.align	2
  41              		.thumb
  42              		.thumb_func
  43              		.type	AnalogSetDefault, %function
ARM GAS  C:\Users\jens1\AppData\Local\Temp\ccSyhBS3.s 			page 4


  44              	AnalogSetDefault:
  45              	.LFB5:
 129:Generated_Source\PSoC5/cyfitter_cfg.c ****     /* To remove the compiler warning if errorCode not used.                */
 130:Generated_Source\PSoC5/cyfitter_cfg.c ****     errorCode = errorCode;
 131:Generated_Source\PSoC5/cyfitter_cfg.c **** 
 132:Generated_Source\PSoC5/cyfitter_cfg.c ****     /* If we have a clock startup error (bad MHz crystal, PLL lock, etc.),  */
 133:Generated_Source\PSoC5/cyfitter_cfg.c ****     /* we will end up here to allow the customer to implement something to  */
 134:Generated_Source\PSoC5/cyfitter_cfg.c ****     /* deal with the clock condition.                                       */
 135:Generated_Source\PSoC5/cyfitter_cfg.c **** 
 136:Generated_Source\PSoC5/cyfitter_cfg.c **** #ifdef CY_CFG_CLOCK_STARTUP_ERROR_CALLBACK
 137:Generated_Source\PSoC5/cyfitter_cfg.c ****     CY_CFG_Clock_Startup_ErrorCallback();
 138:Generated_Source\PSoC5/cyfitter_cfg.c **** #else
 139:Generated_Source\PSoC5/cyfitter_cfg.c ****     /*  If not using CY_CFG_CLOCK_STARTUP_ERROR_CALLBACK, place your clock startup code here. */
 140:Generated_Source\PSoC5/cyfitter_cfg.c ****     /* `#START CyClockStartupError` */
 141:Generated_Source\PSoC5/cyfitter_cfg.c **** 
 142:Generated_Source\PSoC5/cyfitter_cfg.c **** 
 143:Generated_Source\PSoC5/cyfitter_cfg.c **** 
 144:Generated_Source\PSoC5/cyfitter_cfg.c ****     /* `#END` */
 145:Generated_Source\PSoC5/cyfitter_cfg.c **** 
 146:Generated_Source\PSoC5/cyfitter_cfg.c ****     while(1) {}
 147:Generated_Source\PSoC5/cyfitter_cfg.c **** #endif /* CY_CFG_CLOCK_STARTUP_ERROR_CALLBACK */
 148:Generated_Source\PSoC5/cyfitter_cfg.c **** }
 149:Generated_Source\PSoC5/cyfitter_cfg.c **** #endif
 150:Generated_Source\PSoC5/cyfitter_cfg.c **** 
 151:Generated_Source\PSoC5/cyfitter_cfg.c **** /* IOPINS0_1 Address: CYREG_PRT1_DM0 Size (bytes): 8 */
 152:Generated_Source\PSoC5/cyfitter_cfg.c **** #define BS_IOPINS0_1_VAL ((const uint8 CYFAR *)0x48000000u)
 153:Generated_Source\PSoC5/cyfitter_cfg.c **** 
 154:Generated_Source\PSoC5/cyfitter_cfg.c **** /* IOPINS0_2 Address: CYREG_PRT2_DM0 Size (bytes): 8 */
 155:Generated_Source\PSoC5/cyfitter_cfg.c **** #define BS_IOPINS0_2_VAL ((const uint8 CYFAR *)0x48000008u)
 156:Generated_Source\PSoC5/cyfitter_cfg.c **** 
 157:Generated_Source\PSoC5/cyfitter_cfg.c **** 
 158:Generated_Source\PSoC5/cyfitter_cfg.c **** /*******************************************************************************
 159:Generated_Source\PSoC5/cyfitter_cfg.c **** * Function Name: ClockSetup
 160:Generated_Source\PSoC5/cyfitter_cfg.c **** ********************************************************************************
 161:Generated_Source\PSoC5/cyfitter_cfg.c **** *
 162:Generated_Source\PSoC5/cyfitter_cfg.c **** * Summary:
 163:Generated_Source\PSoC5/cyfitter_cfg.c **** *  Performs the initialization of all of the clocks in the device based on the
 164:Generated_Source\PSoC5/cyfitter_cfg.c **** *  settings in the Clock tab of the DWR.  This includes enabling the requested
 165:Generated_Source\PSoC5/cyfitter_cfg.c **** *  clocks and setting the necessary dividers to produce the desired frequency. 
 166:Generated_Source\PSoC5/cyfitter_cfg.c **** *
 167:Generated_Source\PSoC5/cyfitter_cfg.c **** * Parameters:
 168:Generated_Source\PSoC5/cyfitter_cfg.c **** *  void
 169:Generated_Source\PSoC5/cyfitter_cfg.c **** *
 170:Generated_Source\PSoC5/cyfitter_cfg.c **** * Return:
 171:Generated_Source\PSoC5/cyfitter_cfg.c **** *  void
 172:Generated_Source\PSoC5/cyfitter_cfg.c **** *
 173:Generated_Source\PSoC5/cyfitter_cfg.c **** *******************************************************************************/
 174:Generated_Source\PSoC5/cyfitter_cfg.c **** static void ClockSetup(void);
 175:Generated_Source\PSoC5/cyfitter_cfg.c **** static void ClockSetup(void)
 176:Generated_Source\PSoC5/cyfitter_cfg.c **** {
 177:Generated_Source\PSoC5/cyfitter_cfg.c **** 	uint32 timeout;
 178:Generated_Source\PSoC5/cyfitter_cfg.c **** 	uint8 pllLock;
 179:Generated_Source\PSoC5/cyfitter_cfg.c **** 
 180:Generated_Source\PSoC5/cyfitter_cfg.c **** 
 181:Generated_Source\PSoC5/cyfitter_cfg.c **** 	/* Configure ILO based on settings from Clock DWR */
 182:Generated_Source\PSoC5/cyfitter_cfg.c **** 	CY_SET_XTND_REG8((void CYFAR *)(CYREG_SLOWCLK_ILO_CR0), 0x02u);
 183:Generated_Source\PSoC5/cyfitter_cfg.c **** 	CY_SET_XTND_REG8((void CYFAR *)(CYREG_CLKDIST_CR), 0x08u);
ARM GAS  C:\Users\jens1\AppData\Local\Temp\ccSyhBS3.s 			page 5


 184:Generated_Source\PSoC5/cyfitter_cfg.c **** 
 185:Generated_Source\PSoC5/cyfitter_cfg.c **** 	/* Configure IMO based on settings from Clock DWR */
 186:Generated_Source\PSoC5/cyfitter_cfg.c **** 	CY_SET_XTND_REG8((void CYFAR *)(CYREG_FASTCLK_IMO_CR), 0x03u);
 187:Generated_Source\PSoC5/cyfitter_cfg.c **** 	CY_SET_XTND_REG8((void CYFAR *)(CYREG_IMO_TR1), (CY_GET_XTND_REG8((void CYFAR *)CYREG_FLSHID_CUST_
 188:Generated_Source\PSoC5/cyfitter_cfg.c **** 
 189:Generated_Source\PSoC5/cyfitter_cfg.c **** 	/* Configure PLL based on settings from Clock DWR */
 190:Generated_Source\PSoC5/cyfitter_cfg.c **** 	CY_SET_XTND_REG16((void CYFAR *)(CYREG_FASTCLK_PLL_P), 0x0008u);
 191:Generated_Source\PSoC5/cyfitter_cfg.c **** 	CY_SET_XTND_REG16((void CYFAR *)(CYREG_FASTCLK_PLL_CFG0), 0x1251u);
 192:Generated_Source\PSoC5/cyfitter_cfg.c **** 	/* Wait up to 250us for the PLL to lock */
 193:Generated_Source\PSoC5/cyfitter_cfg.c **** 	pllLock = 0u;
 194:Generated_Source\PSoC5/cyfitter_cfg.c **** 	for (timeout = 250u / 10u; (timeout > 0u) && (pllLock != 0x03u); timeout--)
 195:Generated_Source\PSoC5/cyfitter_cfg.c **** 	{ 
 196:Generated_Source\PSoC5/cyfitter_cfg.c **** 		pllLock = 0x03u & ((uint8)((uint8)pllLock << 1) | ((CY_GET_XTND_REG8((void CYFAR *)CYREG_FASTCLK_
 197:Generated_Source\PSoC5/cyfitter_cfg.c **** 		CyDelayCycles(10u * 48u); /* Delay 10us based on 48MHz clock */
 198:Generated_Source\PSoC5/cyfitter_cfg.c **** 	}
 199:Generated_Source\PSoC5/cyfitter_cfg.c **** 	/* If we ran out of time the PLL didn't lock so go to the error function */
 200:Generated_Source\PSoC5/cyfitter_cfg.c **** 	if (timeout == 0u)
 201:Generated_Source\PSoC5/cyfitter_cfg.c **** 	{
 202:Generated_Source\PSoC5/cyfitter_cfg.c **** 		CyClockStartupError(CYCLOCKSTART_PLL_ERROR);
 203:Generated_Source\PSoC5/cyfitter_cfg.c **** 	}
 204:Generated_Source\PSoC5/cyfitter_cfg.c **** 
 205:Generated_Source\PSoC5/cyfitter_cfg.c **** 	/* Configure Bus/Master Clock based on settings from Clock DWR */
 206:Generated_Source\PSoC5/cyfitter_cfg.c **** 	CY_SET_XTND_REG16((void CYFAR *)(CYREG_CLKDIST_MSTR0), 0x0100u);
 207:Generated_Source\PSoC5/cyfitter_cfg.c **** 	CY_SET_XTND_REG8((void CYFAR *)(CYREG_CLKDIST_MSTR0), 0x07u);
 208:Generated_Source\PSoC5/cyfitter_cfg.c **** 	CY_SET_XTND_REG8((void CYFAR *)(CYREG_CLKDIST_BCFG0), 0x00u);
 209:Generated_Source\PSoC5/cyfitter_cfg.c **** 	CY_SET_XTND_REG8((void CYFAR *)(CYREG_CLKDIST_BCFG2), 0x48u);
 210:Generated_Source\PSoC5/cyfitter_cfg.c **** 	CY_SET_XTND_REG8((void CYFAR *)(CYREG_CLKDIST_MSTR0), 0x00u);
 211:Generated_Source\PSoC5/cyfitter_cfg.c **** 	CY_SET_XTND_REG8((void CYFAR *)(CYREG_CLKDIST_LD), 0x02u);
 212:Generated_Source\PSoC5/cyfitter_cfg.c **** }
 213:Generated_Source\PSoC5/cyfitter_cfg.c **** 
 214:Generated_Source\PSoC5/cyfitter_cfg.c **** 
 215:Generated_Source\PSoC5/cyfitter_cfg.c **** /* Analog API Functions */
 216:Generated_Source\PSoC5/cyfitter_cfg.c **** 
 217:Generated_Source\PSoC5/cyfitter_cfg.c **** 
 218:Generated_Source\PSoC5/cyfitter_cfg.c **** /*******************************************************************************
 219:Generated_Source\PSoC5/cyfitter_cfg.c **** * Function Name: AnalogSetDefault
 220:Generated_Source\PSoC5/cyfitter_cfg.c **** ********************************************************************************
 221:Generated_Source\PSoC5/cyfitter_cfg.c **** *
 222:Generated_Source\PSoC5/cyfitter_cfg.c **** * Summary:
 223:Generated_Source\PSoC5/cyfitter_cfg.c **** *  Sets up the analog portions of the chip to default values based on chip
 224:Generated_Source\PSoC5/cyfitter_cfg.c **** *  configuration options from the project.
 225:Generated_Source\PSoC5/cyfitter_cfg.c **** *
 226:Generated_Source\PSoC5/cyfitter_cfg.c **** * Parameters:
 227:Generated_Source\PSoC5/cyfitter_cfg.c **** *  void
 228:Generated_Source\PSoC5/cyfitter_cfg.c **** *
 229:Generated_Source\PSoC5/cyfitter_cfg.c **** * Return:
 230:Generated_Source\PSoC5/cyfitter_cfg.c **** *  void
 231:Generated_Source\PSoC5/cyfitter_cfg.c **** *
 232:Generated_Source\PSoC5/cyfitter_cfg.c **** *******************************************************************************/
 233:Generated_Source\PSoC5/cyfitter_cfg.c **** static void AnalogSetDefault(void);
 234:Generated_Source\PSoC5/cyfitter_cfg.c **** static void AnalogSetDefault(void)
 235:Generated_Source\PSoC5/cyfitter_cfg.c **** {
  46              		.loc 1 235 0
  47              		.cfi_startproc
  48              		@ args = 0, pretend = 0, frame = 0
  49              		@ frame_needed = 0, uses_anonymous_args = 0
  50              		@ link register save eliminated.
ARM GAS  C:\Users\jens1\AppData\Local\Temp\ccSyhBS3.s 			page 6


 236:Generated_Source\PSoC5/cyfitter_cfg.c **** 	uint8 bg_xover_inl_trim = CY_GET_XTND_REG8((void CYFAR *)(CYREG_FLSHID_MFG_CFG_BG_XOVER_INL_TRIM +
  51              		.loc 1 236 0
  52 0000 064B     		ldr	r3, .L4
  53 0002 1B78     		ldrb	r3, [r3]	@ zero_extendqisi2
  54 0004 DBB2     		uxtb	r3, r3
  55              	.LVL1:
 237:Generated_Source\PSoC5/cyfitter_cfg.c **** 	CY_SET_XTND_REG8((void CYFAR *)(CYREG_BG_DFT0), (bg_xover_inl_trim & 0x07u));
  56              		.loc 1 237 0
  57 0006 03F00701 		and	r1, r3, #7
  58 000a 054A     		ldr	r2, .L4+4
  59 000c 1170     		strb	r1, [r2]
 238:Generated_Source\PSoC5/cyfitter_cfg.c **** 	CY_SET_XTND_REG8((void CYFAR *)(CYREG_BG_DFT1), ((bg_xover_inl_trim >> 4) & 0x0Fu));
  60              		.loc 1 238 0
  61 000e 1B09     		lsrs	r3, r3, #4
  62              	.LVL2:
  63 0010 0132     		adds	r2, r2, #1
  64 0012 1370     		strb	r3, [r2]
 239:Generated_Source\PSoC5/cyfitter_cfg.c **** 	CY_SET_XTND_REG8((void CYFAR *)CYREG_PUMP_CR0, 0x44u);
  65              		.loc 1 239 0
  66 0014 4422     		movs	r2, #68
  67 0016 034B     		ldr	r3, .L4+8
  68 0018 1A70     		strb	r2, [r3]
  69 001a 7047     		bx	lr
  70              	.L5:
  71              		.align	2
  72              	.L4:
  73 001c CF010049 		.word	1224737231
  74 0020 6E580040 		.word	1073764462
  75 0024 76580040 		.word	1073764470
  76              		.cfi_endproc
  77              	.LFE5:
  78              		.size	AnalogSetDefault, .-AnalogSetDefault
  79              		.section	.text.CYMEMZERO,"ax",%progbits
  80              		.align	2
  81              		.thumb
  82              		.thumb_func
  83              		.type	CYMEMZERO, %function
  84              	CYMEMZERO:
  85              	.LFB0:
  78:Generated_Source\PSoC5/cyfitter_cfg.c **** 	(void)memset(s, 0, n);
  86              		.loc 1 78 0
  87              		.cfi_startproc
  88              		@ args = 0, pretend = 0, frame = 0
  89              		@ frame_needed = 0, uses_anonymous_args = 0
  90              	.LVL3:
  91 0000 08B5     		push	{r3, lr}
  92              		.cfi_def_cfa_offset 8
  93              		.cfi_offset 3, -8
  94              		.cfi_offset 14, -4
  79:Generated_Source\PSoC5/cyfitter_cfg.c **** }
  95              		.loc 1 79 0
  96 0002 0A46     		mov	r2, r1
  97 0004 0021     		movs	r1, #0
  98              	.LVL4:
  99 0006 FFF7FEFF 		bl	memset
 100              	.LVL5:
 101 000a 08BD     		pop	{r3, pc}
ARM GAS  C:\Users\jens1\AppData\Local\Temp\ccSyhBS3.s 			page 7


 102              		.cfi_endproc
 103              	.LFE0:
 104              		.size	CYMEMZERO, .-CYMEMZERO
 105              		.section	.text.ClockSetup,"ax",%progbits
 106              		.align	2
 107              		.thumb
 108              		.thumb_func
 109              		.type	ClockSetup, %function
 110              	ClockSetup:
 111              	.LFB4:
 176:Generated_Source\PSoC5/cyfitter_cfg.c **** 	uint32 timeout;
 112              		.loc 1 176 0
 113              		.cfi_startproc
 114              		@ args = 0, pretend = 0, frame = 0
 115              		@ frame_needed = 0, uses_anonymous_args = 0
 116 0000 38B5     		push	{r3, r4, r5, lr}
 117              		.cfi_def_cfa_offset 16
 118              		.cfi_offset 3, -16
 119              		.cfi_offset 4, -12
 120              		.cfi_offset 5, -8
 121              		.cfi_offset 14, -4
 182:Generated_Source\PSoC5/cyfitter_cfg.c **** 	CY_SET_XTND_REG8((void CYFAR *)(CYREG_CLKDIST_CR), 0x08u);
 122              		.loc 1 182 0
 123 0002 0222     		movs	r2, #2
 124 0004 1E4B     		ldr	r3, .L14
 125 0006 1A70     		strb	r2, [r3]
 183:Generated_Source\PSoC5/cyfitter_cfg.c **** 
 126              		.loc 1 183 0
 127 0008 0822     		movs	r2, #8
 128 000a 4FF04023 		mov	r3, #1073758208
 129 000e 1A70     		strb	r2, [r3]
 186:Generated_Source\PSoC5/cyfitter_cfg.c **** 	CY_SET_XTND_REG8((void CYFAR *)(CYREG_IMO_TR1), (CY_GET_XTND_REG8((void CYFAR *)CYREG_FLSHID_CUST_
 130              		.loc 1 186 0
 131 0010 0321     		movs	r1, #3
 132 0012 03F50073 		add	r3, r3, #512
 133 0016 1970     		strb	r1, [r3]
 187:Generated_Source\PSoC5/cyfitter_cfg.c **** 
 134              		.loc 1 187 0
 135 0018 1A4B     		ldr	r3, .L14+4
 136 001a 1B78     		ldrb	r3, [r3]	@ zero_extendqisi2
 137 001c DBB2     		uxtb	r3, r3
 138 001e 1A49     		ldr	r1, .L14+8
 139 0020 0B70     		strb	r3, [r1]
 190:Generated_Source\PSoC5/cyfitter_cfg.c **** 	CY_SET_XTND_REG16((void CYFAR *)(CYREG_FASTCLK_PLL_CFG0), 0x1251u);
 140              		.loc 1 190 0
 141 0022 1A4B     		ldr	r3, .L14+12
 142 0024 1A80     		strh	r2, [r3]	@ movhi
 191:Generated_Source\PSoC5/cyfitter_cfg.c **** 	/* Wait up to 250us for the PLL to lock */
 143              		.loc 1 191 0
 144 0026 41F25122 		movw	r2, #4689
 145 002a 023B     		subs	r3, r3, #2
 146 002c 1A80     		strh	r2, [r3]	@ movhi
 147              	.LVL6:
 193:Generated_Source\PSoC5/cyfitter_cfg.c **** 	for (timeout = 250u / 10u; (timeout > 0u) && (pllLock != 0x03u); timeout--)
 148              		.loc 1 193 0
 149 002e 0024     		movs	r4, #0
 194:Generated_Source\PSoC5/cyfitter_cfg.c **** 	{ 
ARM GAS  C:\Users\jens1\AppData\Local\Temp\ccSyhBS3.s 			page 8


 150              		.loc 1 194 0
 151 0030 1925     		movs	r5, #25
 152 0032 0CE0     		b	.L9
 153              	.LVL7:
 154              	.L11:
 196:Generated_Source\PSoC5/cyfitter_cfg.c **** 		CyDelayCycles(10u * 48u); /* Delay 10us based on 48MHz clock */
 155              		.loc 1 196 0 discriminator 4
 156 0034 164B     		ldr	r3, .L14+16
 157 0036 1B78     		ldrb	r3, [r3]	@ zero_extendqisi2
 158 0038 03F00103 		and	r3, r3, #1
 159 003c 43EA4404 		orr	r4, r3, r4, lsl #1
 160              	.LVL8:
 161 0040 04F00304 		and	r4, r4, #3
 162              	.LVL9:
 197:Generated_Source\PSoC5/cyfitter_cfg.c **** 	}
 163              		.loc 1 197 0 discriminator 4
 164 0044 4FF4F070 		mov	r0, #480
 165 0048 FFF7FEFF 		bl	CyDelayCycles
 166              	.LVL10:
 194:Generated_Source\PSoC5/cyfitter_cfg.c **** 	{ 
 167              		.loc 1 194 0 discriminator 4
 168 004c 013D     		subs	r5, r5, #1
 169              	.LVL11:
 170              	.L9:
 194:Generated_Source\PSoC5/cyfitter_cfg.c **** 	{ 
 171              		.loc 1 194 0 is_stmt 0 discriminator 1
 172 004e 0DB1     		cbz	r5, .L10
 194:Generated_Source\PSoC5/cyfitter_cfg.c **** 	{ 
 173              		.loc 1 194 0 discriminator 3
 174 0050 032C     		cmp	r4, #3
 175 0052 EFD1     		bne	.L11
 176              	.L10:
 200:Generated_Source\PSoC5/cyfitter_cfg.c **** 	{
 177              		.loc 1 200 0 is_stmt 1
 178 0054 15B9     		cbnz	r5, .L12
 202:Generated_Source\PSoC5/cyfitter_cfg.c **** 	}
 179              		.loc 1 202 0
 180 0056 0320     		movs	r0, #3
 181 0058 FFF7FEFF 		bl	CyClockStartupError
 182              	.LVL12:
 183              	.L12:
 206:Generated_Source\PSoC5/cyfitter_cfg.c **** 	CY_SET_XTND_REG8((void CYFAR *)(CYREG_CLKDIST_MSTR0), 0x07u);
 184              		.loc 1 206 0
 185 005c 0D4B     		ldr	r3, .L14+20
 186 005e 4FF48072 		mov	r2, #256
 187 0062 1A80     		strh	r2, [r3]	@ movhi
 207:Generated_Source\PSoC5/cyfitter_cfg.c **** 	CY_SET_XTND_REG8((void CYFAR *)(CYREG_CLKDIST_BCFG0), 0x00u);
 188              		.loc 1 207 0
 189 0064 0722     		movs	r2, #7
 190 0066 1A70     		strb	r2, [r3]
 208:Generated_Source\PSoC5/cyfitter_cfg.c **** 	CY_SET_XTND_REG8((void CYFAR *)(CYREG_CLKDIST_BCFG2), 0x48u);
 191              		.loc 1 208 0
 192 0068 0022     		movs	r2, #0
 193 006a 0B49     		ldr	r1, .L14+24
 194 006c 0A70     		strb	r2, [r1]
 209:Generated_Source\PSoC5/cyfitter_cfg.c **** 	CY_SET_XTND_REG8((void CYFAR *)(CYREG_CLKDIST_MSTR0), 0x00u);
 195              		.loc 1 209 0
ARM GAS  C:\Users\jens1\AppData\Local\Temp\ccSyhBS3.s 			page 9


 196 006e 4820     		movs	r0, #72
 197 0070 0231     		adds	r1, r1, #2
 198 0072 0870     		strb	r0, [r1]
 210:Generated_Source\PSoC5/cyfitter_cfg.c **** 	CY_SET_XTND_REG8((void CYFAR *)(CYREG_CLKDIST_LD), 0x02u);
 199              		.loc 1 210 0
 200 0074 1A70     		strb	r2, [r3]
 211:Generated_Source\PSoC5/cyfitter_cfg.c **** }
 201              		.loc 1 211 0
 202 0076 0222     		movs	r2, #2
 203 0078 033B     		subs	r3, r3, #3
 204 007a 1A70     		strb	r2, [r3]
 205 007c 38BD     		pop	{r3, r4, r5, pc}
 206              	.LVL13:
 207              	.L15:
 208 007e 00BF     		.align	2
 209              	.L14:
 210 0080 00430040 		.word	1073758976
 211 0084 08010049 		.word	1224737032
 212 0088 A1460040 		.word	1073759905
 213 008c 22420040 		.word	1073758754
 214 0090 25420040 		.word	1073758757
 215 0094 04400040 		.word	1073758212
 216 0098 06400040 		.word	1073758214
 217              		.cfi_endproc
 218              	.LFE4:
 219              		.size	ClockSetup, .-ClockSetup
 220              		.section	.text.CYCONFIGCPY,"ax",%progbits
 221              		.align	2
 222              		.thumb
 223              		.thumb_func
 224              		.type	CYCONFIGCPY, %function
 225              	CYCONFIGCPY:
 226              	.LFB1:
  85:Generated_Source\PSoC5/cyfitter_cfg.c **** 	(void)memcpy(dest, src, n);
 227              		.loc 1 85 0
 228              		.cfi_startproc
 229              		@ args = 0, pretend = 0, frame = 0
 230              		@ frame_needed = 0, uses_anonymous_args = 0
 231              	.LVL14:
 232 0000 08B5     		push	{r3, lr}
 233              		.cfi_def_cfa_offset 8
 234              		.cfi_offset 3, -8
 235              		.cfi_offset 14, -4
  86:Generated_Source\PSoC5/cyfitter_cfg.c **** }
 236              		.loc 1 86 0
 237 0002 FFF7FEFF 		bl	memcpy
 238              	.LVL15:
 239 0006 08BD     		pop	{r3, pc}
 240              		.cfi_endproc
 241              	.LFE1:
 242              		.size	CYCONFIGCPY, .-CYCONFIGCPY
 243              		.section	.text.SetAnalogRoutingPumps,"ax",%progbits
 244              		.align	2
 245              		.global	SetAnalogRoutingPumps
 246              		.thumb
 247              		.thumb_func
 248              		.type	SetAnalogRoutingPumps, %function
ARM GAS  C:\Users\jens1\AppData\Local\Temp\ccSyhBS3.s 			page 10


 249              	SetAnalogRoutingPumps:
 250              	.LFB6:
 240:Generated_Source\PSoC5/cyfitter_cfg.c **** }
 241:Generated_Source\PSoC5/cyfitter_cfg.c **** 
 242:Generated_Source\PSoC5/cyfitter_cfg.c **** 
 243:Generated_Source\PSoC5/cyfitter_cfg.c **** /*******************************************************************************
 244:Generated_Source\PSoC5/cyfitter_cfg.c **** * Function Name: SetAnalogRoutingPumps
 245:Generated_Source\PSoC5/cyfitter_cfg.c **** ********************************************************************************
 246:Generated_Source\PSoC5/cyfitter_cfg.c **** *
 247:Generated_Source\PSoC5/cyfitter_cfg.c **** * Summary:
 248:Generated_Source\PSoC5/cyfitter_cfg.c **** * Enables or disables the analog pumps feeding analog routing switches.
 249:Generated_Source\PSoC5/cyfitter_cfg.c **** * Intended to be called at startup, based on the Vdda system configuration;
 250:Generated_Source\PSoC5/cyfitter_cfg.c **** * may be called during operation when the user informs us that the Vdda voltage
 251:Generated_Source\PSoC5/cyfitter_cfg.c **** * crossed the pump threshold.
 252:Generated_Source\PSoC5/cyfitter_cfg.c **** *
 253:Generated_Source\PSoC5/cyfitter_cfg.c **** * Parameters:
 254:Generated_Source\PSoC5/cyfitter_cfg.c **** *  enabled - 1 to enable the pumps, 0 to disable the pumps
 255:Generated_Source\PSoC5/cyfitter_cfg.c **** *
 256:Generated_Source\PSoC5/cyfitter_cfg.c **** * Return:
 257:Generated_Source\PSoC5/cyfitter_cfg.c **** *  void
 258:Generated_Source\PSoC5/cyfitter_cfg.c **** *
 259:Generated_Source\PSoC5/cyfitter_cfg.c **** *******************************************************************************/
 260:Generated_Source\PSoC5/cyfitter_cfg.c **** void SetAnalogRoutingPumps(uint8 enabled)
 261:Generated_Source\PSoC5/cyfitter_cfg.c **** {
 251              		.loc 1 261 0
 252              		.cfi_startproc
 253              		@ args = 0, pretend = 0, frame = 0
 254              		@ frame_needed = 0, uses_anonymous_args = 0
 255              		@ link register save eliminated.
 256              	.LVL16:
 262:Generated_Source\PSoC5/cyfitter_cfg.c **** 	uint8 regValue = CY_GET_XTND_REG8((void CYFAR *)CYREG_PUMP_CR0);
 257              		.loc 1 262 0
 258 0000 024A     		ldr	r2, .L19
 259 0002 1378     		ldrb	r3, [r2]	@ zero_extendqisi2
 260 0004 DBB2     		uxtb	r3, r3
 261              	.LVL17:
 263:Generated_Source\PSoC5/cyfitter_cfg.c **** 	if (enabled != 0u)
 264:Generated_Source\PSoC5/cyfitter_cfg.c **** 	{
 265:Generated_Source\PSoC5/cyfitter_cfg.c **** 		regValue |= 0x00u;
 266:Generated_Source\PSoC5/cyfitter_cfg.c **** 	}
 267:Generated_Source\PSoC5/cyfitter_cfg.c **** 	else
 268:Generated_Source\PSoC5/cyfitter_cfg.c **** 	{
 269:Generated_Source\PSoC5/cyfitter_cfg.c **** 		regValue &= (uint8)~0x00u;
 270:Generated_Source\PSoC5/cyfitter_cfg.c **** 	}
 271:Generated_Source\PSoC5/cyfitter_cfg.c **** 	CY_SET_XTND_REG8((void CYFAR *)CYREG_PUMP_CR0, regValue);
 262              		.loc 1 271 0
 263 0006 1370     		strb	r3, [r2]
 264 0008 7047     		bx	lr
 265              	.L20:
 266 000a 00BF     		.align	2
 267              	.L19:
 268 000c 76580040 		.word	1073764470
 269              		.cfi_endproc
 270              	.LFE6:
 271              		.size	SetAnalogRoutingPumps, .-SetAnalogRoutingPumps
 272              		.section	.text.cyfitter_cfg,"ax",%progbits
 273              		.align	2
ARM GAS  C:\Users\jens1\AppData\Local\Temp\ccSyhBS3.s 			page 11


 274              		.global	cyfitter_cfg
 275              		.thumb
 276              		.thumb_func
 277              		.type	cyfitter_cfg, %function
 278              	cyfitter_cfg:
 279              	.LFB7:
 272:Generated_Source\PSoC5/cyfitter_cfg.c **** }
 273:Generated_Source\PSoC5/cyfitter_cfg.c **** 
 274:Generated_Source\PSoC5/cyfitter_cfg.c **** 
 275:Generated_Source\PSoC5/cyfitter_cfg.c **** 
 276:Generated_Source\PSoC5/cyfitter_cfg.c **** 
 277:Generated_Source\PSoC5/cyfitter_cfg.c **** /*******************************************************************************
 278:Generated_Source\PSoC5/cyfitter_cfg.c **** * Function Name: cyfitter_cfg
 279:Generated_Source\PSoC5/cyfitter_cfg.c **** ********************************************************************************
 280:Generated_Source\PSoC5/cyfitter_cfg.c **** * Summary:
 281:Generated_Source\PSoC5/cyfitter_cfg.c **** *  This function is called by the start-up code for the selected device. It
 282:Generated_Source\PSoC5/cyfitter_cfg.c **** *  performs all of the necessary device configuration based on the design
 283:Generated_Source\PSoC5/cyfitter_cfg.c **** *  settings.  This includes settings from the Design Wide Resources (DWR) such
 284:Generated_Source\PSoC5/cyfitter_cfg.c **** *  as Clocks and Pins as well as any component configuration that is necessary.
 285:Generated_Source\PSoC5/cyfitter_cfg.c **** *
 286:Generated_Source\PSoC5/cyfitter_cfg.c **** * Parameters:
 287:Generated_Source\PSoC5/cyfitter_cfg.c **** *   void
 288:Generated_Source\PSoC5/cyfitter_cfg.c **** *
 289:Generated_Source\PSoC5/cyfitter_cfg.c **** * Return:
 290:Generated_Source\PSoC5/cyfitter_cfg.c **** *   void
 291:Generated_Source\PSoC5/cyfitter_cfg.c **** *
 292:Generated_Source\PSoC5/cyfitter_cfg.c **** *******************************************************************************/
 293:Generated_Source\PSoC5/cyfitter_cfg.c **** 
 294:Generated_Source\PSoC5/cyfitter_cfg.c **** void cyfitter_cfg(void)
 295:Generated_Source\PSoC5/cyfitter_cfg.c **** {
 280              		.loc 1 295 0
 281              		.cfi_startproc
 282              		@ args = 0, pretend = 0, frame = 0
 283              		@ frame_needed = 0, uses_anonymous_args = 0
 284 0000 38B5     		push	{r3, r4, r5, lr}
 285              		.cfi_def_cfa_offset 16
 286              		.cfi_offset 3, -16
 287              		.cfi_offset 4, -12
 288              		.cfi_offset 5, -8
 289              		.cfi_offset 14, -4
 296:Generated_Source\PSoC5/cyfitter_cfg.c **** #ifdef CYGlobalIntDisable
 297:Generated_Source\PSoC5/cyfitter_cfg.c **** 	/* Disable interrupts by default. Let user enable if/when they want. */
 298:Generated_Source\PSoC5/cyfitter_cfg.c **** 	CYGlobalIntDisable
 290              		.loc 1 298 0
 291              		.syntax unified
 292              	@ 298 "Generated_Source\PSoC5\cyfitter_cfg.c" 1
 293 0002 72B6     		CPSID   i
 294              	@ 0 "" 2
 299:Generated_Source\PSoC5/cyfitter_cfg.c **** #endif
 300:Generated_Source\PSoC5/cyfitter_cfg.c **** 
 301:Generated_Source\PSoC5/cyfitter_cfg.c **** 	/* Enable/Disable Debug functionality based on settings from System DWR */
 302:Generated_Source\PSoC5/cyfitter_cfg.c **** 	CY_SET_XTND_REG8((void CYFAR *)CYREG_MLOGIC_DEBUG, (CY_GET_XTND_REG8((void CYFAR *)CYREG_MLOGIC_DE
 295              		.loc 1 302 0
 296              		.thumb
 297              		.syntax unified
 298 0004 204A     		ldr	r2, .L25
 299 0006 1378     		ldrb	r3, [r2]	@ zero_extendqisi2
ARM GAS  C:\Users\jens1\AppData\Local\Temp\ccSyhBS3.s 			page 12


 300 0008 43F00403 		orr	r3, r3, #4
 301 000c 1370     		strb	r3, [r2]
 302              	.LVL18:
 303              	.LBB2:
 303:Generated_Source\PSoC5/cyfitter_cfg.c **** 
 304:Generated_Source\PSoC5/cyfitter_cfg.c **** 	{
 305:Generated_Source\PSoC5/cyfitter_cfg.c **** 
 306:Generated_Source\PSoC5/cyfitter_cfg.c **** 		CYPACKED typedef struct {
 307:Generated_Source\PSoC5/cyfitter_cfg.c **** 			void CYFAR *address;
 308:Generated_Source\PSoC5/cyfitter_cfg.c **** 			uint16 size;
 309:Generated_Source\PSoC5/cyfitter_cfg.c **** 		} CYPACKED_ATTR cfg_memset_t;
 310:Generated_Source\PSoC5/cyfitter_cfg.c **** 
 311:Generated_Source\PSoC5/cyfitter_cfg.c **** 		static const cfg_memset_t CYCODE cfg_memset_list[] = {
 312:Generated_Source\PSoC5/cyfitter_cfg.c **** 			/* address, size */
 313:Generated_Source\PSoC5/cyfitter_cfg.c **** 			{(void CYFAR *)(CYREG_PRT0_DR), 16u},
 314:Generated_Source\PSoC5/cyfitter_cfg.c **** 			{(void CYFAR *)(CYREG_PRT3_DR), 64u},
 315:Generated_Source\PSoC5/cyfitter_cfg.c **** 			{(void CYFAR *)(CYREG_PRT12_DR), 16u},
 316:Generated_Source\PSoC5/cyfitter_cfg.c **** 			{(void CYFAR *)(CYREG_PRT15_DR), 16u},
 317:Generated_Source\PSoC5/cyfitter_cfg.c **** 			{(void CYFAR *)(CYDEV_UCFG_B0_P0_U0_BASE), 4096u},
 318:Generated_Source\PSoC5/cyfitter_cfg.c **** 			{(void CYFAR *)(CYDEV_UCFG_B1_P2_U0_BASE), 2048u},
 319:Generated_Source\PSoC5/cyfitter_cfg.c **** 			{(void CYFAR *)(CYDEV_UCFG_DSI0_BASE), 2560u},
 320:Generated_Source\PSoC5/cyfitter_cfg.c **** 			{(void CYFAR *)(CYDEV_UCFG_DSI12_BASE), 512u},
 321:Generated_Source\PSoC5/cyfitter_cfg.c **** 			{(void CYFAR *)(CYREG_BCTL0_MDCLK_EN), 32u},
 322:Generated_Source\PSoC5/cyfitter_cfg.c **** 		};
 323:Generated_Source\PSoC5/cyfitter_cfg.c **** 
 324:Generated_Source\PSoC5/cyfitter_cfg.c **** 		uint8 CYDATA i;
 325:Generated_Source\PSoC5/cyfitter_cfg.c **** 
 326:Generated_Source\PSoC5/cyfitter_cfg.c **** 		/* Zero out critical memory blocks before beginning configuration */
 327:Generated_Source\PSoC5/cyfitter_cfg.c **** 		for (i = 0u; i < (sizeof(cfg_memset_list)/sizeof(cfg_memset_list[0])); i++)
 304              		.loc 1 327 0
 305 000e 0024     		movs	r4, #0
 306 0010 0CE0     		b	.L22
 307              	.LVL19:
 308              	.L23:
 309              	.LBB3:
 328:Generated_Source\PSoC5/cyfitter_cfg.c **** 		{
 329:Generated_Source\PSoC5/cyfitter_cfg.c **** 			const cfg_memset_t CYCODE * CYDATA ms = &cfg_memset_list[i];
 330:Generated_Source\PSoC5/cyfitter_cfg.c **** 			CYMEMZERO(ms->address, (size_t)(uint32)(ms->size));
 310              		.loc 1 330 0 discriminator 3
 311 0012 1E4D     		ldr	r5, .L25+4
 312 0014 6300     		lsls	r3, r4, #1
 313 0016 1919     		adds	r1, r3, r4
 314 0018 4A00     		lsls	r2, r1, #1
 315 001a 1146     		mov	r1, r2
 316 001c 2A44     		add	r2, r2, r5
 317 001e 0846     		mov	r0, r1
 318 0020 9188     		ldrh	r1, [r2, #4]
 319 0022 2858     		ldr	r0, [r5, r0]	@ unaligned
 320 0024 FFF7FEFF 		bl	CYMEMZERO
 321              	.LVL20:
 322              	.LBE3:
 327:Generated_Source\PSoC5/cyfitter_cfg.c **** 		{
 323              		.loc 1 327 0 discriminator 3
 324 0028 0134     		adds	r4, r4, #1
 325              	.LVL21:
 326 002a E4B2     		uxtb	r4, r4
 327              	.LVL22:
ARM GAS  C:\Users\jens1\AppData\Local\Temp\ccSyhBS3.s 			page 13


 328              	.L22:
 327:Generated_Source\PSoC5/cyfitter_cfg.c **** 		{
 329              		.loc 1 327 0 is_stmt 0 discriminator 1
 330 002c 082C     		cmp	r4, #8
 331 002e F0D9     		bls	.L23
 331:Generated_Source\PSoC5/cyfitter_cfg.c **** 		}
 332:Generated_Source\PSoC5/cyfitter_cfg.c **** 
 333:Generated_Source\PSoC5/cyfitter_cfg.c **** 		/* Enable digital routing */
 334:Generated_Source\PSoC5/cyfitter_cfg.c **** 		CY_SET_XTND_REG8((void CYFAR *)CYREG_BCTL0_BANK_CTL, CY_GET_XTND_REG8((void CYFAR *)CYREG_BCTL0_B
 332              		.loc 1 334 0 is_stmt 1
 333 0030 174A     		ldr	r2, .L25+8
 334 0032 1378     		ldrb	r3, [r2]	@ zero_extendqisi2
 335 0034 43F00203 		orr	r3, r3, #2
 336 0038 1370     		strb	r3, [r2]
 335:Generated_Source\PSoC5/cyfitter_cfg.c **** 		CY_SET_XTND_REG8((void CYFAR *)CYREG_BCTL1_BANK_CTL, CY_GET_XTND_REG8((void CYFAR *)CYREG_BCTL1_B
 337              		.loc 1 335 0
 338 003a 1032     		adds	r2, r2, #16
 339 003c 1378     		ldrb	r3, [r2]	@ zero_extendqisi2
 340 003e 43F00203 		orr	r3, r3, #2
 341 0042 1370     		strb	r3, [r2]
 342              	.LBE2:
 336:Generated_Source\PSoC5/cyfitter_cfg.c **** 	}
 337:Generated_Source\PSoC5/cyfitter_cfg.c **** 
 338:Generated_Source\PSoC5/cyfitter_cfg.c **** 
 339:Generated_Source\PSoC5/cyfitter_cfg.c **** 	/* Perform second pass device configuration. These items must be configured in specific order afte
 340:Generated_Source\PSoC5/cyfitter_cfg.c **** 	CYCONFIGCPY((void CYFAR *)(CYREG_PRT1_DM0), (const void CYFAR *)(BS_IOPINS0_1_VAL), 8u);
 343              		.loc 1 340 0
 344 0044 0822     		movs	r2, #8
 345 0046 4FF09041 		mov	r1, #1207959552
 346 004a 1248     		ldr	r0, .L25+12
 347 004c FFF7FEFF 		bl	CYCONFIGCPY
 348              	.LVL23:
 341:Generated_Source\PSoC5/cyfitter_cfg.c **** 	CYCONFIGCPY((void CYFAR *)(CYREG_PRT2_DM0), (const void CYFAR *)(BS_IOPINS0_2_VAL), 8u);
 349              		.loc 1 341 0
 350 0050 0822     		movs	r2, #8
 351 0052 1149     		ldr	r1, .L25+16
 352 0054 1148     		ldr	r0, .L25+20
 353 0056 FFF7FEFF 		bl	CYCONFIGCPY
 354              	.LVL24:
 342:Generated_Source\PSoC5/cyfitter_cfg.c **** 	/* Switch Boost to the precision bandgap reference from its internal reference */
 343:Generated_Source\PSoC5/cyfitter_cfg.c **** 	CY_SET_REG8((void CYXDATA *)CYREG_BOOST_CR2, (CY_GET_REG8((void CYXDATA *)CYREG_BOOST_CR2) | 0x08u
 355              		.loc 1 343 0
 356 005a 114A     		ldr	r2, .L25+24
 357 005c 1378     		ldrb	r3, [r2]	@ zero_extendqisi2
 358 005e 43F00803 		orr	r3, r3, #8
 359 0062 1370     		strb	r3, [r2]
 344:Generated_Source\PSoC5/cyfitter_cfg.c **** 
 345:Generated_Source\PSoC5/cyfitter_cfg.c **** 	/* Set Flash Cycles based on max possible frequency in case a glitch occurs during ClockSetup(). *
 346:Generated_Source\PSoC5/cyfitter_cfg.c **** 	CY_SET_XTND_REG8((void CYFAR *)(CYREG_CACHE_CC_CTL), (((CYDEV_INSTRUCT_CACHE_ENABLED) != 0) ? 0x61
 360              		.loc 1 346 0
 361 0064 0F4C     		ldr	r4, .L25+28
 362              	.LVL25:
 363 0066 6123     		movs	r3, #97
 364 0068 2370     		strb	r3, [r4]
 347:Generated_Source\PSoC5/cyfitter_cfg.c **** 	/* Setup clocks based on selections from Clock DWR */
 348:Generated_Source\PSoC5/cyfitter_cfg.c **** 	ClockSetup();
 365              		.loc 1 348 0
ARM GAS  C:\Users\jens1\AppData\Local\Temp\ccSyhBS3.s 			page 14


 366 006a FFF7FEFF 		bl	ClockSetup
 367              	.LVL26:
 349:Generated_Source\PSoC5/cyfitter_cfg.c **** 	/* Set Flash Cycles based on newly configured 24.00MHz Bus Clock. */
 350:Generated_Source\PSoC5/cyfitter_cfg.c **** 	CY_SET_XTND_REG8((void CYFAR *)(CYREG_CACHE_CC_CTL), (((CYDEV_INSTRUCT_CACHE_ENABLED) != 0) ? 0x81
 368              		.loc 1 350 0
 369 006e 8123     		movs	r3, #129
 370 0070 2370     		strb	r3, [r4]
 351:Generated_Source\PSoC5/cyfitter_cfg.c **** 	CY_SET_XTND_REG8((void CYFAR *)(CYREG_PANTHER_WAITPIPE), 0x01u);
 371              		.loc 1 351 0
 372 0072 0122     		movs	r2, #1
 373 0074 0C4B     		ldr	r3, .L25+32
 374 0076 1A70     		strb	r2, [r3]
 352:Generated_Source\PSoC5/cyfitter_cfg.c **** 
 353:Generated_Source\PSoC5/cyfitter_cfg.c **** 	/* Perform basic analog initialization to defaults */
 354:Generated_Source\PSoC5/cyfitter_cfg.c **** 	AnalogSetDefault();
 375              		.loc 1 354 0
 376 0078 FFF7FEFF 		bl	AnalogSetDefault
 377              	.LVL27:
 355:Generated_Source\PSoC5/cyfitter_cfg.c **** 
 356:Generated_Source\PSoC5/cyfitter_cfg.c **** 	/* Configure alternate active mode */
 357:Generated_Source\PSoC5/cyfitter_cfg.c **** 	CYCONFIGCPY((void CYFAR *)CYDEV_PM_STBY_BASE, (const void CYFAR *)CYDEV_PM_ACT_BASE, 14u);
 378              		.loc 1 357 0
 379 007c 0E22     		movs	r2, #14
 380 007e 0B49     		ldr	r1, .L25+36
 381 0080 0B48     		ldr	r0, .L25+40
 382 0082 FFF7FEFF 		bl	CYCONFIGCPY
 383              	.LVL28:
 384 0086 38BD     		pop	{r3, r4, r5, pc}
 385              	.L26:
 386              		.align	2
 387              	.L25:
 388 0088 E8460040 		.word	1073759976
 389 008c 00000000 		.word	.LANCHOR0
 390 0090 03500140 		.word	1073827843
 391 0094 12510040 		.word	1073762578
 392 0098 08000048 		.word	1207959560
 393 009c 22510040 		.word	1073762594
 394 00a0 22430040 		.word	1073759010
 395 00a4 00480040 		.word	1073760256
 396 00a8 04000840 		.word	1074266116
 397 00ac A0430040 		.word	1073759136
 398 00b0 B0430040 		.word	1073759152
 399              		.cfi_endproc
 400              	.LFE7:
 401              		.size	cyfitter_cfg, .-cyfitter_cfg
 402              		.section	.rodata
 403              		.align	2
 404              		.set	.LANCHOR0,. + 0
 405              		.type	cfg_memset_list.4992, %object
 406              		.size	cfg_memset_list.4992, 54
 407              	cfg_memset_list.4992:
 408 0000 00510040 		.word	1073762560
 409 0004 1000     		.short	16
 410 0006 30510040 		.4byte	1073762608
 411 000a 4000     		.short	64
 412 000c C0510040 		.word	1073762752
 413 0010 1000     		.short	16
ARM GAS  C:\Users\jens1\AppData\Local\Temp\ccSyhBS3.s 			page 15


 414 0012 F0510040 		.4byte	1073762800
 415 0016 1000     		.short	16
 416 0018 00000140 		.word	1073807360
 417 001c 0010     		.short	4096
 418 001e 00140140 		.4byte	1073812480
 419 0022 0008     		.short	2048
 420 0024 00400140 		.word	1073823744
 421 0028 000A     		.short	2560
 422 002a 004C0140 		.4byte	1073826816
 423 002e 0002     		.short	512
 424 0030 00500140 		.word	1073827840
 425 0034 2000     		.short	32
 426              		.text
 427              	.Letext0:
 428              		.file 2 "c:\\program files (x86)\\cypress\\psoc creator\\4.2\\psoc creator\\import\\gnu\\arm\\5.4.
 429              		.file 3 "Generated_Source\\PSoC5\\cytypes.h"
 430              		.file 4 "Generated_Source\\PSoC5\\CyLib.h"
 431              		.section	.debug_info,"",%progbits
 432              	.Ldebug_info0:
 433 0000 CD030000 		.4byte	0x3cd
 434 0004 0400     		.2byte	0x4
 435 0006 00000000 		.4byte	.Ldebug_abbrev0
 436 000a 04       		.byte	0x4
 437 000b 01       		.uleb128 0x1
 438 000c 8E000000 		.4byte	.LASF39
 439 0010 0C       		.byte	0xc
 440 0011 EA010000 		.4byte	.LASF40
 441 0015 6A020000 		.4byte	.LASF41
 442 0019 00000000 		.4byte	.Ldebug_ranges0+0
 443 001d 00000000 		.4byte	0
 444 0021 00000000 		.4byte	.Ldebug_line0
 445 0025 02       		.uleb128 0x2
 446 0026 04       		.byte	0x4
 447 0027 05       		.byte	0x5
 448 0028 696E7400 		.ascii	"int\000"
 449 002c 03       		.uleb128 0x3
 450 002d 14000000 		.4byte	.LASF12
 451 0031 02       		.byte	0x2
 452 0032 D8       		.byte	0xd8
 453 0033 37000000 		.4byte	0x37
 454 0037 04       		.uleb128 0x4
 455 0038 04       		.byte	0x4
 456 0039 07       		.byte	0x7
 457 003a 9A010000 		.4byte	.LASF0
 458 003e 04       		.uleb128 0x4
 459 003f 08       		.byte	0x8
 460 0040 05       		.byte	0x5
 461 0041 DC010000 		.4byte	.LASF1
 462 0045 04       		.uleb128 0x4
 463 0046 08       		.byte	0x8
 464 0047 04       		.byte	0x4
 465 0048 40020000 		.4byte	.LASF2
 466 004c 04       		.uleb128 0x4
 467 004d 01       		.byte	0x1
 468 004e 06       		.byte	0x6
 469 004f 5E020000 		.4byte	.LASF3
 470 0053 04       		.uleb128 0x4
ARM GAS  C:\Users\jens1\AppData\Local\Temp\ccSyhBS3.s 			page 16


 471 0054 01       		.byte	0x1
 472 0055 08       		.byte	0x8
 473 0056 59010000 		.4byte	.LASF4
 474 005a 04       		.uleb128 0x4
 475 005b 02       		.byte	0x2
 476 005c 05       		.byte	0x5
 477 005d 17020000 		.4byte	.LASF5
 478 0061 04       		.uleb128 0x4
 479 0062 02       		.byte	0x2
 480 0063 07       		.byte	0x7
 481 0064 4F000000 		.4byte	.LASF6
 482 0068 04       		.uleb128 0x4
 483 0069 04       		.byte	0x4
 484 006a 05       		.byte	0x5
 485 006b 32020000 		.4byte	.LASF7
 486 006f 04       		.uleb128 0x4
 487 0070 04       		.byte	0x4
 488 0071 07       		.byte	0x7
 489 0072 21010000 		.4byte	.LASF8
 490 0076 04       		.uleb128 0x4
 491 0077 08       		.byte	0x8
 492 0078 07       		.byte	0x7
 493 0079 AF010000 		.4byte	.LASF9
 494 007d 04       		.uleb128 0x4
 495 007e 04       		.byte	0x4
 496 007f 07       		.byte	0x7
 497 0080 D3010000 		.4byte	.LASF10
 498 0084 05       		.uleb128 0x5
 499 0085 04       		.byte	0x4
 500 0086 04       		.uleb128 0x4
 501 0087 01       		.byte	0x1
 502 0088 08       		.byte	0x8
 503 0089 3B020000 		.4byte	.LASF11
 504 008d 06       		.uleb128 0x6
 505 008e 33010000 		.4byte	.LASF13
 506 0092 03       		.byte	0x3
 507 0093 E401     		.2byte	0x1e4
 508 0095 53000000 		.4byte	0x53
 509 0099 06       		.uleb128 0x6
 510 009a 82010000 		.4byte	.LASF14
 511 009e 03       		.byte	0x3
 512 009f E501     		.2byte	0x1e5
 513 00a1 61000000 		.4byte	0x61
 514 00a5 06       		.uleb128 0x6
 515 00a6 93010000 		.4byte	.LASF15
 516 00aa 03       		.byte	0x3
 517 00ab E601     		.2byte	0x1e6
 518 00ad 6F000000 		.4byte	0x6f
 519 00b1 04       		.uleb128 0x4
 520 00b2 04       		.byte	0x4
 521 00b3 04       		.byte	0x4
 522 00b4 6A000000 		.4byte	.LASF16
 523 00b8 04       		.uleb128 0x4
 524 00b9 08       		.byte	0x8
 525 00ba 04       		.byte	0x4
 526 00bb 6E010000 		.4byte	.LASF17
 527 00bf 06       		.uleb128 0x6
ARM GAS  C:\Users\jens1\AppData\Local\Temp\ccSyhBS3.s 			page 17


 528 00c0 1C010000 		.4byte	.LASF18
 529 00c4 03       		.byte	0x3
 530 00c5 8E02     		.2byte	0x28e
 531 00c7 CB000000 		.4byte	0xcb
 532 00cb 07       		.uleb128 0x7
 533 00cc 8D000000 		.4byte	0x8d
 534 00d0 06       		.uleb128 0x6
 535 00d1 00000000 		.4byte	.LASF19
 536 00d5 03       		.byte	0x3
 537 00d6 8F02     		.2byte	0x28f
 538 00d8 DC000000 		.4byte	0xdc
 539 00dc 07       		.uleb128 0x7
 540 00dd 99000000 		.4byte	0x99
 541 00e1 08       		.uleb128 0x8
 542 00e2 70000000 		.4byte	.LASF42
 543 00e6 01       		.byte	0x1
 544 00e7 7F       		.byte	0x7f
 545 00e8 00000000 		.4byte	.LFB3
 546 00ec 02000000 		.4byte	.LFE3-.LFB3
 547 00f0 01       		.uleb128 0x1
 548 00f1 9C       		.byte	0x9c
 549 00f2 04010000 		.4byte	0x104
 550 00f6 09       		.uleb128 0x9
 551 00f7 89010000 		.4byte	.LASF22
 552 00fb 01       		.byte	0x1
 553 00fc 7F       		.byte	0x7f
 554 00fd 8D000000 		.4byte	0x8d
 555 0101 01       		.uleb128 0x1
 556 0102 50       		.byte	0x50
 557 0103 00       		.byte	0
 558 0104 0A       		.uleb128 0xa
 559 0105 1B000000 		.4byte	.LASF20
 560 0109 01       		.byte	0x1
 561 010a EA       		.byte	0xea
 562 010b 00000000 		.4byte	.LFB5
 563 010f 28000000 		.4byte	.LFE5-.LFB5
 564 0113 01       		.uleb128 0x1
 565 0114 9C       		.byte	0x9c
 566 0115 29010000 		.4byte	0x129
 567 0119 0B       		.uleb128 0xb
 568 011a 4C020000 		.4byte	.LASF24
 569 011e 01       		.byte	0x1
 570 011f EC       		.byte	0xec
 571 0120 8D000000 		.4byte	0x8d
 572 0124 00000000 		.4byte	.LLST0
 573 0128 00       		.byte	0
 574 0129 0A       		.uleb128 0xa
 575 012a 39010000 		.4byte	.LASF21
 576 012e 01       		.byte	0x1
 577 012f 4D       		.byte	0x4d
 578 0130 00000000 		.4byte	.LFB0
 579 0134 0C000000 		.4byte	.LFE0-.LFB0
 580 0138 01       		.uleb128 0x1
 581 0139 9C       		.byte	0x9c
 582 013a 76010000 		.4byte	0x176
 583 013e 0C       		.uleb128 0xc
 584 013f 7300     		.ascii	"s\000"
ARM GAS  C:\Users\jens1\AppData\Local\Temp\ccSyhBS3.s 			page 18


 585 0141 01       		.byte	0x1
 586 0142 4D       		.byte	0x4d
 587 0143 84000000 		.4byte	0x84
 588 0147 13000000 		.4byte	.LLST1
 589 014b 0C       		.uleb128 0xc
 590 014c 6E00     		.ascii	"n\000"
 591 014e 01       		.byte	0x1
 592 014f 4D       		.byte	0x4d
 593 0150 2C000000 		.4byte	0x2c
 594 0154 34000000 		.4byte	.LLST2
 595 0158 0D       		.uleb128 0xd
 596 0159 0A000000 		.4byte	.LVL5
 597 015d B3030000 		.4byte	0x3b3
 598 0161 0E       		.uleb128 0xe
 599 0162 01       		.uleb128 0x1
 600 0163 50       		.byte	0x50
 601 0164 03       		.uleb128 0x3
 602 0165 F3       		.byte	0xf3
 603 0166 01       		.uleb128 0x1
 604 0167 50       		.byte	0x50
 605 0168 0E       		.uleb128 0xe
 606 0169 01       		.uleb128 0x1
 607 016a 51       		.byte	0x51
 608 016b 01       		.uleb128 0x1
 609 016c 30       		.byte	0x30
 610 016d 0E       		.uleb128 0xe
 611 016e 01       		.uleb128 0x1
 612 016f 52       		.byte	0x52
 613 0170 03       		.uleb128 0x3
 614 0171 F3       		.byte	0xf3
 615 0172 01       		.uleb128 0x1
 616 0173 51       		.byte	0x51
 617 0174 00       		.byte	0
 618 0175 00       		.byte	0
 619 0176 0A       		.uleb128 0xa
 620 0177 44000000 		.4byte	.LASF23
 621 017b 01       		.byte	0x1
 622 017c AF       		.byte	0xaf
 623 017d 00000000 		.4byte	.LFB4
 624 0181 9C000000 		.4byte	.LFE4-.LFB4
 625 0185 01       		.uleb128 0x1
 626 0186 9C       		.byte	0x9c
 627 0187 CE010000 		.4byte	0x1ce
 628 018b 0B       		.uleb128 0xb
 629 018c 2C000000 		.4byte	.LASF25
 630 0190 01       		.byte	0x1
 631 0191 B1       		.byte	0xb1
 632 0192 A5000000 		.4byte	0xa5
 633 0196 60000000 		.4byte	.LLST3
 634 019a 0B       		.uleb128 0xb
 635 019b 62000000 		.4byte	.LASF26
 636 019f 01       		.byte	0x1
 637 01a0 B2       		.byte	0xb2
 638 01a1 8D000000 		.4byte	0x8d
 639 01a5 7F000000 		.4byte	.LLST4
 640 01a9 0F       		.uleb128 0xf
 641 01aa 4C000000 		.4byte	.LVL10
ARM GAS  C:\Users\jens1\AppData\Local\Temp\ccSyhBS3.s 			page 19


 642 01ae BC030000 		.4byte	0x3bc
 643 01b2 BE010000 		.4byte	0x1be
 644 01b6 0E       		.uleb128 0xe
 645 01b7 01       		.uleb128 0x1
 646 01b8 50       		.byte	0x50
 647 01b9 03       		.uleb128 0x3
 648 01ba 0A       		.byte	0xa
 649 01bb E001     		.2byte	0x1e0
 650 01bd 00       		.byte	0
 651 01be 0D       		.uleb128 0xd
 652 01bf 5C000000 		.4byte	.LVL12
 653 01c3 E1000000 		.4byte	0xe1
 654 01c7 0E       		.uleb128 0xe
 655 01c8 01       		.uleb128 0x1
 656 01c9 50       		.byte	0x50
 657 01ca 01       		.uleb128 0x1
 658 01cb 33       		.byte	0x33
 659 01cc 00       		.byte	0
 660 01cd 00       		.byte	0
 661 01ce 0A       		.uleb128 0xa
 662 01cf C3020000 		.4byte	.LASF27
 663 01d3 01       		.byte	0x1
 664 01d4 54       		.byte	0x54
 665 01d5 00000000 		.4byte	.LFB1
 666 01d9 08000000 		.4byte	.LFE1-.LFB1
 667 01dd 01       		.uleb128 0x1
 668 01de 9C       		.byte	0x9c
 669 01df 2E020000 		.4byte	0x22e
 670 01e3 10       		.uleb128 0x10
 671 01e4 84000000 		.4byte	.LASF28
 672 01e8 01       		.byte	0x1
 673 01e9 54       		.byte	0x54
 674 01ea 84000000 		.4byte	0x84
 675 01ee A9000000 		.4byte	.LLST5
 676 01f2 0C       		.uleb128 0xc
 677 01f3 73726300 		.ascii	"src\000"
 678 01f7 01       		.byte	0x1
 679 01f8 54       		.byte	0x54
 680 01f9 2E020000 		.4byte	0x22e
 681 01fd CA000000 		.4byte	.LLST6
 682 0201 0C       		.uleb128 0xc
 683 0202 6E00     		.ascii	"n\000"
 684 0204 01       		.byte	0x1
 685 0205 54       		.byte	0x54
 686 0206 2C000000 		.4byte	0x2c
 687 020a EB000000 		.4byte	.LLST7
 688 020e 0D       		.uleb128 0xd
 689 020f 06000000 		.4byte	.LVL15
 690 0213 C7030000 		.4byte	0x3c7
 691 0217 0E       		.uleb128 0xe
 692 0218 01       		.uleb128 0x1
 693 0219 50       		.byte	0x50
 694 021a 03       		.uleb128 0x3
 695 021b F3       		.byte	0xf3
 696 021c 01       		.uleb128 0x1
 697 021d 50       		.byte	0x50
 698 021e 0E       		.uleb128 0xe
ARM GAS  C:\Users\jens1\AppData\Local\Temp\ccSyhBS3.s 			page 20


 699 021f 01       		.uleb128 0x1
 700 0220 51       		.byte	0x51
 701 0221 03       		.uleb128 0x3
 702 0222 F3       		.byte	0xf3
 703 0223 01       		.uleb128 0x1
 704 0224 51       		.byte	0x51
 705 0225 0E       		.uleb128 0xe
 706 0226 01       		.uleb128 0x1
 707 0227 52       		.byte	0x52
 708 0228 03       		.uleb128 0x3
 709 0229 F3       		.byte	0xf3
 710 022a 01       		.uleb128 0x1
 711 022b 52       		.byte	0x52
 712 022c 00       		.byte	0
 713 022d 00       		.byte	0
 714 022e 11       		.uleb128 0x11
 715 022f 04       		.byte	0x4
 716 0230 34020000 		.4byte	0x234
 717 0234 12       		.uleb128 0x12
 718 0235 13       		.uleb128 0x13
 719 0236 43010000 		.4byte	.LASF31
 720 023a 01       		.byte	0x1
 721 023b 0401     		.2byte	0x104
 722 023d 00000000 		.4byte	.LFB6
 723 0241 10000000 		.4byte	.LFE6-.LFB6
 724 0245 01       		.uleb128 0x1
 725 0246 9C       		.byte	0x9c
 726 0247 68020000 		.4byte	0x268
 727 024b 14       		.uleb128 0x14
 728 024c 2A020000 		.4byte	.LASF29
 729 0250 01       		.byte	0x1
 730 0251 0401     		.2byte	0x104
 731 0253 8D000000 		.4byte	0x8d
 732 0257 01       		.uleb128 0x1
 733 0258 50       		.byte	0x50
 734 0259 15       		.uleb128 0x15
 735 025a 21020000 		.4byte	.LASF30
 736 025e 01       		.byte	0x1
 737 025f 0601     		.2byte	0x106
 738 0261 8D000000 		.4byte	0x8d
 739 0265 01       		.uleb128 0x1
 740 0266 53       		.byte	0x53
 741 0267 00       		.byte	0
 742 0268 13       		.uleb128 0x13
 743 0269 75010000 		.4byte	.LASF32
 744 026d 01       		.byte	0x1
 745 026e 2601     		.2byte	0x126
 746 0270 00000000 		.4byte	.LFB7
 747 0274 B4000000 		.4byte	.LFE7-.LFB7
 748 0278 01       		.uleb128 0x1
 749 0279 9C       		.byte	0x9c
 750 027a B3030000 		.4byte	0x3b3
 751 027e 16       		.uleb128 0x16
 752 027f 0E000000 		.4byte	.LBB2
 753 0283 36000000 		.4byte	.LBE2-.LBB2
 754 0287 37030000 		.4byte	0x337
 755 028b 17       		.uleb128 0x17
ARM GAS  C:\Users\jens1\AppData\Local\Temp\ccSyhBS3.s 			page 21


 756 028c 06       		.byte	0x6
 757 028d 01       		.byte	0x1
 758 028e 3201     		.2byte	0x132
 759 0290 AF020000 		.4byte	0x2af
 760 0294 18       		.uleb128 0x18
 761 0295 A7010000 		.4byte	.LASF33
 762 0299 01       		.byte	0x1
 763 029a 3301     		.2byte	0x133
 764 029c 84000000 		.4byte	0x84
 765 02a0 00       		.byte	0
 766 02a1 18       		.uleb128 0x18
 767 02a2 89000000 		.4byte	.LASF34
 768 02a6 01       		.byte	0x1
 769 02a7 3401     		.2byte	0x134
 770 02a9 99000000 		.4byte	0x99
 771 02ad 04       		.byte	0x4
 772 02ae 00       		.byte	0
 773 02af 06       		.uleb128 0x6
 774 02b0 C6010000 		.4byte	.LASF35
 775 02b4 01       		.byte	0x1
 776 02b5 3501     		.2byte	0x135
 777 02b7 8B020000 		.4byte	0x28b
 778 02bb 19       		.uleb128 0x19
 779 02bc CB020000 		.4byte	0x2cb
 780 02c0 CB020000 		.4byte	0x2cb
 781 02c4 1A       		.uleb128 0x1a
 782 02c5 7D000000 		.4byte	0x7d
 783 02c9 08       		.byte	0x8
 784 02ca 00       		.byte	0
 785 02cb 1B       		.uleb128 0x1b
 786 02cc AF020000 		.4byte	0x2af
 787 02d0 15       		.uleb128 0x15
 788 02d1 34000000 		.4byte	.LASF36
 789 02d5 01       		.byte	0x1
 790 02d6 3701     		.2byte	0x137
 791 02d8 E2020000 		.4byte	0x2e2
 792 02dc 05       		.uleb128 0x5
 793 02dd 03       		.byte	0x3
 794 02de 00000000 		.4byte	cfg_memset_list.4992
 795 02e2 1B       		.uleb128 0x1b
 796 02e3 BB020000 		.4byte	0x2bb
 797 02e7 1C       		.uleb128 0x1c
 798 02e8 6900     		.ascii	"i\000"
 799 02ea 01       		.byte	0x1
 800 02eb 4401     		.2byte	0x144
 801 02ed 8D000000 		.4byte	0x8d
 802 02f1 0C010000 		.4byte	.LLST8
 803 02f5 1D       		.uleb128 0x1d
 804 02f6 12000000 		.4byte	.LBB3
 805 02fa 16000000 		.4byte	.LBE3-.LBB3
 806 02fe 1C       		.uleb128 0x1c
 807 02ff 6D7300   		.ascii	"ms\000"
 808 0302 01       		.byte	0x1
 809 0303 4901     		.2byte	0x149
 810 0305 0D030000 		.4byte	0x30d
 811 0309 36010000 		.4byte	.LLST9
 812 030d 11       		.uleb128 0x11
ARM GAS  C:\Users\jens1\AppData\Local\Temp\ccSyhBS3.s 			page 22


 813 030e 04       		.byte	0x4
 814 030f CB020000 		.4byte	0x2cb
 815 0313 0D       		.uleb128 0xd
 816 0314 28000000 		.4byte	.LVL20
 817 0318 29010000 		.4byte	0x129
 818 031c 0E       		.uleb128 0xe
 819 031d 01       		.uleb128 0x1
 820 031e 51       		.byte	0x51
 821 031f 14       		.uleb128 0x14
 822 0320 74       		.byte	0x74
 823 0321 00       		.sleb128 0
 824 0322 31       		.byte	0x31
 825 0323 24       		.byte	0x24
 826 0324 74       		.byte	0x74
 827 0325 00       		.sleb128 0
 828 0326 22       		.byte	0x22
 829 0327 31       		.byte	0x31
 830 0328 24       		.byte	0x24
 831 0329 75       		.byte	0x75
 832 032a 00       		.sleb128 0
 833 032b 22       		.byte	0x22
 834 032c 23       		.byte	0x23
 835 032d 04       		.uleb128 0x4
 836 032e 94       		.byte	0x94
 837 032f 02       		.byte	0x2
 838 0330 0A       		.byte	0xa
 839 0331 FFFF     		.2byte	0xffff
 840 0333 1A       		.byte	0x1a
 841 0334 00       		.byte	0
 842 0335 00       		.byte	0
 843 0336 00       		.byte	0
 844 0337 0F       		.uleb128 0xf
 845 0338 50000000 		.4byte	.LVL23
 846 033c CE010000 		.4byte	0x1ce
 847 0340 5A030000 		.4byte	0x35a
 848 0344 0E       		.uleb128 0xe
 849 0345 01       		.uleb128 0x1
 850 0346 50       		.byte	0x50
 851 0347 05       		.uleb128 0x5
 852 0348 0C       		.byte	0xc
 853 0349 12510040 		.4byte	0x40005112
 854 034d 0E       		.uleb128 0xe
 855 034e 01       		.uleb128 0x1
 856 034f 51       		.byte	0x51
 857 0350 03       		.uleb128 0x3
 858 0351 42       		.byte	0x42
 859 0352 4A       		.byte	0x4a
 860 0353 24       		.byte	0x24
 861 0354 0E       		.uleb128 0xe
 862 0355 01       		.uleb128 0x1
 863 0356 52       		.byte	0x52
 864 0357 01       		.uleb128 0x1
 865 0358 38       		.byte	0x38
 866 0359 00       		.byte	0
 867 035a 0F       		.uleb128 0xf
 868 035b 5A000000 		.4byte	.LVL24
 869 035f CE010000 		.4byte	0x1ce
ARM GAS  C:\Users\jens1\AppData\Local\Temp\ccSyhBS3.s 			page 23


 870 0363 7F030000 		.4byte	0x37f
 871 0367 0E       		.uleb128 0xe
 872 0368 01       		.uleb128 0x1
 873 0369 50       		.byte	0x50
 874 036a 05       		.uleb128 0x5
 875 036b 0C       		.byte	0xc
 876 036c 22510040 		.4byte	0x40005122
 877 0370 0E       		.uleb128 0xe
 878 0371 01       		.uleb128 0x1
 879 0372 51       		.byte	0x51
 880 0373 05       		.uleb128 0x5
 881 0374 0C       		.byte	0xc
 882 0375 08000048 		.4byte	0x48000008
 883 0379 0E       		.uleb128 0xe
 884 037a 01       		.uleb128 0x1
 885 037b 52       		.byte	0x52
 886 037c 01       		.uleb128 0x1
 887 037d 38       		.byte	0x38
 888 037e 00       		.byte	0
 889 037f 1E       		.uleb128 0x1e
 890 0380 6E000000 		.4byte	.LVL26
 891 0384 76010000 		.4byte	0x176
 892 0388 1E       		.uleb128 0x1e
 893 0389 7C000000 		.4byte	.LVL27
 894 038d 04010000 		.4byte	0x104
 895 0391 0D       		.uleb128 0xd
 896 0392 86000000 		.4byte	.LVL28
 897 0396 CE010000 		.4byte	0x1ce
 898 039a 0E       		.uleb128 0xe
 899 039b 01       		.uleb128 0x1
 900 039c 50       		.byte	0x50
 901 039d 05       		.uleb128 0x5
 902 039e 0C       		.byte	0xc
 903 039f B0430040 		.4byte	0x400043b0
 904 03a3 0E       		.uleb128 0xe
 905 03a4 01       		.uleb128 0x1
 906 03a5 51       		.byte	0x51
 907 03a6 05       		.uleb128 0x5
 908 03a7 0C       		.byte	0xc
 909 03a8 A0430040 		.4byte	0x400043a0
 910 03ac 0E       		.uleb128 0xe
 911 03ad 01       		.uleb128 0x1
 912 03ae 52       		.byte	0x52
 913 03af 01       		.uleb128 0x1
 914 03b0 3E       		.byte	0x3e
 915 03b1 00       		.byte	0
 916 03b2 00       		.byte	0
 917 03b3 1F       		.uleb128 0x1f
 918 03b4 67010000 		.4byte	.LASF37
 919 03b8 67010000 		.4byte	.LASF37
 920 03bc 20       		.uleb128 0x20
 921 03bd 06000000 		.4byte	.LASF43
 922 03c1 06000000 		.4byte	.LASF43
 923 03c5 04       		.byte	0x4
 924 03c6 79       		.byte	0x79
 925 03c7 1F       		.uleb128 0x1f
 926 03c8 10020000 		.4byte	.LASF38
ARM GAS  C:\Users\jens1\AppData\Local\Temp\ccSyhBS3.s 			page 24


 927 03cc 10020000 		.4byte	.LASF38
 928 03d0 00       		.byte	0
 929              		.section	.debug_abbrev,"",%progbits
 930              	.Ldebug_abbrev0:
 931 0000 01       		.uleb128 0x1
 932 0001 11       		.uleb128 0x11
 933 0002 01       		.byte	0x1
 934 0003 25       		.uleb128 0x25
 935 0004 0E       		.uleb128 0xe
 936 0005 13       		.uleb128 0x13
 937 0006 0B       		.uleb128 0xb
 938 0007 03       		.uleb128 0x3
 939 0008 0E       		.uleb128 0xe
 940 0009 1B       		.uleb128 0x1b
 941 000a 0E       		.uleb128 0xe
 942 000b 55       		.uleb128 0x55
 943 000c 17       		.uleb128 0x17
 944 000d 11       		.uleb128 0x11
 945 000e 01       		.uleb128 0x1
 946 000f 10       		.uleb128 0x10
 947 0010 17       		.uleb128 0x17
 948 0011 00       		.byte	0
 949 0012 00       		.byte	0
 950 0013 02       		.uleb128 0x2
 951 0014 24       		.uleb128 0x24
 952 0015 00       		.byte	0
 953 0016 0B       		.uleb128 0xb
 954 0017 0B       		.uleb128 0xb
 955 0018 3E       		.uleb128 0x3e
 956 0019 0B       		.uleb128 0xb
 957 001a 03       		.uleb128 0x3
 958 001b 08       		.uleb128 0x8
 959 001c 00       		.byte	0
 960 001d 00       		.byte	0
 961 001e 03       		.uleb128 0x3
 962 001f 16       		.uleb128 0x16
 963 0020 00       		.byte	0
 964 0021 03       		.uleb128 0x3
 965 0022 0E       		.uleb128 0xe
 966 0023 3A       		.uleb128 0x3a
 967 0024 0B       		.uleb128 0xb
 968 0025 3B       		.uleb128 0x3b
 969 0026 0B       		.uleb128 0xb
 970 0027 49       		.uleb128 0x49
 971 0028 13       		.uleb128 0x13
 972 0029 00       		.byte	0
 973 002a 00       		.byte	0
 974 002b 04       		.uleb128 0x4
 975 002c 24       		.uleb128 0x24
 976 002d 00       		.byte	0
 977 002e 0B       		.uleb128 0xb
 978 002f 0B       		.uleb128 0xb
 979 0030 3E       		.uleb128 0x3e
 980 0031 0B       		.uleb128 0xb
 981 0032 03       		.uleb128 0x3
 982 0033 0E       		.uleb128 0xe
 983 0034 00       		.byte	0
ARM GAS  C:\Users\jens1\AppData\Local\Temp\ccSyhBS3.s 			page 25


 984 0035 00       		.byte	0
 985 0036 05       		.uleb128 0x5
 986 0037 0F       		.uleb128 0xf
 987 0038 00       		.byte	0
 988 0039 0B       		.uleb128 0xb
 989 003a 0B       		.uleb128 0xb
 990 003b 00       		.byte	0
 991 003c 00       		.byte	0
 992 003d 06       		.uleb128 0x6
 993 003e 16       		.uleb128 0x16
 994 003f 00       		.byte	0
 995 0040 03       		.uleb128 0x3
 996 0041 0E       		.uleb128 0xe
 997 0042 3A       		.uleb128 0x3a
 998 0043 0B       		.uleb128 0xb
 999 0044 3B       		.uleb128 0x3b
 1000 0045 05       		.uleb128 0x5
 1001 0046 49       		.uleb128 0x49
 1002 0047 13       		.uleb128 0x13
 1003 0048 00       		.byte	0
 1004 0049 00       		.byte	0
 1005 004a 07       		.uleb128 0x7
 1006 004b 35       		.uleb128 0x35
 1007 004c 00       		.byte	0
 1008 004d 49       		.uleb128 0x49
 1009 004e 13       		.uleb128 0x13
 1010 004f 00       		.byte	0
 1011 0050 00       		.byte	0
 1012 0051 08       		.uleb128 0x8
 1013 0052 2E       		.uleb128 0x2e
 1014 0053 01       		.byte	0x1
 1015 0054 03       		.uleb128 0x3
 1016 0055 0E       		.uleb128 0xe
 1017 0056 3A       		.uleb128 0x3a
 1018 0057 0B       		.uleb128 0xb
 1019 0058 3B       		.uleb128 0x3b
 1020 0059 0B       		.uleb128 0xb
 1021 005a 27       		.uleb128 0x27
 1022 005b 19       		.uleb128 0x19
 1023 005c 8701     		.uleb128 0x87
 1024 005e 19       		.uleb128 0x19
 1025 005f 11       		.uleb128 0x11
 1026 0060 01       		.uleb128 0x1
 1027 0061 12       		.uleb128 0x12
 1028 0062 06       		.uleb128 0x6
 1029 0063 40       		.uleb128 0x40
 1030 0064 18       		.uleb128 0x18
 1031 0065 9742     		.uleb128 0x2117
 1032 0067 19       		.uleb128 0x19
 1033 0068 01       		.uleb128 0x1
 1034 0069 13       		.uleb128 0x13
 1035 006a 00       		.byte	0
 1036 006b 00       		.byte	0
 1037 006c 09       		.uleb128 0x9
 1038 006d 05       		.uleb128 0x5
 1039 006e 00       		.byte	0
 1040 006f 03       		.uleb128 0x3
ARM GAS  C:\Users\jens1\AppData\Local\Temp\ccSyhBS3.s 			page 26


 1041 0070 0E       		.uleb128 0xe
 1042 0071 3A       		.uleb128 0x3a
 1043 0072 0B       		.uleb128 0xb
 1044 0073 3B       		.uleb128 0x3b
 1045 0074 0B       		.uleb128 0xb
 1046 0075 49       		.uleb128 0x49
 1047 0076 13       		.uleb128 0x13
 1048 0077 02       		.uleb128 0x2
 1049 0078 18       		.uleb128 0x18
 1050 0079 00       		.byte	0
 1051 007a 00       		.byte	0
 1052 007b 0A       		.uleb128 0xa
 1053 007c 2E       		.uleb128 0x2e
 1054 007d 01       		.byte	0x1
 1055 007e 03       		.uleb128 0x3
 1056 007f 0E       		.uleb128 0xe
 1057 0080 3A       		.uleb128 0x3a
 1058 0081 0B       		.uleb128 0xb
 1059 0082 3B       		.uleb128 0x3b
 1060 0083 0B       		.uleb128 0xb
 1061 0084 27       		.uleb128 0x27
 1062 0085 19       		.uleb128 0x19
 1063 0086 11       		.uleb128 0x11
 1064 0087 01       		.uleb128 0x1
 1065 0088 12       		.uleb128 0x12
 1066 0089 06       		.uleb128 0x6
 1067 008a 40       		.uleb128 0x40
 1068 008b 18       		.uleb128 0x18
 1069 008c 9742     		.uleb128 0x2117
 1070 008e 19       		.uleb128 0x19
 1071 008f 01       		.uleb128 0x1
 1072 0090 13       		.uleb128 0x13
 1073 0091 00       		.byte	0
 1074 0092 00       		.byte	0
 1075 0093 0B       		.uleb128 0xb
 1076 0094 34       		.uleb128 0x34
 1077 0095 00       		.byte	0
 1078 0096 03       		.uleb128 0x3
 1079 0097 0E       		.uleb128 0xe
 1080 0098 3A       		.uleb128 0x3a
 1081 0099 0B       		.uleb128 0xb
 1082 009a 3B       		.uleb128 0x3b
 1083 009b 0B       		.uleb128 0xb
 1084 009c 49       		.uleb128 0x49
 1085 009d 13       		.uleb128 0x13
 1086 009e 02       		.uleb128 0x2
 1087 009f 17       		.uleb128 0x17
 1088 00a0 00       		.byte	0
 1089 00a1 00       		.byte	0
 1090 00a2 0C       		.uleb128 0xc
 1091 00a3 05       		.uleb128 0x5
 1092 00a4 00       		.byte	0
 1093 00a5 03       		.uleb128 0x3
 1094 00a6 08       		.uleb128 0x8
 1095 00a7 3A       		.uleb128 0x3a
 1096 00a8 0B       		.uleb128 0xb
 1097 00a9 3B       		.uleb128 0x3b
ARM GAS  C:\Users\jens1\AppData\Local\Temp\ccSyhBS3.s 			page 27


 1098 00aa 0B       		.uleb128 0xb
 1099 00ab 49       		.uleb128 0x49
 1100 00ac 13       		.uleb128 0x13
 1101 00ad 02       		.uleb128 0x2
 1102 00ae 17       		.uleb128 0x17
 1103 00af 00       		.byte	0
 1104 00b0 00       		.byte	0
 1105 00b1 0D       		.uleb128 0xd
 1106 00b2 898201   		.uleb128 0x4109
 1107 00b5 01       		.byte	0x1
 1108 00b6 11       		.uleb128 0x11
 1109 00b7 01       		.uleb128 0x1
 1110 00b8 31       		.uleb128 0x31
 1111 00b9 13       		.uleb128 0x13
 1112 00ba 00       		.byte	0
 1113 00bb 00       		.byte	0
 1114 00bc 0E       		.uleb128 0xe
 1115 00bd 8A8201   		.uleb128 0x410a
 1116 00c0 00       		.byte	0
 1117 00c1 02       		.uleb128 0x2
 1118 00c2 18       		.uleb128 0x18
 1119 00c3 9142     		.uleb128 0x2111
 1120 00c5 18       		.uleb128 0x18
 1121 00c6 00       		.byte	0
 1122 00c7 00       		.byte	0
 1123 00c8 0F       		.uleb128 0xf
 1124 00c9 898201   		.uleb128 0x4109
 1125 00cc 01       		.byte	0x1
 1126 00cd 11       		.uleb128 0x11
 1127 00ce 01       		.uleb128 0x1
 1128 00cf 31       		.uleb128 0x31
 1129 00d0 13       		.uleb128 0x13
 1130 00d1 01       		.uleb128 0x1
 1131 00d2 13       		.uleb128 0x13
 1132 00d3 00       		.byte	0
 1133 00d4 00       		.byte	0
 1134 00d5 10       		.uleb128 0x10
 1135 00d6 05       		.uleb128 0x5
 1136 00d7 00       		.byte	0
 1137 00d8 03       		.uleb128 0x3
 1138 00d9 0E       		.uleb128 0xe
 1139 00da 3A       		.uleb128 0x3a
 1140 00db 0B       		.uleb128 0xb
 1141 00dc 3B       		.uleb128 0x3b
 1142 00dd 0B       		.uleb128 0xb
 1143 00de 49       		.uleb128 0x49
 1144 00df 13       		.uleb128 0x13
 1145 00e0 02       		.uleb128 0x2
 1146 00e1 17       		.uleb128 0x17
 1147 00e2 00       		.byte	0
 1148 00e3 00       		.byte	0
 1149 00e4 11       		.uleb128 0x11
 1150 00e5 0F       		.uleb128 0xf
 1151 00e6 00       		.byte	0
 1152 00e7 0B       		.uleb128 0xb
 1153 00e8 0B       		.uleb128 0xb
 1154 00e9 49       		.uleb128 0x49
ARM GAS  C:\Users\jens1\AppData\Local\Temp\ccSyhBS3.s 			page 28


 1155 00ea 13       		.uleb128 0x13
 1156 00eb 00       		.byte	0
 1157 00ec 00       		.byte	0
 1158 00ed 12       		.uleb128 0x12
 1159 00ee 26       		.uleb128 0x26
 1160 00ef 00       		.byte	0
 1161 00f0 00       		.byte	0
 1162 00f1 00       		.byte	0
 1163 00f2 13       		.uleb128 0x13
 1164 00f3 2E       		.uleb128 0x2e
 1165 00f4 01       		.byte	0x1
 1166 00f5 3F       		.uleb128 0x3f
 1167 00f6 19       		.uleb128 0x19
 1168 00f7 03       		.uleb128 0x3
 1169 00f8 0E       		.uleb128 0xe
 1170 00f9 3A       		.uleb128 0x3a
 1171 00fa 0B       		.uleb128 0xb
 1172 00fb 3B       		.uleb128 0x3b
 1173 00fc 05       		.uleb128 0x5
 1174 00fd 27       		.uleb128 0x27
 1175 00fe 19       		.uleb128 0x19
 1176 00ff 11       		.uleb128 0x11
 1177 0100 01       		.uleb128 0x1
 1178 0101 12       		.uleb128 0x12
 1179 0102 06       		.uleb128 0x6
 1180 0103 40       		.uleb128 0x40
 1181 0104 18       		.uleb128 0x18
 1182 0105 9742     		.uleb128 0x2117
 1183 0107 19       		.uleb128 0x19
 1184 0108 01       		.uleb128 0x1
 1185 0109 13       		.uleb128 0x13
 1186 010a 00       		.byte	0
 1187 010b 00       		.byte	0
 1188 010c 14       		.uleb128 0x14
 1189 010d 05       		.uleb128 0x5
 1190 010e 00       		.byte	0
 1191 010f 03       		.uleb128 0x3
 1192 0110 0E       		.uleb128 0xe
 1193 0111 3A       		.uleb128 0x3a
 1194 0112 0B       		.uleb128 0xb
 1195 0113 3B       		.uleb128 0x3b
 1196 0114 05       		.uleb128 0x5
 1197 0115 49       		.uleb128 0x49
 1198 0116 13       		.uleb128 0x13
 1199 0117 02       		.uleb128 0x2
 1200 0118 18       		.uleb128 0x18
 1201 0119 00       		.byte	0
 1202 011a 00       		.byte	0
 1203 011b 15       		.uleb128 0x15
 1204 011c 34       		.uleb128 0x34
 1205 011d 00       		.byte	0
 1206 011e 03       		.uleb128 0x3
 1207 011f 0E       		.uleb128 0xe
 1208 0120 3A       		.uleb128 0x3a
 1209 0121 0B       		.uleb128 0xb
 1210 0122 3B       		.uleb128 0x3b
 1211 0123 05       		.uleb128 0x5
ARM GAS  C:\Users\jens1\AppData\Local\Temp\ccSyhBS3.s 			page 29


 1212 0124 49       		.uleb128 0x49
 1213 0125 13       		.uleb128 0x13
 1214 0126 02       		.uleb128 0x2
 1215 0127 18       		.uleb128 0x18
 1216 0128 00       		.byte	0
 1217 0129 00       		.byte	0
 1218 012a 16       		.uleb128 0x16
 1219 012b 0B       		.uleb128 0xb
 1220 012c 01       		.byte	0x1
 1221 012d 11       		.uleb128 0x11
 1222 012e 01       		.uleb128 0x1
 1223 012f 12       		.uleb128 0x12
 1224 0130 06       		.uleb128 0x6
 1225 0131 01       		.uleb128 0x1
 1226 0132 13       		.uleb128 0x13
 1227 0133 00       		.byte	0
 1228 0134 00       		.byte	0
 1229 0135 17       		.uleb128 0x17
 1230 0136 13       		.uleb128 0x13
 1231 0137 01       		.byte	0x1
 1232 0138 0B       		.uleb128 0xb
 1233 0139 0B       		.uleb128 0xb
 1234 013a 3A       		.uleb128 0x3a
 1235 013b 0B       		.uleb128 0xb
 1236 013c 3B       		.uleb128 0x3b
 1237 013d 05       		.uleb128 0x5
 1238 013e 01       		.uleb128 0x1
 1239 013f 13       		.uleb128 0x13
 1240 0140 00       		.byte	0
 1241 0141 00       		.byte	0
 1242 0142 18       		.uleb128 0x18
 1243 0143 0D       		.uleb128 0xd
 1244 0144 00       		.byte	0
 1245 0145 03       		.uleb128 0x3
 1246 0146 0E       		.uleb128 0xe
 1247 0147 3A       		.uleb128 0x3a
 1248 0148 0B       		.uleb128 0xb
 1249 0149 3B       		.uleb128 0x3b
 1250 014a 05       		.uleb128 0x5
 1251 014b 49       		.uleb128 0x49
 1252 014c 13       		.uleb128 0x13
 1253 014d 38       		.uleb128 0x38
 1254 014e 0B       		.uleb128 0xb
 1255 014f 00       		.byte	0
 1256 0150 00       		.byte	0
 1257 0151 19       		.uleb128 0x19
 1258 0152 01       		.uleb128 0x1
 1259 0153 01       		.byte	0x1
 1260 0154 49       		.uleb128 0x49
 1261 0155 13       		.uleb128 0x13
 1262 0156 01       		.uleb128 0x1
 1263 0157 13       		.uleb128 0x13
 1264 0158 00       		.byte	0
 1265 0159 00       		.byte	0
 1266 015a 1A       		.uleb128 0x1a
 1267 015b 21       		.uleb128 0x21
 1268 015c 00       		.byte	0
ARM GAS  C:\Users\jens1\AppData\Local\Temp\ccSyhBS3.s 			page 30


 1269 015d 49       		.uleb128 0x49
 1270 015e 13       		.uleb128 0x13
 1271 015f 2F       		.uleb128 0x2f
 1272 0160 0B       		.uleb128 0xb
 1273 0161 00       		.byte	0
 1274 0162 00       		.byte	0
 1275 0163 1B       		.uleb128 0x1b
 1276 0164 26       		.uleb128 0x26
 1277 0165 00       		.byte	0
 1278 0166 49       		.uleb128 0x49
 1279 0167 13       		.uleb128 0x13
 1280 0168 00       		.byte	0
 1281 0169 00       		.byte	0
 1282 016a 1C       		.uleb128 0x1c
 1283 016b 34       		.uleb128 0x34
 1284 016c 00       		.byte	0
 1285 016d 03       		.uleb128 0x3
 1286 016e 08       		.uleb128 0x8
 1287 016f 3A       		.uleb128 0x3a
 1288 0170 0B       		.uleb128 0xb
 1289 0171 3B       		.uleb128 0x3b
 1290 0172 05       		.uleb128 0x5
 1291 0173 49       		.uleb128 0x49
 1292 0174 13       		.uleb128 0x13
 1293 0175 02       		.uleb128 0x2
 1294 0176 17       		.uleb128 0x17
 1295 0177 00       		.byte	0
 1296 0178 00       		.byte	0
 1297 0179 1D       		.uleb128 0x1d
 1298 017a 0B       		.uleb128 0xb
 1299 017b 01       		.byte	0x1
 1300 017c 11       		.uleb128 0x11
 1301 017d 01       		.uleb128 0x1
 1302 017e 12       		.uleb128 0x12
 1303 017f 06       		.uleb128 0x6
 1304 0180 00       		.byte	0
 1305 0181 00       		.byte	0
 1306 0182 1E       		.uleb128 0x1e
 1307 0183 898201   		.uleb128 0x4109
 1308 0186 00       		.byte	0
 1309 0187 11       		.uleb128 0x11
 1310 0188 01       		.uleb128 0x1
 1311 0189 31       		.uleb128 0x31
 1312 018a 13       		.uleb128 0x13
 1313 018b 00       		.byte	0
 1314 018c 00       		.byte	0
 1315 018d 1F       		.uleb128 0x1f
 1316 018e 2E       		.uleb128 0x2e
 1317 018f 00       		.byte	0
 1318 0190 3F       		.uleb128 0x3f
 1319 0191 19       		.uleb128 0x19
 1320 0192 3C       		.uleb128 0x3c
 1321 0193 19       		.uleb128 0x19
 1322 0194 6E       		.uleb128 0x6e
 1323 0195 0E       		.uleb128 0xe
 1324 0196 03       		.uleb128 0x3
 1325 0197 0E       		.uleb128 0xe
ARM GAS  C:\Users\jens1\AppData\Local\Temp\ccSyhBS3.s 			page 31


 1326 0198 00       		.byte	0
 1327 0199 00       		.byte	0
 1328 019a 20       		.uleb128 0x20
 1329 019b 2E       		.uleb128 0x2e
 1330 019c 00       		.byte	0
 1331 019d 3F       		.uleb128 0x3f
 1332 019e 19       		.uleb128 0x19
 1333 019f 3C       		.uleb128 0x3c
 1334 01a0 19       		.uleb128 0x19
 1335 01a1 6E       		.uleb128 0x6e
 1336 01a2 0E       		.uleb128 0xe
 1337 01a3 03       		.uleb128 0x3
 1338 01a4 0E       		.uleb128 0xe
 1339 01a5 3A       		.uleb128 0x3a
 1340 01a6 0B       		.uleb128 0xb
 1341 01a7 3B       		.uleb128 0x3b
 1342 01a8 0B       		.uleb128 0xb
 1343 01a9 00       		.byte	0
 1344 01aa 00       		.byte	0
 1345 01ab 00       		.byte	0
 1346              		.section	.debug_loc,"",%progbits
 1347              	.Ldebug_loc0:
 1348              	.LLST0:
 1349 0000 06000000 		.4byte	.LVL1
 1350 0004 10000000 		.4byte	.LVL2
 1351 0008 0100     		.2byte	0x1
 1352 000a 53       		.byte	0x53
 1353 000b 00000000 		.4byte	0
 1354 000f 00000000 		.4byte	0
 1355              	.LLST1:
 1356 0013 00000000 		.4byte	.LVL3
 1357 0017 09000000 		.4byte	.LVL5-1
 1358 001b 0100     		.2byte	0x1
 1359 001d 50       		.byte	0x50
 1360 001e 09000000 		.4byte	.LVL5-1
 1361 0022 0C000000 		.4byte	.LFE0
 1362 0026 0400     		.2byte	0x4
 1363 0028 F3       		.byte	0xf3
 1364 0029 01       		.uleb128 0x1
 1365 002a 50       		.byte	0x50
 1366 002b 9F       		.byte	0x9f
 1367 002c 00000000 		.4byte	0
 1368 0030 00000000 		.4byte	0
 1369              	.LLST2:
 1370 0034 00000000 		.4byte	.LVL3
 1371 0038 06000000 		.4byte	.LVL4
 1372 003c 0100     		.2byte	0x1
 1373 003e 51       		.byte	0x51
 1374 003f 06000000 		.4byte	.LVL4
 1375 0043 09000000 		.4byte	.LVL5-1
 1376 0047 0100     		.2byte	0x1
 1377 0049 52       		.byte	0x52
 1378 004a 09000000 		.4byte	.LVL5-1
 1379 004e 0C000000 		.4byte	.LFE0
 1380 0052 0400     		.2byte	0x4
 1381 0054 F3       		.byte	0xf3
 1382 0055 01       		.uleb128 0x1
ARM GAS  C:\Users\jens1\AppData\Local\Temp\ccSyhBS3.s 			page 32


 1383 0056 51       		.byte	0x51
 1384 0057 9F       		.byte	0x9f
 1385 0058 00000000 		.4byte	0
 1386 005c 00000000 		.4byte	0
 1387              	.LLST3:
 1388 0060 2E000000 		.4byte	.LVL6
 1389 0064 34000000 		.4byte	.LVL7
 1390 0068 0200     		.2byte	0x2
 1391 006a 49       		.byte	0x49
 1392 006b 9F       		.byte	0x9f
 1393 006c 34000000 		.4byte	.LVL7
 1394 0070 7E000000 		.4byte	.LVL13
 1395 0074 0100     		.2byte	0x1
 1396 0076 55       		.byte	0x55
 1397 0077 00000000 		.4byte	0
 1398 007b 00000000 		.4byte	0
 1399              	.LLST4:
 1400 007f 2E000000 		.4byte	.LVL6
 1401 0083 34000000 		.4byte	.LVL7
 1402 0087 0200     		.2byte	0x2
 1403 0089 30       		.byte	0x30
 1404 008a 9F       		.byte	0x9f
 1405 008b 34000000 		.4byte	.LVL7
 1406 008f 40000000 		.4byte	.LVL8
 1407 0093 0100     		.2byte	0x1
 1408 0095 54       		.byte	0x54
 1409 0096 44000000 		.4byte	.LVL9
 1410 009a 7E000000 		.4byte	.LVL13
 1411 009e 0100     		.2byte	0x1
 1412 00a0 54       		.byte	0x54
 1413 00a1 00000000 		.4byte	0
 1414 00a5 00000000 		.4byte	0
 1415              	.LLST5:
 1416 00a9 00000000 		.4byte	.LVL14
 1417 00ad 05000000 		.4byte	.LVL15-1
 1418 00b1 0100     		.2byte	0x1
 1419 00b3 50       		.byte	0x50
 1420 00b4 05000000 		.4byte	.LVL15-1
 1421 00b8 08000000 		.4byte	.LFE1
 1422 00bc 0400     		.2byte	0x4
 1423 00be F3       		.byte	0xf3
 1424 00bf 01       		.uleb128 0x1
 1425 00c0 50       		.byte	0x50
 1426 00c1 9F       		.byte	0x9f
 1427 00c2 00000000 		.4byte	0
 1428 00c6 00000000 		.4byte	0
 1429              	.LLST6:
 1430 00ca 00000000 		.4byte	.LVL14
 1431 00ce 05000000 		.4byte	.LVL15-1
 1432 00d2 0100     		.2byte	0x1
 1433 00d4 51       		.byte	0x51
 1434 00d5 05000000 		.4byte	.LVL15-1
 1435 00d9 08000000 		.4byte	.LFE1
 1436 00dd 0400     		.2byte	0x4
 1437 00df F3       		.byte	0xf3
 1438 00e0 01       		.uleb128 0x1
 1439 00e1 51       		.byte	0x51
ARM GAS  C:\Users\jens1\AppData\Local\Temp\ccSyhBS3.s 			page 33


 1440 00e2 9F       		.byte	0x9f
 1441 00e3 00000000 		.4byte	0
 1442 00e7 00000000 		.4byte	0
 1443              	.LLST7:
 1444 00eb 00000000 		.4byte	.LVL14
 1445 00ef 05000000 		.4byte	.LVL15-1
 1446 00f3 0100     		.2byte	0x1
 1447 00f5 52       		.byte	0x52
 1448 00f6 05000000 		.4byte	.LVL15-1
 1449 00fa 08000000 		.4byte	.LFE1
 1450 00fe 0400     		.2byte	0x4
 1451 0100 F3       		.byte	0xf3
 1452 0101 01       		.uleb128 0x1
 1453 0102 52       		.byte	0x52
 1454 0103 9F       		.byte	0x9f
 1455 0104 00000000 		.4byte	0
 1456 0108 00000000 		.4byte	0
 1457              	.LLST8:
 1458 010c 0E000000 		.4byte	.LVL18
 1459 0110 12000000 		.4byte	.LVL19
 1460 0114 0200     		.2byte	0x2
 1461 0116 30       		.byte	0x30
 1462 0117 9F       		.byte	0x9f
 1463 0118 12000000 		.4byte	.LVL19
 1464 011c 2A000000 		.4byte	.LVL21
 1465 0120 0100     		.2byte	0x1
 1466 0122 54       		.byte	0x54
 1467 0123 2C000000 		.4byte	.LVL22
 1468 0127 66000000 		.4byte	.LVL25
 1469 012b 0100     		.2byte	0x1
 1470 012d 54       		.byte	0x54
 1471 012e 00000000 		.4byte	0
 1472 0132 00000000 		.4byte	0
 1473              	.LLST9:
 1474 0136 12000000 		.4byte	.LVL19
 1475 013a 2A000000 		.4byte	.LVL21
 1476 013e 0B00     		.2byte	0xb
 1477 0140 74       		.byte	0x74
 1478 0141 00       		.sleb128 0
 1479 0142 36       		.byte	0x36
 1480 0143 1E       		.byte	0x1e
 1481 0144 03       		.byte	0x3
 1482 0145 00000000 		.4byte	cfg_memset_list.4992
 1483 0149 22       		.byte	0x22
 1484 014a 9F       		.byte	0x9f
 1485 014b 2A000000 		.4byte	.LVL21
 1486 014f 2C000000 		.4byte	.LVL22
 1487 0153 0B00     		.2byte	0xb
 1488 0155 74       		.byte	0x74
 1489 0156 7F       		.sleb128 -1
 1490 0157 36       		.byte	0x36
 1491 0158 1E       		.byte	0x1e
 1492 0159 03       		.byte	0x3
 1493 015a 00000000 		.4byte	cfg_memset_list.4992
 1494 015e 22       		.byte	0x22
 1495 015f 9F       		.byte	0x9f
 1496 0160 00000000 		.4byte	0
ARM GAS  C:\Users\jens1\AppData\Local\Temp\ccSyhBS3.s 			page 34


 1497 0164 00000000 		.4byte	0
 1498              		.section	.debug_aranges,"",%progbits
 1499 0000 4C000000 		.4byte	0x4c
 1500 0004 0200     		.2byte	0x2
 1501 0006 00000000 		.4byte	.Ldebug_info0
 1502 000a 04       		.byte	0x4
 1503 000b 00       		.byte	0
 1504 000c 0000     		.2byte	0
 1505 000e 0000     		.2byte	0
 1506 0010 00000000 		.4byte	.LFB3
 1507 0014 02000000 		.4byte	.LFE3-.LFB3
 1508 0018 00000000 		.4byte	.LFB5
 1509 001c 28000000 		.4byte	.LFE5-.LFB5
 1510 0020 00000000 		.4byte	.LFB0
 1511 0024 0C000000 		.4byte	.LFE0-.LFB0
 1512 0028 00000000 		.4byte	.LFB4
 1513 002c 9C000000 		.4byte	.LFE4-.LFB4
 1514 0030 00000000 		.4byte	.LFB1
 1515 0034 08000000 		.4byte	.LFE1-.LFB1
 1516 0038 00000000 		.4byte	.LFB6
 1517 003c 10000000 		.4byte	.LFE6-.LFB6
 1518 0040 00000000 		.4byte	.LFB7
 1519 0044 B4000000 		.4byte	.LFE7-.LFB7
 1520 0048 00000000 		.4byte	0
 1521 004c 00000000 		.4byte	0
 1522              		.section	.debug_ranges,"",%progbits
 1523              	.Ldebug_ranges0:
 1524 0000 00000000 		.4byte	.LFB3
 1525 0004 02000000 		.4byte	.LFE3
 1526 0008 00000000 		.4byte	.LFB5
 1527 000c 28000000 		.4byte	.LFE5
 1528 0010 00000000 		.4byte	.LFB0
 1529 0014 0C000000 		.4byte	.LFE0
 1530 0018 00000000 		.4byte	.LFB4
 1531 001c 9C000000 		.4byte	.LFE4
 1532 0020 00000000 		.4byte	.LFB1
 1533 0024 08000000 		.4byte	.LFE1
 1534 0028 00000000 		.4byte	.LFB6
 1535 002c 10000000 		.4byte	.LFE6
 1536 0030 00000000 		.4byte	.LFB7
 1537 0034 B4000000 		.4byte	.LFE7
 1538 0038 00000000 		.4byte	0
 1539 003c 00000000 		.4byte	0
 1540              		.section	.debug_line,"",%progbits
 1541              	.Ldebug_line0:
 1542 0000 A2010000 		.section	.debug_str,"MS",%progbits,1
 1542      0200D600 
 1542      00000201 
 1542      FB0E0D00 
 1542      01010101 
 1543              	.LASF19:
 1544 0000 72656731 		.ascii	"reg16\000"
 1544      3600
 1545              	.LASF43:
 1546 0006 43794465 		.ascii	"CyDelayCycles\000"
 1546      6C617943 
 1546      79636C65 
ARM GAS  C:\Users\jens1\AppData\Local\Temp\ccSyhBS3.s 			page 35


 1546      7300
 1547              	.LASF12:
 1548 0014 73697A65 		.ascii	"size_t\000"
 1548      5F7400
 1549              	.LASF20:
 1550 001b 416E616C 		.ascii	"AnalogSetDefault\000"
 1550      6F675365 
 1550      74446566 
 1550      61756C74 
 1550      00
 1551              	.LASF25:
 1552 002c 74696D65 		.ascii	"timeout\000"
 1552      6F757400 
 1553              	.LASF36:
 1554 0034 6366675F 		.ascii	"cfg_memset_list\000"
 1554      6D656D73 
 1554      65745F6C 
 1554      69737400 
 1555              	.LASF23:
 1556 0044 436C6F63 		.ascii	"ClockSetup\000"
 1556      6B536574 
 1556      757000
 1557              	.LASF6:
 1558 004f 73686F72 		.ascii	"short unsigned int\000"
 1558      7420756E 
 1558      7369676E 
 1558      65642069 
 1558      6E7400
 1559              	.LASF26:
 1560 0062 706C6C4C 		.ascii	"pllLock\000"
 1560      6F636B00 
 1561              	.LASF16:
 1562 006a 666C6F61 		.ascii	"float\000"
 1562      7400
 1563              	.LASF42:
 1564 0070 4379436C 		.ascii	"CyClockStartupError\000"
 1564      6F636B53 
 1564      74617274 
 1564      75704572 
 1564      726F7200 
 1565              	.LASF28:
 1566 0084 64657374 		.ascii	"dest\000"
 1566      00
 1567              	.LASF34:
 1568 0089 73697A65 		.ascii	"size\000"
 1568      00
 1569              	.LASF39:
 1570 008e 474E5520 		.ascii	"GNU C11 5.4.1 20160609 (release) [ARM/embedded-5-br"
 1570      43313120 
 1570      352E342E 
 1570      31203230 
 1570      31363036 
 1571 00c1 616E6368 		.ascii	"anch revision 237715] -mcpu=cortex-m3 -mthumb -g -O"
 1571      20726576 
 1571      6973696F 
 1571      6E203233 
 1571      37373135 
ARM GAS  C:\Users\jens1\AppData\Local\Temp\ccSyhBS3.s 			page 36


 1572 00f4 67202D66 		.ascii	"g -ffunction-sections -ffat-lto-objects\000"
 1572      66756E63 
 1572      74696F6E 
 1572      2D736563 
 1572      74696F6E 
 1573              	.LASF18:
 1574 011c 72656738 		.ascii	"reg8\000"
 1574      00
 1575              	.LASF8:
 1576 0121 6C6F6E67 		.ascii	"long unsigned int\000"
 1576      20756E73 
 1576      69676E65 
 1576      6420696E 
 1576      7400
 1577              	.LASF13:
 1578 0133 75696E74 		.ascii	"uint8\000"
 1578      3800
 1579              	.LASF21:
 1580 0139 43594D45 		.ascii	"CYMEMZERO\000"
 1580      4D5A4552 
 1580      4F00
 1581              	.LASF31:
 1582 0143 53657441 		.ascii	"SetAnalogRoutingPumps\000"
 1582      6E616C6F 
 1582      67526F75 
 1582      74696E67 
 1582      50756D70 
 1583              	.LASF4:
 1584 0159 756E7369 		.ascii	"unsigned char\000"
 1584      676E6564 
 1584      20636861 
 1584      7200
 1585              	.LASF37:
 1586 0167 6D656D73 		.ascii	"memset\000"
 1586      657400
 1587              	.LASF17:
 1588 016e 646F7562 		.ascii	"double\000"
 1588      6C6500
 1589              	.LASF32:
 1590 0175 63796669 		.ascii	"cyfitter_cfg\000"
 1590      74746572 
 1590      5F636667 
 1590      00
 1591              	.LASF14:
 1592 0182 75696E74 		.ascii	"uint16\000"
 1592      313600
 1593              	.LASF22:
 1594 0189 6572726F 		.ascii	"errorCode\000"
 1594      72436F64 
 1594      6500
 1595              	.LASF15:
 1596 0193 75696E74 		.ascii	"uint32\000"
 1596      333200
 1597              	.LASF0:
 1598 019a 756E7369 		.ascii	"unsigned int\000"
 1598      676E6564 
 1598      20696E74 
ARM GAS  C:\Users\jens1\AppData\Local\Temp\ccSyhBS3.s 			page 37


 1598      00
 1599              	.LASF33:
 1600 01a7 61646472 		.ascii	"address\000"
 1600      65737300 
 1601              	.LASF9:
 1602 01af 6C6F6E67 		.ascii	"long long unsigned int\000"
 1602      206C6F6E 
 1602      6720756E 
 1602      7369676E 
 1602      65642069 
 1603              	.LASF35:
 1604 01c6 6366675F 		.ascii	"cfg_memset_t\000"
 1604      6D656D73 
 1604      65745F74 
 1604      00
 1605              	.LASF10:
 1606 01d3 73697A65 		.ascii	"sizetype\000"
 1606      74797065 
 1606      00
 1607              	.LASF1:
 1608 01dc 6C6F6E67 		.ascii	"long long int\000"
 1608      206C6F6E 
 1608      6720696E 
 1608      7400
 1609              	.LASF40:
 1610 01ea 47656E65 		.ascii	"Generated_Source\\PSoC5\\cyfitter_cfg.c\000"
 1610      72617465 
 1610      645F536F 
 1610      75726365 
 1610      5C50536F 
 1611              	.LASF38:
 1612 0210 6D656D63 		.ascii	"memcpy\000"
 1612      707900
 1613              	.LASF5:
 1614 0217 73686F72 		.ascii	"short int\000"
 1614      7420696E 
 1614      7400
 1615              	.LASF30:
 1616 0221 72656756 		.ascii	"regValue\000"
 1616      616C7565 
 1616      00
 1617              	.LASF29:
 1618 022a 656E6162 		.ascii	"enabled\000"
 1618      6C656400 
 1619              	.LASF7:
 1620 0232 6C6F6E67 		.ascii	"long int\000"
 1620      20696E74 
 1620      00
 1621              	.LASF11:
 1622 023b 63686172 		.ascii	"char\000"
 1622      00
 1623              	.LASF2:
 1624 0240 6C6F6E67 		.ascii	"long double\000"
 1624      20646F75 
 1624      626C6500 
 1625              	.LASF24:
 1626 024c 62675F78 		.ascii	"bg_xover_inl_trim\000"
ARM GAS  C:\Users\jens1\AppData\Local\Temp\ccSyhBS3.s 			page 38


 1626      6F766572 
 1626      5F696E6C 
 1626      5F747269 
 1626      6D00
 1627              	.LASF3:
 1628 025e 7369676E 		.ascii	"signed char\000"
 1628      65642063 
 1628      68617200 
 1629              	.LASF41:
 1630 026a 433A5C55 		.ascii	"C:\\Users\\jens1\\Desktop\\Skoleting\\3. semester\\"
 1630      73657273 
 1630      5C6A656E 
 1630      73315C44 
 1630      65736B74 
 1631 0297 50524A33 		.ascii	"PRJ3\\Motorkode\\Ny\\MotorDriver\\Stepper.cydsn\000"
 1631      5C4D6F74 
 1631      6F726B6F 
 1631      64655C4E 
 1631      795C4D6F 
 1632              	.LASF27:
 1633 02c3 4359434F 		.ascii	"CYCONFIGCPY\000"
 1633      4E464947 
 1633      43505900 
 1634              		.ident	"GCC: (GNU Tools for ARM Embedded Processors) 5.4.1 20160609 (release) [ARM/embedded-5-bran
