ARM GAS  C:\Users\Lasse\AppData\Local\Temp\ccQddnKv.s 			page 1


   1              		.syntax unified
   2              		.cpu cortex-m3
   3              		.fpu softvfp
   4              		.eabi_attribute 20, 1
   5              		.eabi_attribute 21, 1
   6              		.eabi_attribute 23, 3
   7              		.eabi_attribute 24, 1
   8              		.eabi_attribute 25, 1
   9              		.eabi_attribute 26, 1
  10              		.eabi_attribute 30, 1
  11              		.eabi_attribute 34, 1
  12              		.eabi_attribute 18, 4
  13              		.thumb
  14              		.syntax unified
  15              		.file	"cymetadata.c"
  16              		.text
  17              	.Ltext0:
  18              		.cfi_sections	.debug_frame
  19              		.global	cy_metadata
  20              		.global	cy_meta_flashprotect
  21              		.global	cy_meta_wonvl
  22              		.global	cy_meta_custnvl
  23              		.global	cy_meta_configecc
  24              		.section	.cyconfigecc,"a",%progbits
  25              		.align	2
  26              		.type	cy_meta_configecc, %object
  27              		.size	cy_meta_configecc, 856
  28              	cy_meta_configecc:
  29 0000 01       		.byte	1
  30 0001 4F       		.byte	79
  31 0002 00       		.byte	0
  32 0003 40       		.byte	64
  33 0004 03       		.byte	3
  34 0005 65       		.byte	101
  35 0006 00       		.byte	0
  36 0007 40       		.byte	64
  37 0008 04       		.byte	4
  38 0009 14       		.byte	20
  39 000a 01       		.byte	1
  40 000b 40       		.byte	64
  41 000c 02       		.byte	2
  42 000d 15       		.byte	21
  43 000e 01       		.byte	1
  44 000f 40       		.byte	64
  45 0010 6E       		.byte	110
  46 0011 18       		.byte	24
  47 0012 01       		.byte	1
  48 0013 40       		.byte	64
  49 0014 3D       		.byte	61
  50 0015 19       		.byte	25
  51 0016 01       		.byte	1
  52 0017 40       		.byte	64
  53 0018 64       		.byte	100
  54 0019 1A       		.byte	26
  55 001a 01       		.byte	1
  56 001b 40       		.byte	64
  57 001c 4B       		.byte	75
ARM GAS  C:\Users\Lasse\AppData\Local\Temp\ccQddnKv.s 			page 2


  58 001d 1B       		.byte	27
  59 001e 01       		.byte	1
  60 001f 40       		.byte	64
  61 0020 02       		.byte	2
  62 0021 40       		.byte	64
  63 0022 01       		.byte	1
  64 0023 40       		.byte	64
  65 0024 01       		.byte	1
  66 0025 41       		.byte	65
  67 0026 01       		.byte	1
  68 0027 40       		.byte	64
  69 0028 03       		.byte	3
  70 0029 42       		.byte	66
  71 002a 01       		.byte	1
  72 002b 40       		.byte	64
  73 002c 02       		.byte	2
  74 002d 48       		.byte	72
  75 002e 01       		.byte	1
  76 002f 40       		.byte	64
  77 0030 03       		.byte	3
  78 0031 49       		.byte	73
  79 0032 01       		.byte	1
  80 0033 40       		.byte	64
  81 0034 08       		.byte	8
  82 0035 4D       		.byte	77
  83 0036 01       		.byte	1
  84 0037 40       		.byte	64
  85 0038 02       		.byte	2
  86 0039 50       		.byte	80
  87 003a 01       		.byte	1
  88 003b 40       		.byte	64
  89 003c 01       		.byte	1
  90 003d 51       		.byte	81
  91 003e 01       		.byte	1
  92 003f 40       		.byte	64
  93 0040 0A       		.byte	10
  94 0041 36       		.byte	54
  95 0042 88       		.byte	-120
  96 0043 0F       		.byte	15
  97 0044 8A       		.byte	-118
  98 0045 72       		.byte	114
  99 0046 8B       		.byte	-117
 100 0047 38       		.byte	56
 101 0048 B9       		.byte	-71
 102 0049 08       		.byte	8
 103 004a BF       		.byte	-65
 104 004b 04       		.byte	4
 105 004c D9       		.byte	-39
 106 004d 04       		.byte	4
 107 004e DF       		.byte	-33
 108 004f 01       		.byte	1
 109 0050 27       		.byte	39
 110 0051 20       		.byte	32
 111 0052 87       		.byte	-121
 112 0053 20       		.byte	32
 113 0054 04       		.byte	4
 114 0055 10       		.byte	16
ARM GAS  C:\Users\Lasse\AppData\Local\Temp\ccQddnKv.s 			page 3


 115 0056 05       		.byte	5
 116 0057 53       		.byte	83
 117 0058 06       		.byte	6
 118 0059 AC       		.byte	-84
 119 005a 07       		.byte	7
 120 005b 04       		.byte	4
 121 005c 08       		.byte	8
 122 005d 0C       		.byte	12
 123 005e 09       		.byte	9
 124 005f 03       		.byte	3
 125 0060 0A       		.byte	10
 126 0061 71       		.byte	113
 127 0062 0B       		.byte	11
 128 0063 44       		.byte	68
 129 0064 0C       		.byte	12
 130 0065 DC       		.byte	-36
 131 0066 0E       		.byte	14
 132 0067 22       		.byte	34
 133 0068 13       		.byte	19
 134 0069 08       		.byte	8
 135 006a 15       		.byte	21
 136 006b 53       		.byte	83
 137 006c 16       		.byte	22
 138 006d 03       		.byte	3
 139 006e 17       		.byte	23
 140 006f 0C       		.byte	12
 141 0070 18       		.byte	24
 142 0071 14       		.byte	20
 143 0072 20       		.byte	32
 144 0073 09       		.byte	9
 145 0074 22       		.byte	34
 146 0075 D0       		.byte	-48
 147 0076 25       		.byte	37
 148 0077 20       		.byte	32
 149 0078 26       		.byte	38
 150 0079 20       		.byte	32
 151 007a 27       		.byte	39
 152 007b 45       		.byte	69
 153 007c 28       		.byte	40
 154 007d 10       		.byte	16
 155 007e 29       		.byte	41
 156 007f 80       		.byte	-128
 157 0080 2A       		.byte	42
 158 0081 40       		.byte	64
 159 0082 2D       		.byte	45
 160 0083 0A       		.byte	10
 161 0084 2F       		.byte	47
 162 0085 54       		.byte	84
 163 0086 31       		.byte	49
 164 0087 40       		.byte	64
 165 0088 32       		.byte	50
 166 0089 1F       		.byte	31
 167 008a 33       		.byte	51
 168 008b 0F       		.byte	15
 169 008c 34       		.byte	52
 170 008d E0       		.byte	-32
 171 008e 35       		.byte	53
ARM GAS  C:\Users\Lasse\AppData\Local\Temp\ccQddnKv.s 			page 4


 172 008f 80       		.byte	-128
 173 0090 37       		.byte	55
 174 0091 30       		.byte	48
 175 0092 39       		.byte	57
 176 0093 80       		.byte	-128
 177 0094 3A       		.byte	58
 178 0095 20       		.byte	32
 179 0096 3B       		.byte	59
 180 0097 08       		.byte	8
 181 0098 3F       		.byte	63
 182 0099 11       		.byte	17
 183 009a 40       		.byte	64
 184 009b 63       		.byte	99
 185 009c 41       		.byte	65
 186 009d 02       		.byte	2
 187 009e 45       		.byte	69
 188 009f 0B       		.byte	11
 189 00a0 46       		.byte	70
 190 00a1 C0       		.byte	-64
 191 00a2 47       		.byte	71
 192 00a3 0E       		.byte	14
 193 00a4 48       		.byte	72
 194 00a5 19       		.byte	25
 195 00a6 49       		.byte	73
 196 00a7 FF       		.byte	-1
 197 00a8 4A       		.byte	74
 198 00a9 FF       		.byte	-1
 199 00aa 4B       		.byte	75
 200 00ab FF       		.byte	-1
 201 00ac 4E       		.byte	78
 202 00ad F0       		.byte	-16
 203 00ae 4F       		.byte	79
 204 00af 44       		.byte	68
 205 00b0 50       		.byte	80
 206 00b1 0C       		.byte	12
 207 00b2 54       		.byte	84
 208 00b3 01       		.byte	1
 209 00b4 58       		.byte	88
 210 00b5 04       		.byte	4
 211 00b6 59       		.byte	89
 212 00b7 04       		.byte	4
 213 00b8 5A       		.byte	90
 214 00b9 04       		.byte	4
 215 00ba 5B       		.byte	91
 216 00bb 04       		.byte	4
 217 00bc 5C       		.byte	92
 218 00bd 11       		.byte	17
 219 00be 5D       		.byte	93
 220 00bf 11       		.byte	17
 221 00c0 5F       		.byte	95
 222 00c1 01       		.byte	1
 223 00c2 66       		.byte	102
 224 00c3 C0       		.byte	-64
 225 00c4 6A       		.byte	106
 226 00c5 40       		.byte	64
 227 00c6 6B       		.byte	107
 228 00c7 02       		.byte	2
ARM GAS  C:\Users\Lasse\AppData\Local\Temp\ccQddnKv.s 			page 5


 229 00c8 80       		.byte	-128
 230 00c9 80       		.byte	-128
 231 00ca 82       		.byte	-126
 232 00cb 40       		.byte	64
 233 00cc 85       		.byte	-123
 234 00cd 02       		.byte	2
 235 00ce 86       		.byte	-122
 236 00cf 13       		.byte	19
 237 00d0 87       		.byte	-121
 238 00d1 01       		.byte	1
 239 00d2 88       		.byte	-120
 240 00d3 C0       		.byte	-64
 241 00d4 8C       		.byte	-116
 242 00d5 2C       		.byte	44
 243 00d6 8D       		.byte	-115
 244 00d7 01       		.byte	1
 245 00d8 8E       		.byte	-114
 246 00d9 03       		.byte	3
 247 00da 8F       		.byte	-113
 248 00db 06       		.byte	6
 249 00dc 90       		.byte	-112
 250 00dd 40       		.byte	64
 251 00de 92       		.byte	-110
 252 00df 80       		.byte	-128
 253 00e0 95       		.byte	-107
 254 00e1 0F       		.byte	15
 255 00e2 96       		.byte	-106
 256 00e3 08       		.byte	8
 257 00e4 98       		.byte	-104
 258 00e5 31       		.byte	49
 259 00e6 99       		.byte	-103
 260 00e7 0F       		.byte	15
 261 00e8 9A       		.byte	-102
 262 00e9 0E       		.byte	14
 263 00ea 9D       		.byte	-99
 264 00eb 08       		.byte	8
 265 00ec A1       		.byte	-95
 266 00ed 04       		.byte	4
 267 00ee A2       		.byte	-94
 268 00ef 0C       		.byte	12
 269 00f0 A3       		.byte	-93
 270 00f1 01       		.byte	1
 271 00f2 A4       		.byte	-92
 272 00f3 C0       		.byte	-64
 273 00f4 A8       		.byte	-88
 274 00f5 31       		.byte	49
 275 00f6 AA       		.byte	-86
 276 00f7 06       		.byte	6
 277 00f8 B0       		.byte	-80
 278 00f9 0F       		.byte	15
 279 00fa B1       		.byte	-79
 280 00fb 07       		.byte	7
 281 00fc B3       		.byte	-77
 282 00fd 08       		.byte	8
 283 00fe B4       		.byte	-76
 284 00ff 30       		.byte	48
 285 0100 B6       		.byte	-74
ARM GAS  C:\Users\Lasse\AppData\Local\Temp\ccQddnKv.s 			page 6


 286 0101 C0       		.byte	-64
 287 0102 B8       		.byte	-72
 288 0103 20       		.byte	32
 289 0104 BA       		.byte	-70
 290 0105 02       		.byte	2
 291 0106 BE       		.byte	-66
 292 0107 10       		.byte	16
 293 0108 C0       		.byte	-64
 294 0109 02       		.byte	2
 295 010a C7       		.byte	-57
 296 010b 04       		.byte	4
 297 010c C9       		.byte	-55
 298 010d FF       		.byte	-1
 299 010e CA       		.byte	-54
 300 010f 07       		.byte	7
 301 0110 CB       		.byte	-53
 302 0111 FF       		.byte	-1
 303 0112 CC       		.byte	-52
 304 0113 40       		.byte	64
 305 0114 CD       		.byte	-51
 306 0115 20       		.byte	32
 307 0116 CE       		.byte	-50
 308 0117 F0       		.byte	-16
 309 0118 CF       		.byte	-49
 310 0119 05       		.byte	5
 311 011a D0       		.byte	-48
 312 011b 08       		.byte	8
 313 011c D8       		.byte	-40
 314 011d 04       		.byte	4
 315 011e D9       		.byte	-39
 316 011f 04       		.byte	4
 317 0120 DA       		.byte	-38
 318 0121 04       		.byte	4
 319 0122 DC       		.byte	-36
 320 0123 11       		.byte	17
 321 0124 DD       		.byte	-35
 322 0125 01       		.byte	1
 323 0126 DF       		.byte	-33
 324 0127 01       		.byte	1
 325 0128 E0       		.byte	-32
 326 0129 40       		.byte	64
 327 012a E1       		.byte	-31
 328 012b A8       		.byte	-88
 329 012c E2       		.byte	-30
 330 012d 40       		.byte	64
 331 012e E3       		.byte	-29
 332 012f 20       		.byte	32
 333 0130 00       		.byte	0
 334 0131 40       		.byte	64
 335 0132 01       		.byte	1
 336 0133 08       		.byte	8
 337 0134 02       		.byte	2
 338 0135 10       		.byte	16
 339 0136 03       		.byte	3
 340 0137 84       		.byte	-124
 341 0138 04       		.byte	4
 342 0139 40       		.byte	64
ARM GAS  C:\Users\Lasse\AppData\Local\Temp\ccQddnKv.s 			page 7


 343 013a 05       		.byte	5
 344 013b 10       		.byte	16
 345 013c 07       		.byte	7
 346 013d 20       		.byte	32
 347 013e 08       		.byte	8
 348 013f 04       		.byte	4
 349 0140 09       		.byte	9
 350 0141 10       		.byte	16
 351 0142 0A       		.byte	10
 352 0143 04       		.byte	4
 353 0144 0B       		.byte	11
 354 0145 80       		.byte	-128
 355 0146 0E       		.byte	14
 356 0147 20       		.byte	32
 357 0148 0F       		.byte	15
 358 0149 08       		.byte	8
 359 014a 10       		.byte	16
 360 014b 10       		.byte	16
 361 014c 11       		.byte	17
 362 014d 04       		.byte	4
 363 014e 12       		.byte	18
 364 014f 08       		.byte	8
 365 0150 13       		.byte	19
 366 0151 02       		.byte	2
 367 0152 14       		.byte	20
 368 0153 04       		.byte	4
 369 0154 16       		.byte	22
 370 0155 14       		.byte	20
 371 0156 17       		.byte	23
 372 0157 02       		.byte	2
 373 0158 18       		.byte	24
 374 0159 44       		.byte	68
 375 015a 1B       		.byte	27
 376 015b 82       		.byte	-126
 377 015c 1D       		.byte	29
 378 015d 10       		.byte	16
 379 015e 1E       		.byte	30
 380 015f 24       		.byte	36
 381 0160 21       		.byte	33
 382 0161 08       		.byte	8
 383 0162 23       		.byte	35
 384 0163 40       		.byte	64
 385 0164 26       		.byte	38
 386 0165 08       		.byte	8
 387 0166 27       		.byte	39
 388 0167 AA       		.byte	-86
 389 0168 2B       		.byte	43
 390 0169 80       		.byte	-128
 391 016a 2D       		.byte	45
 392 016b 08       		.byte	8
 393 016c 2F       		.byte	47
 394 016d 0A       		.byte	10
 395 016e 30       		.byte	48
 396 016f 10       		.byte	16
 397 0170 32       		.byte	50
 398 0171 40       		.byte	64
 399 0172 33       		.byte	51
ARM GAS  C:\Users\Lasse\AppData\Local\Temp\ccQddnKv.s 			page 8


 400 0173 04       		.byte	4
 401 0174 36       		.byte	54
 402 0175 08       		.byte	8
 403 0176 37       		.byte	55
 404 0177 02       		.byte	2
 405 0178 39       		.byte	57
 406 0179 08       		.byte	8
 407 017a 3B       		.byte	59
 408 017b 40       		.byte	64
 409 017c 3D       		.byte	61
 410 017d 10       		.byte	16
 411 017e 3E       		.byte	62
 412 017f 04       		.byte	4
 413 0180 3F       		.byte	63
 414 0181 20       		.byte	32
 415 0182 40       		.byte	64
 416 0183 04       		.byte	4
 417 0184 45       		.byte	69
 418 0185 10       		.byte	16
 419 0186 46       		.byte	70
 420 0187 10       		.byte	16
 421 0188 49       		.byte	73
 422 0189 08       		.byte	8
 423 018a 4E       		.byte	78
 424 018b 08       		.byte	8
 425 018c 4F       		.byte	79
 426 018d 08       		.byte	8
 427 018e 52       		.byte	82
 428 018f 04       		.byte	4
 429 0190 57       		.byte	87
 430 0191 18       		.byte	24
 431 0192 5C       		.byte	92
 432 0193 02       		.byte	2
 433 0194 5D       		.byte	93
 434 0195 10       		.byte	16
 435 0196 5F       		.byte	95
 436 0197 88       		.byte	-120
 437 0198 C0       		.byte	-64
 438 0199 EF       		.byte	-17
 439 019a C2       		.byte	-62
 440 019b 6E       		.byte	110
 441 019c C4       		.byte	-60
 442 019d 7E       		.byte	126
 443 019e CA       		.byte	-54
 444 019f 71       		.byte	113
 445 01a0 CC       		.byte	-52
 446 01a1 CE       		.byte	-50
 447 01a2 CE       		.byte	-50
 448 01a3 6A       		.byte	106
 449 01a4 D0       		.byte	-48
 450 01a5 64       		.byte	100
 451 01a6 D2       		.byte	-46
 452 01a7 20       		.byte	32
 453 01a8 D6       		.byte	-42
 454 01a9 F0       		.byte	-16
 455 01aa 00       		.byte	0
 456 01ab 02       		.byte	2
ARM GAS  C:\Users\Lasse\AppData\Local\Temp\ccQddnKv.s 			page 9


 457 01ac 01       		.byte	1
 458 01ad 1C       		.byte	28
 459 01ae 02       		.byte	2
 460 01af 20       		.byte	32
 461 01b0 03       		.byte	3
 462 01b1 E1       		.byte	-31
 463 01b2 04       		.byte	4
 464 01b3 0C       		.byte	12
 465 01b4 05       		.byte	5
 466 01b5 18       		.byte	24
 467 01b6 06       		.byte	6
 468 01b7 43       		.byte	67
 469 01b8 08       		.byte	8
 470 01b9 4F       		.byte	79
 471 01ba 09       		.byte	9
 472 01bb 08       		.byte	8
 473 01bc 0C       		.byte	12
 474 01bd 43       		.byte	67
 475 01be 0D       		.byte	13
 476 01bf 44       		.byte	68
 477 01c0 0E       		.byte	14
 478 01c1 0C       		.byte	12
 479 01c2 10       		.byte	16
 480 01c3 03       		.byte	3
 481 01c4 11       		.byte	17
 482 01c5 C0       		.byte	-64
 483 01c6 12       		.byte	18
 484 01c7 10       		.byte	16
 485 01c8 15       		.byte	21
 486 01c9 FF       		.byte	-1
 487 01ca 16       		.byte	22
 488 01cb 43       		.byte	67
 489 01cc 19       		.byte	25
 490 01cd 3C       		.byte	60
 491 01ce 1B       		.byte	27
 492 01cf C2       		.byte	-62
 493 01d0 1C       		.byte	28
 494 01d1 0F       		.byte	15
 495 01d2 1D       		.byte	29
 496 01d3 10       		.byte	16
 497 01d4 1E       		.byte	30
 498 01d5 40       		.byte	64
 499 01d6 20       		.byte	32
 500 01d7 08       		.byte	8
 501 01d8 21       		.byte	33
 502 01d9 80       		.byte	-128
 503 01da 24       		.byte	36
 504 01db 04       		.byte	4
 505 01dc 27       		.byte	39
 506 01dd 04       		.byte	4
 507 01de 28       		.byte	40
 508 01df 0C       		.byte	12
 509 01e0 2B       		.byte	43
 510 01e1 E3       		.byte	-29
 511 01e2 2C       		.byte	44
 512 01e3 01       		.byte	1
 513 01e4 2D       		.byte	45
ARM GAS  C:\Users\Lasse\AppData\Local\Temp\ccQddnKv.s 			page 10


 514 01e5 E7       		.byte	-25
 515 01e6 2E       		.byte	46
 516 01e7 A0       		.byte	-96
 517 01e8 2F       		.byte	47
 518 01e9 18       		.byte	24
 519 01ea 30       		.byte	48
 520 01eb 0F       		.byte	15
 521 01ec 31       		.byte	49
 522 01ed 38       		.byte	56
 523 01ee 32       		.byte	50
 524 01ef 80       		.byte	-128
 525 01f0 34       		.byte	52
 526 01f1 30       		.byte	48
 527 01f2 35       		.byte	53
 528 01f3 1F       		.byte	31
 529 01f4 36       		.byte	54
 530 01f5 4C       		.byte	76
 531 01f6 37       		.byte	55
 532 01f7 C0       		.byte	-64
 533 01f8 3A       		.byte	58
 534 01f9 82       		.byte	-126
 535 01fa 3B       		.byte	59
 536 01fb 28       		.byte	40
 537 01fc 3E       		.byte	62
 538 01fd 10       		.byte	16
 539 01fe 56       		.byte	86
 540 01ff 02       		.byte	2
 541 0200 57       		.byte	87
 542 0201 10       		.byte	16
 543 0202 58       		.byte	88
 544 0203 04       		.byte	4
 545 0204 59       		.byte	89
 546 0205 04       		.byte	4
 547 0206 5B       		.byte	91
 548 0207 04       		.byte	4
 549 0208 5C       		.byte	92
 550 0209 11       		.byte	17
 551 020a 5D       		.byte	93
 552 020b 10       		.byte	16
 553 020c 5F       		.byte	95
 554 020d 01       		.byte	1
 555 020e 80       		.byte	-128
 556 020f 08       		.byte	8
 557 0210 82       		.byte	-126
 558 0211 01       		.byte	1
 559 0212 86       		.byte	-122
 560 0213 04       		.byte	4
 561 0214 8A       		.byte	-118
 562 0215 02       		.byte	2
 563 0216 8C       		.byte	-116
 564 0217 09       		.byte	9
 565 0218 92       		.byte	-110
 566 0219 02       		.byte	2
 567 021a 94       		.byte	-108
 568 021b 09       		.byte	9
 569 021c 99       		.byte	-103
 570 021d 01       		.byte	1
ARM GAS  C:\Users\Lasse\AppData\Local\Temp\ccQddnKv.s 			page 11


 571 021e A8       		.byte	-88
 572 021f 08       		.byte	8
 573 0220 AA       		.byte	-86
 574 0221 01       		.byte	1
 575 0222 AE       		.byte	-82
 576 0223 04       		.byte	4
 577 0224 B0       		.byte	-80
 578 0225 01       		.byte	1
 579 0226 B1       		.byte	-79
 580 0227 01       		.byte	1
 581 0228 B2       		.byte	-78
 582 0229 02       		.byte	2
 583 022a B4       		.byte	-76
 584 022b 04       		.byte	4
 585 022c B6       		.byte	-74
 586 022d 08       		.byte	8
 587 022e B8       		.byte	-72
 588 022f 02       		.byte	2
 589 0230 BE       		.byte	-66
 590 0231 54       		.byte	84
 591 0232 BF       		.byte	-65
 592 0233 01       		.byte	1
 593 0234 C0       		.byte	-64
 594 0235 53       		.byte	83
 595 0236 C1       		.byte	-63
 596 0237 02       		.byte	2
 597 0238 C2       		.byte	-62
 598 0239 01       		.byte	1
 599 023a C4       		.byte	-60
 600 023b 06       		.byte	6
 601 023c C6       		.byte	-58
 602 023d C0       		.byte	-64
 603 023e C7       		.byte	-57
 604 023f 0E       		.byte	14
 605 0240 C8       		.byte	-56
 606 0241 18       		.byte	24
 607 0242 C9       		.byte	-55
 608 0243 FF       		.byte	-1
 609 0244 CA       		.byte	-54
 610 0245 FF       		.byte	-1
 611 0246 CB       		.byte	-53
 612 0247 FF       		.byte	-1
 613 0248 CC       		.byte	-52
 614 0249 62       		.byte	98
 615 024a CD       		.byte	-51
 616 024b A0       		.byte	-96
 617 024c CE       		.byte	-50
 618 024d F0       		.byte	-16
 619 024e CF       		.byte	-49
 620 024f 41       		.byte	65
 621 0250 D0       		.byte	-48
 622 0251 0C       		.byte	12
 623 0252 D4       		.byte	-44
 624 0253 18       		.byte	24
 625 0254 D8       		.byte	-40
 626 0255 04       		.byte	4
 627 0256 D9       		.byte	-39
ARM GAS  C:\Users\Lasse\AppData\Local\Temp\ccQddnKv.s 			page 12


 628 0257 04       		.byte	4
 629 0258 DA       		.byte	-38
 630 0259 04       		.byte	4
 631 025a DB       		.byte	-37
 632 025b 04       		.byte	4
 633 025c DC       		.byte	-36
 634 025d 01       		.byte	1
 635 025e DD       		.byte	-35
 636 025f 11       		.byte	17
 637 0260 DF       		.byte	-33
 638 0261 01       		.byte	1
 639 0262 E6       		.byte	-26
 640 0263 40       		.byte	64
 641 0264 E7       		.byte	-25
 642 0265 02       		.byte	2
 643 0266 E9       		.byte	-23
 644 0267 10       		.byte	16
 645 0268 EA       		.byte	-22
 646 0269 30       		.byte	48
 647 026a EB       		.byte	-21
 648 026b 10       		.byte	16
 649 026c ED       		.byte	-19
 650 026d 10       		.byte	16
 651 026e EE       		.byte	-18
 652 026f 10       		.byte	16
 653 0270 EF       		.byte	-17
 654 0271 12       		.byte	18
 655 0272 00       		.byte	0
 656 0273 64       		.byte	100
 657 0274 03       		.byte	3
 658 0275 80       		.byte	-128
 659 0276 04       		.byte	4
 660 0277 42       		.byte	66
 661 0278 05       		.byte	5
 662 0279 80       		.byte	-128
 663 027a 06       		.byte	6
 664 027b 14       		.byte	20
 665 027c 08       		.byte	8
 666 027d 01       		.byte	1
 667 027e 09       		.byte	9
 668 027f 08       		.byte	8
 669 0280 0A       		.byte	10
 670 0281 02       		.byte	2
 671 0282 0B       		.byte	11
 672 0283 40       		.byte	64
 673 0284 0E       		.byte	14
 674 0285 40       		.byte	64
 675 0286 0F       		.byte	15
 676 0287 10       		.byte	16
 677 0288 10       		.byte	16
 678 0289 8A       		.byte	-118
 679 028a 13       		.byte	19
 680 028b 04       		.byte	4
 681 028c 15       		.byte	21
 682 028d 20       		.byte	32
 683 028e 17       		.byte	23
 684 028f 80       		.byte	-128
ARM GAS  C:\Users\Lasse\AppData\Local\Temp\ccQddnKv.s 			page 13


 685 0290 18       		.byte	24
 686 0291 42       		.byte	66
 687 0292 19       		.byte	25
 688 0293 04       		.byte	4
 689 0294 1A       		.byte	26
 690 0295 02       		.byte	2
 691 0296 1B       		.byte	27
 692 0297 10       		.byte	16
 693 0298 1D       		.byte	29
 694 0299 40       		.byte	64
 695 029a 1E       		.byte	30
 696 029b 44       		.byte	68
 697 029c 1F       		.byte	31
 698 029d 04       		.byte	4
 699 029e 20       		.byte	32
 700 029f 24       		.byte	36
 701 02a0 21       		.byte	33
 702 02a1 10       		.byte	16
 703 02a2 22       		.byte	34
 704 02a3 18       		.byte	24
 705 02a4 23       		.byte	35
 706 02a5 B1       		.byte	-79
 707 02a6 25       		.byte	37
 708 02a7 01       		.byte	1
 709 02a8 29       		.byte	41
 710 02a9 84       		.byte	-124
 711 02aa 2A       		.byte	42
 712 02ab 20       		.byte	32
 713 02ac 2B       		.byte	43
 714 02ad 80       		.byte	-128
 715 02ae 30       		.byte	48
 716 02af 81       		.byte	-127
 717 02b0 32       		.byte	50
 718 02b1 18       		.byte	24
 719 02b2 36       		.byte	54
 720 02b3 10       		.byte	16
 721 02b4 38       		.byte	56
 722 02b5 2A       		.byte	42
 723 02b6 3B       		.byte	59
 724 02b7 80       		.byte	-128
 725 02b8 45       		.byte	69
 726 02b9 08       		.byte	8
 727 02ba 46       		.byte	70
 728 02bb 20       		.byte	32
 729 02bc 47       		.byte	71
 730 02bd A0       		.byte	-96
 731 02be 4D       		.byte	77
 732 02bf 80       		.byte	-128
 733 02c0 4F       		.byte	79
 734 02c1 20       		.byte	32
 735 02c2 56       		.byte	86
 736 02c3 14       		.byte	20
 737 02c4 59       		.byte	89
 738 02c5 40       		.byte	64
 739 02c6 5F       		.byte	95
 740 02c7 01       		.byte	1
 741 02c8 66       		.byte	102
ARM GAS  C:\Users\Lasse\AppData\Local\Temp\ccQddnKv.s 			page 14


 742 02c9 80       		.byte	-128
 743 02ca 67       		.byte	103
 744 02cb 08       		.byte	8
 745 02cc 69       		.byte	105
 746 02cd 04       		.byte	4
 747 02ce 6A       		.byte	106
 748 02cf 80       		.byte	-128
 749 02d0 6B       		.byte	107
 750 02d1 04       		.byte	4
 751 02d2 70       		.byte	112
 752 02d3 9C       		.byte	-100
 753 02d4 73       		.byte	115
 754 02d5 04       		.byte	4
 755 02d6 88       		.byte	-120
 756 02d7 02       		.byte	2
 757 02d8 89       		.byte	-119
 758 02d9 04       		.byte	4
 759 02da 8A       		.byte	-118
 760 02db 84       		.byte	-124
 761 02dc 8B       		.byte	-117
 762 02dd 40       		.byte	64
 763 02de 8D       		.byte	-115
 764 02df 01       		.byte	1
 765 02e0 93       		.byte	-109
 766 02e1 40       		.byte	64
 767 02e2 95       		.byte	-107
 768 02e3 0C       		.byte	12
 769 02e4 96       		.byte	-106
 770 02e5 80       		.byte	-128
 771 02e6 97       		.byte	-105
 772 02e7 80       		.byte	-128
 773 02e8 9F       		.byte	-97
 774 02e9 04       		.byte	4
 775 02ea A1       		.byte	-95
 776 02eb 08       		.byte	8
 777 02ec A2       		.byte	-94
 778 02ed 10       		.byte	16
 779 02ee A3       		.byte	-93
 780 02ef 80       		.byte	-128
 781 02f0 A8       		.byte	-88
 782 02f1 02       		.byte	2
 783 02f2 AB       		.byte	-85
 784 02f3 08       		.byte	8
 785 02f4 C0       		.byte	-64
 786 02f5 FF       		.byte	-1
 787 02f6 C2       		.byte	-62
 788 02f7 3D       		.byte	61
 789 02f8 C4       		.byte	-60
 790 02f9 CF       		.byte	-49
 791 02fa CA       		.byte	-54
 792 02fb 0F       		.byte	15
 793 02fc CC       		.byte	-52
 794 02fd 2F       		.byte	47
 795 02fe CE       		.byte	-50
 796 02ff 0F       		.byte	15
 797 0300 D0       		.byte	-48
 798 0301 70       		.byte	112
ARM GAS  C:\Users\Lasse\AppData\Local\Temp\ccQddnKv.s 			page 15


 799 0302 D2       		.byte	-46
 800 0303 30       		.byte	48
 801 0304 D6       		.byte	-42
 802 0305 88       		.byte	-120
 803 0306 D8       		.byte	-40
 804 0307 30       		.byte	48
 805 0308 32       		.byte	50
 806 0309 80       		.byte	-128
 807 030a CC       		.byte	-52
 808 030b 10       		.byte	16
 809 030c A6       		.byte	-90
 810 030d 80       		.byte	-128
 811 030e 12       		.byte	18
 812 030f 80       		.byte	-128
 813 0310 A6       		.byte	-90
 814 0311 80       		.byte	-128
 815 0312 C4       		.byte	-60
 816 0313 10       		.byte	16
 817 0314 67       		.byte	103
 818 0315 04       		.byte	4
 819 0316 D8       		.byte	-40
 820 0317 80       		.byte	-128
 821 0318 87       		.byte	-121
 822 0319 04       		.byte	4
 823 031a 97       		.byte	-105
 824 031b 04       		.byte	4
 825 031c E2       		.byte	-30
 826 031d 40       		.byte	64
 827 031e 10       		.byte	16
 828 031f 80       		.byte	-128
 829 0320 75       		.byte	117
 830 0321 04       		.byte	4
 831 0322 88       		.byte	-120
 832 0323 80       		.byte	-128
 833 0324 8D       		.byte	-115
 834 0325 04       		.byte	4
 835 0326 C4       		.byte	-60
 836 0327 08       		.byte	8
 837 0328 DE       		.byte	-34
 838 0329 04       		.byte	4
 839 032a E0       		.byte	-32
 840 032b 08       		.byte	8
 841 032c E6       		.byte	-26
 842 032d 01       		.byte	1
 843 032e 10       		.byte	16
 844 032f 02       		.byte	2
 845 0330 1C       		.byte	28
 846 0331 02       		.byte	2
 847 0332 00       		.byte	0
 848 0333 02       		.byte	2
 849 0334 80       		.byte	-128
 850 0335 80       		.byte	-128
 851 0336 00       		.byte	0
 852 0337 00       		.byte	0
 853 0338 40       		.byte	64
 854 0339 00       		.byte	0
 855 033a 00       		.byte	0
ARM GAS  C:\Users\Lasse\AppData\Local\Temp\ccQddnKv.s 			page 16


 856 033b 00       		.byte	0
 857 033c 80       		.byte	-128
 858 033d 00       		.byte	0
 859 033e 40       		.byte	64
 860 033f 80       		.byte	-128
 861 0340 80       		.byte	-128
 862 0341 00       		.byte	0
 863 0342 80       		.byte	-128
 864 0343 00       		.byte	0
 865 0344 00       		.byte	0
 866 0345 00       		.byte	0
 867 0346 00       		.byte	0
 868 0347 00       		.byte	0
 869 0348 80       		.byte	-128
 870 0349 0B       		.byte	11
 871 034a 0B       		.byte	11
 872 034b 00       		.byte	0
 873 034c 00       		.byte	0
 874 034d 00       		.byte	0
 875 034e 00       		.byte	0
 876 034f 00       		.byte	0
 877 0350 00       		.byte	0
 878 0351 03       		.byte	3
 879 0352 03       		.byte	3
 880 0353 00       		.byte	0
 881 0354 00       		.byte	0
 882 0355 00       		.byte	0
 883 0356 00       		.byte	0
 884 0357 00       		.byte	0
 885              		.section	.cywolatch,"a",%progbits
 886              		.align	2
 887              		.type	cy_meta_wonvl, %object
 888              		.size	cy_meta_wonvl, 4
 889              	cy_meta_wonvl:
 890 0000 BC       		.byte	-68
 891 0001 90       		.byte	-112
 892 0002 AC       		.byte	-84
 893 0003 AF       		.byte	-81
 894              		.section	.cycustnvl,"a",%progbits
 895              		.align	2
 896              		.type	cy_meta_custnvl, %object
 897              		.size	cy_meta_custnvl, 4
 898              	cy_meta_custnvl:
 899 0000 00       		.byte	0
 900 0001 00       		.byte	0
 901 0002 40       		.byte	64
 902 0003 05       		.byte	5
 903              		.section	.cymeta,"a",%progbits
 904              		.align	2
 905              		.type	cy_metadata, %object
 906              		.size	cy_metadata, 12
 907              	cy_metadata:
 908 0000 00       		.byte	0
 909 0001 01       		.byte	1
 910 0002 2E       		.byte	46
 911 0003 16       		.byte	22
 912 0004 10       		.byte	16
ARM GAS  C:\Users\Lasse\AppData\Local\Temp\ccQddnKv.s 			page 17


 913 0005 69       		.byte	105
 914 0006 00       		.byte	0
 915 0007 01       		.byte	1
 916 0008 00       		.byte	0
 917 0009 00       		.byte	0
 918 000a 00       		.byte	0
 919 000b 00       		.byte	0
 920              		.section	.cyflashprotect,"a",%progbits
 921              		.align	2
 922              		.type	cy_meta_flashprotect, %object
 923              		.size	cy_meta_flashprotect, 256
 924              	cy_meta_flashprotect:
 925 0000 00000000 		.space	256
 925      00000000 
 925      00000000 
 925      00000000 
 925      00000000 
 926              		.text
 927              	.Letext0:
 928              		.file 1 "c:\\program files (x86)\\cypress\\psoc creator\\4.2\\psoc creator\\import\\gnu\\arm\\5.4.
 929              		.file 2 "c:\\program files (x86)\\cypress\\psoc creator\\4.2\\psoc creator\\import\\gnu\\arm\\5.4.
 930              		.file 3 "Generated_Source\\PSoC5\\cymetadata.c"
 931              		.section	.debug_info,"",%progbits
 932              	.Ldebug_info0:
 933 0000 31010000 		.4byte	0x131
 934 0004 0400     		.2byte	0x4
 935 0006 00000000 		.4byte	.Ldebug_abbrev0
 936 000a 04       		.byte	0x4
 937 000b 01       		.uleb128 0x1
 938 000c 24000000 		.4byte	.LASF17
 939 0010 0C       		.byte	0xc
 940 0011 E7010000 		.4byte	.LASF18
 941 0015 3A010000 		.4byte	.LASF19
 942 0019 00000000 		.4byte	.Ldebug_line0
 943 001d 02       		.uleb128 0x2
 944 001e 01       		.byte	0x1
 945 001f 06       		.byte	0x6
 946 0020 DB010000 		.4byte	.LASF0
 947 0024 03       		.uleb128 0x3
 948 0025 00000000 		.4byte	.LASF9
 949 0029 01       		.byte	0x1
 950 002a 1D       		.byte	0x1d
 951 002b 2F000000 		.4byte	0x2f
 952 002f 02       		.uleb128 0x2
 953 0030 01       		.byte	0x1
 954 0031 08       		.byte	0x8
 955 0032 16000000 		.4byte	.LASF1
 956 0036 02       		.uleb128 0x2
 957 0037 02       		.byte	0x2
 958 0038 05       		.byte	0x5
 959 0039 C8010000 		.4byte	.LASF2
 960 003d 02       		.uleb128 0x2
 961 003e 02       		.byte	0x2
 962 003f 07       		.byte	0x7
 963 0040 C4000000 		.4byte	.LASF3
 964 0044 02       		.uleb128 0x2
 965 0045 04       		.byte	0x4
ARM GAS  C:\Users\Lasse\AppData\Local\Temp\ccQddnKv.s 			page 18


 966 0046 05       		.byte	0x5
 967 0047 D2010000 		.4byte	.LASF4
 968 004b 02       		.uleb128 0x2
 969 004c 04       		.byte	0x4
 970 004d 07       		.byte	0x7
 971 004e B2000000 		.4byte	.LASF5
 972 0052 02       		.uleb128 0x2
 973 0053 08       		.byte	0x8
 974 0054 05       		.byte	0x5
 975 0055 AC010000 		.4byte	.LASF6
 976 0059 02       		.uleb128 0x2
 977 005a 08       		.byte	0x8
 978 005b 07       		.byte	0x7
 979 005c 06010000 		.4byte	.LASF7
 980 0060 04       		.uleb128 0x4
 981 0061 04       		.byte	0x4
 982 0062 05       		.byte	0x5
 983 0063 696E7400 		.ascii	"int\000"
 984 0067 02       		.uleb128 0x2
 985 0068 04       		.byte	0x4
 986 0069 07       		.byte	0x7
 987 006a F9000000 		.4byte	.LASF8
 988 006e 03       		.uleb128 0x3
 989 006f 1D010000 		.4byte	.LASF10
 990 0073 02       		.byte	0x2
 991 0074 18       		.byte	0x18
 992 0075 24000000 		.4byte	0x24
 993 0079 05       		.uleb128 0x5
 994 007a 91000000 		.4byte	0x91
 995 007e 8A000000 		.4byte	0x8a
 996 0082 06       		.uleb128 0x6
 997 0083 8A000000 		.4byte	0x8a
 998 0087 5703     		.2byte	0x357
 999 0089 00       		.byte	0
 1000 008a 02       		.uleb128 0x2
 1001 008b 04       		.byte	0x4
 1002 008c 07       		.byte	0x7
 1003 008d A3010000 		.4byte	.LASF11
 1004 0091 07       		.uleb128 0x7
 1005 0092 6E000000 		.4byte	0x6e
 1006 0096 08       		.uleb128 0x8
 1007 0097 E7000000 		.4byte	.LASF12
 1008 009b 03       		.byte	0x3
 1009 009c 1F       		.byte	0x1f
 1010 009d A7000000 		.4byte	0xa7
 1011 00a1 05       		.uleb128 0x5
 1012 00a2 03       		.byte	0x3
 1013 00a3 00000000 		.4byte	cy_meta_configecc
 1014 00a7 07       		.uleb128 0x7
 1015 00a8 79000000 		.4byte	0x79
 1016 00ac 05       		.uleb128 0x5
 1017 00ad 91000000 		.4byte	0x91
 1018 00b1 BC000000 		.4byte	0xbc
 1019 00b5 09       		.uleb128 0x9
 1020 00b6 8A000000 		.4byte	0x8a
 1021 00ba 03       		.byte	0x3
 1022 00bb 00       		.byte	0
ARM GAS  C:\Users\Lasse\AppData\Local\Temp\ccQddnKv.s 			page 19


 1023 00bc 08       		.uleb128 0x8
 1024 00bd D7000000 		.4byte	.LASF13
 1025 00c1 03       		.byte	0x3
 1026 00c2 97       		.byte	0x97
 1027 00c3 CD000000 		.4byte	0xcd
 1028 00c7 05       		.uleb128 0x5
 1029 00c8 03       		.byte	0x3
 1030 00c9 00000000 		.4byte	cy_meta_custnvl
 1031 00cd 07       		.uleb128 0x7
 1032 00ce AC000000 		.4byte	0xac
 1033 00d2 08       		.uleb128 0x8
 1034 00d3 BA010000 		.4byte	.LASF14
 1035 00d7 03       		.byte	0x3
 1036 00d8 A5       		.byte	0xa5
 1037 00d9 E3000000 		.4byte	0xe3
 1038 00dd 05       		.uleb128 0x5
 1039 00de 03       		.byte	0x3
 1040 00df 00000000 		.4byte	cy_meta_wonvl
 1041 00e3 07       		.uleb128 0x7
 1042 00e4 AC000000 		.4byte	0xac
 1043 00e8 05       		.uleb128 0x5
 1044 00e9 91000000 		.4byte	0x91
 1045 00ed F8000000 		.4byte	0xf8
 1046 00f1 09       		.uleb128 0x9
 1047 00f2 8A000000 		.4byte	0x8a
 1048 00f6 FF       		.byte	0xff
 1049 00f7 00       		.byte	0
 1050 00f8 08       		.uleb128 0x8
 1051 00f9 25010000 		.4byte	.LASF15
 1052 00fd 03       		.byte	0x3
 1053 00fe B3       		.byte	0xb3
 1054 00ff 09010000 		.4byte	0x109
 1055 0103 05       		.uleb128 0x5
 1056 0104 03       		.byte	0x3
 1057 0105 00000000 		.4byte	cy_meta_flashprotect
 1058 0109 07       		.uleb128 0x7
 1059 010a E8000000 		.4byte	0xe8
 1060 010e 05       		.uleb128 0x5
 1061 010f 91000000 		.4byte	0x91
 1062 0113 1E010000 		.4byte	0x11e
 1063 0117 09       		.uleb128 0x9
 1064 0118 8A000000 		.4byte	0x8a
 1065 011c 0B       		.byte	0xb
 1066 011d 00       		.byte	0
 1067 011e 08       		.uleb128 0x8
 1068 011f 0A000000 		.4byte	.LASF16
 1069 0123 03       		.byte	0x3
 1070 0124 E0       		.byte	0xe0
 1071 0125 2F010000 		.4byte	0x12f
 1072 0129 05       		.uleb128 0x5
 1073 012a 03       		.byte	0x3
 1074 012b 00000000 		.4byte	cy_metadata
 1075 012f 07       		.uleb128 0x7
 1076 0130 0E010000 		.4byte	0x10e
 1077 0134 00       		.byte	0
 1078              		.section	.debug_abbrev,"",%progbits
 1079              	.Ldebug_abbrev0:
ARM GAS  C:\Users\Lasse\AppData\Local\Temp\ccQddnKv.s 			page 20


 1080 0000 01       		.uleb128 0x1
 1081 0001 11       		.uleb128 0x11
 1082 0002 01       		.byte	0x1
 1083 0003 25       		.uleb128 0x25
 1084 0004 0E       		.uleb128 0xe
 1085 0005 13       		.uleb128 0x13
 1086 0006 0B       		.uleb128 0xb
 1087 0007 03       		.uleb128 0x3
 1088 0008 0E       		.uleb128 0xe
 1089 0009 1B       		.uleb128 0x1b
 1090 000a 0E       		.uleb128 0xe
 1091 000b 10       		.uleb128 0x10
 1092 000c 17       		.uleb128 0x17
 1093 000d 00       		.byte	0
 1094 000e 00       		.byte	0
 1095 000f 02       		.uleb128 0x2
 1096 0010 24       		.uleb128 0x24
 1097 0011 00       		.byte	0
 1098 0012 0B       		.uleb128 0xb
 1099 0013 0B       		.uleb128 0xb
 1100 0014 3E       		.uleb128 0x3e
 1101 0015 0B       		.uleb128 0xb
 1102 0016 03       		.uleb128 0x3
 1103 0017 0E       		.uleb128 0xe
 1104 0018 00       		.byte	0
 1105 0019 00       		.byte	0
 1106 001a 03       		.uleb128 0x3
 1107 001b 16       		.uleb128 0x16
 1108 001c 00       		.byte	0
 1109 001d 03       		.uleb128 0x3
 1110 001e 0E       		.uleb128 0xe
 1111 001f 3A       		.uleb128 0x3a
 1112 0020 0B       		.uleb128 0xb
 1113 0021 3B       		.uleb128 0x3b
 1114 0022 0B       		.uleb128 0xb
 1115 0023 49       		.uleb128 0x49
 1116 0024 13       		.uleb128 0x13
 1117 0025 00       		.byte	0
 1118 0026 00       		.byte	0
 1119 0027 04       		.uleb128 0x4
 1120 0028 24       		.uleb128 0x24
 1121 0029 00       		.byte	0
 1122 002a 0B       		.uleb128 0xb
 1123 002b 0B       		.uleb128 0xb
 1124 002c 3E       		.uleb128 0x3e
 1125 002d 0B       		.uleb128 0xb
 1126 002e 03       		.uleb128 0x3
 1127 002f 08       		.uleb128 0x8
 1128 0030 00       		.byte	0
 1129 0031 00       		.byte	0
 1130 0032 05       		.uleb128 0x5
 1131 0033 01       		.uleb128 0x1
 1132 0034 01       		.byte	0x1
 1133 0035 49       		.uleb128 0x49
 1134 0036 13       		.uleb128 0x13
 1135 0037 01       		.uleb128 0x1
 1136 0038 13       		.uleb128 0x13
ARM GAS  C:\Users\Lasse\AppData\Local\Temp\ccQddnKv.s 			page 21


 1137 0039 00       		.byte	0
 1138 003a 00       		.byte	0
 1139 003b 06       		.uleb128 0x6
 1140 003c 21       		.uleb128 0x21
 1141 003d 00       		.byte	0
 1142 003e 49       		.uleb128 0x49
 1143 003f 13       		.uleb128 0x13
 1144 0040 2F       		.uleb128 0x2f
 1145 0041 05       		.uleb128 0x5
 1146 0042 00       		.byte	0
 1147 0043 00       		.byte	0
 1148 0044 07       		.uleb128 0x7
 1149 0045 26       		.uleb128 0x26
 1150 0046 00       		.byte	0
 1151 0047 49       		.uleb128 0x49
 1152 0048 13       		.uleb128 0x13
 1153 0049 00       		.byte	0
 1154 004a 00       		.byte	0
 1155 004b 08       		.uleb128 0x8
 1156 004c 34       		.uleb128 0x34
 1157 004d 00       		.byte	0
 1158 004e 03       		.uleb128 0x3
 1159 004f 0E       		.uleb128 0xe
 1160 0050 3A       		.uleb128 0x3a
 1161 0051 0B       		.uleb128 0xb
 1162 0052 3B       		.uleb128 0x3b
 1163 0053 0B       		.uleb128 0xb
 1164 0054 49       		.uleb128 0x49
 1165 0055 13       		.uleb128 0x13
 1166 0056 3F       		.uleb128 0x3f
 1167 0057 19       		.uleb128 0x19
 1168 0058 02       		.uleb128 0x2
 1169 0059 18       		.uleb128 0x18
 1170 005a 00       		.byte	0
 1171 005b 00       		.byte	0
 1172 005c 09       		.uleb128 0x9
 1173 005d 21       		.uleb128 0x21
 1174 005e 00       		.byte	0
 1175 005f 49       		.uleb128 0x49
 1176 0060 13       		.uleb128 0x13
 1177 0061 2F       		.uleb128 0x2f
 1178 0062 0B       		.uleb128 0xb
 1179 0063 00       		.byte	0
 1180 0064 00       		.byte	0
 1181 0065 00       		.byte	0
 1182              		.section	.debug_aranges,"",%progbits
 1183 0000 14000000 		.4byte	0x14
 1184 0004 0200     		.2byte	0x2
 1185 0006 00000000 		.4byte	.Ldebug_info0
 1186 000a 04       		.byte	0x4
 1187 000b 00       		.byte	0
 1188 000c 0000     		.2byte	0
 1189 000e 0000     		.2byte	0
 1190 0010 00000000 		.4byte	0
 1191 0014 00000000 		.4byte	0
 1192              		.section	.debug_line,"",%progbits
 1193              	.Ldebug_line0:
ARM GAS  C:\Users\Lasse\AppData\Local\Temp\ccQddnKv.s 			page 22


 1194 0000 3D010000 		.section	.debug_str,"MS",%progbits,1
 1194      02003701 
 1194      00000201 
 1194      FB0E0D00 
 1194      01010101 
 1195              	.LASF9:
 1196 0000 5F5F7569 		.ascii	"__uint8_t\000"
 1196      6E74385F 
 1196      7400
 1197              	.LASF16:
 1198 000a 63795F6D 		.ascii	"cy_metadata\000"
 1198      65746164 
 1198      61746100 
 1199              	.LASF1:
 1200 0016 756E7369 		.ascii	"unsigned char\000"
 1200      676E6564 
 1200      20636861 
 1200      7200
 1201              	.LASF17:
 1202 0024 474E5520 		.ascii	"GNU C11 5.4.1 20160609 (release) [ARM/embedded-5-br"
 1202      43313120 
 1202      352E342E 
 1202      31203230 
 1202      31363036 
 1203 0057 616E6368 		.ascii	"anch revision 237715] -mcpu=cortex-m3 -mthumb -g -O"
 1203      20726576 
 1203      6973696F 
 1203      6E203233 
 1203      37373135 
 1204 008a 67202D66 		.ascii	"g -ffunction-sections -ffat-lto-objects\000"
 1204      66756E63 
 1204      74696F6E 
 1204      2D736563 
 1204      74696F6E 
 1205              	.LASF5:
 1206 00b2 6C6F6E67 		.ascii	"long unsigned int\000"
 1206      20756E73 
 1206      69676E65 
 1206      6420696E 
 1206      7400
 1207              	.LASF3:
 1208 00c4 73686F72 		.ascii	"short unsigned int\000"
 1208      7420756E 
 1208      7369676E 
 1208      65642069 
 1208      6E7400
 1209              	.LASF13:
 1210 00d7 63795F6D 		.ascii	"cy_meta_custnvl\000"
 1210      6574615F 
 1210      63757374 
 1210      6E766C00 
 1211              	.LASF12:
 1212 00e7 63795F6D 		.ascii	"cy_meta_configecc\000"
 1212      6574615F 
 1212      636F6E66 
 1212      69676563 
 1212      6300
ARM GAS  C:\Users\Lasse\AppData\Local\Temp\ccQddnKv.s 			page 23


 1213              	.LASF8:
 1214 00f9 756E7369 		.ascii	"unsigned int\000"
 1214      676E6564 
 1214      20696E74 
 1214      00
 1215              	.LASF7:
 1216 0106 6C6F6E67 		.ascii	"long long unsigned int\000"
 1216      206C6F6E 
 1216      6720756E 
 1216      7369676E 
 1216      65642069 
 1217              	.LASF10:
 1218 011d 75696E74 		.ascii	"uint8_t\000"
 1218      385F7400 
 1219              	.LASF15:
 1220 0125 63795F6D 		.ascii	"cy_meta_flashprotect\000"
 1220      6574615F 
 1220      666C6173 
 1220      6870726F 
 1220      74656374 
 1221              	.LASF19:
 1222 013a 443A5C4F 		.ascii	"D:\\OneDrive - Aarhus Universitet\\Aarhus Universit"
 1222      6E654472 
 1222      69766520 
 1222      2D204161 
 1222      72687573 
 1223 016b 65745C45 		.ascii	"et\\E3\\E3PRJ\\I3E3PRJ_Repo\\PSoC\\MotorDriver\\Ste"
 1223      335C4533 
 1223      50524A5C 
 1223      49334533 
 1223      50524A5F 
 1224 0198 70706572 		.ascii	"pper.cydsn\000"
 1224      2E637964 
 1224      736E00
 1225              	.LASF11:
 1226 01a3 73697A65 		.ascii	"sizetype\000"
 1226      74797065 
 1226      00
 1227              	.LASF6:
 1228 01ac 6C6F6E67 		.ascii	"long long int\000"
 1228      206C6F6E 
 1228      6720696E 
 1228      7400
 1229              	.LASF14:
 1230 01ba 63795F6D 		.ascii	"cy_meta_wonvl\000"
 1230      6574615F 
 1230      776F6E76 
 1230      6C00
 1231              	.LASF2:
 1232 01c8 73686F72 		.ascii	"short int\000"
 1232      7420696E 
 1232      7400
 1233              	.LASF4:
 1234 01d2 6C6F6E67 		.ascii	"long int\000"
 1234      20696E74 
 1234      00
 1235              	.LASF0:
ARM GAS  C:\Users\Lasse\AppData\Local\Temp\ccQddnKv.s 			page 24


 1236 01db 7369676E 		.ascii	"signed char\000"
 1236      65642063 
 1236      68617200 
 1237              	.LASF18:
 1238 01e7 47656E65 		.ascii	"Generated_Source\\PSoC5\\cymetadata.c\000"
 1238      72617465 
 1238      645F536F 
 1238      75726365 
 1238      5C50536F 
 1239              		.ident	"GCC: (GNU Tools for ARM Embedded Processors) 5.4.1 20160609 (release) [ARM/embedded-5-bran
