ARM GAS  C:\Users\Lasse\AppData\Local\Temp\ccS8FuZr.s 			page 1


   1              		.syntax unified
   2              		.cpu cortex-m3
   3              		.fpu softvfp
   4              		.eabi_attribute 20, 1
   5              		.eabi_attribute 21, 1
   6              		.eabi_attribute 23, 3
   7              		.eabi_attribute 24, 1
   8              		.eabi_attribute 25, 1
   9              		.eabi_attribute 26, 1
  10              		.eabi_attribute 30, 1
  11              		.eabi_attribute 34, 1
  12              		.eabi_attribute 18, 4
  13              		.thumb
  14              		.syntax unified
  15              		.file	"main.c"
  16              		.text
  17              	.Ltext0:
  18              		.cfi_sections	.debug_frame
  19              		.section	.text.main,"ax",%progbits
  20              		.align	2
  21              		.global	main
  22              		.thumb
  23              		.thumb_func
  24              		.type	main, %function
  25              	main:
  26              	.LFB63:
  27              		.file 1 "main.c"
   1:main.c        **** /* ========================================
   2:main.c        ****  *
   3:main.c        ****  * Copyright YOUR COMPANY, THE YEAR
   4:main.c        ****  * All Rights Reserved
   5:main.c        ****  * UNPUBLISHED, LICENSED SOFTWARE.
   6:main.c        ****  *
   7:main.c        ****  * CONFIDENTIAL AND PROPRIETARY INFORMATION
   8:main.c        ****  * WHICH IS THE PROPERTY OF your company.
   9:main.c        ****  *
  10:main.c        ****  * ========================================
  11:main.c        **** */
  12:main.c        **** #include "project.h"
  13:main.c        **** #include "MotorDriver.h"
  14:main.c        **** 
  15:main.c        **** int main(void)
  16:main.c        **** {
  28              		.loc 1 16 0
  29              		.cfi_startproc
  30              		@ Volatile: function does not return.
  31              		@ args = 0, pretend = 0, frame = 0
  32              		@ frame_needed = 0, uses_anonymous_args = 0
  33 0000 08B5     		push	{r3, lr}
  34              		.cfi_def_cfa_offset 8
  35              		.cfi_offset 3, -8
  36              		.cfi_offset 14, -4
  17:main.c        ****     CyGlobalIntEnable; /* Enable global interrupts. */
  37              		.loc 1 17 0
  38              		.syntax unified
  39              	@ 17 "main.c" 1
  40 0002 62B6     		CPSIE   i
ARM GAS  C:\Users\Lasse\AppData\Local\Temp\ccS8FuZr.s 			page 2


  41              	@ 0 "" 2
  18:main.c        ****     UART_1_Start();
  42              		.loc 1 18 0
  43              		.thumb
  44              		.syntax unified
  45 0004 FFF7FEFF 		bl	UART_1_Start
  46              	.LVL0:
  19:main.c        **** 
  20:main.c        ****     /* Place your initialization/startup code here (e.g. MyInst_Start()) */
  21:main.c        ****     stepper_isr_StartEx(stepper_isr_handler);
  47              		.loc 1 21 0
  48 0008 0548     		ldr	r0, .L4
  49 000a FFF7FEFF 		bl	stepper_isr_StartEx
  50              	.LVL1:
  51              	.L2:
  22:main.c        ****     
  23:main.c        ****     for(;;)
  24:main.c        ****     {
  25:main.c        ****         moveDegreesX(6);
  52              		.loc 1 25 0 discriminator 1
  53 000e 0620     		movs	r0, #6
  54 0010 FFF7FEFF 		bl	moveDegreesX
  55              	.LVL2:
  26:main.c        ****         CyDelay(1000);
  56              		.loc 1 26 0 discriminator 1
  57 0014 4FF47A70 		mov	r0, #1000
  58 0018 FFF7FEFF 		bl	CyDelay
  59              	.LVL3:
  60 001c F7E7     		b	.L2
  61              	.L5:
  62 001e 00BF     		.align	2
  63              	.L4:
  64 0020 00000000 		.word	stepper_isr_handler
  65              		.cfi_endproc
  66              	.LFE63:
  67              		.size	main, .-main
  68              		.comm	stepperStateX,1,1
  69              		.comm	timerDoneFlag,1,1
  70              		.comm	stepperPositionX,4,4
  71              		.text
  72              	.Letext0:
  73              		.file 2 "c:\\program files (x86)\\cypress\\psoc creator\\4.2\\psoc creator\\import\\gnu\\arm\\5.4.
  74              		.file 3 "c:\\program files (x86)\\cypress\\psoc creator\\4.2\\psoc creator\\import\\gnu\\arm\\5.4.
  75              		.file 4 "Generated_Source\\PSoC5/cytypes.h"
  76              		.file 5 "Generated_Source\\PSoC5/core_cm3.h"
  77              		.file 6 "MotorDriver.h"
  78              		.file 7 "Generated_Source\\PSoC5/UART_1.h"
  79              		.file 8 "Generated_Source\\PSoC5/stepper_isr.h"
  80              		.file 9 "Generated_Source\\PSoC5/CyLib.h"
  81              		.section	.debug_info,"",%progbits
  82              	.Ldebug_info0:
  83 0000 96010000 		.4byte	0x196
  84 0004 0400     		.2byte	0x4
  85 0006 00000000 		.4byte	.Ldebug_abbrev0
  86 000a 04       		.byte	0x4
  87 000b 01       		.uleb128 0x1
  88 000c 51000000 		.4byte	.LASF29
ARM GAS  C:\Users\Lasse\AppData\Local\Temp\ccS8FuZr.s 			page 3


  89 0010 0C       		.byte	0xc
  90 0011 D7010000 		.4byte	.LASF30
  91 0015 4F010000 		.4byte	.LASF31
  92 0019 00000000 		.4byte	.Ldebug_ranges0+0
  93 001d 00000000 		.4byte	0
  94 0021 00000000 		.4byte	.Ldebug_line0
  95 0025 02       		.uleb128 0x2
  96 0026 01       		.byte	0x1
  97 0027 06       		.byte	0x6
  98 0028 08020000 		.4byte	.LASF0
  99 002c 02       		.uleb128 0x2
 100 002d 01       		.byte	0x1
 101 002e 08       		.byte	0x8
 102 002f 11010000 		.4byte	.LASF1
 103 0033 02       		.uleb128 0x2
 104 0034 02       		.byte	0x2
 105 0035 05       		.byte	0x5
 106 0036 E3010000 		.4byte	.LASF2
 107 003a 02       		.uleb128 0x2
 108 003b 02       		.byte	0x2
 109 003c 07       		.byte	0x7
 110 003d F1000000 		.4byte	.LASF3
 111 0041 03       		.uleb128 0x3
 112 0042 18000000 		.4byte	.LASF9
 113 0046 02       		.byte	0x2
 114 0047 3F       		.byte	0x3f
 115 0048 4C000000 		.4byte	0x4c
 116 004c 02       		.uleb128 0x2
 117 004d 04       		.byte	0x4
 118 004e 05       		.byte	0x5
 119 004f F3010000 		.4byte	.LASF4
 120 0053 02       		.uleb128 0x2
 121 0054 04       		.byte	0x4
 122 0055 07       		.byte	0x7
 123 0056 DF000000 		.4byte	.LASF5
 124 005a 02       		.uleb128 0x2
 125 005b 08       		.byte	0x8
 126 005c 05       		.byte	0x5
 127 005d C9010000 		.4byte	.LASF6
 128 0061 02       		.uleb128 0x2
 129 0062 08       		.byte	0x8
 130 0063 07       		.byte	0x7
 131 0064 38010000 		.4byte	.LASF7
 132 0068 04       		.uleb128 0x4
 133 0069 04       		.byte	0x4
 134 006a 05       		.byte	0x5
 135 006b 696E7400 		.ascii	"int\000"
 136 006f 02       		.uleb128 0x2
 137 0070 04       		.byte	0x4
 138 0071 07       		.byte	0x7
 139 0072 2B010000 		.4byte	.LASF8
 140 0076 03       		.uleb128 0x3
 141 0077 B8010000 		.4byte	.LASF10
 142 007b 03       		.byte	0x3
 143 007c 2C       		.byte	0x2c
 144 007d 41000000 		.4byte	0x41
 145 0081 05       		.uleb128 0x5
ARM GAS  C:\Users\Lasse\AppData\Local\Temp\ccS8FuZr.s 			page 4


 146 0082 ED010000 		.4byte	.LASF11
 147 0086 04       		.byte	0x4
 148 0087 E401     		.2byte	0x1e4
 149 0089 2C000000 		.4byte	0x2c
 150 008d 02       		.uleb128 0x2
 151 008e 04       		.byte	0x4
 152 008f 04       		.byte	0x4
 153 0090 35000000 		.4byte	.LASF12
 154 0094 02       		.uleb128 0x2
 155 0095 08       		.byte	0x8
 156 0096 04       		.byte	0x4
 157 0097 1F010000 		.4byte	.LASF13
 158 009b 02       		.uleb128 0x2
 159 009c 01       		.byte	0x1
 160 009d 08       		.byte	0x8
 161 009e DE010000 		.4byte	.LASF14
 162 00a2 02       		.uleb128 0x2
 163 00a3 08       		.byte	0x8
 164 00a4 04       		.byte	0x4
 165 00a5 FC010000 		.4byte	.LASF15
 166 00a9 02       		.uleb128 0x2
 167 00aa 04       		.byte	0x4
 168 00ab 07       		.byte	0x7
 169 00ac C0010000 		.4byte	.LASF16
 170 00b0 06       		.uleb128 0x6
 171 00b1 0D000000 		.4byte	.LASF32
 172 00b5 01       		.byte	0x1
 173 00b6 2C000000 		.4byte	0x2c
 174 00ba 06       		.byte	0x6
 175 00bb 12       		.byte	0x12
 176 00bc D9000000 		.4byte	0xd9
 177 00c0 07       		.uleb128 0x7
 178 00c1 4C020000 		.4byte	.LASF17
 179 00c5 00       		.byte	0
 180 00c6 07       		.uleb128 0x7
 181 00c7 13000000 		.4byte	.LASF18
 182 00cb 01       		.byte	0x1
 183 00cc 07       		.uleb128 0x7
 184 00cd 22000000 		.4byte	.LASF19
 185 00d1 02       		.byte	0x2
 186 00d2 07       		.uleb128 0x7
 187 00d3 3B000000 		.4byte	.LASF20
 188 00d7 03       		.byte	0x3
 189 00d8 00       		.byte	0
 190 00d9 08       		.uleb128 0x8
 191 00da 26010000 		.4byte	.LASF33
 192 00de 01       		.byte	0x1
 193 00df 0F       		.byte	0xf
 194 00e0 68000000 		.4byte	0x68
 195 00e4 00000000 		.4byte	.LFB63
 196 00e8 24000000 		.4byte	.LFE63-.LFB63
 197 00ec 01       		.uleb128 0x1
 198 00ed 9C       		.byte	0x9c
 199 00ee 29010000 		.4byte	0x129
 200 00f2 09       		.uleb128 0x9
 201 00f3 08000000 		.4byte	.LVL0
 202 00f7 6D010000 		.4byte	0x16d
ARM GAS  C:\Users\Lasse\AppData\Local\Temp\ccS8FuZr.s 			page 5


 203 00fb 09       		.uleb128 0x9
 204 00fc 0E000000 		.4byte	.LVL1
 205 0100 78010000 		.4byte	0x178
 206 0104 0A       		.uleb128 0xa
 207 0105 14000000 		.4byte	.LVL2
 208 0109 83010000 		.4byte	0x183
 209 010d 17010000 		.4byte	0x117
 210 0111 0B       		.uleb128 0xb
 211 0112 01       		.uleb128 0x1
 212 0113 50       		.byte	0x50
 213 0114 01       		.uleb128 0x1
 214 0115 36       		.byte	0x36
 215 0116 00       		.byte	0
 216 0117 0C       		.uleb128 0xc
 217 0118 1C000000 		.4byte	.LVL3
 218 011c 8E010000 		.4byte	0x18e
 219 0120 0B       		.uleb128 0xb
 220 0121 01       		.uleb128 0x1
 221 0122 50       		.byte	0x50
 222 0123 03       		.uleb128 0x3
 223 0124 0A       		.byte	0xa
 224 0125 E803     		.2byte	0x3e8
 225 0127 00       		.byte	0
 226 0128 00       		.byte	0
 227 0129 0D       		.uleb128 0xd
 228 012a 04010000 		.4byte	.LASF21
 229 012e 05       		.byte	0x5
 230 012f 1207     		.2byte	0x712
 231 0131 35010000 		.4byte	0x135
 232 0135 0E       		.uleb128 0xe
 233 0136 76000000 		.4byte	0x76
 234 013a 0F       		.uleb128 0xf
 235 013b 40000000 		.4byte	.LASF22
 236 013f 06       		.byte	0x6
 237 0140 14       		.byte	0x14
 238 0141 68000000 		.4byte	0x68
 239 0145 05       		.uleb128 0x5
 240 0146 03       		.byte	0x3
 241 0147 00000000 		.4byte	stepperPositionX
 242 014b 0F       		.uleb128 0xf
 243 014c 28020000 		.4byte	.LASF23
 244 0150 06       		.byte	0x6
 245 0151 15       		.byte	0x15
 246 0152 81000000 		.4byte	0x81
 247 0156 05       		.uleb128 0x5
 248 0157 03       		.byte	0x3
 249 0158 00000000 		.4byte	timerDoneFlag
 250 015c 0F       		.uleb128 0xf
 251 015d 36020000 		.4byte	.LASF24
 252 0161 06       		.byte	0x6
 253 0162 16       		.byte	0x16
 254 0163 B0000000 		.4byte	0xb0
 255 0167 05       		.uleb128 0x5
 256 0168 03       		.byte	0x3
 257 0169 00000000 		.4byte	stepperStateX
 258 016d 10       		.uleb128 0x10
 259 016e 00000000 		.4byte	.LASF25
ARM GAS  C:\Users\Lasse\AppData\Local\Temp\ccS8FuZr.s 			page 6


 260 0172 00000000 		.4byte	.LASF25
 261 0176 07       		.byte	0x7
 262 0177 54       		.byte	0x54
 263 0178 10       		.uleb128 0x10
 264 0179 14020000 		.4byte	.LASF26
 265 017d 14020000 		.4byte	.LASF26
 266 0181 08       		.byte	0x8
 267 0182 18       		.byte	0x18
 268 0183 10       		.uleb128 0x10
 269 0184 28000000 		.4byte	.LASF27
 270 0188 28000000 		.4byte	.LASF27
 271 018c 06       		.byte	0x6
 272 018d 1E       		.byte	0x1e
 273 018e 10       		.uleb128 0x10
 274 018f 44020000 		.4byte	.LASF28
 275 0193 44020000 		.4byte	.LASF28
 276 0197 09       		.byte	0x9
 277 0198 76       		.byte	0x76
 278 0199 00       		.byte	0
 279              		.section	.debug_abbrev,"",%progbits
 280              	.Ldebug_abbrev0:
 281 0000 01       		.uleb128 0x1
 282 0001 11       		.uleb128 0x11
 283 0002 01       		.byte	0x1
 284 0003 25       		.uleb128 0x25
 285 0004 0E       		.uleb128 0xe
 286 0005 13       		.uleb128 0x13
 287 0006 0B       		.uleb128 0xb
 288 0007 03       		.uleb128 0x3
 289 0008 0E       		.uleb128 0xe
 290 0009 1B       		.uleb128 0x1b
 291 000a 0E       		.uleb128 0xe
 292 000b 55       		.uleb128 0x55
 293 000c 17       		.uleb128 0x17
 294 000d 11       		.uleb128 0x11
 295 000e 01       		.uleb128 0x1
 296 000f 10       		.uleb128 0x10
 297 0010 17       		.uleb128 0x17
 298 0011 00       		.byte	0
 299 0012 00       		.byte	0
 300 0013 02       		.uleb128 0x2
 301 0014 24       		.uleb128 0x24
 302 0015 00       		.byte	0
 303 0016 0B       		.uleb128 0xb
 304 0017 0B       		.uleb128 0xb
 305 0018 3E       		.uleb128 0x3e
 306 0019 0B       		.uleb128 0xb
 307 001a 03       		.uleb128 0x3
 308 001b 0E       		.uleb128 0xe
 309 001c 00       		.byte	0
 310 001d 00       		.byte	0
 311 001e 03       		.uleb128 0x3
 312 001f 16       		.uleb128 0x16
 313 0020 00       		.byte	0
 314 0021 03       		.uleb128 0x3
 315 0022 0E       		.uleb128 0xe
 316 0023 3A       		.uleb128 0x3a
ARM GAS  C:\Users\Lasse\AppData\Local\Temp\ccS8FuZr.s 			page 7


 317 0024 0B       		.uleb128 0xb
 318 0025 3B       		.uleb128 0x3b
 319 0026 0B       		.uleb128 0xb
 320 0027 49       		.uleb128 0x49
 321 0028 13       		.uleb128 0x13
 322 0029 00       		.byte	0
 323 002a 00       		.byte	0
 324 002b 04       		.uleb128 0x4
 325 002c 24       		.uleb128 0x24
 326 002d 00       		.byte	0
 327 002e 0B       		.uleb128 0xb
 328 002f 0B       		.uleb128 0xb
 329 0030 3E       		.uleb128 0x3e
 330 0031 0B       		.uleb128 0xb
 331 0032 03       		.uleb128 0x3
 332 0033 08       		.uleb128 0x8
 333 0034 00       		.byte	0
 334 0035 00       		.byte	0
 335 0036 05       		.uleb128 0x5
 336 0037 16       		.uleb128 0x16
 337 0038 00       		.byte	0
 338 0039 03       		.uleb128 0x3
 339 003a 0E       		.uleb128 0xe
 340 003b 3A       		.uleb128 0x3a
 341 003c 0B       		.uleb128 0xb
 342 003d 3B       		.uleb128 0x3b
 343 003e 05       		.uleb128 0x5
 344 003f 49       		.uleb128 0x49
 345 0040 13       		.uleb128 0x13
 346 0041 00       		.byte	0
 347 0042 00       		.byte	0
 348 0043 06       		.uleb128 0x6
 349 0044 04       		.uleb128 0x4
 350 0045 01       		.byte	0x1
 351 0046 03       		.uleb128 0x3
 352 0047 0E       		.uleb128 0xe
 353 0048 0B       		.uleb128 0xb
 354 0049 0B       		.uleb128 0xb
 355 004a 49       		.uleb128 0x49
 356 004b 13       		.uleb128 0x13
 357 004c 3A       		.uleb128 0x3a
 358 004d 0B       		.uleb128 0xb
 359 004e 3B       		.uleb128 0x3b
 360 004f 0B       		.uleb128 0xb
 361 0050 01       		.uleb128 0x1
 362 0051 13       		.uleb128 0x13
 363 0052 00       		.byte	0
 364 0053 00       		.byte	0
 365 0054 07       		.uleb128 0x7
 366 0055 28       		.uleb128 0x28
 367 0056 00       		.byte	0
 368 0057 03       		.uleb128 0x3
 369 0058 0E       		.uleb128 0xe
 370 0059 1C       		.uleb128 0x1c
 371 005a 0B       		.uleb128 0xb
 372 005b 00       		.byte	0
 373 005c 00       		.byte	0
ARM GAS  C:\Users\Lasse\AppData\Local\Temp\ccS8FuZr.s 			page 8


 374 005d 08       		.uleb128 0x8
 375 005e 2E       		.uleb128 0x2e
 376 005f 01       		.byte	0x1
 377 0060 3F       		.uleb128 0x3f
 378 0061 19       		.uleb128 0x19
 379 0062 03       		.uleb128 0x3
 380 0063 0E       		.uleb128 0xe
 381 0064 3A       		.uleb128 0x3a
 382 0065 0B       		.uleb128 0xb
 383 0066 3B       		.uleb128 0x3b
 384 0067 0B       		.uleb128 0xb
 385 0068 27       		.uleb128 0x27
 386 0069 19       		.uleb128 0x19
 387 006a 49       		.uleb128 0x49
 388 006b 13       		.uleb128 0x13
 389 006c 8701     		.uleb128 0x87
 390 006e 19       		.uleb128 0x19
 391 006f 11       		.uleb128 0x11
 392 0070 01       		.uleb128 0x1
 393 0071 12       		.uleb128 0x12
 394 0072 06       		.uleb128 0x6
 395 0073 40       		.uleb128 0x40
 396 0074 18       		.uleb128 0x18
 397 0075 9742     		.uleb128 0x2117
 398 0077 19       		.uleb128 0x19
 399 0078 01       		.uleb128 0x1
 400 0079 13       		.uleb128 0x13
 401 007a 00       		.byte	0
 402 007b 00       		.byte	0
 403 007c 09       		.uleb128 0x9
 404 007d 898201   		.uleb128 0x4109
 405 0080 00       		.byte	0
 406 0081 11       		.uleb128 0x11
 407 0082 01       		.uleb128 0x1
 408 0083 31       		.uleb128 0x31
 409 0084 13       		.uleb128 0x13
 410 0085 00       		.byte	0
 411 0086 00       		.byte	0
 412 0087 0A       		.uleb128 0xa
 413 0088 898201   		.uleb128 0x4109
 414 008b 01       		.byte	0x1
 415 008c 11       		.uleb128 0x11
 416 008d 01       		.uleb128 0x1
 417 008e 31       		.uleb128 0x31
 418 008f 13       		.uleb128 0x13
 419 0090 01       		.uleb128 0x1
 420 0091 13       		.uleb128 0x13
 421 0092 00       		.byte	0
 422 0093 00       		.byte	0
 423 0094 0B       		.uleb128 0xb
 424 0095 8A8201   		.uleb128 0x410a
 425 0098 00       		.byte	0
 426 0099 02       		.uleb128 0x2
 427 009a 18       		.uleb128 0x18
 428 009b 9142     		.uleb128 0x2111
 429 009d 18       		.uleb128 0x18
 430 009e 00       		.byte	0
ARM GAS  C:\Users\Lasse\AppData\Local\Temp\ccS8FuZr.s 			page 9


 431 009f 00       		.byte	0
 432 00a0 0C       		.uleb128 0xc
 433 00a1 898201   		.uleb128 0x4109
 434 00a4 01       		.byte	0x1
 435 00a5 11       		.uleb128 0x11
 436 00a6 01       		.uleb128 0x1
 437 00a7 31       		.uleb128 0x31
 438 00a8 13       		.uleb128 0x13
 439 00a9 00       		.byte	0
 440 00aa 00       		.byte	0
 441 00ab 0D       		.uleb128 0xd
 442 00ac 34       		.uleb128 0x34
 443 00ad 00       		.byte	0
 444 00ae 03       		.uleb128 0x3
 445 00af 0E       		.uleb128 0xe
 446 00b0 3A       		.uleb128 0x3a
 447 00b1 0B       		.uleb128 0xb
 448 00b2 3B       		.uleb128 0x3b
 449 00b3 05       		.uleb128 0x5
 450 00b4 49       		.uleb128 0x49
 451 00b5 13       		.uleb128 0x13
 452 00b6 3F       		.uleb128 0x3f
 453 00b7 19       		.uleb128 0x19
 454 00b8 3C       		.uleb128 0x3c
 455 00b9 19       		.uleb128 0x19
 456 00ba 00       		.byte	0
 457 00bb 00       		.byte	0
 458 00bc 0E       		.uleb128 0xe
 459 00bd 35       		.uleb128 0x35
 460 00be 00       		.byte	0
 461 00bf 49       		.uleb128 0x49
 462 00c0 13       		.uleb128 0x13
 463 00c1 00       		.byte	0
 464 00c2 00       		.byte	0
 465 00c3 0F       		.uleb128 0xf
 466 00c4 34       		.uleb128 0x34
 467 00c5 00       		.byte	0
 468 00c6 03       		.uleb128 0x3
 469 00c7 0E       		.uleb128 0xe
 470 00c8 3A       		.uleb128 0x3a
 471 00c9 0B       		.uleb128 0xb
 472 00ca 3B       		.uleb128 0x3b
 473 00cb 0B       		.uleb128 0xb
 474 00cc 49       		.uleb128 0x49
 475 00cd 13       		.uleb128 0x13
 476 00ce 3F       		.uleb128 0x3f
 477 00cf 19       		.uleb128 0x19
 478 00d0 02       		.uleb128 0x2
 479 00d1 18       		.uleb128 0x18
 480 00d2 00       		.byte	0
 481 00d3 00       		.byte	0
 482 00d4 10       		.uleb128 0x10
 483 00d5 2E       		.uleb128 0x2e
 484 00d6 00       		.byte	0
 485 00d7 3F       		.uleb128 0x3f
 486 00d8 19       		.uleb128 0x19
 487 00d9 3C       		.uleb128 0x3c
ARM GAS  C:\Users\Lasse\AppData\Local\Temp\ccS8FuZr.s 			page 10


 488 00da 19       		.uleb128 0x19
 489 00db 6E       		.uleb128 0x6e
 490 00dc 0E       		.uleb128 0xe
 491 00dd 03       		.uleb128 0x3
 492 00de 0E       		.uleb128 0xe
 493 00df 3A       		.uleb128 0x3a
 494 00e0 0B       		.uleb128 0xb
 495 00e1 3B       		.uleb128 0x3b
 496 00e2 0B       		.uleb128 0xb
 497 00e3 00       		.byte	0
 498 00e4 00       		.byte	0
 499 00e5 00       		.byte	0
 500              		.section	.debug_aranges,"",%progbits
 501 0000 1C000000 		.4byte	0x1c
 502 0004 0200     		.2byte	0x2
 503 0006 00000000 		.4byte	.Ldebug_info0
 504 000a 04       		.byte	0x4
 505 000b 00       		.byte	0
 506 000c 0000     		.2byte	0
 507 000e 0000     		.2byte	0
 508 0010 00000000 		.4byte	.LFB63
 509 0014 24000000 		.4byte	.LFE63-.LFB63
 510 0018 00000000 		.4byte	0
 511 001c 00000000 		.4byte	0
 512              		.section	.debug_ranges,"",%progbits
 513              	.Ldebug_ranges0:
 514 0000 00000000 		.4byte	.LFB63
 515 0004 24000000 		.4byte	.LFE63
 516 0008 00000000 		.4byte	0
 517 000c 00000000 		.4byte	0
 518              		.section	.debug_line,"",%progbits
 519              	.Ldebug_line0:
 520 0000 A7010000 		.section	.debug_str,"MS",%progbits,1
 520      02008501 
 520      00000201 
 520      FB0E0D00 
 520      01010101 
 521              	.LASF25:
 522 0000 55415254 		.ascii	"UART_1_Start\000"
 522      5F315F53 
 522      74617274 
 522      00
 523              	.LASF32:
 524 000d 73746174 		.ascii	"state\000"
 524      6500
 525              	.LASF18:
 526 0013 45415354 		.ascii	"EAST\000"
 526      00
 527              	.LASF9:
 528 0018 5F5F696E 		.ascii	"__int32_t\000"
 528      7433325F 
 528      7400
 529              	.LASF19:
 530 0022 534F5554 		.ascii	"SOUTH\000"
 530      4800
 531              	.LASF27:
 532 0028 6D6F7665 		.ascii	"moveDegreesX\000"
ARM GAS  C:\Users\Lasse\AppData\Local\Temp\ccS8FuZr.s 			page 11


 532      44656772 
 532      65657358 
 532      00
 533              	.LASF12:
 534 0035 666C6F61 		.ascii	"float\000"
 534      7400
 535              	.LASF20:
 536 003b 57455354 		.ascii	"WEST\000"
 536      00
 537              	.LASF22:
 538 0040 73746570 		.ascii	"stepperPositionX\000"
 538      70657250 
 538      6F736974 
 538      696F6E58 
 538      00
 539              	.LASF29:
 540 0051 474E5520 		.ascii	"GNU C11 5.4.1 20160609 (release) [ARM/embedded-5-br"
 540      43313120 
 540      352E342E 
 540      31203230 
 540      31363036 
 541 0084 616E6368 		.ascii	"anch revision 237715] -mcpu=cortex-m3 -mthumb -g -O"
 541      20726576 
 541      6973696F 
 541      6E203233 
 541      37373135 
 542 00b7 67202D66 		.ascii	"g -ffunction-sections -ffat-lto-objects\000"
 542      66756E63 
 542      74696F6E 
 542      2D736563 
 542      74696F6E 
 543              	.LASF5:
 544 00df 6C6F6E67 		.ascii	"long unsigned int\000"
 544      20756E73 
 544      69676E65 
 544      6420696E 
 544      7400
 545              	.LASF3:
 546 00f1 73686F72 		.ascii	"short unsigned int\000"
 546      7420756E 
 546      7369676E 
 546      65642069 
 546      6E7400
 547              	.LASF21:
 548 0104 49544D5F 		.ascii	"ITM_RxBuffer\000"
 548      52784275 
 548      66666572 
 548      00
 549              	.LASF1:
 550 0111 756E7369 		.ascii	"unsigned char\000"
 550      676E6564 
 550      20636861 
 550      7200
 551              	.LASF13:
 552 011f 646F7562 		.ascii	"double\000"
 552      6C6500
 553              	.LASF33:
ARM GAS  C:\Users\Lasse\AppData\Local\Temp\ccS8FuZr.s 			page 12


 554 0126 6D61696E 		.ascii	"main\000"
 554      00
 555              	.LASF8:
 556 012b 756E7369 		.ascii	"unsigned int\000"
 556      676E6564 
 556      20696E74 
 556      00
 557              	.LASF7:
 558 0138 6C6F6E67 		.ascii	"long long unsigned int\000"
 558      206C6F6E 
 558      6720756E 
 558      7369676E 
 558      65642069 
 559              	.LASF31:
 560 014f 443A5C4F 		.ascii	"D:\\OneDrive - Aarhus Universitet\\Aarhus Universit"
 560      6E654472 
 560      69766520 
 560      2D204161 
 560      72687573 
 561 0180 65745C45 		.ascii	"et\\E3\\E3PRJ\\I3E3PRJ_Repo\\PSoC\\MotorDriver\\Ste"
 561      335C4533 
 561      50524A5C 
 561      49334533 
 561      50524A5F 
 562 01ad 70706572 		.ascii	"pper.cydsn\000"
 562      2E637964 
 562      736E00
 563              	.LASF10:
 564 01b8 696E7433 		.ascii	"int32_t\000"
 564      325F7400 
 565              	.LASF16:
 566 01c0 73697A65 		.ascii	"sizetype\000"
 566      74797065 
 566      00
 567              	.LASF6:
 568 01c9 6C6F6E67 		.ascii	"long long int\000"
 568      206C6F6E 
 568      6720696E 
 568      7400
 569              	.LASF30:
 570 01d7 6D61696E 		.ascii	"main.c\000"
 570      2E6300
 571              	.LASF14:
 572 01de 63686172 		.ascii	"char\000"
 572      00
 573              	.LASF2:
 574 01e3 73686F72 		.ascii	"short int\000"
 574      7420696E 
 574      7400
 575              	.LASF11:
 576 01ed 75696E74 		.ascii	"uint8\000"
 576      3800
 577              	.LASF4:
 578 01f3 6C6F6E67 		.ascii	"long int\000"
 578      20696E74 
 578      00
 579              	.LASF15:
ARM GAS  C:\Users\Lasse\AppData\Local\Temp\ccS8FuZr.s 			page 13


 580 01fc 6C6F6E67 		.ascii	"long double\000"
 580      20646F75 
 580      626C6500 
 581              	.LASF0:
 582 0208 7369676E 		.ascii	"signed char\000"
 582      65642063 
 582      68617200 
 583              	.LASF26:
 584 0214 73746570 		.ascii	"stepper_isr_StartEx\000"
 584      7065725F 
 584      6973725F 
 584      53746172 
 584      74457800 
 585              	.LASF23:
 586 0228 74696D65 		.ascii	"timerDoneFlag\000"
 586      72446F6E 
 586      65466C61 
 586      6700
 587              	.LASF24:
 588 0236 73746570 		.ascii	"stepperStateX\000"
 588      70657253 
 588      74617465 
 588      5800
 589              	.LASF28:
 590 0244 43794465 		.ascii	"CyDelay\000"
 590      6C617900 
 591              	.LASF17:
 592 024c 4E4F5254 		.ascii	"NORTH\000"
 592      4800
 593              		.ident	"GCC: (GNU Tools for ARM Embedded Processors) 5.4.1 20160609 (release) [ARM/embedded-5-bran
