ARM GAS  C:\Users\Lasse\AppData\Local\Temp\ccp5nFzz.s 			page 1


   1              		.syntax unified
   2              		.cpu cortex-m3
   3              		.fpu softvfp
   4              		.eabi_attribute 20, 1
   5              		.eabi_attribute 21, 1
   6              		.eabi_attribute 23, 3
   7              		.eabi_attribute 24, 1
   8              		.eabi_attribute 25, 1
   9              		.eabi_attribute 26, 1
  10              		.eabi_attribute 30, 1
  11              		.eabi_attribute 34, 1
  12              		.eabi_attribute 18, 4
  13              		.thumb
  14              		.syntax unified
  15              		.file	"MotorDriver.c"
  16              		.text
  17              	.Ltext0:
  18              		.cfi_sections	.debug_frame
  19              		.section	.text.resetPositionX,"ax",%progbits
  20              		.align	2
  21              		.thumb
  22              		.thumb_func
  23              		.type	resetPositionX, %function
  24              	resetPositionX:
  25              	.LFB69:
  26              		.file 1 "MotorDriver.c"
   1:MotorDriver.c **** /* ========================================
   2:MotorDriver.c ****  *
   3:MotorDriver.c ****  * Copyright YOUR COMPANY, THE YEAR
   4:MotorDriver.c ****  * All Rights Reserved
   5:MotorDriver.c ****  * UNPUBLISHED, LICENSED SOFTWARE.
   6:MotorDriver.c ****  *
   7:MotorDriver.c ****  * CONFIDENTIAL AND PROPRIETARY INFORMATION
   8:MotorDriver.c ****  * WHICH IS THE PROPERTY OF your company.
   9:MotorDriver.c ****  *
  10:MotorDriver.c ****  * ========================================
  11:MotorDriver.c **** */
  12:MotorDriver.c **** #include "MotorDriver.h"
  13:MotorDriver.c **** #include <math.h>
  14:MotorDriver.c **** 
  15:MotorDriver.c **** CY_ISR(stepper_isr_handler) {
  16:MotorDriver.c ****     UART_1_PutString("Hi from interrupt\n\r");
  17:MotorDriver.c ****     Timer_StepperX_Stop();
  18:MotorDriver.c ****     timerDoneFlag = 1;
  19:MotorDriver.c **** }
  20:MotorDriver.c **** 
  21:MotorDriver.c **** void initX() {
  22:MotorDriver.c ****     Pin_X1_Write(0);
  23:MotorDriver.c ****     Pin_X2_Write(0);
  24:MotorDriver.c ****     
  25:MotorDriver.c ****     stepper_isr_StartEx(stepper_isr_handler);
  26:MotorDriver.c ****     timerDoneFlag = 0;
  27:MotorDriver.c ****     
  28:MotorDriver.c ****     resetPositionX();
  29:MotorDriver.c **** }
  30:MotorDriver.c **** 
  31:MotorDriver.c **** static void rotateClockwiseX() {
ARM GAS  C:\Users\Lasse\AppData\Local\Temp\ccp5nFzz.s 			page 2


  32:MotorDriver.c ****     if(stepperStateX == WEST) { 
  33:MotorDriver.c ****         stepperStateX = NORTH;
  34:MotorDriver.c ****     }
  35:MotorDriver.c ****     else {
  36:MotorDriver.c ****         ++stepperStateX;
  37:MotorDriver.c ****     }
  38:MotorDriver.c ****     moveStepX();
  39:MotorDriver.c ****     ++stepperPositionX;
  40:MotorDriver.c ****     
  41:MotorDriver.c ****     UART_1_PutString("Rotated clockwise once\n\r");
  42:MotorDriver.c **** }
  43:MotorDriver.c **** 
  44:MotorDriver.c **** static void rotateCounterClockwiseX() {
  45:MotorDriver.c ****     if(stepperStateX == NORTH) {
  46:MotorDriver.c ****         stepperStateX = WEST;
  47:MotorDriver.c ****     }
  48:MotorDriver.c ****     else {
  49:MotorDriver.c ****         --stepperStateX;
  50:MotorDriver.c ****     }
  51:MotorDriver.c ****     moveStepX();
  52:MotorDriver.c ****     --stepperPositionX;
  53:MotorDriver.c **** }
  54:MotorDriver.c **** 
  55:MotorDriver.c **** static void moveStepX() {
  56:MotorDriver.c ****     if(stepperStateX == NORTH) {
  57:MotorDriver.c ****         Pin_X1_Write(0);
  58:MotorDriver.c ****         Pin_X2_Write(0);
  59:MotorDriver.c ****     }
  60:MotorDriver.c ****     else if(stepperStateX == EAST) {
  61:MotorDriver.c ****         Pin_X1_Write(1);
  62:MotorDriver.c ****         Pin_X2_Write(0);
  63:MotorDriver.c ****     }
  64:MotorDriver.c ****     else if(stepperStateX == SOUTH) {
  65:MotorDriver.c ****         Pin_X1_Write(1);
  66:MotorDriver.c ****         Pin_X2_Write(1);
  67:MotorDriver.c ****     }
  68:MotorDriver.c ****     else if(stepperStateX == WEST) {
  69:MotorDriver.c ****         Pin_X1_Write(0);
  70:MotorDriver.c ****         Pin_X2_Write(1);
  71:MotorDriver.c ****     }
  72:MotorDriver.c **** }
  73:MotorDriver.c **** 
  74:MotorDriver.c **** void moveDegreesX(int deg) { //Positivt antal grader skrives hvis armen skal køre med uret og nega
  75:MotorDriver.c ****     UART_1_PutString("Starting moveDegreesX function...\n\r");
  76:MotorDriver.c ****     float round1 = deg / 1.8; //Grader divideret med stepvinkel = antal steps der skal køres
  77:MotorDriver.c ****     int steps = (int)round(round1); //Afrund antallet af steps
  78:MotorDriver.c ****     
  79:MotorDriver.c ****     if(steps > 0) {
  80:MotorDriver.c ****         for(int i = 0; i < steps; i++) {
  81:MotorDriver.c ****             Timer_StepperX_Start();
  82:MotorDriver.c ****             UART_1_PutString("Starting timer\n\r");
  83:MotorDriver.c ****             while(timerDoneFlag == 0); //wait here
  84:MotorDriver.c ****             rotateClockwiseX();
  85:MotorDriver.c ****             timerDoneFlag = 0;
  86:MotorDriver.c ****         }
  87:MotorDriver.c ****     }
  88:MotorDriver.c ****     else if(steps < 0) {
ARM GAS  C:\Users\Lasse\AppData\Local\Temp\ccp5nFzz.s 			page 3


  89:MotorDriver.c ****         if(steps < (stepperPositionX * -1)) {    //Hvis antallet af steps der skal køres tilbage e
  90:MotorDriver.c ****             resetPositionX();
  91:MotorDriver.c ****         }
  92:MotorDriver.c ****         else if(steps > (stepperPositionX * -1)) {
  93:MotorDriver.c ****             for(int i = 0; i > steps; i--) {
  94:MotorDriver.c ****                 Timer_StepperX_Start();
  95:MotorDriver.c ****                 while(timerDoneFlag == 0);
  96:MotorDriver.c ****                 rotateCounterClockwiseX();
  97:MotorDriver.c ****                 timerDoneFlag = 0;
  98:MotorDriver.c ****             }
  99:MotorDriver.c ****         }
 100:MotorDriver.c ****     }
 101:MotorDriver.c **** }
 102:MotorDriver.c **** 
 103:MotorDriver.c **** static void resetPositionX() {
  27              		.loc 1 103 0
  28              		.cfi_startproc
  29              		@ args = 0, pretend = 0, frame = 0
  30              		@ frame_needed = 0, uses_anonymous_args = 0
  31 0000 08B5     		push	{r3, lr}
  32              		.cfi_def_cfa_offset 8
  33              		.cfi_offset 3, -8
  34              		.cfi_offset 14, -4
 104:MotorDriver.c **** //    while(Pin_X3_Read() == 1) {
 105:MotorDriver.c **** //        Timer_StepperX_Start();
 106:MotorDriver.c **** //        while(timerDoneFlag == 0);
 107:MotorDriver.c **** //        rotateCounterClockwiseX();
 108:MotorDriver.c **** //        timerDoneFlag = 0;
 109:MotorDriver.c **** //    }
 110:MotorDriver.c ****     stepperPositionX = 0;
  35              		.loc 1 110 0
  36 0002 0022     		movs	r2, #0
  37 0004 024B     		ldr	r3, .L3
  38 0006 1A60     		str	r2, [r3]
 111:MotorDriver.c ****     UART_1_PutString("Stepper reset\n\r");
  39              		.loc 1 111 0
  40 0008 0248     		ldr	r0, .L3+4
  41 000a FFF7FEFF 		bl	UART_1_PutString
  42              	.LVL0:
  43 000e 08BD     		pop	{r3, pc}
  44              	.L4:
  45              		.align	2
  46              	.L3:
  47 0010 00000000 		.word	stepperPositionX
  48 0014 00000000 		.word	.LC0
  49              		.cfi_endproc
  50              	.LFE69:
  51              		.size	resetPositionX, .-resetPositionX
  52              		.section	.text.stepper_isr_handler,"ax",%progbits
  53              		.align	2
  54              		.global	stepper_isr_handler
  55              		.thumb
  56              		.thumb_func
  57              		.type	stepper_isr_handler, %function
  58              	stepper_isr_handler:
  59              	.LFB63:
  15:MotorDriver.c ****     UART_1_PutString("Hi from interrupt\n\r");
ARM GAS  C:\Users\Lasse\AppData\Local\Temp\ccp5nFzz.s 			page 4


  60              		.loc 1 15 0
  61              		.cfi_startproc
  62              		@ args = 0, pretend = 0, frame = 0
  63              		@ frame_needed = 0, uses_anonymous_args = 0
  64 0000 08B5     		push	{r3, lr}
  65              		.cfi_def_cfa_offset 8
  66              		.cfi_offset 3, -8
  67              		.cfi_offset 14, -4
  16:MotorDriver.c ****     Timer_StepperX_Stop();
  68              		.loc 1 16 0
  69 0002 0448     		ldr	r0, .L7
  70 0004 FFF7FEFF 		bl	UART_1_PutString
  71              	.LVL1:
  17:MotorDriver.c ****     timerDoneFlag = 1;
  72              		.loc 1 17 0
  73 0008 FFF7FEFF 		bl	Timer_StepperX_Stop
  74              	.LVL2:
  18:MotorDriver.c **** }
  75              		.loc 1 18 0
  76 000c 0122     		movs	r2, #1
  77 000e 024B     		ldr	r3, .L7+4
  78 0010 1A70     		strb	r2, [r3]
  79 0012 08BD     		pop	{r3, pc}
  80              	.L8:
  81              		.align	2
  82              	.L7:
  83 0014 10000000 		.word	.LC1
  84 0018 00000000 		.word	timerDoneFlag
  85              		.cfi_endproc
  86              	.LFE63:
  87              		.size	stepper_isr_handler, .-stepper_isr_handler
  88              		.section	.text.moveStepX,"ax",%progbits
  89              		.align	2
  90              		.thumb
  91              		.thumb_func
  92              		.type	moveStepX, %function
  93              	moveStepX:
  94              	.LFB67:
  55:MotorDriver.c ****     if(stepperStateX == NORTH) {
  95              		.loc 1 55 0
  96              		.cfi_startproc
  97              		@ args = 0, pretend = 0, frame = 0
  98              		@ frame_needed = 0, uses_anonymous_args = 0
  99 0000 08B5     		push	{r3, lr}
 100              		.cfi_def_cfa_offset 8
 101              		.cfi_offset 3, -8
 102              		.cfi_offset 14, -4
  56:MotorDriver.c ****         Pin_X1_Write(0);
 103              		.loc 1 56 0
 104 0002 124B     		ldr	r3, .L15
 105 0004 1B78     		ldrb	r3, [r3]	@ zero_extendqisi2
 106 0006 33B9     		cbnz	r3, .L10
  57:MotorDriver.c ****         Pin_X2_Write(0);
 107              		.loc 1 57 0
 108 0008 0020     		movs	r0, #0
 109 000a FFF7FEFF 		bl	Pin_X1_Write
 110              	.LVL3:
ARM GAS  C:\Users\Lasse\AppData\Local\Temp\ccp5nFzz.s 			page 5


  58:MotorDriver.c ****     }
 111              		.loc 1 58 0
 112 000e 0020     		movs	r0, #0
 113 0010 FFF7FEFF 		bl	Pin_X2_Write
 114              	.LVL4:
 115 0014 08BD     		pop	{r3, pc}
 116              	.L10:
  60:MotorDriver.c ****         Pin_X1_Write(1);
 117              		.loc 1 60 0
 118 0016 012B     		cmp	r3, #1
 119 0018 06D1     		bne	.L12
  61:MotorDriver.c ****         Pin_X2_Write(0);
 120              		.loc 1 61 0
 121 001a 0120     		movs	r0, #1
 122 001c FFF7FEFF 		bl	Pin_X1_Write
 123              	.LVL5:
  62:MotorDriver.c ****     }
 124              		.loc 1 62 0
 125 0020 0020     		movs	r0, #0
 126 0022 FFF7FEFF 		bl	Pin_X2_Write
 127              	.LVL6:
 128 0026 08BD     		pop	{r3, pc}
 129              	.L12:
  64:MotorDriver.c ****         Pin_X1_Write(1);
 130              		.loc 1 64 0
 131 0028 022B     		cmp	r3, #2
 132 002a 06D1     		bne	.L13
  65:MotorDriver.c ****         Pin_X2_Write(1);
 133              		.loc 1 65 0
 134 002c 0120     		movs	r0, #1
 135 002e FFF7FEFF 		bl	Pin_X1_Write
 136              	.LVL7:
  66:MotorDriver.c ****     }
 137              		.loc 1 66 0
 138 0032 0120     		movs	r0, #1
 139 0034 FFF7FEFF 		bl	Pin_X2_Write
 140              	.LVL8:
 141 0038 08BD     		pop	{r3, pc}
 142              	.L13:
  68:MotorDriver.c ****         Pin_X1_Write(0);
 143              		.loc 1 68 0
 144 003a 032B     		cmp	r3, #3
 145 003c 05D1     		bne	.L9
  69:MotorDriver.c ****         Pin_X2_Write(1);
 146              		.loc 1 69 0
 147 003e 0020     		movs	r0, #0
 148 0040 FFF7FEFF 		bl	Pin_X1_Write
 149              	.LVL9:
  70:MotorDriver.c ****     }
 150              		.loc 1 70 0
 151 0044 0120     		movs	r0, #1
 152 0046 FFF7FEFF 		bl	Pin_X2_Write
 153              	.LVL10:
 154              	.L9:
 155 004a 08BD     		pop	{r3, pc}
 156              	.L16:
 157              		.align	2
ARM GAS  C:\Users\Lasse\AppData\Local\Temp\ccp5nFzz.s 			page 6


 158              	.L15:
 159 004c 00000000 		.word	stepperStateX
 160              		.cfi_endproc
 161              	.LFE67:
 162              		.size	moveStepX, .-moveStepX
 163              		.section	.text.rotateClockwiseX,"ax",%progbits
 164              		.align	2
 165              		.thumb
 166              		.thumb_func
 167              		.type	rotateClockwiseX, %function
 168              	rotateClockwiseX:
 169              	.LFB65:
  31:MotorDriver.c ****     if(stepperStateX == WEST) { 
 170              		.loc 1 31 0
 171              		.cfi_startproc
 172              		@ args = 0, pretend = 0, frame = 0
 173              		@ frame_needed = 0, uses_anonymous_args = 0
 174 0000 08B5     		push	{r3, lr}
 175              		.cfi_def_cfa_offset 8
 176              		.cfi_offset 3, -8
 177              		.cfi_offset 14, -4
  32:MotorDriver.c ****         stepperStateX = NORTH;
 178              		.loc 1 32 0
 179 0002 0A4B     		ldr	r3, .L21
 180 0004 1B78     		ldrb	r3, [r3]	@ zero_extendqisi2
 181 0006 032B     		cmp	r3, #3
 182 0008 03D1     		bne	.L18
  33:MotorDriver.c ****     }
 183              		.loc 1 33 0
 184 000a 0022     		movs	r2, #0
 185 000c 074B     		ldr	r3, .L21
 186 000e 1A70     		strb	r2, [r3]
 187 0010 02E0     		b	.L19
 188              	.L18:
  36:MotorDriver.c ****     }
 189              		.loc 1 36 0
 190 0012 0133     		adds	r3, r3, #1
 191 0014 054A     		ldr	r2, .L21
 192 0016 1370     		strb	r3, [r2]
 193              	.L19:
  38:MotorDriver.c ****     ++stepperPositionX;
 194              		.loc 1 38 0
 195 0018 FFF7FEFF 		bl	moveStepX
 196              	.LVL11:
  39:MotorDriver.c ****     
 197              		.loc 1 39 0
 198 001c 044A     		ldr	r2, .L21+4
 199 001e 1368     		ldr	r3, [r2]
 200 0020 0133     		adds	r3, r3, #1
 201 0022 1360     		str	r3, [r2]
  41:MotorDriver.c **** }
 202              		.loc 1 41 0
 203 0024 0348     		ldr	r0, .L21+8
 204 0026 FFF7FEFF 		bl	UART_1_PutString
 205              	.LVL12:
 206 002a 08BD     		pop	{r3, pc}
 207              	.L22:
ARM GAS  C:\Users\Lasse\AppData\Local\Temp\ccp5nFzz.s 			page 7


 208              		.align	2
 209              	.L21:
 210 002c 00000000 		.word	stepperStateX
 211 0030 00000000 		.word	stepperPositionX
 212 0034 24000000 		.word	.LC2
 213              		.cfi_endproc
 214              	.LFE65:
 215              		.size	rotateClockwiseX, .-rotateClockwiseX
 216              		.section	.text.rotateCounterClockwiseX,"ax",%progbits
 217              		.align	2
 218              		.thumb
 219              		.thumb_func
 220              		.type	rotateCounterClockwiseX, %function
 221              	rotateCounterClockwiseX:
 222              	.LFB66:
  44:MotorDriver.c ****     if(stepperStateX == NORTH) {
 223              		.loc 1 44 0
 224              		.cfi_startproc
 225              		@ args = 0, pretend = 0, frame = 0
 226              		@ frame_needed = 0, uses_anonymous_args = 0
 227 0000 08B5     		push	{r3, lr}
 228              		.cfi_def_cfa_offset 8
 229              		.cfi_offset 3, -8
 230              		.cfi_offset 14, -4
  45:MotorDriver.c ****         stepperStateX = WEST;
 231              		.loc 1 45 0
 232 0002 084B     		ldr	r3, .L27
 233 0004 1B78     		ldrb	r3, [r3]	@ zero_extendqisi2
 234 0006 1BB9     		cbnz	r3, .L24
  46:MotorDriver.c ****     }
 235              		.loc 1 46 0
 236 0008 0322     		movs	r2, #3
 237 000a 064B     		ldr	r3, .L27
 238 000c 1A70     		strb	r2, [r3]
 239 000e 02E0     		b	.L25
 240              	.L24:
  49:MotorDriver.c ****     }
 241              		.loc 1 49 0
 242 0010 013B     		subs	r3, r3, #1
 243 0012 044A     		ldr	r2, .L27
 244 0014 1370     		strb	r3, [r2]
 245              	.L25:
  51:MotorDriver.c ****     --stepperPositionX;
 246              		.loc 1 51 0
 247 0016 FFF7FEFF 		bl	moveStepX
 248              	.LVL13:
  52:MotorDriver.c **** }
 249              		.loc 1 52 0
 250 001a 034A     		ldr	r2, .L27+4
 251 001c 1368     		ldr	r3, [r2]
 252 001e 013B     		subs	r3, r3, #1
 253 0020 1360     		str	r3, [r2]
 254 0022 08BD     		pop	{r3, pc}
 255              	.L28:
 256              		.align	2
 257              	.L27:
 258 0024 00000000 		.word	stepperStateX
ARM GAS  C:\Users\Lasse\AppData\Local\Temp\ccp5nFzz.s 			page 8


 259 0028 00000000 		.word	stepperPositionX
 260              		.cfi_endproc
 261              	.LFE66:
 262              		.size	rotateCounterClockwiseX, .-rotateCounterClockwiseX
 263              		.section	.text.initX,"ax",%progbits
 264              		.align	2
 265              		.global	initX
 266              		.thumb
 267              		.thumb_func
 268              		.type	initX, %function
 269              	initX:
 270              	.LFB64:
  21:MotorDriver.c ****     Pin_X1_Write(0);
 271              		.loc 1 21 0
 272              		.cfi_startproc
 273              		@ args = 0, pretend = 0, frame = 0
 274              		@ frame_needed = 0, uses_anonymous_args = 0
 275 0000 08B5     		push	{r3, lr}
 276              		.cfi_def_cfa_offset 8
 277              		.cfi_offset 3, -8
 278              		.cfi_offset 14, -4
  22:MotorDriver.c ****     Pin_X2_Write(0);
 279              		.loc 1 22 0
 280 0002 0020     		movs	r0, #0
 281 0004 FFF7FEFF 		bl	Pin_X1_Write
 282              	.LVL14:
  23:MotorDriver.c ****     
 283              		.loc 1 23 0
 284 0008 0020     		movs	r0, #0
 285 000a FFF7FEFF 		bl	Pin_X2_Write
 286              	.LVL15:
  25:MotorDriver.c ****     timerDoneFlag = 0;
 287              		.loc 1 25 0
 288 000e 0448     		ldr	r0, .L31
 289 0010 FFF7FEFF 		bl	stepper_isr_StartEx
 290              	.LVL16:
  26:MotorDriver.c ****     
 291              		.loc 1 26 0
 292 0014 0022     		movs	r2, #0
 293 0016 034B     		ldr	r3, .L31+4
 294 0018 1A70     		strb	r2, [r3]
  28:MotorDriver.c **** }
 295              		.loc 1 28 0
 296 001a FFF7FEFF 		bl	resetPositionX
 297              	.LVL17:
 298 001e 08BD     		pop	{r3, pc}
 299              	.L32:
 300              		.align	2
 301              	.L31:
 302 0020 00000000 		.word	stepper_isr_handler
 303 0024 00000000 		.word	timerDoneFlag
 304              		.cfi_endproc
 305              	.LFE64:
 306              		.size	initX, .-initX
 307              		.global	__aeabi_i2d
 308              		.global	__aeabi_ddiv
 309              		.global	__aeabi_d2f
ARM GAS  C:\Users\Lasse\AppData\Local\Temp\ccp5nFzz.s 			page 9


 310              		.global	__aeabi_f2d
 311              		.global	__aeabi_d2iz
 312              		.section	.text.moveDegreesX,"ax",%progbits
 313              		.align	2
 314              		.global	moveDegreesX
 315              		.thumb
 316              		.thumb_func
 317              		.type	moveDegreesX, %function
 318              	moveDegreesX:
 319              	.LFB68:
  74:MotorDriver.c ****     UART_1_PutString("Starting moveDegreesX function...\n\r");
 320              		.loc 1 74 0
 321              		.cfi_startproc
 322              		@ args = 0, pretend = 0, frame = 0
 323              		@ frame_needed = 0, uses_anonymous_args = 0
 324              	.LVL18:
 325 0000 38B5     		push	{r3, r4, r5, lr}
 326              		.cfi_def_cfa_offset 16
 327              		.cfi_offset 3, -16
 328              		.cfi_offset 4, -12
 329              		.cfi_offset 5, -8
 330              		.cfi_offset 14, -4
 331 0002 0446     		mov	r4, r0
  75:MotorDriver.c ****     float round1 = deg / 1.8; //Grader divideret med stepvinkel = antal steps der skal køres
 332              		.loc 1 75 0
 333 0004 2648     		ldr	r0, .L47+8
 334              	.LVL19:
 335 0006 FFF7FEFF 		bl	UART_1_PutString
 336              	.LVL20:
  76:MotorDriver.c ****     int steps = (int)round(round1); //Afrund antallet af steps
 337              		.loc 1 76 0
 338 000a 2046     		mov	r0, r4
 339 000c FFF7FEFF 		bl	__aeabi_i2d
 340              	.LVL21:
 341 0010 21A3     		adr	r3, .L47
 342 0012 D3E90023 		ldrd	r2, [r3]
 343 0016 FFF7FEFF 		bl	__aeabi_ddiv
 344              	.LVL22:
 345 001a FFF7FEFF 		bl	__aeabi_d2f
 346              	.LVL23:
  77:MotorDriver.c ****     
 347              		.loc 1 77 0
 348 001e FFF7FEFF 		bl	__aeabi_f2d
 349              	.LVL24:
 350 0022 FFF7FEFF 		bl	round
 351              	.LVL25:
 352 0026 FFF7FEFF 		bl	__aeabi_d2iz
 353              	.LVL26:
  79:MotorDriver.c ****         for(int i = 0; i < steps; i++) {
 354              		.loc 1 79 0
 355 002a 051E     		subs	r5, r0, #0
 356 002c 10DC     		bgt	.L43
 357 002e 13E0     		b	.L45
 358              	.LVL27:
 359              	.L37:
 360              	.LBB2:
  81:MotorDriver.c ****             UART_1_PutString("Starting timer\n\r");
ARM GAS  C:\Users\Lasse\AppData\Local\Temp\ccp5nFzz.s 			page 10


 361              		.loc 1 81 0
 362 0030 FFF7FEFF 		bl	Timer_StepperX_Start
 363              	.LVL28:
  82:MotorDriver.c ****             while(timerDoneFlag == 0); //wait here
 364              		.loc 1 82 0
 365 0034 1B48     		ldr	r0, .L47+12
 366 0036 FFF7FEFF 		bl	UART_1_PutString
 367              	.LVL29:
 368              	.L36:
  83:MotorDriver.c ****             rotateClockwiseX();
 369              		.loc 1 83 0 discriminator 1
 370 003a 1B4B     		ldr	r3, .L47+16
 371 003c 1B78     		ldrb	r3, [r3]	@ zero_extendqisi2
 372 003e 002B     		cmp	r3, #0
 373 0040 FBD0     		beq	.L36
  84:MotorDriver.c ****             timerDoneFlag = 0;
 374              		.loc 1 84 0 discriminator 2
 375 0042 FFF7FEFF 		bl	rotateClockwiseX
 376              	.LVL30:
  85:MotorDriver.c ****         }
 377              		.loc 1 85 0 discriminator 2
 378 0046 0022     		movs	r2, #0
 379 0048 174B     		ldr	r3, .L47+16
 380 004a 1A70     		strb	r2, [r3]
  80:MotorDriver.c ****             Timer_StepperX_Start();
 381              		.loc 1 80 0 discriminator 2
 382 004c 0134     		adds	r4, r4, #1
 383              	.LVL31:
 384 004e 00E0     		b	.L34
 385              	.LVL32:
 386              	.L43:
 387              	.LBE2:
 388 0050 0024     		movs	r4, #0
 389              	.LVL33:
 390              	.L34:
 391              	.LBB3:
  80:MotorDriver.c ****             Timer_StepperX_Start();
 392              		.loc 1 80 0 is_stmt 0 discriminator 1
 393 0052 AC42     		cmp	r4, r5
 394 0054 ECDB     		blt	.L37
 395 0056 38BD     		pop	{r3, r4, r5, pc}
 396              	.LVL34:
 397              	.L45:
 398              	.LBE3:
  88:MotorDriver.c ****         if(steps < (stepperPositionX * -1)) {    //Hvis antallet af steps der skal køres tilbage e
 399              		.loc 1 88 0 is_stmt 1
 400 0058 002D     		cmp	r5, #0
 401 005a 1ADA     		bge	.L33
  89:MotorDriver.c ****             resetPositionX();
 402              		.loc 1 89 0
 403 005c 134B     		ldr	r3, .L47+20
 404 005e 1B68     		ldr	r3, [r3]
 405 0060 5B42     		negs	r3, r3
 406 0062 9D42     		cmp	r5, r3
 407 0064 02DA     		bge	.L39
  90:MotorDriver.c ****         }
 408              		.loc 1 90 0
ARM GAS  C:\Users\Lasse\AppData\Local\Temp\ccp5nFzz.s 			page 11


 409 0066 FFF7FEFF 		bl	resetPositionX
 410              	.LVL35:
 411 006a 38BD     		pop	{r3, r4, r5, pc}
 412              	.LVL36:
 413              	.L39:
  92:MotorDriver.c ****             for(int i = 0; i > steps; i--) {
 414              		.loc 1 92 0
 415 006c 9D42     		cmp	r5, r3
 416 006e 0DDC     		bgt	.L44
 417              	.LBB4:
 418 0070 38BD     		pop	{r3, r4, r5, pc}
 419              	.LVL37:
 420              	.L42:
  94:MotorDriver.c ****                 while(timerDoneFlag == 0);
 421              		.loc 1 94 0
 422 0072 FFF7FEFF 		bl	Timer_StepperX_Start
 423              	.LVL38:
 424              	.L41:
  95:MotorDriver.c ****                 rotateCounterClockwiseX();
 425              		.loc 1 95 0 discriminator 1
 426 0076 0C4B     		ldr	r3, .L47+16
 427 0078 1B78     		ldrb	r3, [r3]	@ zero_extendqisi2
 428 007a 002B     		cmp	r3, #0
 429 007c FBD0     		beq	.L41
  96:MotorDriver.c ****                 timerDoneFlag = 0;
 430              		.loc 1 96 0 discriminator 2
 431 007e FFF7FEFF 		bl	rotateCounterClockwiseX
 432              	.LVL39:
  97:MotorDriver.c ****             }
 433              		.loc 1 97 0 discriminator 2
 434 0082 0022     		movs	r2, #0
 435 0084 084B     		ldr	r3, .L47+16
 436 0086 1A70     		strb	r2, [r3]
  93:MotorDriver.c ****                 Timer_StepperX_Start();
 437              		.loc 1 93 0 discriminator 2
 438 0088 013C     		subs	r4, r4, #1
 439              	.LVL40:
 440 008a 00E0     		b	.L40
 441              	.LVL41:
 442              	.L44:
 443              	.LBE4:
 444 008c 0024     		movs	r4, #0
 445              	.LVL42:
 446              	.L40:
 447              	.LBB5:
  93:MotorDriver.c ****                 Timer_StepperX_Start();
 448              		.loc 1 93 0 is_stmt 0 discriminator 1
 449 008e AC42     		cmp	r4, r5
 450 0090 EFDC     		bgt	.L42
 451              	.LVL43:
 452              	.L33:
 453 0092 38BD     		pop	{r3, r4, r5, pc}
 454              	.LVL44:
 455              	.L48:
 456 0094 AFF30080 		.align	3
 457              	.L47:
 458 0098 CDCCCCCC 		.word	-858993459
ARM GAS  C:\Users\Lasse\AppData\Local\Temp\ccp5nFzz.s 			page 12


 459 009c CCCCFC3F 		.word	1073532108
 460 00a0 40000000 		.word	.LC3
 461 00a4 64000000 		.word	.LC4
 462 00a8 00000000 		.word	timerDoneFlag
 463 00ac 00000000 		.word	stepperPositionX
 464              	.LBE5:
 465              		.cfi_endproc
 466              	.LFE68:
 467              		.size	moveDegreesX, .-moveDegreesX
 468              		.comm	stepperStateX,1,1
 469              		.comm	timerDoneFlag,1,1
 470              		.comm	stepperPositionX,4,4
 471              		.section	.rodata.str1.4,"aMS",%progbits,1
 472              		.align	2
 473              	.LC0:
 474 0000 53746570 		.ascii	"Stepper reset\012\015\000"
 474      70657220 
 474      72657365 
 474      740A0D00 
 475              	.LC1:
 476 0010 48692066 		.ascii	"Hi from interrupt\012\015\000"
 476      726F6D20 
 476      696E7465 
 476      72727570 
 476      740A0D00 
 477              	.LC2:
 478 0024 526F7461 		.ascii	"Rotated clockwise once\012\015\000"
 478      74656420 
 478      636C6F63 
 478      6B776973 
 478      65206F6E 
 479 003d 000000   		.space	3
 480              	.LC3:
 481 0040 53746172 		.ascii	"Starting moveDegreesX function...\012\015\000"
 481      74696E67 
 481      206D6F76 
 481      65446567 
 481      72656573 
 482              	.LC4:
 483 0064 53746172 		.ascii	"Starting timer\012\015\000"
 483      74696E67 
 483      2074696D 
 483      65720A0D 
 483      00
 484              		.text
 485              	.Letext0:
 486              		.file 2 "c:\\program files (x86)\\cypress\\psoc creator\\4.2\\psoc creator\\import\\gnu\\arm\\5.4.
 487              		.file 3 "c:\\program files (x86)\\cypress\\psoc creator\\4.2\\psoc creator\\import\\gnu\\arm\\5.4.
 488              		.file 4 "Generated_Source\\PSoC5/cytypes.h"
 489              		.file 5 "Generated_Source\\PSoC5/core_cm3.h"
 490              		.file 6 "MotorDriver.h"
 491              		.file 7 "Generated_Source\\PSoC5/UART_1.h"
 492              		.file 8 "Generated_Source\\PSoC5/Timer_StepperX.h"
 493              		.file 9 "Generated_Source\\PSoC5/Pin_X1.h"
 494              		.file 10 "Generated_Source\\PSoC5/Pin_X2.h"
 495              		.file 11 "Generated_Source\\PSoC5/stepper_isr.h"
 496              		.file 12 "c:\\program files (x86)\\cypress\\psoc creator\\4.2\\psoc creator\\import\\gnu\\arm\\5.4
ARM GAS  C:\Users\Lasse\AppData\Local\Temp\ccp5nFzz.s 			page 13


 497              		.section	.debug_info,"",%progbits
 498              	.Ldebug_info0:
 499 0000 F3030000 		.4byte	0x3f3
 500 0004 0400     		.2byte	0x4
 501 0006 00000000 		.4byte	.Ldebug_abbrev0
 502 000a 04       		.byte	0x4
 503 000b 01       		.uleb128 0x1
 504 000c 79000000 		.4byte	.LASF40
 505 0010 0C       		.byte	0xc
 506 0011 16000000 		.4byte	.LASF41
 507 0015 B5010000 		.4byte	.LASF42
 508 0019 30000000 		.4byte	.Ldebug_ranges0+0x30
 509 001d 00000000 		.4byte	0
 510 0021 00000000 		.4byte	.Ldebug_line0
 511 0025 02       		.uleb128 0x2
 512 0026 01       		.byte	0x1
 513 0027 06       		.byte	0x6
 514 0028 B0020000 		.4byte	.LASF0
 515 002c 02       		.uleb128 0x2
 516 002d 01       		.byte	0x1
 517 002e 08       		.byte	0x8
 518 002f 39010000 		.4byte	.LASF1
 519 0033 02       		.uleb128 0x2
 520 0034 02       		.byte	0x2
 521 0035 05       		.byte	0x5
 522 0036 80020000 		.4byte	.LASF2
 523 003a 02       		.uleb128 0x2
 524 003b 02       		.byte	0x2
 525 003c 07       		.byte	0x7
 526 003d 19010000 		.4byte	.LASF3
 527 0041 03       		.uleb128 0x3
 528 0042 24000000 		.4byte	.LASF9
 529 0046 02       		.byte	0x2
 530 0047 3F       		.byte	0x3f
 531 0048 4C000000 		.4byte	0x4c
 532 004c 02       		.uleb128 0x2
 533 004d 04       		.byte	0x4
 534 004e 05       		.byte	0x5
 535 004f 9B020000 		.4byte	.LASF4
 536 0053 02       		.uleb128 0x2
 537 0054 04       		.byte	0x4
 538 0055 07       		.byte	0x7
 539 0056 07010000 		.4byte	.LASF5
 540 005a 02       		.uleb128 0x2
 541 005b 08       		.byte	0x8
 542 005c 05       		.byte	0x5
 543 005d 2F020000 		.4byte	.LASF6
 544 0061 02       		.uleb128 0x2
 545 0062 08       		.byte	0x8
 546 0063 07       		.byte	0x7
 547 0064 8A010000 		.4byte	.LASF7
 548 0068 04       		.uleb128 0x4
 549 0069 04       		.byte	0x4
 550 006a 05       		.byte	0x5
 551 006b 696E7400 		.ascii	"int\000"
 552 006f 02       		.uleb128 0x2
 553 0070 04       		.byte	0x4
ARM GAS  C:\Users\Lasse\AppData\Local\Temp\ccp5nFzz.s 			page 14


 554 0071 07       		.byte	0x7
 555 0072 70010000 		.4byte	.LASF8
 556 0076 03       		.uleb128 0x3
 557 0077 1E020000 		.4byte	.LASF10
 558 007b 03       		.byte	0x3
 559 007c 2C       		.byte	0x2c
 560 007d 41000000 		.4byte	0x41
 561 0081 05       		.uleb128 0x5
 562 0082 60000000 		.4byte	.LASF11
 563 0086 04       		.byte	0x4
 564 0087 E401     		.2byte	0x1e4
 565 0089 2C000000 		.4byte	0x2c
 566 008d 02       		.uleb128 0x2
 567 008e 04       		.byte	0x4
 568 008f 04       		.byte	0x4
 569 0090 5A000000 		.4byte	.LASF12
 570 0094 02       		.uleb128 0x2
 571 0095 08       		.byte	0x8
 572 0096 04       		.byte	0x4
 573 0097 34000000 		.4byte	.LASF13
 574 009b 02       		.uleb128 0x2
 575 009c 01       		.byte	0x1
 576 009d 08       		.byte	0x8
 577 009e 52020000 		.4byte	.LASF14
 578 00a2 02       		.uleb128 0x2
 579 00a3 08       		.byte	0x8
 580 00a4 04       		.byte	0x4
 581 00a5 A4020000 		.4byte	.LASF15
 582 00a9 02       		.uleb128 0x2
 583 00aa 04       		.byte	0x4
 584 00ab 07       		.byte	0x7
 585 00ac 26020000 		.4byte	.LASF16
 586 00b0 06       		.uleb128 0x6
 587 00b1 41000000 		.4byte	.LASF43
 588 00b5 01       		.byte	0x1
 589 00b6 2C000000 		.4byte	0x2c
 590 00ba 06       		.byte	0x6
 591 00bb 12       		.byte	0x12
 592 00bc D9000000 		.4byte	0xd9
 593 00c0 07       		.uleb128 0x7
 594 00c1 FC020000 		.4byte	.LASF17
 595 00c5 00       		.byte	0
 596 00c6 07       		.uleb128 0x7
 597 00c7 11000000 		.4byte	.LASF18
 598 00cb 01       		.byte	0x1
 599 00cc 07       		.uleb128 0x7
 600 00cd 47000000 		.4byte	.LASF19
 601 00d1 02       		.byte	0x2
 602 00d2 07       		.uleb128 0x7
 603 00d3 66000000 		.4byte	.LASF20
 604 00d7 03       		.byte	0x3
 605 00d8 00       		.byte	0
 606 00d9 08       		.uleb128 0x8
 607 00da 4E010000 		.4byte	.LASF21
 608 00de 01       		.byte	0x1
 609 00df 67       		.byte	0x67
 610 00e0 00000000 		.4byte	.LFB69
ARM GAS  C:\Users\Lasse\AppData\Local\Temp\ccp5nFzz.s 			page 15


 611 00e4 18000000 		.4byte	.LFE69-.LFB69
 612 00e8 01       		.uleb128 0x1
 613 00e9 9C       		.byte	0x9c
 614 00ea 02010000 		.4byte	0x102
 615 00ee 09       		.uleb128 0x9
 616 00ef 0E000000 		.4byte	.LVL0
 617 00f3 A8030000 		.4byte	0x3a8
 618 00f7 0A       		.uleb128 0xa
 619 00f8 01       		.uleb128 0x1
 620 00f9 50       		.byte	0x50
 621 00fa 05       		.uleb128 0x5
 622 00fb 03       		.byte	0x3
 623 00fc 00000000 		.4byte	.LC0
 624 0100 00       		.byte	0
 625 0101 00       		.byte	0
 626 0102 0B       		.uleb128 0xb
 627 0103 D0020000 		.4byte	.LASF25
 628 0107 01       		.byte	0x1
 629 0108 0F       		.byte	0xf
 630 0109 00000000 		.4byte	.LFB63
 631 010d 1C000000 		.4byte	.LFE63-.LFB63
 632 0111 01       		.uleb128 0x1
 633 0112 9C       		.byte	0x9c
 634 0113 38010000 		.4byte	0x138
 635 0117 0C       		.uleb128 0xc
 636 0118 08000000 		.4byte	.LVL1
 637 011c A8030000 		.4byte	0x3a8
 638 0120 2E010000 		.4byte	0x12e
 639 0124 0A       		.uleb128 0xa
 640 0125 01       		.uleb128 0x1
 641 0126 50       		.byte	0x50
 642 0127 05       		.uleb128 0x5
 643 0128 03       		.byte	0x3
 644 0129 10000000 		.4byte	.LC1
 645 012d 00       		.byte	0
 646 012e 0D       		.uleb128 0xd
 647 012f 0C000000 		.4byte	.LVL2
 648 0133 B3030000 		.4byte	0x3b3
 649 0137 00       		.byte	0
 650 0138 08       		.uleb128 0x8
 651 0139 F2020000 		.4byte	.LASF22
 652 013d 01       		.byte	0x1
 653 013e 37       		.byte	0x37
 654 013f 00000000 		.4byte	.LFB67
 655 0143 50000000 		.4byte	.LFE67-.LFB67
 656 0147 01       		.uleb128 0x1
 657 0148 9C       		.byte	0x9c
 658 0149 E2010000 		.4byte	0x1e2
 659 014d 0C       		.uleb128 0xc
 660 014e 0E000000 		.4byte	.LVL3
 661 0152 BE030000 		.4byte	0x3be
 662 0156 60010000 		.4byte	0x160
 663 015a 0A       		.uleb128 0xa
 664 015b 01       		.uleb128 0x1
 665 015c 50       		.byte	0x50
 666 015d 01       		.uleb128 0x1
 667 015e 30       		.byte	0x30
ARM GAS  C:\Users\Lasse\AppData\Local\Temp\ccp5nFzz.s 			page 16


 668 015f 00       		.byte	0
 669 0160 0C       		.uleb128 0xc
 670 0161 14000000 		.4byte	.LVL4
 671 0165 C9030000 		.4byte	0x3c9
 672 0169 73010000 		.4byte	0x173
 673 016d 0A       		.uleb128 0xa
 674 016e 01       		.uleb128 0x1
 675 016f 50       		.byte	0x50
 676 0170 01       		.uleb128 0x1
 677 0171 30       		.byte	0x30
 678 0172 00       		.byte	0
 679 0173 0C       		.uleb128 0xc
 680 0174 20000000 		.4byte	.LVL5
 681 0178 BE030000 		.4byte	0x3be
 682 017c 86010000 		.4byte	0x186
 683 0180 0A       		.uleb128 0xa
 684 0181 01       		.uleb128 0x1
 685 0182 50       		.byte	0x50
 686 0183 01       		.uleb128 0x1
 687 0184 31       		.byte	0x31
 688 0185 00       		.byte	0
 689 0186 0C       		.uleb128 0xc
 690 0187 26000000 		.4byte	.LVL6
 691 018b C9030000 		.4byte	0x3c9
 692 018f 99010000 		.4byte	0x199
 693 0193 0A       		.uleb128 0xa
 694 0194 01       		.uleb128 0x1
 695 0195 50       		.byte	0x50
 696 0196 01       		.uleb128 0x1
 697 0197 30       		.byte	0x30
 698 0198 00       		.byte	0
 699 0199 0C       		.uleb128 0xc
 700 019a 32000000 		.4byte	.LVL7
 701 019e BE030000 		.4byte	0x3be
 702 01a2 AC010000 		.4byte	0x1ac
 703 01a6 0A       		.uleb128 0xa
 704 01a7 01       		.uleb128 0x1
 705 01a8 50       		.byte	0x50
 706 01a9 01       		.uleb128 0x1
 707 01aa 31       		.byte	0x31
 708 01ab 00       		.byte	0
 709 01ac 0C       		.uleb128 0xc
 710 01ad 38000000 		.4byte	.LVL8
 711 01b1 C9030000 		.4byte	0x3c9
 712 01b5 BF010000 		.4byte	0x1bf
 713 01b9 0A       		.uleb128 0xa
 714 01ba 01       		.uleb128 0x1
 715 01bb 50       		.byte	0x50
 716 01bc 01       		.uleb128 0x1
 717 01bd 31       		.byte	0x31
 718 01be 00       		.byte	0
 719 01bf 0C       		.uleb128 0xc
 720 01c0 44000000 		.4byte	.LVL9
 721 01c4 BE030000 		.4byte	0x3be
 722 01c8 D2010000 		.4byte	0x1d2
 723 01cc 0A       		.uleb128 0xa
 724 01cd 01       		.uleb128 0x1
ARM GAS  C:\Users\Lasse\AppData\Local\Temp\ccp5nFzz.s 			page 17


 725 01ce 50       		.byte	0x50
 726 01cf 01       		.uleb128 0x1
 727 01d0 30       		.byte	0x30
 728 01d1 00       		.byte	0
 729 01d2 09       		.uleb128 0x9
 730 01d3 4A000000 		.4byte	.LVL10
 731 01d7 C9030000 		.4byte	0x3c9
 732 01db 0A       		.uleb128 0xa
 733 01dc 01       		.uleb128 0x1
 734 01dd 50       		.byte	0x50
 735 01de 01       		.uleb128 0x1
 736 01df 31       		.byte	0x31
 737 01e0 00       		.byte	0
 738 01e1 00       		.byte	0
 739 01e2 08       		.uleb128 0x8
 740 01e3 57020000 		.4byte	.LASF23
 741 01e7 01       		.byte	0x1
 742 01e8 1F       		.byte	0x1f
 743 01e9 00000000 		.4byte	.LFB65
 744 01ed 38000000 		.4byte	.LFE65-.LFB65
 745 01f1 01       		.uleb128 0x1
 746 01f2 9C       		.byte	0x9c
 747 01f3 14020000 		.4byte	0x214
 748 01f7 0D       		.uleb128 0xd
 749 01f8 1C000000 		.4byte	.LVL11
 750 01fc 38010000 		.4byte	0x138
 751 0200 09       		.uleb128 0x9
 752 0201 2A000000 		.4byte	.LVL12
 753 0205 A8030000 		.4byte	0x3a8
 754 0209 0A       		.uleb128 0xa
 755 020a 01       		.uleb128 0x1
 756 020b 50       		.byte	0x50
 757 020c 05       		.uleb128 0x5
 758 020d 03       		.byte	0x3
 759 020e 24000000 		.4byte	.LC2
 760 0212 00       		.byte	0
 761 0213 00       		.byte	0
 762 0214 08       		.uleb128 0x8
 763 0215 68020000 		.4byte	.LASF24
 764 0219 01       		.byte	0x1
 765 021a 2C       		.byte	0x2c
 766 021b 00000000 		.4byte	.LFB66
 767 021f 2C000000 		.4byte	.LFE66-.LFB66
 768 0223 01       		.uleb128 0x1
 769 0224 9C       		.byte	0x9c
 770 0225 33020000 		.4byte	0x233
 771 0229 0D       		.uleb128 0xd
 772 022a 1A000000 		.4byte	.LVL13
 773 022e 38010000 		.4byte	0x138
 774 0232 00       		.byte	0
 775 0233 0E       		.uleb128 0xe
 776 0234 2E000000 		.4byte	.LASF44
 777 0238 01       		.byte	0x1
 778 0239 15       		.byte	0x15
 779 023a 00000000 		.4byte	.LFB64
 780 023e 28000000 		.4byte	.LFE64-.LFB64
 781 0242 01       		.uleb128 0x1
ARM GAS  C:\Users\Lasse\AppData\Local\Temp\ccp5nFzz.s 			page 18


 782 0243 9C       		.byte	0x9c
 783 0244 8F020000 		.4byte	0x28f
 784 0248 0C       		.uleb128 0xc
 785 0249 08000000 		.4byte	.LVL14
 786 024d BE030000 		.4byte	0x3be
 787 0251 5B020000 		.4byte	0x25b
 788 0255 0A       		.uleb128 0xa
 789 0256 01       		.uleb128 0x1
 790 0257 50       		.byte	0x50
 791 0258 01       		.uleb128 0x1
 792 0259 30       		.byte	0x30
 793 025a 00       		.byte	0
 794 025b 0C       		.uleb128 0xc
 795 025c 0E000000 		.4byte	.LVL15
 796 0260 C9030000 		.4byte	0x3c9
 797 0264 6E020000 		.4byte	0x26e
 798 0268 0A       		.uleb128 0xa
 799 0269 01       		.uleb128 0x1
 800 026a 50       		.byte	0x50
 801 026b 01       		.uleb128 0x1
 802 026c 30       		.byte	0x30
 803 026d 00       		.byte	0
 804 026e 0C       		.uleb128 0xc
 805 026f 14000000 		.4byte	.LVL16
 806 0273 D4030000 		.4byte	0x3d4
 807 0277 85020000 		.4byte	0x285
 808 027b 0A       		.uleb128 0xa
 809 027c 01       		.uleb128 0x1
 810 027d 50       		.byte	0x50
 811 027e 05       		.uleb128 0x5
 812 027f 03       		.byte	0x3
 813 0280 00000000 		.4byte	stepper_isr_handler
 814 0284 00       		.byte	0
 815 0285 0D       		.uleb128 0xd
 816 0286 1E000000 		.4byte	.LVL17
 817 028a D9000000 		.4byte	0xd9
 818 028e 00       		.byte	0
 819 028f 0F       		.uleb128 0xf
 820 0290 4D000000 		.4byte	.LASF26
 821 0294 01       		.byte	0x1
 822 0295 4A       		.byte	0x4a
 823 0296 00000000 		.4byte	.LFB68
 824 029a B0000000 		.4byte	.LFE68-.LFB68
 825 029e 01       		.uleb128 0x1
 826 029f 9C       		.byte	0x9c
 827 02a0 64030000 		.4byte	0x364
 828 02a4 10       		.uleb128 0x10
 829 02a5 64656700 		.ascii	"deg\000"
 830 02a9 01       		.byte	0x1
 831 02aa 4A       		.byte	0x4a
 832 02ab 68000000 		.4byte	0x68
 833 02af 00000000 		.4byte	.LLST0
 834 02b3 11       		.uleb128 0x11
 835 02b4 47010000 		.4byte	.LASF27
 836 02b8 01       		.byte	0x1
 837 02b9 4C       		.byte	0x4c
 838 02ba 8D000000 		.4byte	0x8d
ARM GAS  C:\Users\Lasse\AppData\Local\Temp\ccp5nFzz.s 			page 19


 839 02be 77000000 		.4byte	.LLST1
 840 02c2 11       		.uleb128 0x11
 841 02c3 3B000000 		.4byte	.LASF28
 842 02c7 01       		.byte	0x1
 843 02c8 4D       		.byte	0x4d
 844 02c9 68000000 		.4byte	0x68
 845 02cd 8A000000 		.4byte	.LLST2
 846 02d1 12       		.uleb128 0x12
 847 02d2 00000000 		.4byte	.Ldebug_ranges0+0
 848 02d6 11030000 		.4byte	0x311
 849 02da 13       		.uleb128 0x13
 850 02db 6900     		.ascii	"i\000"
 851 02dd 01       		.byte	0x1
 852 02de 50       		.byte	0x50
 853 02df 68000000 		.4byte	0x68
 854 02e3 00010000 		.4byte	.LLST3
 855 02e7 0D       		.uleb128 0xd
 856 02e8 34000000 		.4byte	.LVL28
 857 02ec DF030000 		.4byte	0x3df
 858 02f0 0C       		.uleb128 0xc
 859 02f1 3A000000 		.4byte	.LVL29
 860 02f5 A8030000 		.4byte	0x3a8
 861 02f9 07030000 		.4byte	0x307
 862 02fd 0A       		.uleb128 0xa
 863 02fe 01       		.uleb128 0x1
 864 02ff 50       		.byte	0x50
 865 0300 05       		.uleb128 0x5
 866 0301 03       		.byte	0x3
 867 0302 64000000 		.4byte	.LC4
 868 0306 00       		.byte	0
 869 0307 0D       		.uleb128 0xd
 870 0308 46000000 		.4byte	.LVL30
 871 030c E2010000 		.4byte	0x1e2
 872 0310 00       		.byte	0
 873 0311 12       		.uleb128 0x12
 874 0312 18000000 		.4byte	.Ldebug_ranges0+0x18
 875 0316 3A030000 		.4byte	0x33a
 876 031a 13       		.uleb128 0x13
 877 031b 6900     		.ascii	"i\000"
 878 031d 01       		.byte	0x1
 879 031e 5D       		.byte	0x5d
 880 031f 68000000 		.4byte	0x68
 881 0323 1E010000 		.4byte	.LLST4
 882 0327 0D       		.uleb128 0xd
 883 0328 76000000 		.4byte	.LVL38
 884 032c DF030000 		.4byte	0x3df
 885 0330 0D       		.uleb128 0xd
 886 0331 82000000 		.4byte	.LVL39
 887 0335 14020000 		.4byte	0x214
 888 0339 00       		.byte	0
 889 033a 0C       		.uleb128 0xc
 890 033b 0A000000 		.4byte	.LVL20
 891 033f A8030000 		.4byte	0x3a8
 892 0343 51030000 		.4byte	0x351
 893 0347 0A       		.uleb128 0xa
 894 0348 01       		.uleb128 0x1
 895 0349 50       		.byte	0x50
ARM GAS  C:\Users\Lasse\AppData\Local\Temp\ccp5nFzz.s 			page 20


 896 034a 05       		.uleb128 0x5
 897 034b 03       		.byte	0x3
 898 034c 40000000 		.4byte	.LC3
 899 0350 00       		.byte	0
 900 0351 0D       		.uleb128 0xd
 901 0352 26000000 		.4byte	.LVL25
 902 0356 EA030000 		.4byte	0x3ea
 903 035a 0D       		.uleb128 0xd
 904 035b 6A000000 		.4byte	.LVL35
 905 035f D9000000 		.4byte	0xd9
 906 0363 00       		.byte	0
 907 0364 14       		.uleb128 0x14
 908 0365 2C010000 		.4byte	.LASF29
 909 0369 05       		.byte	0x5
 910 036a 1207     		.2byte	0x712
 911 036c 70030000 		.4byte	0x370
 912 0370 15       		.uleb128 0x15
 913 0371 76000000 		.4byte	0x76
 914 0375 16       		.uleb128 0x16
 915 0376 8A020000 		.4byte	.LASF30
 916 037a 06       		.byte	0x6
 917 037b 14       		.byte	0x14
 918 037c 68000000 		.4byte	0x68
 919 0380 05       		.uleb128 0x5
 920 0381 03       		.byte	0x3
 921 0382 00000000 		.4byte	stepperPositionX
 922 0386 16       		.uleb128 0x16
 923 0387 6B000000 		.4byte	.LASF31
 924 038b 06       		.byte	0x6
 925 038c 15       		.byte	0x15
 926 038d 81000000 		.4byte	0x81
 927 0391 05       		.uleb128 0x5
 928 0392 03       		.byte	0x3
 929 0393 00000000 		.4byte	timerDoneFlag
 930 0397 16       		.uleb128 0x16
 931 0398 E4020000 		.4byte	.LASF32
 932 039c 06       		.byte	0x6
 933 039d 16       		.byte	0x16
 934 039e B0000000 		.4byte	0xb0
 935 03a2 05       		.uleb128 0x5
 936 03a3 03       		.byte	0x3
 937 03a4 00000000 		.4byte	stepperStateX
 938 03a8 17       		.uleb128 0x17
 939 03a9 00000000 		.4byte	.LASF33
 940 03ad 00000000 		.4byte	.LASF33
 941 03b1 07       		.byte	0x7
 942 03b2 8B       		.byte	0x8b
 943 03b3 17       		.uleb128 0x17
 944 03b4 A1010000 		.4byte	.LASF34
 945 03b8 A1010000 		.4byte	.LASF34
 946 03bc 08       		.byte	0x8
 947 03bd 5B       		.byte	0x5b
 948 03be 17       		.uleb128 0x17
 949 03bf 5D010000 		.4byte	.LASF35
 950 03c3 5D010000 		.4byte	.LASF35
 951 03c7 09       		.byte	0x9
 952 03c8 26       		.byte	0x26
ARM GAS  C:\Users\Lasse\AppData\Local\Temp\ccp5nFzz.s 			page 21


 953 03c9 17       		.uleb128 0x17
 954 03ca 7D010000 		.4byte	.LASF36
 955 03ce 7D010000 		.4byte	.LASF36
 956 03d2 0A       		.byte	0xa
 957 03d3 26       		.byte	0x26
 958 03d4 17       		.uleb128 0x17
 959 03d5 BC020000 		.4byte	.LASF37
 960 03d9 BC020000 		.4byte	.LASF37
 961 03dd 0B       		.byte	0xb
 962 03de 18       		.byte	0x18
 963 03df 17       		.uleb128 0x17
 964 03e0 3D020000 		.4byte	.LASF38
 965 03e4 3D020000 		.4byte	.LASF38
 966 03e8 08       		.byte	0x8
 967 03e9 5A       		.byte	0x5a
 968 03ea 18       		.uleb128 0x18
 969 03eb 6A010000 		.4byte	.LASF39
 970 03ef 6A010000 		.4byte	.LASF39
 971 03f3 0C       		.byte	0xc
 972 03f4 4B01     		.2byte	0x14b
 973 03f6 00       		.byte	0
 974              		.section	.debug_abbrev,"",%progbits
 975              	.Ldebug_abbrev0:
 976 0000 01       		.uleb128 0x1
 977 0001 11       		.uleb128 0x11
 978 0002 01       		.byte	0x1
 979 0003 25       		.uleb128 0x25
 980 0004 0E       		.uleb128 0xe
 981 0005 13       		.uleb128 0x13
 982 0006 0B       		.uleb128 0xb
 983 0007 03       		.uleb128 0x3
 984 0008 0E       		.uleb128 0xe
 985 0009 1B       		.uleb128 0x1b
 986 000a 0E       		.uleb128 0xe
 987 000b 55       		.uleb128 0x55
 988 000c 17       		.uleb128 0x17
 989 000d 11       		.uleb128 0x11
 990 000e 01       		.uleb128 0x1
 991 000f 10       		.uleb128 0x10
 992 0010 17       		.uleb128 0x17
 993 0011 00       		.byte	0
 994 0012 00       		.byte	0
 995 0013 02       		.uleb128 0x2
 996 0014 24       		.uleb128 0x24
 997 0015 00       		.byte	0
 998 0016 0B       		.uleb128 0xb
 999 0017 0B       		.uleb128 0xb
 1000 0018 3E       		.uleb128 0x3e
 1001 0019 0B       		.uleb128 0xb
 1002 001a 03       		.uleb128 0x3
 1003 001b 0E       		.uleb128 0xe
 1004 001c 00       		.byte	0
 1005 001d 00       		.byte	0
 1006 001e 03       		.uleb128 0x3
 1007 001f 16       		.uleb128 0x16
 1008 0020 00       		.byte	0
 1009 0021 03       		.uleb128 0x3
ARM GAS  C:\Users\Lasse\AppData\Local\Temp\ccp5nFzz.s 			page 22


 1010 0022 0E       		.uleb128 0xe
 1011 0023 3A       		.uleb128 0x3a
 1012 0024 0B       		.uleb128 0xb
 1013 0025 3B       		.uleb128 0x3b
 1014 0026 0B       		.uleb128 0xb
 1015 0027 49       		.uleb128 0x49
 1016 0028 13       		.uleb128 0x13
 1017 0029 00       		.byte	0
 1018 002a 00       		.byte	0
 1019 002b 04       		.uleb128 0x4
 1020 002c 24       		.uleb128 0x24
 1021 002d 00       		.byte	0
 1022 002e 0B       		.uleb128 0xb
 1023 002f 0B       		.uleb128 0xb
 1024 0030 3E       		.uleb128 0x3e
 1025 0031 0B       		.uleb128 0xb
 1026 0032 03       		.uleb128 0x3
 1027 0033 08       		.uleb128 0x8
 1028 0034 00       		.byte	0
 1029 0035 00       		.byte	0
 1030 0036 05       		.uleb128 0x5
 1031 0037 16       		.uleb128 0x16
 1032 0038 00       		.byte	0
 1033 0039 03       		.uleb128 0x3
 1034 003a 0E       		.uleb128 0xe
 1035 003b 3A       		.uleb128 0x3a
 1036 003c 0B       		.uleb128 0xb
 1037 003d 3B       		.uleb128 0x3b
 1038 003e 05       		.uleb128 0x5
 1039 003f 49       		.uleb128 0x49
 1040 0040 13       		.uleb128 0x13
 1041 0041 00       		.byte	0
 1042 0042 00       		.byte	0
 1043 0043 06       		.uleb128 0x6
 1044 0044 04       		.uleb128 0x4
 1045 0045 01       		.byte	0x1
 1046 0046 03       		.uleb128 0x3
 1047 0047 0E       		.uleb128 0xe
 1048 0048 0B       		.uleb128 0xb
 1049 0049 0B       		.uleb128 0xb
 1050 004a 49       		.uleb128 0x49
 1051 004b 13       		.uleb128 0x13
 1052 004c 3A       		.uleb128 0x3a
 1053 004d 0B       		.uleb128 0xb
 1054 004e 3B       		.uleb128 0x3b
 1055 004f 0B       		.uleb128 0xb
 1056 0050 01       		.uleb128 0x1
 1057 0051 13       		.uleb128 0x13
 1058 0052 00       		.byte	0
 1059 0053 00       		.byte	0
 1060 0054 07       		.uleb128 0x7
 1061 0055 28       		.uleb128 0x28
 1062 0056 00       		.byte	0
 1063 0057 03       		.uleb128 0x3
 1064 0058 0E       		.uleb128 0xe
 1065 0059 1C       		.uleb128 0x1c
 1066 005a 0B       		.uleb128 0xb
ARM GAS  C:\Users\Lasse\AppData\Local\Temp\ccp5nFzz.s 			page 23


 1067 005b 00       		.byte	0
 1068 005c 00       		.byte	0
 1069 005d 08       		.uleb128 0x8
 1070 005e 2E       		.uleb128 0x2e
 1071 005f 01       		.byte	0x1
 1072 0060 03       		.uleb128 0x3
 1073 0061 0E       		.uleb128 0xe
 1074 0062 3A       		.uleb128 0x3a
 1075 0063 0B       		.uleb128 0xb
 1076 0064 3B       		.uleb128 0x3b
 1077 0065 0B       		.uleb128 0xb
 1078 0066 11       		.uleb128 0x11
 1079 0067 01       		.uleb128 0x1
 1080 0068 12       		.uleb128 0x12
 1081 0069 06       		.uleb128 0x6
 1082 006a 40       		.uleb128 0x40
 1083 006b 18       		.uleb128 0x18
 1084 006c 9742     		.uleb128 0x2117
 1085 006e 19       		.uleb128 0x19
 1086 006f 01       		.uleb128 0x1
 1087 0070 13       		.uleb128 0x13
 1088 0071 00       		.byte	0
 1089 0072 00       		.byte	0
 1090 0073 09       		.uleb128 0x9
 1091 0074 898201   		.uleb128 0x4109
 1092 0077 01       		.byte	0x1
 1093 0078 11       		.uleb128 0x11
 1094 0079 01       		.uleb128 0x1
 1095 007a 31       		.uleb128 0x31
 1096 007b 13       		.uleb128 0x13
 1097 007c 00       		.byte	0
 1098 007d 00       		.byte	0
 1099 007e 0A       		.uleb128 0xa
 1100 007f 8A8201   		.uleb128 0x410a
 1101 0082 00       		.byte	0
 1102 0083 02       		.uleb128 0x2
 1103 0084 18       		.uleb128 0x18
 1104 0085 9142     		.uleb128 0x2111
 1105 0087 18       		.uleb128 0x18
 1106 0088 00       		.byte	0
 1107 0089 00       		.byte	0
 1108 008a 0B       		.uleb128 0xb
 1109 008b 2E       		.uleb128 0x2e
 1110 008c 01       		.byte	0x1
 1111 008d 3F       		.uleb128 0x3f
 1112 008e 19       		.uleb128 0x19
 1113 008f 03       		.uleb128 0x3
 1114 0090 0E       		.uleb128 0xe
 1115 0091 3A       		.uleb128 0x3a
 1116 0092 0B       		.uleb128 0xb
 1117 0093 3B       		.uleb128 0x3b
 1118 0094 0B       		.uleb128 0xb
 1119 0095 27       		.uleb128 0x27
 1120 0096 19       		.uleb128 0x19
 1121 0097 11       		.uleb128 0x11
 1122 0098 01       		.uleb128 0x1
 1123 0099 12       		.uleb128 0x12
ARM GAS  C:\Users\Lasse\AppData\Local\Temp\ccp5nFzz.s 			page 24


 1124 009a 06       		.uleb128 0x6
 1125 009b 40       		.uleb128 0x40
 1126 009c 18       		.uleb128 0x18
 1127 009d 9742     		.uleb128 0x2117
 1128 009f 19       		.uleb128 0x19
 1129 00a0 01       		.uleb128 0x1
 1130 00a1 13       		.uleb128 0x13
 1131 00a2 00       		.byte	0
 1132 00a3 00       		.byte	0
 1133 00a4 0C       		.uleb128 0xc
 1134 00a5 898201   		.uleb128 0x4109
 1135 00a8 01       		.byte	0x1
 1136 00a9 11       		.uleb128 0x11
 1137 00aa 01       		.uleb128 0x1
 1138 00ab 31       		.uleb128 0x31
 1139 00ac 13       		.uleb128 0x13
 1140 00ad 01       		.uleb128 0x1
 1141 00ae 13       		.uleb128 0x13
 1142 00af 00       		.byte	0
 1143 00b0 00       		.byte	0
 1144 00b1 0D       		.uleb128 0xd
 1145 00b2 898201   		.uleb128 0x4109
 1146 00b5 00       		.byte	0
 1147 00b6 11       		.uleb128 0x11
 1148 00b7 01       		.uleb128 0x1
 1149 00b8 31       		.uleb128 0x31
 1150 00b9 13       		.uleb128 0x13
 1151 00ba 00       		.byte	0
 1152 00bb 00       		.byte	0
 1153 00bc 0E       		.uleb128 0xe
 1154 00bd 2E       		.uleb128 0x2e
 1155 00be 01       		.byte	0x1
 1156 00bf 3F       		.uleb128 0x3f
 1157 00c0 19       		.uleb128 0x19
 1158 00c1 03       		.uleb128 0x3
 1159 00c2 0E       		.uleb128 0xe
 1160 00c3 3A       		.uleb128 0x3a
 1161 00c4 0B       		.uleb128 0xb
 1162 00c5 3B       		.uleb128 0x3b
 1163 00c6 0B       		.uleb128 0xb
 1164 00c7 11       		.uleb128 0x11
 1165 00c8 01       		.uleb128 0x1
 1166 00c9 12       		.uleb128 0x12
 1167 00ca 06       		.uleb128 0x6
 1168 00cb 40       		.uleb128 0x40
 1169 00cc 18       		.uleb128 0x18
 1170 00cd 9742     		.uleb128 0x2117
 1171 00cf 19       		.uleb128 0x19
 1172 00d0 01       		.uleb128 0x1
 1173 00d1 13       		.uleb128 0x13
 1174 00d2 00       		.byte	0
 1175 00d3 00       		.byte	0
 1176 00d4 0F       		.uleb128 0xf
 1177 00d5 2E       		.uleb128 0x2e
 1178 00d6 01       		.byte	0x1
 1179 00d7 3F       		.uleb128 0x3f
 1180 00d8 19       		.uleb128 0x19
ARM GAS  C:\Users\Lasse\AppData\Local\Temp\ccp5nFzz.s 			page 25


 1181 00d9 03       		.uleb128 0x3
 1182 00da 0E       		.uleb128 0xe
 1183 00db 3A       		.uleb128 0x3a
 1184 00dc 0B       		.uleb128 0xb
 1185 00dd 3B       		.uleb128 0x3b
 1186 00de 0B       		.uleb128 0xb
 1187 00df 27       		.uleb128 0x27
 1188 00e0 19       		.uleb128 0x19
 1189 00e1 11       		.uleb128 0x11
 1190 00e2 01       		.uleb128 0x1
 1191 00e3 12       		.uleb128 0x12
 1192 00e4 06       		.uleb128 0x6
 1193 00e5 40       		.uleb128 0x40
 1194 00e6 18       		.uleb128 0x18
 1195 00e7 9642     		.uleb128 0x2116
 1196 00e9 19       		.uleb128 0x19
 1197 00ea 01       		.uleb128 0x1
 1198 00eb 13       		.uleb128 0x13
 1199 00ec 00       		.byte	0
 1200 00ed 00       		.byte	0
 1201 00ee 10       		.uleb128 0x10
 1202 00ef 05       		.uleb128 0x5
 1203 00f0 00       		.byte	0
 1204 00f1 03       		.uleb128 0x3
 1205 00f2 08       		.uleb128 0x8
 1206 00f3 3A       		.uleb128 0x3a
 1207 00f4 0B       		.uleb128 0xb
 1208 00f5 3B       		.uleb128 0x3b
 1209 00f6 0B       		.uleb128 0xb
 1210 00f7 49       		.uleb128 0x49
 1211 00f8 13       		.uleb128 0x13
 1212 00f9 02       		.uleb128 0x2
 1213 00fa 17       		.uleb128 0x17
 1214 00fb 00       		.byte	0
 1215 00fc 00       		.byte	0
 1216 00fd 11       		.uleb128 0x11
 1217 00fe 34       		.uleb128 0x34
 1218 00ff 00       		.byte	0
 1219 0100 03       		.uleb128 0x3
 1220 0101 0E       		.uleb128 0xe
 1221 0102 3A       		.uleb128 0x3a
 1222 0103 0B       		.uleb128 0xb
 1223 0104 3B       		.uleb128 0x3b
 1224 0105 0B       		.uleb128 0xb
 1225 0106 49       		.uleb128 0x49
 1226 0107 13       		.uleb128 0x13
 1227 0108 02       		.uleb128 0x2
 1228 0109 17       		.uleb128 0x17
 1229 010a 00       		.byte	0
 1230 010b 00       		.byte	0
 1231 010c 12       		.uleb128 0x12
 1232 010d 0B       		.uleb128 0xb
 1233 010e 01       		.byte	0x1
 1234 010f 55       		.uleb128 0x55
 1235 0110 17       		.uleb128 0x17
 1236 0111 01       		.uleb128 0x1
 1237 0112 13       		.uleb128 0x13
ARM GAS  C:\Users\Lasse\AppData\Local\Temp\ccp5nFzz.s 			page 26


 1238 0113 00       		.byte	0
 1239 0114 00       		.byte	0
 1240 0115 13       		.uleb128 0x13
 1241 0116 34       		.uleb128 0x34
 1242 0117 00       		.byte	0
 1243 0118 03       		.uleb128 0x3
 1244 0119 08       		.uleb128 0x8
 1245 011a 3A       		.uleb128 0x3a
 1246 011b 0B       		.uleb128 0xb
 1247 011c 3B       		.uleb128 0x3b
 1248 011d 0B       		.uleb128 0xb
 1249 011e 49       		.uleb128 0x49
 1250 011f 13       		.uleb128 0x13
 1251 0120 02       		.uleb128 0x2
 1252 0121 17       		.uleb128 0x17
 1253 0122 00       		.byte	0
 1254 0123 00       		.byte	0
 1255 0124 14       		.uleb128 0x14
 1256 0125 34       		.uleb128 0x34
 1257 0126 00       		.byte	0
 1258 0127 03       		.uleb128 0x3
 1259 0128 0E       		.uleb128 0xe
 1260 0129 3A       		.uleb128 0x3a
 1261 012a 0B       		.uleb128 0xb
 1262 012b 3B       		.uleb128 0x3b
 1263 012c 05       		.uleb128 0x5
 1264 012d 49       		.uleb128 0x49
 1265 012e 13       		.uleb128 0x13
 1266 012f 3F       		.uleb128 0x3f
 1267 0130 19       		.uleb128 0x19
 1268 0131 3C       		.uleb128 0x3c
 1269 0132 19       		.uleb128 0x19
 1270 0133 00       		.byte	0
 1271 0134 00       		.byte	0
 1272 0135 15       		.uleb128 0x15
 1273 0136 35       		.uleb128 0x35
 1274 0137 00       		.byte	0
 1275 0138 49       		.uleb128 0x49
 1276 0139 13       		.uleb128 0x13
 1277 013a 00       		.byte	0
 1278 013b 00       		.byte	0
 1279 013c 16       		.uleb128 0x16
 1280 013d 34       		.uleb128 0x34
 1281 013e 00       		.byte	0
 1282 013f 03       		.uleb128 0x3
 1283 0140 0E       		.uleb128 0xe
 1284 0141 3A       		.uleb128 0x3a
 1285 0142 0B       		.uleb128 0xb
 1286 0143 3B       		.uleb128 0x3b
 1287 0144 0B       		.uleb128 0xb
 1288 0145 49       		.uleb128 0x49
 1289 0146 13       		.uleb128 0x13
 1290 0147 3F       		.uleb128 0x3f
 1291 0148 19       		.uleb128 0x19
 1292 0149 02       		.uleb128 0x2
 1293 014a 18       		.uleb128 0x18
 1294 014b 00       		.byte	0
ARM GAS  C:\Users\Lasse\AppData\Local\Temp\ccp5nFzz.s 			page 27


 1295 014c 00       		.byte	0
 1296 014d 17       		.uleb128 0x17
 1297 014e 2E       		.uleb128 0x2e
 1298 014f 00       		.byte	0
 1299 0150 3F       		.uleb128 0x3f
 1300 0151 19       		.uleb128 0x19
 1301 0152 3C       		.uleb128 0x3c
 1302 0153 19       		.uleb128 0x19
 1303 0154 6E       		.uleb128 0x6e
 1304 0155 0E       		.uleb128 0xe
 1305 0156 03       		.uleb128 0x3
 1306 0157 0E       		.uleb128 0xe
 1307 0158 3A       		.uleb128 0x3a
 1308 0159 0B       		.uleb128 0xb
 1309 015a 3B       		.uleb128 0x3b
 1310 015b 0B       		.uleb128 0xb
 1311 015c 00       		.byte	0
 1312 015d 00       		.byte	0
 1313 015e 18       		.uleb128 0x18
 1314 015f 2E       		.uleb128 0x2e
 1315 0160 00       		.byte	0
 1316 0161 3F       		.uleb128 0x3f
 1317 0162 19       		.uleb128 0x19
 1318 0163 3C       		.uleb128 0x3c
 1319 0164 19       		.uleb128 0x19
 1320 0165 6E       		.uleb128 0x6e
 1321 0166 0E       		.uleb128 0xe
 1322 0167 03       		.uleb128 0x3
 1323 0168 0E       		.uleb128 0xe
 1324 0169 3A       		.uleb128 0x3a
 1325 016a 0B       		.uleb128 0xb
 1326 016b 3B       		.uleb128 0x3b
 1327 016c 05       		.uleb128 0x5
 1328 016d 00       		.byte	0
 1329 016e 00       		.byte	0
 1330 016f 00       		.byte	0
 1331              		.section	.debug_loc,"",%progbits
 1332              	.Ldebug_loc0:
 1333              	.LLST0:
 1334 0000 00000000 		.4byte	.LVL18
 1335 0004 06000000 		.4byte	.LVL19
 1336 0008 0100     		.2byte	0x1
 1337 000a 50       		.byte	0x50
 1338 000b 06000000 		.4byte	.LVL19
 1339 000f 30000000 		.4byte	.LVL27
 1340 0013 0100     		.2byte	0x1
 1341 0015 54       		.byte	0x54
 1342 0016 30000000 		.4byte	.LVL27
 1343 001a 50000000 		.4byte	.LVL32
 1344 001e 0400     		.2byte	0x4
 1345 0020 F3       		.byte	0xf3
 1346 0021 01       		.uleb128 0x1
 1347 0022 50       		.byte	0x50
 1348 0023 9F       		.byte	0x9f
 1349 0024 50000000 		.4byte	.LVL32
 1350 0028 52000000 		.4byte	.LVL33
 1351 002c 0100     		.2byte	0x1
ARM GAS  C:\Users\Lasse\AppData\Local\Temp\ccp5nFzz.s 			page 28


 1352 002e 54       		.byte	0x54
 1353 002f 52000000 		.4byte	.LVL33
 1354 0033 58000000 		.4byte	.LVL34
 1355 0037 0400     		.2byte	0x4
 1356 0039 F3       		.byte	0xf3
 1357 003a 01       		.uleb128 0x1
 1358 003b 50       		.byte	0x50
 1359 003c 9F       		.byte	0x9f
 1360 003d 58000000 		.4byte	.LVL34
 1361 0041 72000000 		.4byte	.LVL37
 1362 0045 0100     		.2byte	0x1
 1363 0047 54       		.byte	0x54
 1364 0048 72000000 		.4byte	.LVL37
 1365 004c 8C000000 		.4byte	.LVL41
 1366 0050 0400     		.2byte	0x4
 1367 0052 F3       		.byte	0xf3
 1368 0053 01       		.uleb128 0x1
 1369 0054 50       		.byte	0x50
 1370 0055 9F       		.byte	0x9f
 1371 0056 8C000000 		.4byte	.LVL41
 1372 005a 8E000000 		.4byte	.LVL42
 1373 005e 0100     		.2byte	0x1
 1374 0060 54       		.byte	0x54
 1375 0061 8E000000 		.4byte	.LVL42
 1376 0065 B0000000 		.4byte	.LFE68
 1377 0069 0400     		.2byte	0x4
 1378 006b F3       		.byte	0xf3
 1379 006c 01       		.uleb128 0x1
 1380 006d 50       		.byte	0x50
 1381 006e 9F       		.byte	0x9f
 1382 006f 00000000 		.4byte	0
 1383 0073 00000000 		.4byte	0
 1384              	.LLST1:
 1385 0077 1E000000 		.4byte	.LVL23
 1386 007b 21000000 		.4byte	.LVL24-1
 1387 007f 0100     		.2byte	0x1
 1388 0081 50       		.byte	0x50
 1389 0082 00000000 		.4byte	0
 1390 0086 00000000 		.4byte	0
 1391              	.LLST2:
 1392 008a 2A000000 		.4byte	.LVL26
 1393 008e 30000000 		.4byte	.LVL27
 1394 0092 0100     		.2byte	0x1
 1395 0094 50       		.byte	0x50
 1396 0095 30000000 		.4byte	.LVL27
 1397 0099 50000000 		.4byte	.LVL32
 1398 009d 0100     		.2byte	0x1
 1399 009f 55       		.byte	0x55
 1400 00a0 50000000 		.4byte	.LVL32
 1401 00a4 52000000 		.4byte	.LVL33
 1402 00a8 0100     		.2byte	0x1
 1403 00aa 50       		.byte	0x50
 1404 00ab 52000000 		.4byte	.LVL33
 1405 00af 58000000 		.4byte	.LVL34
 1406 00b3 0100     		.2byte	0x1
 1407 00b5 55       		.byte	0x55
 1408 00b6 58000000 		.4byte	.LVL34
ARM GAS  C:\Users\Lasse\AppData\Local\Temp\ccp5nFzz.s 			page 29


 1409 00ba 69000000 		.4byte	.LVL35-1
 1410 00be 0100     		.2byte	0x1
 1411 00c0 50       		.byte	0x50
 1412 00c1 69000000 		.4byte	.LVL35-1
 1413 00c5 6C000000 		.4byte	.LVL36
 1414 00c9 0100     		.2byte	0x1
 1415 00cb 55       		.byte	0x55
 1416 00cc 6C000000 		.4byte	.LVL36
 1417 00d0 72000000 		.4byte	.LVL37
 1418 00d4 0100     		.2byte	0x1
 1419 00d6 50       		.byte	0x50
 1420 00d7 72000000 		.4byte	.LVL37
 1421 00db 8C000000 		.4byte	.LVL41
 1422 00df 0100     		.2byte	0x1
 1423 00e1 55       		.byte	0x55
 1424 00e2 8C000000 		.4byte	.LVL41
 1425 00e6 8E000000 		.4byte	.LVL42
 1426 00ea 0100     		.2byte	0x1
 1427 00ec 50       		.byte	0x50
 1428 00ed 8E000000 		.4byte	.LVL42
 1429 00f1 94000000 		.4byte	.LVL44
 1430 00f5 0100     		.2byte	0x1
 1431 00f7 55       		.byte	0x55
 1432 00f8 00000000 		.4byte	0
 1433 00fc 00000000 		.4byte	0
 1434              	.LLST3:
 1435 0100 30000000 		.4byte	.LVL27
 1436 0104 50000000 		.4byte	.LVL32
 1437 0108 0100     		.2byte	0x1
 1438 010a 54       		.byte	0x54
 1439 010b 52000000 		.4byte	.LVL33
 1440 010f 58000000 		.4byte	.LVL34
 1441 0113 0100     		.2byte	0x1
 1442 0115 54       		.byte	0x54
 1443 0116 00000000 		.4byte	0
 1444 011a 00000000 		.4byte	0
 1445              	.LLST4:
 1446 011e 72000000 		.4byte	.LVL37
 1447 0122 8C000000 		.4byte	.LVL41
 1448 0126 0100     		.2byte	0x1
 1449 0128 54       		.byte	0x54
 1450 0129 8E000000 		.4byte	.LVL42
 1451 012d 92000000 		.4byte	.LVL43
 1452 0131 0100     		.2byte	0x1
 1453 0133 54       		.byte	0x54
 1454 0134 00000000 		.4byte	0
 1455 0138 00000000 		.4byte	0
 1456              		.section	.debug_aranges,"",%progbits
 1457 0000 4C000000 		.4byte	0x4c
 1458 0004 0200     		.2byte	0x2
 1459 0006 00000000 		.4byte	.Ldebug_info0
 1460 000a 04       		.byte	0x4
 1461 000b 00       		.byte	0
 1462 000c 0000     		.2byte	0
 1463 000e 0000     		.2byte	0
 1464 0010 00000000 		.4byte	.LFB69
 1465 0014 18000000 		.4byte	.LFE69-.LFB69
ARM GAS  C:\Users\Lasse\AppData\Local\Temp\ccp5nFzz.s 			page 30


 1466 0018 00000000 		.4byte	.LFB63
 1467 001c 1C000000 		.4byte	.LFE63-.LFB63
 1468 0020 00000000 		.4byte	.LFB67
 1469 0024 50000000 		.4byte	.LFE67-.LFB67
 1470 0028 00000000 		.4byte	.LFB65
 1471 002c 38000000 		.4byte	.LFE65-.LFB65
 1472 0030 00000000 		.4byte	.LFB66
 1473 0034 2C000000 		.4byte	.LFE66-.LFB66
 1474 0038 00000000 		.4byte	.LFB64
 1475 003c 28000000 		.4byte	.LFE64-.LFB64
 1476 0040 00000000 		.4byte	.LFB68
 1477 0044 B0000000 		.4byte	.LFE68-.LFB68
 1478 0048 00000000 		.4byte	0
 1479 004c 00000000 		.4byte	0
 1480              		.section	.debug_ranges,"",%progbits
 1481              	.Ldebug_ranges0:
 1482 0000 30000000 		.4byte	.LBB2
 1483 0004 50000000 		.4byte	.LBE2
 1484 0008 52000000 		.4byte	.LBB3
 1485 000c 58000000 		.4byte	.LBE3
 1486 0010 00000000 		.4byte	0
 1487 0014 00000000 		.4byte	0
 1488 0018 70000000 		.4byte	.LBB4
 1489 001c 8C000000 		.4byte	.LBE4
 1490 0020 8E000000 		.4byte	.LBB5
 1491 0024 B0000000 		.4byte	.LBE5
 1492 0028 00000000 		.4byte	0
 1493 002c 00000000 		.4byte	0
 1494 0030 00000000 		.4byte	.LFB69
 1495 0034 18000000 		.4byte	.LFE69
 1496 0038 00000000 		.4byte	.LFB63
 1497 003c 1C000000 		.4byte	.LFE63
 1498 0040 00000000 		.4byte	.LFB67
 1499 0044 50000000 		.4byte	.LFE67
 1500 0048 00000000 		.4byte	.LFB65
 1501 004c 38000000 		.4byte	.LFE65
 1502 0050 00000000 		.4byte	.LFB66
 1503 0054 2C000000 		.4byte	.LFE66
 1504 0058 00000000 		.4byte	.LFB64
 1505 005c 28000000 		.4byte	.LFE64
 1506 0060 00000000 		.4byte	.LFB68
 1507 0064 B0000000 		.4byte	.LFE68
 1508 0068 00000000 		.4byte	0
 1509 006c 00000000 		.4byte	0
 1510              		.section	.debug_line,"",%progbits
 1511              	.Ldebug_line0:
 1512 0000 F0020000 		.section	.debug_str,"MS",%progbits,1
 1512      02001F02 
 1512      00000201 
 1512      FB0E0D00 
 1512      01010101 
 1513              	.LASF33:
 1514 0000 55415254 		.ascii	"UART_1_PutString\000"
 1514      5F315F50 
 1514      75745374 
 1514      72696E67 
 1514      00
ARM GAS  C:\Users\Lasse\AppData\Local\Temp\ccp5nFzz.s 			page 31


 1515              	.LASF18:
 1516 0011 45415354 		.ascii	"EAST\000"
 1516      00
 1517              	.LASF41:
 1518 0016 4D6F746F 		.ascii	"MotorDriver.c\000"
 1518      72447269 
 1518      7665722E 
 1518      6300
 1519              	.LASF9:
 1520 0024 5F5F696E 		.ascii	"__int32_t\000"
 1520      7433325F 
 1520      7400
 1521              	.LASF44:
 1522 002e 696E6974 		.ascii	"initX\000"
 1522      5800
 1523              	.LASF13:
 1524 0034 646F7562 		.ascii	"double\000"
 1524      6C6500
 1525              	.LASF28:
 1526 003b 73746570 		.ascii	"steps\000"
 1526      7300
 1527              	.LASF43:
 1528 0041 73746174 		.ascii	"state\000"
 1528      6500
 1529              	.LASF19:
 1530 0047 534F5554 		.ascii	"SOUTH\000"
 1530      4800
 1531              	.LASF26:
 1532 004d 6D6F7665 		.ascii	"moveDegreesX\000"
 1532      44656772 
 1532      65657358 
 1532      00
 1533              	.LASF12:
 1534 005a 666C6F61 		.ascii	"float\000"
 1534      7400
 1535              	.LASF11:
 1536 0060 75696E74 		.ascii	"uint8\000"
 1536      3800
 1537              	.LASF20:
 1538 0066 57455354 		.ascii	"WEST\000"
 1538      00
 1539              	.LASF31:
 1540 006b 74696D65 		.ascii	"timerDoneFlag\000"
 1540      72446F6E 
 1540      65466C61 
 1540      6700
 1541              	.LASF40:
 1542 0079 474E5520 		.ascii	"GNU C11 5.4.1 20160609 (release) [ARM/embedded-5-br"
 1542      43313120 
 1542      352E342E 
 1542      31203230 
 1542      31363036 
 1543 00ac 616E6368 		.ascii	"anch revision 237715] -mcpu=cortex-m3 -mthumb -g -O"
 1543      20726576 
 1543      6973696F 
 1543      6E203233 
 1543      37373135 
ARM GAS  C:\Users\Lasse\AppData\Local\Temp\ccp5nFzz.s 			page 32


 1544 00df 67202D66 		.ascii	"g -ffunction-sections -ffat-lto-objects\000"
 1544      66756E63 
 1544      74696F6E 
 1544      2D736563 
 1544      74696F6E 
 1545              	.LASF5:
 1546 0107 6C6F6E67 		.ascii	"long unsigned int\000"
 1546      20756E73 
 1546      69676E65 
 1546      6420696E 
 1546      7400
 1547              	.LASF3:
 1548 0119 73686F72 		.ascii	"short unsigned int\000"
 1548      7420756E 
 1548      7369676E 
 1548      65642069 
 1548      6E7400
 1549              	.LASF29:
 1550 012c 49544D5F 		.ascii	"ITM_RxBuffer\000"
 1550      52784275 
 1550      66666572 
 1550      00
 1551              	.LASF1:
 1552 0139 756E7369 		.ascii	"unsigned char\000"
 1552      676E6564 
 1552      20636861 
 1552      7200
 1553              	.LASF27:
 1554 0147 726F756E 		.ascii	"round1\000"
 1554      643100
 1555              	.LASF21:
 1556 014e 72657365 		.ascii	"resetPositionX\000"
 1556      74506F73 
 1556      6974696F 
 1556      6E5800
 1557              	.LASF35:
 1558 015d 50696E5F 		.ascii	"Pin_X1_Write\000"
 1558      58315F57 
 1558      72697465 
 1558      00
 1559              	.LASF39:
 1560 016a 726F756E 		.ascii	"round\000"
 1560      6400
 1561              	.LASF8:
 1562 0170 756E7369 		.ascii	"unsigned int\000"
 1562      676E6564 
 1562      20696E74 
 1562      00
 1563              	.LASF36:
 1564 017d 50696E5F 		.ascii	"Pin_X2_Write\000"
 1564      58325F57 
 1564      72697465 
 1564      00
 1565              	.LASF7:
 1566 018a 6C6F6E67 		.ascii	"long long unsigned int\000"
 1566      206C6F6E 
 1566      6720756E 
ARM GAS  C:\Users\Lasse\AppData\Local\Temp\ccp5nFzz.s 			page 33


 1566      7369676E 
 1566      65642069 
 1567              	.LASF34:
 1568 01a1 54696D65 		.ascii	"Timer_StepperX_Stop\000"
 1568      725F5374 
 1568      65707065 
 1568      72585F53 
 1568      746F7000 
 1569              	.LASF42:
 1570 01b5 443A5C4F 		.ascii	"D:\\OneDrive - Aarhus Universitet\\Aarhus Universit"
 1570      6E654472 
 1570      69766520 
 1570      2D204161 
 1570      72687573 
 1571 01e6 65745C45 		.ascii	"et\\E3\\E3PRJ\\I3E3PRJ_Repo\\PSoC\\MotorDriver\\Ste"
 1571      335C4533 
 1571      50524A5C 
 1571      49334533 
 1571      50524A5F 
 1572 0213 70706572 		.ascii	"pper.cydsn\000"
 1572      2E637964 
 1572      736E00
 1573              	.LASF10:
 1574 021e 696E7433 		.ascii	"int32_t\000"
 1574      325F7400 
 1575              	.LASF16:
 1576 0226 73697A65 		.ascii	"sizetype\000"
 1576      74797065 
 1576      00
 1577              	.LASF6:
 1578 022f 6C6F6E67 		.ascii	"long long int\000"
 1578      206C6F6E 
 1578      6720696E 
 1578      7400
 1579              	.LASF38:
 1580 023d 54696D65 		.ascii	"Timer_StepperX_Start\000"
 1580      725F5374 
 1580      65707065 
 1580      72585F53 
 1580      74617274 
 1581              	.LASF14:
 1582 0252 63686172 		.ascii	"char\000"
 1582      00
 1583              	.LASF23:
 1584 0257 726F7461 		.ascii	"rotateClockwiseX\000"
 1584      7465436C 
 1584      6F636B77 
 1584      69736558 
 1584      00
 1585              	.LASF24:
 1586 0268 726F7461 		.ascii	"rotateCounterClockwiseX\000"
 1586      7465436F 
 1586      756E7465 
 1586      72436C6F 
 1586      636B7769 
 1587              	.LASF2:
 1588 0280 73686F72 		.ascii	"short int\000"
ARM GAS  C:\Users\Lasse\AppData\Local\Temp\ccp5nFzz.s 			page 34


 1588      7420696E 
 1588      7400
 1589              	.LASF30:
 1590 028a 73746570 		.ascii	"stepperPositionX\000"
 1590      70657250 
 1590      6F736974 
 1590      696F6E58 
 1590      00
 1591              	.LASF4:
 1592 029b 6C6F6E67 		.ascii	"long int\000"
 1592      20696E74 
 1592      00
 1593              	.LASF15:
 1594 02a4 6C6F6E67 		.ascii	"long double\000"
 1594      20646F75 
 1594      626C6500 
 1595              	.LASF0:
 1596 02b0 7369676E 		.ascii	"signed char\000"
 1596      65642063 
 1596      68617200 
 1597              	.LASF37:
 1598 02bc 73746570 		.ascii	"stepper_isr_StartEx\000"
 1598      7065725F 
 1598      6973725F 
 1598      53746172 
 1598      74457800 
 1599              	.LASF25:
 1600 02d0 73746570 		.ascii	"stepper_isr_handler\000"
 1600      7065725F 
 1600      6973725F 
 1600      68616E64 
 1600      6C657200 
 1601              	.LASF32:
 1602 02e4 73746570 		.ascii	"stepperStateX\000"
 1602      70657253 
 1602      74617465 
 1602      5800
 1603              	.LASF22:
 1604 02f2 6D6F7665 		.ascii	"moveStepX\000"
 1604      53746570 
 1604      5800
 1605              	.LASF17:
 1606 02fc 4E4F5254 		.ascii	"NORTH\000"
 1606      4800
 1607              		.ident	"GCC: (GNU Tools for ARM Embedded Processors) 5.4.1 20160609 (release) [ARM/embedded-5-bran
