ARM GAS  C:\Users\midtg\AppData\Local\Temp\cc6x0n0b.s 			page 1


   1              		.syntax unified
   2              		.cpu cortex-m3
   3              		.fpu softvfp
   4              		.eabi_attribute 20, 1
   5              		.eabi_attribute 21, 1
   6              		.eabi_attribute 23, 3
   7              		.eabi_attribute 24, 1
   8              		.eabi_attribute 25, 1
   9              		.eabi_attribute 26, 1
  10              		.eabi_attribute 30, 1
  11              		.eabi_attribute 34, 1
  12              		.eabi_attribute 18, 4
  13              		.thumb
  14              		.syntax unified
  15              		.file	"cymetadata.c"
  16              		.text
  17              	.Ltext0:
  18              		.cfi_sections	.debug_frame
  19              		.global	cy_metadata
  20              		.global	cy_meta_flashprotect
  21              		.global	cy_meta_wonvl
  22              		.global	cy_meta_custnvl
  23              		.global	cy_meta_configecc
  24              		.section	.cyconfigecc,"a",%progbits
  25              		.align	2
  26              		.type	cy_meta_configecc, %object
  27              		.size	cy_meta_configecc, 1436
  28              	cy_meta_configecc:
  29 0000 03       		.byte	3
  30 0001 52       		.byte	82
  31 0002 00       		.byte	0
  32 0003 40       		.byte	64
  33 0004 03       		.byte	3
  34 0005 64       		.byte	100
  35 0006 00       		.byte	0
  36 0007 40       		.byte	64
  37 0008 03       		.byte	3
  38 0009 65       		.byte	101
  39 000a 00       		.byte	0
  40 000b 40       		.byte	64
  41 000c 01       		.byte	1
  42 000d 05       		.byte	5
  43 000e 01       		.byte	1
  44 000f 40       		.byte	64
  45 0010 4E       		.byte	78
  46 0011 08       		.byte	8
  47 0012 01       		.byte	1
  48 0013 40       		.byte	64
  49 0014 4C       		.byte	76
  50 0015 09       		.byte	9
  51 0016 01       		.byte	1
  52 0017 40       		.byte	64
  53 0018 55       		.byte	85
  54 0019 0A       		.byte	10
  55 001a 01       		.byte	1
  56 001b 40       		.byte	64
  57 001c 35       		.byte	53
ARM GAS  C:\Users\midtg\AppData\Local\Temp\cc6x0n0b.s 			page 2


  58 001d 0B       		.byte	11
  59 001e 01       		.byte	1
  60 001f 40       		.byte	64
  61 0020 01       		.byte	1
  62 0021 17       		.byte	23
  63 0022 01       		.byte	1
  64 0023 40       		.byte	64
  65 0024 4E       		.byte	78
  66 0025 18       		.byte	24
  67 0026 01       		.byte	1
  68 0027 40       		.byte	64
  69 0028 4D       		.byte	77
  70 0029 19       		.byte	25
  71 002a 01       		.byte	1
  72 002b 40       		.byte	64
  73 002c 46       		.byte	70
  74 002d 1A       		.byte	26
  75 002e 01       		.byte	1
  76 002f 40       		.byte	64
  77 0030 50       		.byte	80
  78 0031 1B       		.byte	27
  79 0032 01       		.byte	1
  80 0033 40       		.byte	64
  81 0034 06       		.byte	6
  82 0035 40       		.byte	64
  83 0036 01       		.byte	1
  84 0037 40       		.byte	64
  85 0038 02       		.byte	2
  86 0039 41       		.byte	65
  87 003a 01       		.byte	1
  88 003b 40       		.byte	64
  89 003c 04       		.byte	4
  90 003d 42       		.byte	66
  91 003e 01       		.byte	1
  92 003f 40       		.byte	64
  93 0040 01       		.byte	1
  94 0041 43       		.byte	67
  95 0042 01       		.byte	1
  96 0043 40       		.byte	64
  97 0044 07       		.byte	7
  98 0045 45       		.byte	69
  99 0046 01       		.byte	1
 100 0047 40       		.byte	64
 101 0048 04       		.byte	4
 102 0049 46       		.byte	70
 103 004a 01       		.byte	1
 104 004b 40       		.byte	64
 105 004c 06       		.byte	6
 106 004d 47       		.byte	71
 107 004e 01       		.byte	1
 108 004f 40       		.byte	64
 109 0050 02       		.byte	2
 110 0051 48       		.byte	72
 111 0052 01       		.byte	1
 112 0053 40       		.byte	64
 113 0054 02       		.byte	2
 114 0055 4C       		.byte	76
ARM GAS  C:\Users\midtg\AppData\Local\Temp\cc6x0n0b.s 			page 3


 115 0056 01       		.byte	1
 116 0057 40       		.byte	64
 117 0058 07       		.byte	7
 118 0059 4D       		.byte	77
 119 005a 01       		.byte	1
 120 005b 40       		.byte	64
 121 005c 04       		.byte	4
 122 005d 50       		.byte	80
 123 005e 01       		.byte	1
 124 005f 40       		.byte	64
 125 0060 01       		.byte	1
 126 0061 51       		.byte	81
 127 0062 01       		.byte	1
 128 0063 40       		.byte	64
 129 0064 10       		.byte	16
 130 0065 40       		.byte	64
 131 0066 61       		.byte	97
 132 0067 80       		.byte	-128
 133 0068 64       		.byte	100
 134 0069 40       		.byte	64
 135 006a 88       		.byte	-120
 136 006b 72       		.byte	114
 137 006c 89       		.byte	-119
 138 006d 07       		.byte	7
 139 006e 8B       		.byte	-117
 140 006f 38       		.byte	56
 141 0070 88       		.byte	-120
 142 0071 47       		.byte	71
 143 0072 89       		.byte	-119
 144 0073 78       		.byte	120
 145 0074 8B       		.byte	-117
 146 0075 0F       		.byte	15
 147 0076 E2       		.byte	-30
 148 0077 08       		.byte	8
 149 0078 00       		.byte	0
 150 0079 0C       		.byte	12
 151 007a 01       		.byte	1
 152 007b 10       		.byte	16
 153 007c 02       		.byte	2
 154 007d 03       		.byte	3
 155 007e 04       		.byte	4
 156 007f 0C       		.byte	12
 157 0080 06       		.byte	6
 158 0081 03       		.byte	3
 159 0082 07       		.byte	7
 160 0083 04       		.byte	4
 161 0084 08       		.byte	8
 162 0085 04       		.byte	4
 163 0086 09       		.byte	9
 164 0087 18       		.byte	24
 165 0088 0C       		.byte	12
 166 0089 08       		.byte	8
 167 008a 0D       		.byte	13
 168 008b 27       		.byte	39
 169 008c 0F       		.byte	15
 170 008d 18       		.byte	24
 171 008e 10       		.byte	16
ARM GAS  C:\Users\midtg\AppData\Local\Temp\cc6x0n0b.s 			page 4


 172 008f 03       		.byte	3
 173 0090 11       		.byte	17
 174 0091 3F       		.byte	63
 175 0092 12       		.byte	18
 176 0093 0C       		.byte	12
 177 0094 15       		.byte	21
 178 0095 1C       		.byte	28
 179 0096 17       		.byte	23
 180 0097 21       		.byte	33
 181 0098 19       		.byte	25
 182 0099 08       		.byte	8
 183 009a 1A       		.byte	26
 184 009b 02       		.byte	2
 185 009c 1D       		.byte	29
 186 009d 3C       		.byte	60
 187 009e 1F       		.byte	31
 188 009f 02       		.byte	2
 189 00a0 27       		.byte	39
 190 00a1 23       		.byte	35
 191 00a2 28       		.byte	40
 192 00a3 0C       		.byte	12
 193 00a4 29       		.byte	41
 194 00a5 04       		.byte	4
 195 00a6 2C       		.byte	44
 196 00a7 0F       		.byte	15
 197 00a8 30       		.byte	48
 198 00a9 01       		.byte	1
 199 00aa 31       		.byte	49
 200 00ab 1F       		.byte	31
 201 00ac 32       		.byte	50
 202 00ad 0E       		.byte	14
 203 00ae 37       		.byte	55
 204 00af 38       		.byte	56
 205 00b0 38       		.byte	56
 206 00b1 02       		.byte	2
 207 00b2 3A       		.byte	58
 208 00b3 08       		.byte	8
 209 00b4 3B       		.byte	59
 210 00b5 02       		.byte	2
 211 00b6 56       		.byte	86
 212 00b7 02       		.byte	2
 213 00b8 57       		.byte	87
 214 00b9 12       		.byte	18
 215 00ba 58       		.byte	88
 216 00bb 04       		.byte	4
 217 00bc 59       		.byte	89
 218 00bd 04       		.byte	4
 219 00be 5B       		.byte	91
 220 00bf 04       		.byte	4
 221 00c0 5C       		.byte	92
 222 00c1 11       		.byte	17
 223 00c2 5D       		.byte	93
 224 00c3 10       		.byte	16
 225 00c4 5F       		.byte	95
 226 00c5 01       		.byte	1
 227 00c6 80       		.byte	-128
 228 00c7 10       		.byte	16
ARM GAS  C:\Users\midtg\AppData\Local\Temp\cc6x0n0b.s 			page 5


 229 00c8 84       		.byte	-124
 230 00c9 30       		.byte	48
 231 00ca 86       		.byte	-122
 232 00cb 0C       		.byte	12
 233 00cc 8C       		.byte	-116
 234 00cd 09       		.byte	9
 235 00ce 8E       		.byte	-114
 236 00cf 10       		.byte	16
 237 00d0 90       		.byte	-112
 238 00d1 2C       		.byte	44
 239 00d2 92       		.byte	-110
 240 00d3 11       		.byte	17
 241 00d4 94       		.byte	-108
 242 00d5 14       		.byte	20
 243 00d6 9A       		.byte	-102
 244 00d7 03       		.byte	3
 245 00d8 9E       		.byte	-98
 246 00d9 20       		.byte	32
 247 00da A6       		.byte	-90
 248 00db 20       		.byte	32
 249 00dc A8       		.byte	-88
 250 00dd 1C       		.byte	28
 251 00de AA       		.byte	-86
 252 00df 22       		.byte	34
 253 00e0 B4       		.byte	-76
 254 00e1 1F       		.byte	31
 255 00e2 B6       		.byte	-74
 256 00e3 20       		.byte	32
 257 00e4 BE       		.byte	-66
 258 00e5 40       		.byte	64
 259 00e6 C0       		.byte	-64
 260 00e7 05       		.byte	5
 261 00e8 C6       		.byte	-58
 262 00e9 04       		.byte	4
 263 00ea C9       		.byte	-55
 264 00eb FF       		.byte	-1
 265 00ec CA       		.byte	-54
 266 00ed 07       		.byte	7
 267 00ee CB       		.byte	-53
 268 00ef FF       		.byte	-1
 269 00f0 CC       		.byte	-52
 270 00f1 40       		.byte	64
 271 00f2 CD       		.byte	-51
 272 00f3 20       		.byte	32
 273 00f4 CE       		.byte	-50
 274 00f5 F0       		.byte	-16
 275 00f6 CF       		.byte	-49
 276 00f7 05       		.byte	5
 277 00f8 D0       		.byte	-48
 278 00f9 08       		.byte	8
 279 00fa D6       		.byte	-42
 280 00fb 02       		.byte	2
 281 00fc D7       		.byte	-41
 282 00fd 2C       		.byte	44
 283 00fe D8       		.byte	-40
 284 00ff 04       		.byte	4
 285 0100 DA       		.byte	-38
ARM GAS  C:\Users\midtg\AppData\Local\Temp\cc6x0n0b.s 			page 6


 286 0101 04       		.byte	4
 287 0102 DB       		.byte	-37
 288 0103 24       		.byte	36
 289 0104 DC       		.byte	-36
 290 0105 01       		.byte	1
 291 0106 DD       		.byte	-35
 292 0107 81       		.byte	-127
 293 0108 DE       		.byte	-34
 294 0109 08       		.byte	8
 295 010a DF       		.byte	-33
 296 010b 01       		.byte	1
 297 010c E0       		.byte	-32
 298 010d 40       		.byte	64
 299 010e E1       		.byte	-31
 300 010f A8       		.byte	-88
 301 0110 E2       		.byte	-30
 302 0111 40       		.byte	64
 303 0112 E3       		.byte	-29
 304 0113 20       		.byte	32
 305 0114 00       		.byte	0
 306 0115 04       		.byte	4
 307 0116 02       		.byte	2
 308 0117 42       		.byte	66
 309 0118 05       		.byte	5
 310 0119 24       		.byte	36
 311 011a 07       		.byte	7
 312 011b 41       		.byte	65
 313 011c 09       		.byte	9
 314 011d 80       		.byte	-128
 315 011e 0A       		.byte	10
 316 011f 88       		.byte	-120
 317 0120 0B       		.byte	11
 318 0121 20       		.byte	32
 319 0122 0C       		.byte	12
 320 0123 10       		.byte	16
 321 0124 0F       		.byte	15
 322 0125 40       		.byte	64
 323 0126 12       		.byte	18
 324 0127 10       		.byte	16
 325 0128 13       		.byte	19
 326 0129 10       		.byte	16
 327 012a 16       		.byte	22
 328 012b 01       		.byte	1
 329 012c 17       		.byte	23
 330 012d 20       		.byte	32
 331 012e 19       		.byte	25
 332 012f 80       		.byte	-128
 333 0130 1A       		.byte	26
 334 0131 08       		.byte	8
 335 0132 1D       		.byte	29
 336 0133 0C       		.byte	12
 337 0134 1F       		.byte	31
 338 0135 01       		.byte	1
 339 0136 26       		.byte	38
 340 0137 80       		.byte	-128
 341 0138 27       		.byte	39
 342 0139 40       		.byte	64
ARM GAS  C:\Users\midtg\AppData\Local\Temp\cc6x0n0b.s 			page 7


 343 013a 2C       		.byte	44
 344 013b 10       		.byte	16
 345 013c 2D       		.byte	45
 346 013d 10       		.byte	16
 347 013e 34       		.byte	52
 348 013f 01       		.byte	1
 349 0140 35       		.byte	53
 350 0141 24       		.byte	36
 351 0142 37       		.byte	55
 352 0143 40       		.byte	64
 353 0144 3D       		.byte	61
 354 0145 08       		.byte	8
 355 0146 3E       		.byte	62
 356 0147 22       		.byte	34
 357 0148 3F       		.byte	63
 358 0149 40       		.byte	64
 359 014a 48       		.byte	72
 360 014b 01       		.byte	1
 361 014c 50       		.byte	80
 362 014d 10       		.byte	16
 363 014e 52       		.byte	82
 364 014f 50       		.byte	80
 365 0150 5E       		.byte	94
 366 0151 08       		.byte	8
 367 0152 61       		.byte	97
 368 0153 02       		.byte	2
 369 0154 68       		.byte	104
 370 0155 AE       		.byte	-82
 371 0156 69       		.byte	105
 372 0157 04       		.byte	4
 373 0158 6C       		.byte	108
 374 0159 01       		.byte	1
 375 015a 6E       		.byte	110
 376 015b 04       		.byte	4
 377 015c 6F       		.byte	111
 378 015d 1C       		.byte	28
 379 015e 75       		.byte	117
 380 015f 20       		.byte	32
 381 0160 76       		.byte	118
 382 0161 22       		.byte	34
 383 0162 77       		.byte	119
 384 0163 21       		.byte	33
 385 0164 78       		.byte	120
 386 0165 80       		.byte	-128
 387 0166 79       		.byte	121
 388 0167 20       		.byte	32
 389 0168 8C       		.byte	-116
 390 0169 04       		.byte	4
 391 016a 90       		.byte	-112
 392 016b 04       		.byte	4
 393 016c 91       		.byte	-111
 394 016d 08       		.byte	8
 395 016e 92       		.byte	-110
 396 016f 80       		.byte	-128
 397 0170 93       		.byte	-109
 398 0171 71       		.byte	113
 399 0172 94       		.byte	-108
ARM GAS  C:\Users\midtg\AppData\Local\Temp\cc6x0n0b.s 			page 8


 400 0173 20       		.byte	32
 401 0174 95       		.byte	-107
 402 0175 10       		.byte	16
 403 0176 96       		.byte	-106
 404 0177 01       		.byte	1
 405 0178 97       		.byte	-105
 406 0179 02       		.byte	2
 407 017a 98       		.byte	-104
 408 017b 0B       		.byte	11
 409 017c 9A       		.byte	-102
 410 017d 01       		.byte	1
 411 017e 9C       		.byte	-100
 412 017f 30       		.byte	48
 413 0180 9D       		.byte	-99
 414 0181 20       		.byte	32
 415 0182 9E       		.byte	-98
 416 0183 D0       		.byte	-48
 417 0184 9F       		.byte	-97
 418 0185 61       		.byte	97
 419 0186 A0       		.byte	-96
 420 0187 01       		.byte	1
 421 0188 A1       		.byte	-95
 422 0189 80       		.byte	-128
 423 018a A2       		.byte	-94
 424 018b 06       		.byte	6
 425 018c A5       		.byte	-91
 426 018d 08       		.byte	8
 427 018e A7       		.byte	-89
 428 018f 30       		.byte	48
 429 0190 AC       		.byte	-84
 430 0191 08       		.byte	8
 431 0192 B4       		.byte	-76
 432 0193 80       		.byte	-128
 433 0194 B7       		.byte	-73
 434 0195 10       		.byte	16
 435 0196 C0       		.byte	-64
 436 0197 FD       		.byte	-3
 437 0198 C2       		.byte	-62
 438 0199 5F       		.byte	95
 439 019a C4       		.byte	-60
 440 019b C6       		.byte	-58
 441 019c CA       		.byte	-54
 442 019d 60       		.byte	96
 443 019e CC       		.byte	-52
 444 019f F0       		.byte	-16
 445 01a0 CE       		.byte	-50
 446 01a1 F0       		.byte	-16
 447 01a2 D2       		.byte	-46
 448 01a3 08       		.byte	8
 449 01a4 D6       		.byte	-42
 450 01a5 40       		.byte	64
 451 01a6 D8       		.byte	-40
 452 01a7 01       		.byte	1
 453 01a8 DE       		.byte	-34
 454 01a9 0C       		.byte	12
 455 01aa EE       		.byte	-18
 456 01ab 08       		.byte	8
ARM GAS  C:\Users\midtg\AppData\Local\Temp\cc6x0n0b.s 			page 9


 457 01ac 04       		.byte	4
 458 01ad 03       		.byte	3
 459 01ae 05       		.byte	5
 460 01af 71       		.byte	113
 461 01b0 06       		.byte	6
 462 01b1 1C       		.byte	28
 463 01b2 07       		.byte	7
 464 01b3 06       		.byte	6
 465 01b4 09       		.byte	9
 466 01b5 80       		.byte	-128
 467 01b6 0B       		.byte	11
 468 01b7 13       		.byte	19
 469 01b8 0E       		.byte	14
 470 01b9 28       		.byte	40
 471 01ba 0F       		.byte	15
 472 01bb 0C       		.byte	12
 473 01bc 10       		.byte	16
 474 01bd 03       		.byte	3
 475 01be 12       		.byte	18
 476 01bf 34       		.byte	52
 477 01c0 15       		.byte	21
 478 01c1 2C       		.byte	44
 479 01c2 17       		.byte	23
 480 01c3 43       		.byte	67
 481 01c4 1C       		.byte	28
 482 01c5 03       		.byte	3
 483 01c6 1E       		.byte	30
 484 01c7 04       		.byte	4
 485 01c8 21       		.byte	33
 486 01c9 71       		.byte	113
 487 01ca 22       		.byte	34
 488 01cb 20       		.byte	32
 489 01cc 23       		.byte	35
 490 01cd 0E       		.byte	14
 491 01ce 26       		.byte	38
 492 01cf 15       		.byte	21
 493 01d0 28       		.byte	40
 494 01d1 2A       		.byte	42
 495 01d2 2A       		.byte	42
 496 01d3 14       		.byte	20
 497 01d4 2F       		.byte	47
 498 01d5 08       		.byte	8
 499 01d6 30       		.byte	48
 500 01d7 38       		.byte	56
 501 01d8 31       		.byte	49
 502 01d9 C0       		.byte	-64
 503 01da 33       		.byte	51
 504 01db 0F       		.byte	15
 505 01dc 34       		.byte	52
 506 01dd 0F       		.byte	15
 507 01de 37       		.byte	55
 508 01df 30       		.byte	48
 509 01e0 39       		.byte	57
 510 01e1 82       		.byte	-126
 511 01e2 3A       		.byte	58
 512 01e3 22       		.byte	34
 513 01e4 3B       		.byte	59
ARM GAS  C:\Users\midtg\AppData\Local\Temp\cc6x0n0b.s 			page 10


 514 01e5 08       		.byte	8
 515 01e6 3F       		.byte	63
 516 01e7 40       		.byte	64
 517 01e8 40       		.byte	64
 518 01e9 23       		.byte	35
 519 01ea 41       		.byte	65
 520 01eb 01       		.byte	1
 521 01ec 45       		.byte	69
 522 01ed E0       		.byte	-32
 523 01ee 46       		.byte	70
 524 01ef BC       		.byte	-68
 525 01f0 47       		.byte	71
 526 01f1 0E       		.byte	14
 527 01f2 48       		.byte	72
 528 01f3 1E       		.byte	30
 529 01f4 49       		.byte	73
 530 01f5 FF       		.byte	-1
 531 01f6 4A       		.byte	74
 532 01f7 FF       		.byte	-1
 533 01f8 4B       		.byte	75
 534 01f9 FF       		.byte	-1
 535 01fa 4E       		.byte	78
 536 01fb F0       		.byte	-16
 537 01fc 4F       		.byte	79
 538 01fd 44       		.byte	68
 539 01fe 50       		.byte	80
 540 01ff 0C       		.byte	12
 541 0200 56       		.byte	86
 542 0201 08       		.byte	8
 543 0202 58       		.byte	88
 544 0203 04       		.byte	4
 545 0204 59       		.byte	89
 546 0205 04       		.byte	4
 547 0206 5A       		.byte	90
 548 0207 04       		.byte	4
 549 0208 5B       		.byte	91
 550 0209 04       		.byte	4
 551 020a 5C       		.byte	92
 552 020b 11       		.byte	17
 553 020c 5D       		.byte	93
 554 020d 01       		.byte	1
 555 020e 5F       		.byte	95
 556 020f 01       		.byte	1
 557 0210 66       		.byte	102
 558 0211 C0       		.byte	-64
 559 0212 6A       		.byte	106
 560 0213 40       		.byte	64
 561 0214 6B       		.byte	107
 562 0215 02       		.byte	2
 563 0216 80       		.byte	-128
 564 0217 1C       		.byte	28
 565 0218 82       		.byte	-126
 566 0219 63       		.byte	99
 567 021a 84       		.byte	-124
 568 021b 0C       		.byte	12
 569 021c 88       		.byte	-120
 570 021d 04       		.byte	4
ARM GAS  C:\Users\midtg\AppData\Local\Temp\cc6x0n0b.s 			page 11


 571 021e 90       		.byte	-112
 572 021f 73       		.byte	115
 573 0220 92       		.byte	-110
 574 0221 0C       		.byte	12
 575 0222 94       		.byte	-108
 576 0223 1F       		.byte	31
 577 0224 96       		.byte	-106
 578 0225 60       		.byte	96
 579 0226 9A       		.byte	-102
 580 0227 63       		.byte	99
 581 0228 9C       		.byte	-100
 582 0229 63       		.byte	99
 583 022a A0       		.byte	-96
 584 022b 08       		.byte	8
 585 022c A4       		.byte	-92
 586 022d 42       		.byte	66
 587 022e A7       		.byte	-89
 588 022f 01       		.byte	1
 589 0230 A8       		.byte	-88
 590 0231 21       		.byte	33
 591 0232 AC       		.byte	-84
 592 0233 7F       		.byte	127
 593 0234 AF       		.byte	-81
 594 0235 01       		.byte	1
 595 0236 B0       		.byte	-80
 596 0237 0F       		.byte	15
 597 0238 B3       		.byte	-77
 598 0239 01       		.byte	1
 599 023a B4       		.byte	-76
 600 023b 10       		.byte	16
 601 023c B6       		.byte	-74
 602 023d 60       		.byte	96
 603 023e BA       		.byte	-70
 604 023f 02       		.byte	2
 605 0240 BB       		.byte	-69
 606 0241 02       		.byte	2
 607 0242 BE       		.byte	-66
 608 0243 10       		.byte	16
 609 0244 BF       		.byte	-65
 610 0245 04       		.byte	4
 611 0246 D4       		.byte	-44
 612 0247 18       		.byte	24
 613 0248 D6       		.byte	-42
 614 0249 04       		.byte	4
 615 024a D8       		.byte	-40
 616 024b 04       		.byte	4
 617 024c D9       		.byte	-39
 618 024d 04       		.byte	4
 619 024e DB       		.byte	-37
 620 024f 04       		.byte	4
 621 0250 DC       		.byte	-36
 622 0251 11       		.byte	17
 623 0252 DD       		.byte	-35
 624 0253 10       		.byte	16
 625 0254 DF       		.byte	-33
 626 0255 01       		.byte	1
 627 0256 00       		.byte	0
ARM GAS  C:\Users\midtg\AppData\Local\Temp\cc6x0n0b.s 			page 12


 628 0257 04       		.byte	4
 629 0258 02       		.byte	2
 630 0259 02       		.byte	2
 631 025a 05       		.byte	5
 632 025b 20       		.byte	32
 633 025c 07       		.byte	7
 634 025d 60       		.byte	96
 635 025e 08       		.byte	8
 636 025f 04       		.byte	4
 637 0260 09       		.byte	9
 638 0261 84       		.byte	-124
 639 0262 0A       		.byte	10
 640 0263 80       		.byte	-128
 641 0264 0C       		.byte	12
 642 0265 10       		.byte	16
 643 0266 0D       		.byte	13
 644 0267 08       		.byte	8
 645 0268 0E       		.byte	14
 646 0269 41       		.byte	65
 647 026a 0F       		.byte	15
 648 026b 40       		.byte	64
 649 026c 12       		.byte	18
 650 026d 50       		.byte	80
 651 026e 13       		.byte	19
 652 026f 10       		.byte	16
 653 0270 14       		.byte	20
 654 0271 21       		.byte	33
 655 0272 15       		.byte	21
 656 0273 10       		.byte	16
 657 0274 16       		.byte	22
 658 0275 01       		.byte	1
 659 0276 17       		.byte	23
 660 0277 81       		.byte	-127
 661 0278 18       		.byte	24
 662 0279 0C       		.byte	12
 663 027a 19       		.byte	25
 664 027b 01       		.byte	1
 665 027c 1A       		.byte	26
 666 027d 80       		.byte	-128
 667 027e 1E       		.byte	30
 668 027f 4A       		.byte	74
 669 0280 20       		.byte	32
 670 0281 42       		.byte	66
 671 0282 22       		.byte	34
 672 0283 06       		.byte	6
 673 0284 23       		.byte	35
 674 0285 10       		.byte	16
 675 0286 25       		.byte	37
 676 0287 04       		.byte	4
 677 0288 27       		.byte	39
 678 0289 80       		.byte	-128
 679 028a 29       		.byte	41
 680 028b 01       		.byte	1
 681 028c 2A       		.byte	42
 682 028d 42       		.byte	66
 683 028e 2F       		.byte	47
 684 028f 21       		.byte	33
ARM GAS  C:\Users\midtg\AppData\Local\Temp\cc6x0n0b.s 			page 13


 685 0290 32       		.byte	50
 686 0291 04       		.byte	4
 687 0292 38       		.byte	56
 688 0293 68       		.byte	104
 689 0294 3A       		.byte	58
 690 0295 20       		.byte	32
 691 0296 40       		.byte	64
 692 0297 04       		.byte	4
 693 0298 42       		.byte	66
 694 0299 22       		.byte	34
 695 029a 4B       		.byte	75
 696 029b 01       		.byte	1
 697 029c 51       		.byte	81
 698 029d 84       		.byte	-124
 699 029e 53       		.byte	83
 700 029f 10       		.byte	16
 701 02a0 58       		.byte	88
 702 02a1 80       		.byte	-128
 703 02a2 5E       		.byte	94
 704 02a3 02       		.byte	2
 705 02a4 60       		.byte	96
 706 02a5 02       		.byte	2
 707 02a6 64       		.byte	100
 708 02a7 04       		.byte	4
 709 02a8 66       		.byte	102
 710 02a9 80       		.byte	-128
 711 02aa 67       		.byte	103
 712 02ab 80       		.byte	-128
 713 02ac 87       		.byte	-121
 714 02ad 40       		.byte	64
 715 02ae C0       		.byte	-64
 716 02af 75       		.byte	117
 717 02b0 C2       		.byte	-62
 718 02b1 F9       		.byte	-7
 719 02b2 C4       		.byte	-60
 720 02b3 FE       		.byte	-2
 721 02b4 CA       		.byte	-54
 722 02b5 59       		.byte	89
 723 02b6 CC       		.byte	-52
 724 02b7 02       		.byte	2
 725 02b8 CE       		.byte	-50
 726 02b9 0E       		.byte	14
 727 02ba D0       		.byte	-48
 728 02bb 0E       		.byte	14
 729 02bc D6       		.byte	-42
 730 02bd 88       		.byte	-120
 731 02be D8       		.byte	-40
 732 02bf B8       		.byte	-72
 733 02c0 E6       		.byte	-26
 734 02c1 20       		.byte	32
 735 02c2 00       		.byte	0
 736 02c3 02       		.byte	2
 737 02c4 03       		.byte	3
 738 02c5 08       		.byte	8
 739 02c6 04       		.byte	4
 740 02c7 01       		.byte	1
 741 02c8 07       		.byte	7
ARM GAS  C:\Users\midtg\AppData\Local\Temp\cc6x0n0b.s 			page 14


 742 02c9 01       		.byte	1
 743 02ca 09       		.byte	9
 744 02cb 01       		.byte	1
 745 02cc 0F       		.byte	15
 746 02cd 02       		.byte	2
 747 02ce 17       		.byte	23
 748 02cf 01       		.byte	1
 749 02d0 1A       		.byte	26
 750 02d1 01       		.byte	1
 751 02d2 1B       		.byte	27
 752 02d3 04       		.byte	4
 753 02d4 1F       		.byte	31
 754 02d5 08       		.byte	8
 755 02d6 24       		.byte	36
 756 02d7 02       		.byte	2
 757 02d8 28       		.byte	40
 758 02d9 02       		.byte	2
 759 02da 2B       		.byte	43
 760 02db 04       		.byte	4
 761 02dc 31       		.byte	49
 762 02dd 01       		.byte	1
 763 02de 32       		.byte	50
 764 02df 02       		.byte	2
 765 02e0 33       		.byte	51
 766 02e1 06       		.byte	6
 767 02e2 34       		.byte	52
 768 02e3 01       		.byte	1
 769 02e4 37       		.byte	55
 770 02e5 08       		.byte	8
 771 02e6 3E       		.byte	62
 772 02e7 10       		.byte	16
 773 02e8 3F       		.byte	63
 774 02e9 45       		.byte	69
 775 02ea 40       		.byte	64
 776 02eb 53       		.byte	83
 777 02ec 41       		.byte	65
 778 02ed 01       		.byte	1
 779 02ee 42       		.byte	66
 780 02ef 04       		.byte	4
 781 02f0 44       		.byte	68
 782 02f1 02       		.byte	2
 783 02f2 45       		.byte	69
 784 02f3 C0       		.byte	-64
 785 02f4 46       		.byte	70
 786 02f5 E0       		.byte	-32
 787 02f6 48       		.byte	72
 788 02f7 0A       		.byte	10
 789 02f8 49       		.byte	73
 790 02f9 FF       		.byte	-1
 791 02fa 4A       		.byte	74
 792 02fb FF       		.byte	-1
 793 02fc 4B       		.byte	75
 794 02fd FF       		.byte	-1
 795 02fe 4C       		.byte	76
 796 02ff 62       		.byte	98
 797 0300 4D       		.byte	77
 798 0301 A0       		.byte	-96
ARM GAS  C:\Users\midtg\AppData\Local\Temp\cc6x0n0b.s 			page 15


 799 0302 4E       		.byte	78
 800 0303 F0       		.byte	-16
 801 0304 4F       		.byte	79
 802 0305 41       		.byte	65
 803 0306 50       		.byte	80
 804 0307 0C       		.byte	12
 805 0308 54       		.byte	84
 806 0309 41       		.byte	65
 807 030a 58       		.byte	88
 808 030b 04       		.byte	4
 809 030c 59       		.byte	89
 810 030d 04       		.byte	4
 811 030e 5A       		.byte	90
 812 030f 04       		.byte	4
 813 0310 5B       		.byte	91
 814 0311 04       		.byte	4
 815 0312 5C       		.byte	92
 816 0313 01       		.byte	1
 817 0314 5D       		.byte	93
 818 0315 01       		.byte	1
 819 0316 5F       		.byte	95
 820 0317 01       		.byte	1
 821 0318 66       		.byte	102
 822 0319 40       		.byte	64
 823 031a 67       		.byte	103
 824 031b 02       		.byte	2
 825 031c 69       		.byte	105
 826 031d 10       		.byte	16
 827 031e 6A       		.byte	106
 828 031f 30       		.byte	48
 829 0320 6B       		.byte	107
 830 0321 10       		.byte	16
 831 0322 6D       		.byte	109
 832 0323 10       		.byte	16
 833 0324 6E       		.byte	110
 834 0325 10       		.byte	16
 835 0326 6F       		.byte	111
 836 0327 12       		.byte	18
 837 0328 80       		.byte	-128
 838 0329 40       		.byte	64
 839 032a 84       		.byte	-124
 840 032b 01       		.byte	1
 841 032c 86       		.byte	-122
 842 032d 08       		.byte	8
 843 032e 87       		.byte	-121
 844 032f 02       		.byte	2
 845 0330 89       		.byte	-119
 846 0331 01       		.byte	1
 847 0332 92       		.byte	-110
 848 0333 1E       		.byte	30
 849 0334 96       		.byte	-106
 850 0335 21       		.byte	33
 851 0336 A0       		.byte	-96
 852 0337 01       		.byte	1
 853 0338 A2       		.byte	-94
 854 0339 02       		.byte	2
 855 033a A4       		.byte	-92
ARM GAS  C:\Users\midtg\AppData\Local\Temp\cc6x0n0b.s 			page 16


 856 033b 01       		.byte	1
 857 033c A6       		.byte	-90
 858 033d 04       		.byte	4
 859 033e AC       		.byte	-84
 860 033f 10       		.byte	16
 861 0340 AE       		.byte	-82
 862 0341 01       		.byte	1
 863 0342 B0       		.byte	-80
 864 0343 20       		.byte	32
 865 0344 B1       		.byte	-79
 866 0345 01       		.byte	1
 867 0346 B4       		.byte	-76
 868 0347 1F       		.byte	31
 869 0348 B5       		.byte	-75
 870 0349 02       		.byte	2
 871 034a B6       		.byte	-74
 872 034b 40       		.byte	64
 873 034c BE       		.byte	-66
 874 034d 50       		.byte	80
 875 034e BF       		.byte	-65
 876 034f 01       		.byte	1
 877 0350 D4       		.byte	-44
 878 0351 20       		.byte	32
 879 0352 D6       		.byte	-42
 880 0353 04       		.byte	4
 881 0354 D8       		.byte	-40
 882 0355 04       		.byte	4
 883 0356 D9       		.byte	-39
 884 0357 04       		.byte	4
 885 0358 DB       		.byte	-37
 886 0359 04       		.byte	4
 887 035a DC       		.byte	-36
 888 035b 08       		.byte	8
 889 035c DF       		.byte	-33
 890 035d 01       		.byte	1
 891 035e 00       		.byte	0
 892 035f 08       		.byte	8
 893 0360 01       		.byte	1
 894 0361 02       		.byte	2
 895 0362 04       		.byte	4
 896 0363 06       		.byte	6
 897 0364 06       		.byte	6
 898 0365 20       		.byte	32
 899 0366 08       		.byte	8
 900 0367 08       		.byte	8
 901 0368 09       		.byte	9
 902 0369 40       		.byte	64
 903 036a 0A       		.byte	10
 904 036b 41       		.byte	65
 905 036c 0F       		.byte	15
 906 036d 04       		.byte	4
 907 036e 10       		.byte	16
 908 036f A2       		.byte	-94
 909 0370 17       		.byte	23
 910 0371 14       		.byte	20
 911 0372 19       		.byte	25
 912 0373 50       		.byte	80
ARM GAS  C:\Users\midtg\AppData\Local\Temp\cc6x0n0b.s 			page 17


 913 0374 1A       		.byte	26
 914 0375 40       		.byte	64
 915 0376 1D       		.byte	29
 916 0377 08       		.byte	8
 917 0378 1F       		.byte	31
 918 0379 10       		.byte	16
 919 037a 20       		.byte	32
 920 037b 04       		.byte	4
 921 037c 21       		.byte	33
 922 037d 02       		.byte	2
 923 037e 24       		.byte	36
 924 037f 40       		.byte	64
 925 0380 27       		.byte	39
 926 0381 21       		.byte	33
 927 0382 2D       		.byte	45
 928 0383 30       		.byte	48
 929 0384 34       		.byte	52
 930 0385 60       		.byte	96
 931 0386 36       		.byte	54
 932 0387 AC       		.byte	-84
 933 0388 39       		.byte	57
 934 0389 20       		.byte	32
 935 038a 3B       		.byte	59
 936 038b 14       		.byte	20
 937 038c 3D       		.byte	61
 938 038d 80       		.byte	-128
 939 038e 3E       		.byte	62
 940 038f 20       		.byte	32
 941 0390 3F       		.byte	63
 942 0391 06       		.byte	6
 943 0392 42       		.byte	66
 944 0393 80       		.byte	-128
 945 0394 43       		.byte	67
 946 0395 01       		.byte	1
 947 0396 44       		.byte	68
 948 0397 50       		.byte	80
 949 0398 45       		.byte	69
 950 0399 08       		.byte	8
 951 039a 46       		.byte	70
 952 039b 01       		.byte	1
 953 039c 47       		.byte	71
 954 039d 20       		.byte	32
 955 039e 4F       		.byte	79
 956 039f 42       		.byte	66
 957 03a0 57       		.byte	87
 958 03a1 20       		.byte	32
 959 03a2 59       		.byte	89
 960 03a3 01       		.byte	1
 961 03a4 5C       		.byte	92
 962 03a5 40       		.byte	64
 963 03a6 5E       		.byte	94
 964 03a7 28       		.byte	40
 965 03a8 61       		.byte	97
 966 03a9 44       		.byte	68
 967 03aa 62       		.byte	98
 968 03ab 12       		.byte	18
 969 03ac 67       		.byte	103
ARM GAS  C:\Users\midtg\AppData\Local\Temp\cc6x0n0b.s 			page 18


 970 03ad 20       		.byte	32
 971 03ae 78       		.byte	120
 972 03af 80       		.byte	-128
 973 03b0 8A       		.byte	-118
 974 03b1 02       		.byte	2
 975 03b2 90       		.byte	-112
 976 03b3 02       		.byte	2
 977 03b4 91       		.byte	-111
 978 03b5 2C       		.byte	44
 979 03b6 92       		.byte	-110
 980 03b7 0C       		.byte	12
 981 03b8 93       		.byte	-109
 982 03b9 41       		.byte	65
 983 03ba 94       		.byte	-108
 984 03bb 08       		.byte	8
 985 03bc 95       		.byte	-107
 986 03bd 10       		.byte	16
 987 03be 96       		.byte	-106
 988 03bf 01       		.byte	1
 989 03c0 98       		.byte	-104
 990 03c1 8A       		.byte	-118
 991 03c2 99       		.byte	-103
 992 03c3 80       		.byte	-128
 993 03c4 9A       		.byte	-102
 994 03c5 01       		.byte	1
 995 03c6 9B       		.byte	-101
 996 03c7 14       		.byte	20
 997 03c8 9C       		.byte	-100
 998 03c9 30       		.byte	48
 999 03ca 9E       		.byte	-98
 1000 03cb 80       		.byte	-128
 1001 03cc A0       		.byte	-96
 1002 03cd AE       		.byte	-82
 1003 03ce A1       		.byte	-95
 1004 03cf 80       		.byte	-128
 1005 03d0 A2       		.byte	-94
 1006 03d1 80       		.byte	-128
 1007 03d2 A3       		.byte	-93
 1008 03d3 08       		.byte	8
 1009 03d4 A5       		.byte	-91
 1010 03d5 06       		.byte	6
 1011 03d6 A7       		.byte	-89
 1012 03d7 30       		.byte	48
 1013 03d8 A8       		.byte	-88
 1014 03d9 80       		.byte	-128
 1015 03da AD       		.byte	-83
 1016 03db 10       		.byte	16
 1017 03dc C0       		.byte	-64
 1018 03dd 3C       		.byte	60
 1019 03de C2       		.byte	-62
 1020 03df 4C       		.byte	76
 1021 03e0 C4       		.byte	-60
 1022 03e1 6D       		.byte	109
 1023 03e2 CA       		.byte	-54
 1024 03e3 20       		.byte	32
 1025 03e4 CC       		.byte	-52
 1026 03e5 70       		.byte	112
ARM GAS  C:\Users\midtg\AppData\Local\Temp\cc6x0n0b.s 			page 19


 1027 03e6 CE       		.byte	-50
 1028 03e7 F6       		.byte	-10
 1029 03e8 D0       		.byte	-48
 1030 03e9 F0       		.byte	-16
 1031 03ea D2       		.byte	-46
 1032 03eb 10       		.byte	16
 1033 03ec D6       		.byte	-42
 1034 03ed 71       		.byte	113
 1035 03ee D8       		.byte	-40
 1036 03ef 4F       		.byte	79
 1037 03f0 DE       		.byte	-34
 1038 03f1 08       		.byte	8
 1039 03f2 E6       		.byte	-26
 1040 03f3 20       		.byte	32
 1041 03f4 EA       		.byte	-22
 1042 03f5 02       		.byte	2
 1043 03f6 EE       		.byte	-18
 1044 03f7 01       		.byte	1
 1045 03f8 02       		.byte	2
 1046 03f9 04       		.byte	4
 1047 03fa 05       		.byte	5
 1048 03fb 01       		.byte	1
 1049 03fc 13       		.byte	19
 1050 03fd 01       		.byte	1
 1051 03fe 14       		.byte	20
 1052 03ff 04       		.byte	4
 1053 0400 15       		.byte	21
 1054 0401 01       		.byte	1
 1055 0402 18       		.byte	24
 1056 0403 02       		.byte	2
 1057 0404 1D       		.byte	29
 1058 0405 01       		.byte	1
 1059 0406 20       		.byte	32
 1060 0407 01       		.byte	1
 1061 0408 24       		.byte	36
 1062 0409 01       		.byte	1
 1063 040a 27       		.byte	39
 1064 040b 01       		.byte	1
 1065 040c 28       		.byte	40
 1066 040d 01       		.byte	1
 1067 040e 2E       		.byte	46
 1068 040f 01       		.byte	1
 1069 0410 32       		.byte	50
 1070 0411 02       		.byte	2
 1071 0412 34       		.byte	52
 1072 0413 04       		.byte	4
 1073 0414 36       		.byte	54
 1074 0415 01       		.byte	1
 1075 0416 37       		.byte	55
 1076 0417 01       		.byte	1
 1077 0418 3E       		.byte	62
 1078 0419 54       		.byte	84
 1079 041a 3F       		.byte	63
 1080 041b 40       		.byte	64
 1081 041c 40       		.byte	64
 1082 041d 01       		.byte	1
 1083 041e 41       		.byte	65
ARM GAS  C:\Users\midtg\AppData\Local\Temp\cc6x0n0b.s 			page 20


 1084 041f 04       		.byte	4
 1085 0420 42       		.byte	66
 1086 0421 10       		.byte	16
 1087 0422 44       		.byte	68
 1088 0423 06       		.byte	6
 1089 0424 45       		.byte	69
 1090 0425 FE       		.byte	-2
 1091 0426 46       		.byte	70
 1092 0427 CB       		.byte	-53
 1093 0428 47       		.byte	71
 1094 0429 0D       		.byte	13
 1095 042a 48       		.byte	72
 1096 042b 1F       		.byte	31
 1097 042c 49       		.byte	73
 1098 042d FF       		.byte	-1
 1099 042e 4A       		.byte	74
 1100 042f FF       		.byte	-1
 1101 0430 4B       		.byte	75
 1102 0431 FF       		.byte	-1
 1103 0432 4C       		.byte	76
 1104 0433 22       		.byte	34
 1105 0434 4E       		.byte	78
 1106 0435 F0       		.byte	-16
 1107 0436 4F       		.byte	79
 1108 0437 0C       		.byte	12
 1109 0438 50       		.byte	80
 1110 0439 8C       		.byte	-116
 1111 043a 51       		.byte	81
 1112 043b 10       		.byte	16
 1113 043c 56       		.byte	86
 1114 043d 08       		.byte	8
 1115 043e 58       		.byte	88
 1116 043f 04       		.byte	4
 1117 0440 59       		.byte	89
 1118 0441 04       		.byte	4
 1119 0442 5A       		.byte	90
 1120 0443 24       		.byte	36
 1121 0444 5B       		.byte	91
 1122 0445 04       		.byte	4
 1123 0446 5D       		.byte	93
 1124 0447 08       		.byte	8
 1125 0448 5F       		.byte	95
 1126 0449 01       		.byte	1
 1127 044a 68       		.byte	104
 1128 044b 40       		.byte	64
 1129 044c 69       		.byte	105
 1130 044d 01       		.byte	1
 1131 044e 6A       		.byte	106
 1132 044f C0       		.byte	-64
 1133 0450 6B       		.byte	107
 1134 0451 01       		.byte	1
 1135 0452 85       		.byte	-123
 1136 0453 37       		.byte	55
 1137 0454 8D       		.byte	-115
 1138 0455 01       		.byte	1
 1139 0456 8F       		.byte	-113
 1140 0457 06       		.byte	6
ARM GAS  C:\Users\midtg\AppData\Local\Temp\cc6x0n0b.s 			page 21


 1141 0458 90       		.byte	-112
 1142 0459 04       		.byte	4
 1143 045a 95       		.byte	-107
 1144 045b 24       		.byte	36
 1145 045c 97       		.byte	-105
 1146 045d 11       		.byte	17
 1147 045e 99       		.byte	-103
 1148 045f 12       		.byte	18
 1149 0460 9B       		.byte	-101
 1150 0461 29       		.byte	41
 1151 0462 9E       		.byte	-98
 1152 0463 05       		.byte	5
 1153 0464 A4       		.byte	-92
 1154 0465 02       		.byte	2
 1155 0466 A9       		.byte	-87
 1156 0467 37       		.byte	55
 1157 0468 B0       		.byte	-80
 1158 0469 01       		.byte	1
 1159 046a B2       		.byte	-78
 1160 046b 04       		.byte	4
 1161 046c B3       		.byte	-77
 1162 046d 08       		.byte	8
 1163 046e B4       		.byte	-76
 1164 046f 02       		.byte	2
 1165 0470 B5       		.byte	-75
 1166 0471 30       		.byte	48
 1167 0472 B7       		.byte	-73
 1168 0473 07       		.byte	7
 1169 0474 BE       		.byte	-66
 1170 0475 14       		.byte	20
 1171 0476 D4       		.byte	-44
 1172 0477 01       		.byte	1
 1173 0478 D8       		.byte	-40
 1174 0479 04       		.byte	4
 1175 047a D9       		.byte	-39
 1176 047b 04       		.byte	4
 1177 047c DB       		.byte	-37
 1178 047d 04       		.byte	4
 1179 047e DC       		.byte	-36
 1180 047f 10       		.byte	16
 1181 0480 DD       		.byte	-35
 1182 0481 10       		.byte	16
 1183 0482 DF       		.byte	-33
 1184 0483 01       		.byte	1
 1185 0484 03       		.byte	3
 1186 0485 80       		.byte	-128
 1187 0486 04       		.byte	4
 1188 0487 20       		.byte	32
 1189 0488 07       		.byte	7
 1190 0489 04       		.byte	4
 1191 048a 0A       		.byte	10
 1192 048b 08       		.byte	8
 1193 048c 0B       		.byte	11
 1194 048d 10       		.byte	16
 1195 048e 0E       		.byte	14
 1196 048f 80       		.byte	-128
 1197 0490 0F       		.byte	15
ARM GAS  C:\Users\midtg\AppData\Local\Temp\cc6x0n0b.s 			page 22


 1198 0491 02       		.byte	2
 1199 0492 10       		.byte	16
 1200 0493 AA       		.byte	-86
 1201 0494 15       		.byte	21
 1202 0495 08       		.byte	8
 1203 0496 18       		.byte	24
 1204 0497 09       		.byte	9
 1205 0498 1A       		.byte	26
 1206 0499 12       		.byte	18
 1207 049a 1D       		.byte	29
 1208 049b 08       		.byte	8
 1209 049c 1E       		.byte	30
 1210 049d 88       		.byte	-120
 1211 049e 22       		.byte	34
 1212 049f 40       		.byte	64
 1213 04a0 25       		.byte	37
 1214 04a1 44       		.byte	68
 1215 04a2 26       		.byte	38
 1216 04a3 20       		.byte	32
 1217 04a4 27       		.byte	39
 1218 04a5 08       		.byte	8
 1219 04a6 2A       		.byte	42
 1220 04a7 04       		.byte	4
 1221 04a8 2B       		.byte	43
 1222 04a9 10       		.byte	16
 1223 04aa 2F       		.byte	47
 1224 04ab 08       		.byte	8
 1225 04ac 30       		.byte	48
 1226 04ad 8A       		.byte	-118
 1227 04ae 35       		.byte	53
 1228 04af 20       		.byte	32
 1229 04b0 37       		.byte	55
 1230 04b1 08       		.byte	8
 1231 04b2 39       		.byte	57
 1232 04b3 04       		.byte	4
 1233 04b4 3D       		.byte	61
 1234 04b5 80       		.byte	-128
 1235 04b6 3E       		.byte	62
 1236 04b7 04       		.byte	4
 1237 04b8 40       		.byte	64
 1238 04b9 01       		.byte	1
 1239 04ba 41       		.byte	65
 1240 04bb 02       		.byte	2
 1241 04bc 45       		.byte	69
 1242 04bd 08       		.byte	8
 1243 04be 46       		.byte	70
 1244 04bf 10       		.byte	16
 1245 04c0 49       		.byte	73
 1246 04c1 13       		.byte	19
 1247 04c2 4A       		.byte	74
 1248 04c3 10       		.byte	16
 1249 04c4 50       		.byte	80
 1250 04c5 10       		.byte	16
 1251 04c6 52       		.byte	82
 1252 04c7 04       		.byte	4
 1253 04c8 53       		.byte	83
 1254 04c9 80       		.byte	-128
ARM GAS  C:\Users\midtg\AppData\Local\Temp\cc6x0n0b.s 			page 23


 1255 04ca 58       		.byte	88
 1256 04cb 10       		.byte	16
 1257 04cc 5A       		.byte	90
 1258 04cd 80       		.byte	-128
 1259 04ce 5B       		.byte	91
 1260 04cf 04       		.byte	4
 1261 04d0 5C       		.byte	92
 1262 04d1 10       		.byte	16
 1263 04d2 5D       		.byte	93
 1264 04d3 80       		.byte	-128
 1265 04d4 5E       		.byte	94
 1266 04d5 08       		.byte	8
 1267 04d6 5F       		.byte	95
 1268 04d7 01       		.byte	1
 1269 04d8 62       		.byte	98
 1270 04d9 08       		.byte	8
 1271 04da 63       		.byte	99
 1272 04db 06       		.byte	6
 1273 04dc 78       		.byte	120
 1274 04dd 80       		.byte	-128
 1275 04de 80       		.byte	-128
 1276 04df 10       		.byte	16
 1277 04e0 81       		.byte	-127
 1278 04e1 80       		.byte	-128
 1279 04e2 82       		.byte	-126
 1280 04e3 10       		.byte	16
 1281 04e4 84       		.byte	-124
 1282 04e5 10       		.byte	16
 1283 04e6 86       		.byte	-122
 1284 04e7 01       		.byte	1
 1285 04e8 89       		.byte	-119
 1286 04e9 20       		.byte	32
 1287 04ea 91       		.byte	-111
 1288 04eb 0C       		.byte	12
 1289 04ec 92       		.byte	-110
 1290 04ed 0C       		.byte	12
 1291 04ee 93       		.byte	-109
 1292 04ef 11       		.byte	17
 1293 04f0 94       		.byte	-108
 1294 04f1 08       		.byte	8
 1295 04f2 97       		.byte	-105
 1296 04f3 04       		.byte	4
 1297 04f4 98       		.byte	-104
 1298 04f5 80       		.byte	-128
 1299 04f6 99       		.byte	-103
 1300 04f7 90       		.byte	-112
 1301 04f8 9D       		.byte	-99
 1302 04f9 23       		.byte	35
 1303 04fa 9E       		.byte	-98
 1304 04fb 10       		.byte	16
 1305 04fc A0       		.byte	-96
 1306 04fd AA       		.byte	-86
 1307 04fe A1       		.byte	-95
 1308 04ff 82       		.byte	-126
 1309 0500 A3       		.byte	-93
 1310 0501 08       		.byte	8
 1311 0502 A5       		.byte	-91
ARM GAS  C:\Users\midtg\AppData\Local\Temp\cc6x0n0b.s 			page 24


 1312 0503 44       		.byte	68
 1313 0504 A6       		.byte	-90
 1314 0505 38       		.byte	56
 1315 0506 A7       		.byte	-89
 1316 0507 10       		.byte	16
 1317 0508 A8       		.byte	-88
 1318 0509 02       		.byte	2
 1319 050a A9       		.byte	-87
 1320 050b 04       		.byte	4
 1321 050c C0       		.byte	-64
 1322 050d 08       		.byte	8
 1323 050e C2       		.byte	-62
 1324 050f 96       		.byte	-106
 1325 0510 C4       		.byte	-60
 1326 0511 2F       		.byte	47
 1327 0512 CA       		.byte	-54
 1328 0513 22       		.byte	34
 1329 0514 CC       		.byte	-52
 1330 0515 6B       		.byte	107
 1331 0516 CE       		.byte	-50
 1332 0517 52       		.byte	82
 1333 0518 D0       		.byte	-48
 1334 0519 09       		.byte	9
 1335 051a D2       		.byte	-46
 1336 051b 04       		.byte	4
 1337 051c D6       		.byte	-42
 1338 051d FE       		.byte	-2
 1339 051e D8       		.byte	-40
 1340 051f 0E       		.byte	14
 1341 0520 DE       		.byte	-34
 1342 0521 08       		.byte	8
 1343 0522 E0       		.byte	-32
 1344 0523 01       		.byte	1
 1345 0524 30       		.byte	48
 1346 0525 20       		.byte	32
 1347 0526 32       		.byte	50
 1348 0527 02       		.byte	2
 1349 0528 35       		.byte	53
 1350 0529 80       		.byte	-128
 1351 052a 88       		.byte	-120
 1352 052b 20       		.byte	32
 1353 052c 8A       		.byte	-118
 1354 052d 02       		.byte	2
 1355 052e CC       		.byte	-52
 1356 052f 70       		.byte	112
 1357 0530 9D       		.byte	-99
 1358 0531 80       		.byte	-128
 1359 0532 A4       		.byte	-92
 1360 0533 20       		.byte	32
 1361 0534 85       		.byte	-123
 1362 0535 80       		.byte	-128
 1363 0536 9D       		.byte	-99
 1364 0537 80       		.byte	-128
 1365 0538 A4       		.byte	-92
 1366 0539 20       		.byte	32
 1367 053a E2       		.byte	-30
 1368 053b 10       		.byte	16
ARM GAS  C:\Users\midtg\AppData\Local\Temp\cc6x0n0b.s 			page 25


 1369 053c A4       		.byte	-92
 1370 053d 20       		.byte	32
 1371 053e 04       		.byte	4
 1372 053f 10       		.byte	16
 1373 0540 08       		.byte	8
 1374 0541 01       		.byte	1
 1375 0542 0E       		.byte	14
 1376 0543 20       		.byte	32
 1377 0544 5E       		.byte	94
 1378 0545 02       		.byte	2
 1379 0546 C0       		.byte	-64
 1380 0547 01       		.byte	1
 1381 0548 C2       		.byte	-62
 1382 0549 0C       		.byte	12
 1383 054a D6       		.byte	-42
 1384 054b 01       		.byte	1
 1385 054c 90       		.byte	-112
 1386 054d 10       		.byte	16
 1387 054e 98       		.byte	-104
 1388 054f 01       		.byte	1
 1389 0550 A2       		.byte	-94
 1390 0551 10       		.byte	16
 1391 0552 A6       		.byte	-90
 1392 0553 01       		.byte	1
 1393 0554 8E       		.byte	-114
 1394 0555 01       		.byte	1
 1395 0556 90       		.byte	-112
 1396 0557 10       		.byte	16
 1397 0558 98       		.byte	-104
 1398 0559 01       		.byte	1
 1399 055a A6       		.byte	-90
 1400 055b 01       		.byte	1
 1401 055c AE       		.byte	-82
 1402 055d 10       		.byte	16
 1403 055e E0       		.byte	-32
 1404 055f 08       		.byte	8
 1405 0560 88       		.byte	-120
 1406 0561 20       		.byte	32
 1407 0562 A4       		.byte	-92
 1408 0563 20       		.byte	32
 1409 0564 A8       		.byte	-88
 1410 0565 10       		.byte	16
 1411 0566 AC       		.byte	-84
 1412 0567 01       		.byte	1
 1413 0568 10       		.byte	16
 1414 0569 10       		.byte	16
 1415 056a 71       		.byte	113
 1416 056b 02       		.byte	2
 1417 056c 81       		.byte	-127
 1418 056d 02       		.byte	2
 1419 056e 88       		.byte	-120
 1420 056f 10       		.byte	16
 1421 0570 C4       		.byte	-60
 1422 0571 08       		.byte	8
 1423 0572 DC       		.byte	-36
 1424 0573 01       		.byte	1
 1425 0574 E2       		.byte	-30
ARM GAS  C:\Users\midtg\AppData\Local\Temp\cc6x0n0b.s 			page 26


 1426 0575 04       		.byte	4
 1427 0576 00       		.byte	0
 1428 0577 03       		.byte	3
 1429 0578 0C       		.byte	12
 1430 0579 03       		.byte	3
 1431 057a 10       		.byte	16
 1432 057b 03       		.byte	3
 1433 057c 1C       		.byte	28
 1434 057d 03       		.byte	3
 1435 057e 00       		.byte	0
 1436 057f 3F       		.byte	63
 1437 0580 80       		.byte	-128
 1438 0581 00       		.byte	0
 1439 0582 40       		.byte	64
 1440 0583 80       		.byte	-128
 1441 0584 80       		.byte	-128
 1442 0585 00       		.byte	0
 1443 0586 80       		.byte	-128
 1444 0587 00       		.byte	0
 1445 0588 00       		.byte	0
 1446 0589 00       		.byte	0
 1447 058a 00       		.byte	0
 1448 058b 00       		.byte	0
 1449 058c 00       		.byte	0
 1450 058d 0B       		.byte	11
 1451 058e 0B       		.byte	11
 1452 058f 00       		.byte	0
 1453 0590 00       		.byte	0
 1454 0591 00       		.byte	0
 1455 0592 00       		.byte	0
 1456 0593 00       		.byte	0
 1457 0594 38       		.byte	56
 1458 0595 C2       		.byte	-62
 1459 0596 C2       		.byte	-62
 1460 0597 00       		.byte	0
 1461 0598 40       		.byte	64
 1462 0599 00       		.byte	0
 1463 059a 00       		.byte	0
 1464 059b 00       		.byte	0
 1465              		.section	.cywolatch,"a",%progbits
 1466              		.align	2
 1467              		.type	cy_meta_wonvl, %object
 1468              		.size	cy_meta_wonvl, 4
 1469              	cy_meta_wonvl:
 1470 0000 BC       		.byte	-68
 1471 0001 90       		.byte	-112
 1472 0002 AC       		.byte	-84
 1473 0003 AF       		.byte	-81
 1474              		.section	.cycustnvl,"a",%progbits
 1475              		.align	2
 1476              		.type	cy_meta_custnvl, %object
 1477              		.size	cy_meta_custnvl, 4
 1478              	cy_meta_custnvl:
 1479 0000 00       		.byte	0
 1480 0001 00       		.byte	0
 1481 0002 40       		.byte	64
 1482 0003 05       		.byte	5
ARM GAS  C:\Users\midtg\AppData\Local\Temp\cc6x0n0b.s 			page 27


 1483              		.section	.cymeta,"a",%progbits
 1484              		.align	2
 1485              		.type	cy_metadata, %object
 1486              		.size	cy_metadata, 12
 1487              	cy_metadata:
 1488 0000 00       		.byte	0
 1489 0001 01       		.byte	1
 1490 0002 2E       		.byte	46
 1491 0003 16       		.byte	22
 1492 0004 10       		.byte	16
 1493 0005 69       		.byte	105
 1494 0006 00       		.byte	0
 1495 0007 01       		.byte	1
 1496 0008 00       		.byte	0
 1497 0009 00       		.byte	0
 1498 000a 00       		.byte	0
 1499 000b 00       		.byte	0
 1500              		.section	.cyflashprotect,"a",%progbits
 1501              		.align	2
 1502              		.type	cy_meta_flashprotect, %object
 1503              		.size	cy_meta_flashprotect, 256
 1504              	cy_meta_flashprotect:
 1505 0000 00000000 		.space	256
 1505      00000000 
 1505      00000000 
 1505      00000000 
 1505      00000000 
 1506              		.text
 1507              	.Letext0:
 1508              		.file 1 "c:\\program files (x86)\\cypress\\psoc creator\\4.2\\psoc creator\\import\\gnu\\arm\\5.4.
 1509              		.file 2 "c:\\program files (x86)\\cypress\\psoc creator\\4.2\\psoc creator\\import\\gnu\\arm\\5.4.
 1510              		.file 3 "Generated_Source\\PSoC5\\cymetadata.c"
 1511              		.section	.debug_info,"",%progbits
 1512              	.Ldebug_info0:
 1513 0000 32010000 		.4byte	0x132
 1514 0004 0400     		.2byte	0x4
 1515 0006 00000000 		.4byte	.Ldebug_abbrev0
 1516 000a 04       		.byte	0x4
 1517 000b 01       		.uleb128 0x1
 1518 000c 24000000 		.4byte	.LASF17
 1519 0010 0C       		.byte	0xc
 1520 0011 E4010000 		.4byte	.LASF18
 1521 0015 51010000 		.4byte	.LASF19
 1522 0019 00000000 		.4byte	.Ldebug_line0
 1523 001d 02       		.uleb128 0x2
 1524 001e 01       		.byte	0x1
 1525 001f 06       		.byte	0x6
 1526 0020 D8010000 		.4byte	.LASF0
 1527 0024 03       		.uleb128 0x3
 1528 0025 00000000 		.4byte	.LASF9
 1529 0029 01       		.byte	0x1
 1530 002a 1D       		.byte	0x1d
 1531 002b 2F000000 		.4byte	0x2f
 1532 002f 02       		.uleb128 0x2
 1533 0030 01       		.byte	0x1
 1534 0031 08       		.byte	0x8
 1535 0032 16000000 		.4byte	.LASF1
ARM GAS  C:\Users\midtg\AppData\Local\Temp\cc6x0n0b.s 			page 28


 1536 0036 02       		.uleb128 0x2
 1537 0037 02       		.byte	0x2
 1538 0038 05       		.byte	0x5
 1539 0039 C5010000 		.4byte	.LASF2
 1540 003d 02       		.uleb128 0x2
 1541 003e 02       		.byte	0x2
 1542 003f 07       		.byte	0x7
 1543 0040 C4000000 		.4byte	.LASF3
 1544 0044 02       		.uleb128 0x2
 1545 0045 04       		.byte	0x4
 1546 0046 05       		.byte	0x5
 1547 0047 CF010000 		.4byte	.LASF4
 1548 004b 02       		.uleb128 0x2
 1549 004c 04       		.byte	0x4
 1550 004d 07       		.byte	0x7
 1551 004e B2000000 		.4byte	.LASF5
 1552 0052 02       		.uleb128 0x2
 1553 0053 08       		.byte	0x8
 1554 0054 05       		.byte	0x5
 1555 0055 B7010000 		.4byte	.LASF6
 1556 0059 02       		.uleb128 0x2
 1557 005a 08       		.byte	0x8
 1558 005b 07       		.byte	0x7
 1559 005c 06010000 		.4byte	.LASF7
 1560 0060 04       		.uleb128 0x4
 1561 0061 04       		.byte	0x4
 1562 0062 05       		.byte	0x5
 1563 0063 696E7400 		.ascii	"int\000"
 1564 0067 02       		.uleb128 0x2
 1565 0068 04       		.byte	0x4
 1566 0069 07       		.byte	0x7
 1567 006a F9000000 		.4byte	.LASF8
 1568 006e 03       		.uleb128 0x3
 1569 006f 1D010000 		.4byte	.LASF10
 1570 0073 02       		.byte	0x2
 1571 0074 18       		.byte	0x18
 1572 0075 24000000 		.4byte	0x24
 1573 0079 05       		.uleb128 0x5
 1574 007a 91000000 		.4byte	0x91
 1575 007e 8A000000 		.4byte	0x8a
 1576 0082 06       		.uleb128 0x6
 1577 0083 8A000000 		.4byte	0x8a
 1578 0087 9B05     		.2byte	0x59b
 1579 0089 00       		.byte	0
 1580 008a 02       		.uleb128 0x2
 1581 008b 04       		.byte	0x4
 1582 008c 07       		.byte	0x7
 1583 008d 48010000 		.4byte	.LASF11
 1584 0091 07       		.uleb128 0x7
 1585 0092 6E000000 		.4byte	0x6e
 1586 0096 08       		.uleb128 0x8
 1587 0097 E7000000 		.4byte	.LASF12
 1588 009b 03       		.byte	0x3
 1589 009c 1F       		.byte	0x1f
 1590 009d A7000000 		.4byte	0xa7
 1591 00a1 05       		.uleb128 0x5
 1592 00a2 03       		.byte	0x3
ARM GAS  C:\Users\midtg\AppData\Local\Temp\cc6x0n0b.s 			page 29


 1593 00a3 00000000 		.4byte	cy_meta_configecc
 1594 00a7 07       		.uleb128 0x7
 1595 00a8 79000000 		.4byte	0x79
 1596 00ac 05       		.uleb128 0x5
 1597 00ad 91000000 		.4byte	0x91
 1598 00b1 BC000000 		.4byte	0xbc
 1599 00b5 09       		.uleb128 0x9
 1600 00b6 8A000000 		.4byte	0x8a
 1601 00ba 03       		.byte	0x3
 1602 00bb 00       		.byte	0
 1603 00bc 08       		.uleb128 0x8
 1604 00bd D7000000 		.4byte	.LASF13
 1605 00c1 03       		.byte	0x3
 1606 00c2 E0       		.byte	0xe0
 1607 00c3 CD000000 		.4byte	0xcd
 1608 00c7 05       		.uleb128 0x5
 1609 00c8 03       		.byte	0x3
 1610 00c9 00000000 		.4byte	cy_meta_custnvl
 1611 00cd 07       		.uleb128 0x7
 1612 00ce AC000000 		.4byte	0xac
 1613 00d2 08       		.uleb128 0x8
 1614 00d3 3A010000 		.4byte	.LASF14
 1615 00d7 03       		.byte	0x3
 1616 00d8 EE       		.byte	0xee
 1617 00d9 E3000000 		.4byte	0xe3
 1618 00dd 05       		.uleb128 0x5
 1619 00de 03       		.byte	0x3
 1620 00df 00000000 		.4byte	cy_meta_wonvl
 1621 00e3 07       		.uleb128 0x7
 1622 00e4 AC000000 		.4byte	0xac
 1623 00e8 05       		.uleb128 0x5
 1624 00e9 91000000 		.4byte	0x91
 1625 00ed F8000000 		.4byte	0xf8
 1626 00f1 09       		.uleb128 0x9
 1627 00f2 8A000000 		.4byte	0x8a
 1628 00f6 FF       		.byte	0xff
 1629 00f7 00       		.byte	0
 1630 00f8 08       		.uleb128 0x8
 1631 00f9 25010000 		.4byte	.LASF15
 1632 00fd 03       		.byte	0x3
 1633 00fe FC       		.byte	0xfc
 1634 00ff 09010000 		.4byte	0x109
 1635 0103 05       		.uleb128 0x5
 1636 0104 03       		.byte	0x3
 1637 0105 00000000 		.4byte	cy_meta_flashprotect
 1638 0109 07       		.uleb128 0x7
 1639 010a E8000000 		.4byte	0xe8
 1640 010e 05       		.uleb128 0x5
 1641 010f 91000000 		.4byte	0x91
 1642 0113 1E010000 		.4byte	0x11e
 1643 0117 09       		.uleb128 0x9
 1644 0118 8A000000 		.4byte	0x8a
 1645 011c 0B       		.byte	0xb
 1646 011d 00       		.byte	0
 1647 011e 0A       		.uleb128 0xa
 1648 011f 0A000000 		.4byte	.LASF16
 1649 0123 03       		.byte	0x3
ARM GAS  C:\Users\midtg\AppData\Local\Temp\cc6x0n0b.s 			page 30


 1650 0124 2901     		.2byte	0x129
 1651 0126 30010000 		.4byte	0x130
 1652 012a 05       		.uleb128 0x5
 1653 012b 03       		.byte	0x3
 1654 012c 00000000 		.4byte	cy_metadata
 1655 0130 07       		.uleb128 0x7
 1656 0131 0E010000 		.4byte	0x10e
 1657 0135 00       		.byte	0
 1658              		.section	.debug_abbrev,"",%progbits
 1659              	.Ldebug_abbrev0:
 1660 0000 01       		.uleb128 0x1
 1661 0001 11       		.uleb128 0x11
 1662 0002 01       		.byte	0x1
 1663 0003 25       		.uleb128 0x25
 1664 0004 0E       		.uleb128 0xe
 1665 0005 13       		.uleb128 0x13
 1666 0006 0B       		.uleb128 0xb
 1667 0007 03       		.uleb128 0x3
 1668 0008 0E       		.uleb128 0xe
 1669 0009 1B       		.uleb128 0x1b
 1670 000a 0E       		.uleb128 0xe
 1671 000b 10       		.uleb128 0x10
 1672 000c 17       		.uleb128 0x17
 1673 000d 00       		.byte	0
 1674 000e 00       		.byte	0
 1675 000f 02       		.uleb128 0x2
 1676 0010 24       		.uleb128 0x24
 1677 0011 00       		.byte	0
 1678 0012 0B       		.uleb128 0xb
 1679 0013 0B       		.uleb128 0xb
 1680 0014 3E       		.uleb128 0x3e
 1681 0015 0B       		.uleb128 0xb
 1682 0016 03       		.uleb128 0x3
 1683 0017 0E       		.uleb128 0xe
 1684 0018 00       		.byte	0
 1685 0019 00       		.byte	0
 1686 001a 03       		.uleb128 0x3
 1687 001b 16       		.uleb128 0x16
 1688 001c 00       		.byte	0
 1689 001d 03       		.uleb128 0x3
 1690 001e 0E       		.uleb128 0xe
 1691 001f 3A       		.uleb128 0x3a
 1692 0020 0B       		.uleb128 0xb
 1693 0021 3B       		.uleb128 0x3b
 1694 0022 0B       		.uleb128 0xb
 1695 0023 49       		.uleb128 0x49
 1696 0024 13       		.uleb128 0x13
 1697 0025 00       		.byte	0
 1698 0026 00       		.byte	0
 1699 0027 04       		.uleb128 0x4
 1700 0028 24       		.uleb128 0x24
 1701 0029 00       		.byte	0
 1702 002a 0B       		.uleb128 0xb
 1703 002b 0B       		.uleb128 0xb
 1704 002c 3E       		.uleb128 0x3e
 1705 002d 0B       		.uleb128 0xb
 1706 002e 03       		.uleb128 0x3
ARM GAS  C:\Users\midtg\AppData\Local\Temp\cc6x0n0b.s 			page 31


 1707 002f 08       		.uleb128 0x8
 1708 0030 00       		.byte	0
 1709 0031 00       		.byte	0
 1710 0032 05       		.uleb128 0x5
 1711 0033 01       		.uleb128 0x1
 1712 0034 01       		.byte	0x1
 1713 0035 49       		.uleb128 0x49
 1714 0036 13       		.uleb128 0x13
 1715 0037 01       		.uleb128 0x1
 1716 0038 13       		.uleb128 0x13
 1717 0039 00       		.byte	0
 1718 003a 00       		.byte	0
 1719 003b 06       		.uleb128 0x6
 1720 003c 21       		.uleb128 0x21
 1721 003d 00       		.byte	0
 1722 003e 49       		.uleb128 0x49
 1723 003f 13       		.uleb128 0x13
 1724 0040 2F       		.uleb128 0x2f
 1725 0041 05       		.uleb128 0x5
 1726 0042 00       		.byte	0
 1727 0043 00       		.byte	0
 1728 0044 07       		.uleb128 0x7
 1729 0045 26       		.uleb128 0x26
 1730 0046 00       		.byte	0
 1731 0047 49       		.uleb128 0x49
 1732 0048 13       		.uleb128 0x13
 1733 0049 00       		.byte	0
 1734 004a 00       		.byte	0
 1735 004b 08       		.uleb128 0x8
 1736 004c 34       		.uleb128 0x34
 1737 004d 00       		.byte	0
 1738 004e 03       		.uleb128 0x3
 1739 004f 0E       		.uleb128 0xe
 1740 0050 3A       		.uleb128 0x3a
 1741 0051 0B       		.uleb128 0xb
 1742 0052 3B       		.uleb128 0x3b
 1743 0053 0B       		.uleb128 0xb
 1744 0054 49       		.uleb128 0x49
 1745 0055 13       		.uleb128 0x13
 1746 0056 3F       		.uleb128 0x3f
 1747 0057 19       		.uleb128 0x19
 1748 0058 02       		.uleb128 0x2
 1749 0059 18       		.uleb128 0x18
 1750 005a 00       		.byte	0
 1751 005b 00       		.byte	0
 1752 005c 09       		.uleb128 0x9
 1753 005d 21       		.uleb128 0x21
 1754 005e 00       		.byte	0
 1755 005f 49       		.uleb128 0x49
 1756 0060 13       		.uleb128 0x13
 1757 0061 2F       		.uleb128 0x2f
 1758 0062 0B       		.uleb128 0xb
 1759 0063 00       		.byte	0
 1760 0064 00       		.byte	0
 1761 0065 0A       		.uleb128 0xa
 1762 0066 34       		.uleb128 0x34
 1763 0067 00       		.byte	0
ARM GAS  C:\Users\midtg\AppData\Local\Temp\cc6x0n0b.s 			page 32


 1764 0068 03       		.uleb128 0x3
 1765 0069 0E       		.uleb128 0xe
 1766 006a 3A       		.uleb128 0x3a
 1767 006b 0B       		.uleb128 0xb
 1768 006c 3B       		.uleb128 0x3b
 1769 006d 05       		.uleb128 0x5
 1770 006e 49       		.uleb128 0x49
 1771 006f 13       		.uleb128 0x13
 1772 0070 3F       		.uleb128 0x3f
 1773 0071 19       		.uleb128 0x19
 1774 0072 02       		.uleb128 0x2
 1775 0073 18       		.uleb128 0x18
 1776 0074 00       		.byte	0
 1777 0075 00       		.byte	0
 1778 0076 00       		.byte	0
 1779              		.section	.debug_aranges,"",%progbits
 1780 0000 14000000 		.4byte	0x14
 1781 0004 0200     		.2byte	0x2
 1782 0006 00000000 		.4byte	.Ldebug_info0
 1783 000a 04       		.byte	0x4
 1784 000b 00       		.byte	0
 1785 000c 0000     		.2byte	0
 1786 000e 0000     		.2byte	0
 1787 0010 00000000 		.4byte	0
 1788 0014 00000000 		.4byte	0
 1789              		.section	.debug_line,"",%progbits
 1790              	.Ldebug_line0:
 1791 0000 3D010000 		.section	.debug_str,"MS",%progbits,1
 1791      02003701 
 1791      00000201 
 1791      FB0E0D00 
 1791      01010101 
 1792              	.LASF9:
 1793 0000 5F5F7569 		.ascii	"__uint8_t\000"
 1793      6E74385F 
 1793      7400
 1794              	.LASF16:
 1795 000a 63795F6D 		.ascii	"cy_metadata\000"
 1795      65746164 
 1795      61746100 
 1796              	.LASF1:
 1797 0016 756E7369 		.ascii	"unsigned char\000"
 1797      676E6564 
 1797      20636861 
 1797      7200
 1798              	.LASF17:
 1799 0024 474E5520 		.ascii	"GNU C11 5.4.1 20160609 (release) [ARM/embedded-5-br"
 1799      43313120 
 1799      352E342E 
 1799      31203230 
 1799      31363036 
 1800 0057 616E6368 		.ascii	"anch revision 237715] -mcpu=cortex-m3 -mthumb -g -O"
 1800      20726576 
 1800      6973696F 
 1800      6E203233 
 1800      37373135 
 1801 008a 67202D66 		.ascii	"g -ffunction-sections -ffat-lto-objects\000"
ARM GAS  C:\Users\midtg\AppData\Local\Temp\cc6x0n0b.s 			page 33


 1801      66756E63 
 1801      74696F6E 
 1801      2D736563 
 1801      74696F6E 
 1802              	.LASF5:
 1803 00b2 6C6F6E67 		.ascii	"long unsigned int\000"
 1803      20756E73 
 1803      69676E65 
 1803      6420696E 
 1803      7400
 1804              	.LASF3:
 1805 00c4 73686F72 		.ascii	"short unsigned int\000"
 1805      7420756E 
 1805      7369676E 
 1805      65642069 
 1805      6E7400
 1806              	.LASF13:
 1807 00d7 63795F6D 		.ascii	"cy_meta_custnvl\000"
 1807      6574615F 
 1807      63757374 
 1807      6E766C00 
 1808              	.LASF12:
 1809 00e7 63795F6D 		.ascii	"cy_meta_configecc\000"
 1809      6574615F 
 1809      636F6E66 
 1809      69676563 
 1809      6300
 1810              	.LASF8:
 1811 00f9 756E7369 		.ascii	"unsigned int\000"
 1811      676E6564 
 1811      20696E74 
 1811      00
 1812              	.LASF7:
 1813 0106 6C6F6E67 		.ascii	"long long unsigned int\000"
 1813      206C6F6E 
 1813      6720756E 
 1813      7369676E 
 1813      65642069 
 1814              	.LASF10:
 1815 011d 75696E74 		.ascii	"uint8_t\000"
 1815      385F7400 
 1816              	.LASF15:
 1817 0125 63795F6D 		.ascii	"cy_meta_flashprotect\000"
 1817      6574615F 
 1817      666C6173 
 1817      6870726F 
 1817      74656374 
 1818              	.LASF14:
 1819 013a 63795F6D 		.ascii	"cy_meta_wonvl\000"
 1819      6574615F 
 1819      776F6E76 
 1819      6C00
 1820              	.LASF11:
 1821 0148 73697A65 		.ascii	"sizetype\000"
 1821      74797065 
 1821      00
 1822              	.LASF19:
ARM GAS  C:\Users\midtg\AppData\Local\Temp\cc6x0n0b.s 			page 34


 1823 0151 433A5C55 		.ascii	"C:\\Users\\midtg\\OneDrive - Aarhus universitet\\3."
 1823      73657273 
 1823      5C6D6964 
 1823      74675C4F 
 1823      6E654472 
 1824 0180 2073656D 		.ascii	" semester\\GFV\\SPI kode\\SPI_Lab2 - SLAVE\\Design0"
 1824      65737465 
 1824      725C4746 
 1824      565C5350 
 1824      49206B6F 
 1825 01af 312E6379 		.ascii	"1.cydsn\000"
 1825      64736E00 
 1826              	.LASF6:
 1827 01b7 6C6F6E67 		.ascii	"long long int\000"
 1827      206C6F6E 
 1827      6720696E 
 1827      7400
 1828              	.LASF2:
 1829 01c5 73686F72 		.ascii	"short int\000"
 1829      7420696E 
 1829      7400
 1830              	.LASF4:
 1831 01cf 6C6F6E67 		.ascii	"long int\000"
 1831      20696E74 
 1831      00
 1832              	.LASF0:
 1833 01d8 7369676E 		.ascii	"signed char\000"
 1833      65642063 
 1833      68617200 
 1834              	.LASF18:
 1835 01e4 47656E65 		.ascii	"Generated_Source\\PSoC5\\cymetadata.c\000"
 1835      72617465 
 1835      645F536F 
 1835      75726365 
 1835      5C50536F 
 1836              		.ident	"GCC: (GNU Tools for ARM Embedded Processors) 5.4.1 20160609 (release) [ARM/embedded-5-bran
