ARM GAS  C:\Users\Lasse\AppData\Local\Temp\cc0jxxaT.s 			page 1


   1              		.syntax unified
   2              		.cpu cortex-m3
   3              		.fpu softvfp
   4              		.eabi_attribute 20, 1
   5              		.eabi_attribute 21, 1
   6              		.eabi_attribute 23, 3
   7              		.eabi_attribute 24, 1
   8              		.eabi_attribute 25, 1
   9              		.eabi_attribute 26, 1
  10              		.eabi_attribute 30, 1
  11              		.eabi_attribute 34, 1
  12              		.eabi_attribute 18, 4
  13              		.thumb
  14              		.syntax unified
  15              		.file	"SPI_driver_PSoC.c"
  16              		.text
  17              	.Ltext0:
  18              		.cfi_sections	.debug_frame
  19              		.section	.text.SPI_start,"ax",%progbits
  20              		.align	2
  21              		.global	SPI_start
  22              		.thumb
  23              		.thumb_func
  24              		.type	SPI_start, %function
  25              	SPI_start:
  26              	.LFB64:
  27              		.file 1 "SPI_driver_PSoC.c"
   1:SPI_driver_PSoC.c **** /* ========================================
   2:SPI_driver_PSoC.c ****  *
   3:SPI_driver_PSoC.c ****  * Copyright YOUR COMPANY, THE YEAR
   4:SPI_driver_PSoC.c ****  * All Rights Reserved
   5:SPI_driver_PSoC.c ****  * UNPUBLISHED, LICENSED SOFTWARE.
   6:SPI_driver_PSoC.c ****  *
   7:SPI_driver_PSoC.c ****  * CONFIDENTIAL AND PROPRIETARY INFORMATION
   8:SPI_driver_PSoC.c ****  * WHICH IS THE PROPERTY OF your company.
   9:SPI_driver_PSoC.c ****  *
  10:SPI_driver_PSoC.c ****  * ========================================
  11:SPI_driver_PSoC.c **** */
  12:SPI_driver_PSoC.c **** 
  13:SPI_driver_PSoC.c **** #include "SPI_driver_PSoC.h"
  14:SPI_driver_PSoC.c **** 
  15:SPI_driver_PSoC.c **** 
  16:SPI_driver_PSoC.c **** void SPI_start(){
  28              		.loc 1 16 0
  29              		.cfi_startproc
  30              		@ args = 0, pretend = 0, frame = 0
  31              		@ frame_needed = 0, uses_anonymous_args = 0
  32 0000 10B5     		push	{r4, lr}
  33              		.cfi_def_cfa_offset 8
  34              		.cfi_offset 4, -8
  35              		.cfi_offset 14, -4
  17:SPI_driver_PSoC.c ****     SPI_recieved_flag = 0;
  36              		.loc 1 17 0
  37 0002 0024     		movs	r4, #0
  38 0004 054B     		ldr	r3, .L3
  39 0006 1C70     		strb	r4, [r3]
  18:SPI_driver_PSoC.c ****     SPI_ISR_StartEx(ISR_SPI_RX_handler);
ARM GAS  C:\Users\Lasse\AppData\Local\Temp\cc0jxxaT.s 			page 2


  40              		.loc 1 18 0
  41 0008 0548     		ldr	r0, .L3+4
  42 000a FFF7FEFF 		bl	SPI_ISR_StartEx
  43              	.LVL0:
  19:SPI_driver_PSoC.c ****     SPI_1_Start();
  44              		.loc 1 19 0
  45 000e FFF7FEFF 		bl	SPI_1_Start
  46              	.LVL1:
  20:SPI_driver_PSoC.c ****     SPI_read_req_Write(0);
  47              		.loc 1 20 0
  48 0012 2046     		mov	r0, r4
  49 0014 FFF7FEFF 		bl	SPI_read_req_Write
  50              	.LVL2:
  51 0018 10BD     		pop	{r4, pc}
  52              	.L4:
  53 001a 00BF     		.align	2
  54              	.L3:
  55 001c 00000000 		.word	SPI_recieved_flag
  56 0020 00000000 		.word	ISR_SPI_RX_handler
  57              		.cfi_endproc
  58              	.LFE64:
  59              		.size	SPI_start, .-SPI_start
  60              		.section	.text.SPI_send_pigeon_detected,"ax",%progbits
  61              		.align	2
  62              		.global	SPI_send_pigeon_detected
  63              		.thumb
  64              		.thumb_func
  65              		.type	SPI_send_pigeon_detected, %function
  66              	SPI_send_pigeon_detected:
  67              	.LFB65:
  21:SPI_driver_PSoC.c **** }
  22:SPI_driver_PSoC.c **** 
  23:SPI_driver_PSoC.c **** void SPI_send_pigeon_detected(){
  68              		.loc 1 23 0
  69              		.cfi_startproc
  70              		@ args = 0, pretend = 0, frame = 0
  71              		@ frame_needed = 0, uses_anonymous_args = 0
  72 0000 08B5     		push	{r3, lr}
  73              		.cfi_def_cfa_offset 8
  74              		.cfi_offset 3, -8
  75              		.cfi_offset 14, -4
  24:SPI_driver_PSoC.c ****             SPI_1_WriteTxDataZero('b');
  76              		.loc 1 24 0
  77 0002 6220     		movs	r0, #98
  78 0004 FFF7FEFF 		bl	SPI_1_WriteTxDataZero
  79              	.LVL3:
  25:SPI_driver_PSoC.c ****             
  26:SPI_driver_PSoC.c ****             //UART_1_PutString("Writing status - to Raspberry Pi");
  27:SPI_driver_PSoC.c ****             
  28:SPI_driver_PSoC.c ****             SPI_read_req_Write(1);
  80              		.loc 1 28 0
  81 0008 0120     		movs	r0, #1
  82 000a FFF7FEFF 		bl	SPI_read_req_Write
  83              	.LVL4:
  29:SPI_driver_PSoC.c ****             
  30:SPI_driver_PSoC.c ****             CyDelayUs(50);
  84              		.loc 1 30 0
ARM GAS  C:\Users\Lasse\AppData\Local\Temp\cc0jxxaT.s 			page 3


  85 000e 3220     		movs	r0, #50
  86 0010 FFF7FEFF 		bl	CyDelayUs
  87              	.LVL5:
  31:SPI_driver_PSoC.c ****             
  32:SPI_driver_PSoC.c ****             SPI_read_req_Write(0);
  88              		.loc 1 32 0
  89 0014 0020     		movs	r0, #0
  90 0016 FFF7FEFF 		bl	SPI_read_req_Write
  91              	.LVL6:
  92 001a 08BD     		pop	{r3, pc}
  93              		.cfi_endproc
  94              	.LFE65:
  95              		.size	SPI_send_pigeon_detected, .-SPI_send_pigeon_detected
  96              		.section	.text.SPI_send_low_water,"ax",%progbits
  97              		.align	2
  98              		.global	SPI_send_low_water
  99              		.thumb
 100              		.thumb_func
 101              		.type	SPI_send_low_water, %function
 102              	SPI_send_low_water:
 103              	.LFB66:
  33:SPI_driver_PSoC.c ****             
  34:SPI_driver_PSoC.c **** }
  35:SPI_driver_PSoC.c **** 
  36:SPI_driver_PSoC.c **** 
  37:SPI_driver_PSoC.c **** void SPI_send_low_water(){
 104              		.loc 1 37 0
 105              		.cfi_startproc
 106              		@ args = 0, pretend = 0, frame = 0
 107              		@ frame_needed = 0, uses_anonymous_args = 0
 108 0000 08B5     		push	{r3, lr}
 109              		.cfi_def_cfa_offset 8
 110              		.cfi_offset 3, -8
 111              		.cfi_offset 14, -4
  38:SPI_driver_PSoC.c ****             
  39:SPI_driver_PSoC.c ****             SPI_1_WriteTxDataZero('c');
 112              		.loc 1 39 0
 113 0002 6320     		movs	r0, #99
 114 0004 FFF7FEFF 		bl	SPI_1_WriteTxDataZero
 115              	.LVL7:
  40:SPI_driver_PSoC.c ****             
  41:SPI_driver_PSoC.c ****             //UART_1_PutString("Writing status - to Raspberry Pi");
  42:SPI_driver_PSoC.c ****             
  43:SPI_driver_PSoC.c ****             SPI_read_req_Write(1);
 116              		.loc 1 43 0
 117 0008 0120     		movs	r0, #1
 118 000a FFF7FEFF 		bl	SPI_read_req_Write
 119              	.LVL8:
  44:SPI_driver_PSoC.c ****             
  45:SPI_driver_PSoC.c ****             CyDelayUs(50);
 120              		.loc 1 45 0
 121 000e 3220     		movs	r0, #50
 122 0010 FFF7FEFF 		bl	CyDelayUs
 123              	.LVL9:
  46:SPI_driver_PSoC.c ****             
  47:SPI_driver_PSoC.c ****             SPI_read_req_Write(0);
 124              		.loc 1 47 0
ARM GAS  C:\Users\Lasse\AppData\Local\Temp\cc0jxxaT.s 			page 4


 125 0014 0020     		movs	r0, #0
 126 0016 FFF7FEFF 		bl	SPI_read_req_Write
 127              	.LVL10:
 128 001a 08BD     		pop	{r3, pc}
 129              		.cfi_endproc
 130              	.LFE66:
 131              		.size	SPI_send_low_water, .-SPI_send_low_water
 132              		.section	.text.SPI_send_water_empty,"ax",%progbits
 133              		.align	2
 134              		.global	SPI_send_water_empty
 135              		.thumb
 136              		.thumb_func
 137              		.type	SPI_send_water_empty, %function
 138              	SPI_send_water_empty:
 139              	.LFB67:
  48:SPI_driver_PSoC.c ****             
  49:SPI_driver_PSoC.c **** }
  50:SPI_driver_PSoC.c **** 
  51:SPI_driver_PSoC.c **** void SPI_send_water_empty(){
 140              		.loc 1 51 0
 141              		.cfi_startproc
 142              		@ args = 0, pretend = 0, frame = 0
 143              		@ frame_needed = 0, uses_anonymous_args = 0
 144 0000 08B5     		push	{r3, lr}
 145              		.cfi_def_cfa_offset 8
 146              		.cfi_offset 3, -8
 147              		.cfi_offset 14, -4
  52:SPI_driver_PSoC.c ****             SPI_1_WriteTxDataZero('d');
 148              		.loc 1 52 0
 149 0002 6420     		movs	r0, #100
 150 0004 FFF7FEFF 		bl	SPI_1_WriteTxDataZero
 151              	.LVL11:
  53:SPI_driver_PSoC.c ****             
  54:SPI_driver_PSoC.c ****             //UART_1_PutString("Writing status - to Raspberry Pi");
  55:SPI_driver_PSoC.c ****             
  56:SPI_driver_PSoC.c ****             SPI_read_req_Write(1);
 152              		.loc 1 56 0
 153 0008 0120     		movs	r0, #1
 154 000a FFF7FEFF 		bl	SPI_read_req_Write
 155              	.LVL12:
  57:SPI_driver_PSoC.c ****             
  58:SPI_driver_PSoC.c ****             CyDelayUs(50);
 156              		.loc 1 58 0
 157 000e 3220     		movs	r0, #50
 158 0010 FFF7FEFF 		bl	CyDelayUs
 159              	.LVL13:
  59:SPI_driver_PSoC.c ****             
  60:SPI_driver_PSoC.c ****             SPI_read_req_Write(0);
 160              		.loc 1 60 0
 161 0014 0020     		movs	r0, #0
 162 0016 FFF7FEFF 		bl	SPI_read_req_Write
 163              	.LVL14:
 164 001a 08BD     		pop	{r3, pc}
 165              		.cfi_endproc
 166              	.LFE67:
 167              		.size	SPI_send_water_empty, .-SPI_send_water_empty
 168              		.section	.text.SPI_send_flowers_watered,"ax",%progbits
ARM GAS  C:\Users\Lasse\AppData\Local\Temp\cc0jxxaT.s 			page 5


 169              		.align	2
 170              		.global	SPI_send_flowers_watered
 171              		.thumb
 172              		.thumb_func
 173              		.type	SPI_send_flowers_watered, %function
 174              	SPI_send_flowers_watered:
 175              	.LFB68:
  61:SPI_driver_PSoC.c **** }
  62:SPI_driver_PSoC.c **** 
  63:SPI_driver_PSoC.c **** void SPI_send_flowers_watered(){
 176              		.loc 1 63 0
 177              		.cfi_startproc
 178              		@ args = 0, pretend = 0, frame = 0
 179              		@ frame_needed = 0, uses_anonymous_args = 0
 180 0000 08B5     		push	{r3, lr}
 181              		.cfi_def_cfa_offset 8
 182              		.cfi_offset 3, -8
 183              		.cfi_offset 14, -4
  64:SPI_driver_PSoC.c ****             SPI_1_WriteTxDataZero('e');
 184              		.loc 1 64 0
 185 0002 6520     		movs	r0, #101
 186 0004 FFF7FEFF 		bl	SPI_1_WriteTxDataZero
 187              	.LVL15:
  65:SPI_driver_PSoC.c ****             
  66:SPI_driver_PSoC.c ****             //UART_1_PutString("Writing status - to Raspberry Pi");
  67:SPI_driver_PSoC.c ****             
  68:SPI_driver_PSoC.c ****             SPI_read_req_Write(1);
 188              		.loc 1 68 0
 189 0008 0120     		movs	r0, #1
 190 000a FFF7FEFF 		bl	SPI_read_req_Write
 191              	.LVL16:
  69:SPI_driver_PSoC.c ****             
  70:SPI_driver_PSoC.c ****             CyDelayUs(50);
 192              		.loc 1 70 0
 193 000e 3220     		movs	r0, #50
 194 0010 FFF7FEFF 		bl	CyDelayUs
 195              	.LVL17:
  71:SPI_driver_PSoC.c ****             
  72:SPI_driver_PSoC.c ****             SPI_read_req_Write(0);
 196              		.loc 1 72 0
 197 0014 0020     		movs	r0, #0
 198 0016 FFF7FEFF 		bl	SPI_read_req_Write
 199              	.LVL18:
 200 001a 08BD     		pop	{r3, pc}
 201              		.cfi_endproc
 202              	.LFE68:
 203              		.size	SPI_send_flowers_watered, .-SPI_send_flowers_watered
 204              		.section	.text.SPI_send_pigeon_shot_position,"ax",%progbits
 205              		.align	2
 206              		.global	SPI_send_pigeon_shot_position
 207              		.thumb
 208              		.thumb_func
 209              		.type	SPI_send_pigeon_shot_position, %function
 210              	SPI_send_pigeon_shot_position:
 211              	.LFB69:
  73:SPI_driver_PSoC.c **** }
  74:SPI_driver_PSoC.c **** 
ARM GAS  C:\Users\Lasse\AppData\Local\Temp\cc0jxxaT.s 			page 6


  75:SPI_driver_PSoC.c **** void SPI_send_pigeon_shot_position(char pigeon_position_x, char pigeon_position_y){
 212              		.loc 1 75 0
 213              		.cfi_startproc
 214              		@ args = 0, pretend = 0, frame = 0
 215              		@ frame_needed = 0, uses_anonymous_args = 0
 216              	.LVL19:
 217 0000 38B5     		push	{r3, r4, r5, lr}
 218              		.cfi_def_cfa_offset 16
 219              		.cfi_offset 3, -16
 220              		.cfi_offset 4, -12
 221              		.cfi_offset 5, -8
 222              		.cfi_offset 14, -4
 223 0002 0546     		mov	r5, r0
 224 0004 0C46     		mov	r4, r1
  76:SPI_driver_PSoC.c ****     
  77:SPI_driver_PSoC.c ****             SPI_1_WriteTxDataZero('a');
 225              		.loc 1 77 0
 226 0006 6120     		movs	r0, #97
 227              	.LVL20:
 228 0008 FFF7FEFF 		bl	SPI_1_WriteTxDataZero
 229              	.LVL21:
  78:SPI_driver_PSoC.c ****             
  79:SPI_driver_PSoC.c ****             SPI_read_req_Write(1);
 230              		.loc 1 79 0
 231 000c 0120     		movs	r0, #1
 232 000e FFF7FEFF 		bl	SPI_read_req_Write
 233              	.LVL22:
  80:SPI_driver_PSoC.c ****             
  81:SPI_driver_PSoC.c ****             CyDelayUs(50);
 234              		.loc 1 81 0
 235 0012 3220     		movs	r0, #50
 236 0014 FFF7FEFF 		bl	CyDelayUs
 237              	.LVL23:
  82:SPI_driver_PSoC.c ****             
  83:SPI_driver_PSoC.c ****             SPI_read_req_Write(0);
 238              		.loc 1 83 0
 239 0018 0020     		movs	r0, #0
 240 001a FFF7FEFF 		bl	SPI_read_req_Write
 241              	.LVL24:
  84:SPI_driver_PSoC.c ****             
  85:SPI_driver_PSoC.c ****             CyDelayUs(5000); //Thinking time for RPI
 242              		.loc 1 85 0
 243 001e 41F28830 		movw	r0, #5000
 244 0022 FFF7FEFF 		bl	CyDelayUs
 245              	.LVL25:
  86:SPI_driver_PSoC.c ****             
  87:SPI_driver_PSoC.c ****             //Sending position x
  88:SPI_driver_PSoC.c ****             
  89:SPI_driver_PSoC.c ****             SPI_1_WriteTxDataZero(pigeon_position_x);
 246              		.loc 1 89 0
 247 0026 2846     		mov	r0, r5
 248 0028 FFF7FEFF 		bl	SPI_1_WriteTxDataZero
 249              	.LVL26:
  90:SPI_driver_PSoC.c ****             
  91:SPI_driver_PSoC.c ****             SPI_read_req_Write(1);
 250              		.loc 1 91 0
 251 002c 0120     		movs	r0, #1
ARM GAS  C:\Users\Lasse\AppData\Local\Temp\cc0jxxaT.s 			page 7


 252 002e FFF7FEFF 		bl	SPI_read_req_Write
 253              	.LVL27:
  92:SPI_driver_PSoC.c ****             
  93:SPI_driver_PSoC.c ****             CyDelayUs(50);
 254              		.loc 1 93 0
 255 0032 3220     		movs	r0, #50
 256 0034 FFF7FEFF 		bl	CyDelayUs
 257              	.LVL28:
  94:SPI_driver_PSoC.c ****             
  95:SPI_driver_PSoC.c ****             SPI_read_req_Write(0);
 258              		.loc 1 95 0
 259 0038 0020     		movs	r0, #0
 260 003a FFF7FEFF 		bl	SPI_read_req_Write
 261              	.LVL29:
  96:SPI_driver_PSoC.c ****             
  97:SPI_driver_PSoC.c ****             CyDelayUs(5000); //Thinking time for RPI
 262              		.loc 1 97 0
 263 003e 41F28830 		movw	r0, #5000
 264 0042 FFF7FEFF 		bl	CyDelayUs
 265              	.LVL30:
  98:SPI_driver_PSoC.c ****             
  99:SPI_driver_PSoC.c ****             //Sending position y
 100:SPI_driver_PSoC.c ****             
 101:SPI_driver_PSoC.c ****             SPI_1_WriteTxDataZero(pigeon_position_y);
 266              		.loc 1 101 0
 267 0046 2046     		mov	r0, r4
 268 0048 FFF7FEFF 		bl	SPI_1_WriteTxDataZero
 269              	.LVL31:
 102:SPI_driver_PSoC.c ****             
 103:SPI_driver_PSoC.c ****             SPI_read_req_Write(1);
 270              		.loc 1 103 0
 271 004c 0120     		movs	r0, #1
 272 004e FFF7FEFF 		bl	SPI_read_req_Write
 273              	.LVL32:
 104:SPI_driver_PSoC.c ****             
 105:SPI_driver_PSoC.c ****             CyDelayUs(50);
 274              		.loc 1 105 0
 275 0052 3220     		movs	r0, #50
 276 0054 FFF7FEFF 		bl	CyDelayUs
 277              	.LVL33:
 106:SPI_driver_PSoC.c ****             
 107:SPI_driver_PSoC.c ****             SPI_read_req_Write(0);
 278              		.loc 1 107 0
 279 0058 0020     		movs	r0, #0
 280 005a FFF7FEFF 		bl	SPI_read_req_Write
 281              	.LVL34:
 108:SPI_driver_PSoC.c ****             
 109:SPI_driver_PSoC.c ****             CyDelayUs(5000); //Thinking time for RPI
 282              		.loc 1 109 0
 283 005e 41F28830 		movw	r0, #5000
 284 0062 FFF7FEFF 		bl	CyDelayUs
 285              	.LVL35:
 286 0066 38BD     		pop	{r3, r4, r5, pc}
 287              		.cfi_endproc
 288              	.LFE69:
 289              		.size	SPI_send_pigeon_shot_position, .-SPI_send_pigeon_shot_position
 290              		.section	.text.Handle_SPI_recieved,"ax",%progbits
ARM GAS  C:\Users\Lasse\AppData\Local\Temp\cc0jxxaT.s 			page 8


 291              		.align	2
 292              		.global	Handle_SPI_recieved
 293              		.thumb
 294              		.thumb_func
 295              		.type	Handle_SPI_recieved, %function
 296              	Handle_SPI_recieved:
 297              	.LFB70:
 110:SPI_driver_PSoC.c ****             
 111:SPI_driver_PSoC.c ****             
 112:SPI_driver_PSoC.c **** }
 113:SPI_driver_PSoC.c **** 
 114:SPI_driver_PSoC.c **** void Handle_SPI_recieved(){
 298              		.loc 1 114 0
 299              		.cfi_startproc
 300              		@ args = 0, pretend = 0, frame = 0
 301              		@ frame_needed = 0, uses_anonymous_args = 0
 302              		@ link register save eliminated.
 115:SPI_driver_PSoC.c ****     SPI_recieved_flag = 0;
 303              		.loc 1 115 0
 304 0000 0022     		movs	r2, #0
 305 0002 014B     		ldr	r3, .L16
 306 0004 1A70     		strb	r2, [r3]
 307 0006 7047     		bx	lr
 308              	.L17:
 309              		.align	2
 310              	.L16:
 311 0008 00000000 		.word	SPI_recieved_flag
 312              		.cfi_endproc
 313              	.LFE70:
 314              		.size	Handle_SPI_recieved, .-Handle_SPI_recieved
 315              		.comm	SPI_recieved,1,1
 316              		.comm	SPI_recieved_flag,1,1
 317              		.text
 318              	.Letext0:
 319              		.file 2 "c:\\program files (x86)\\cypress\\psoc creator\\4.2\\psoc creator\\import\\gnu\\arm\\5.4.
 320              		.file 3 "c:\\program files (x86)\\cypress\\psoc creator\\4.2\\psoc creator\\import\\gnu\\arm\\5.4.
 321              		.file 4 "Generated_Source\\PSoC5/core_cm3.h"
 322              		.file 5 "SPI_driver_PSoC.h"
 323              		.file 6 "Generated_Source\\PSoC5/SPI_ISR.h"
 324              		.file 7 "Generated_Source\\PSoC5/SPI_1.h"
 325              		.file 8 "Generated_Source\\PSoC5/SPI_read_req.h"
 326              		.file 9 "Generated_Source\\PSoC5/CyLib.h"
 327              		.section	.debug_info,"",%progbits
 328              	.Ldebug_info0:
 329 0000 43040000 		.4byte	0x443
 330 0004 0400     		.2byte	0x4
 331 0006 00000000 		.4byte	.Ldebug_abbrev0
 332 000a 04       		.byte	0x4
 333 000b 01       		.uleb128 0x1
 334 000c 83000000 		.4byte	.LASF33
 335 0010 0C       		.byte	0xc
 336 0011 32000000 		.4byte	.LASF34
 337 0015 3A020000 		.4byte	.LASF35
 338 0019 00000000 		.4byte	.Ldebug_ranges0+0
 339 001d 00000000 		.4byte	0
 340 0021 00000000 		.4byte	.Ldebug_line0
 341 0025 02       		.uleb128 0x2
ARM GAS  C:\Users\Lasse\AppData\Local\Temp\cc0jxxaT.s 			page 9


 342 0026 01       		.byte	0x1
 343 0027 06       		.byte	0x6
 344 0028 FA020000 		.4byte	.LASF0
 345 002c 03       		.uleb128 0x3
 346 002d 00000000 		.4byte	.LASF4
 347 0031 02       		.byte	0x2
 348 0032 1D       		.byte	0x1d
 349 0033 37000000 		.4byte	0x37
 350 0037 02       		.uleb128 0x2
 351 0038 01       		.byte	0x1
 352 0039 08       		.byte	0x8
 353 003a 75000000 		.4byte	.LASF1
 354 003e 02       		.uleb128 0x2
 355 003f 02       		.byte	0x2
 356 0040 05       		.byte	0x5
 357 0041 C5020000 		.4byte	.LASF2
 358 0045 02       		.uleb128 0x2
 359 0046 02       		.byte	0x2
 360 0047 07       		.byte	0x7
 361 0048 24010000 		.4byte	.LASF3
 362 004c 03       		.uleb128 0x3
 363 004d 28000000 		.4byte	.LASF5
 364 0051 02       		.byte	0x2
 365 0052 3F       		.byte	0x3f
 366 0053 57000000 		.4byte	0x57
 367 0057 02       		.uleb128 0x2
 368 0058 04       		.byte	0x4
 369 0059 05       		.byte	0x5
 370 005a E5020000 		.4byte	.LASF6
 371 005e 02       		.uleb128 0x2
 372 005f 04       		.byte	0x4
 373 0060 07       		.byte	0x7
 374 0061 44010000 		.4byte	.LASF7
 375 0065 02       		.uleb128 0x2
 376 0066 08       		.byte	0x8
 377 0067 05       		.byte	0x5
 378 0068 A8020000 		.4byte	.LASF8
 379 006c 02       		.uleb128 0x2
 380 006d 08       		.byte	0x8
 381 006e 07       		.byte	0x7
 382 006f BD010000 		.4byte	.LASF9
 383 0073 04       		.uleb128 0x4
 384 0074 04       		.byte	0x4
 385 0075 05       		.byte	0x5
 386 0076 696E7400 		.ascii	"int\000"
 387 007a 02       		.uleb128 0x2
 388 007b 04       		.byte	0x4
 389 007c 07       		.byte	0x7
 390 007d B0010000 		.4byte	.LASF10
 391 0081 02       		.uleb128 0x2
 392 0082 08       		.byte	0x8
 393 0083 04       		.byte	0x4
 394 0084 EE020000 		.4byte	.LASF11
 395 0088 02       		.uleb128 0x2
 396 0089 04       		.byte	0x4
 397 008a 07       		.byte	0x7
 398 008b 31020000 		.4byte	.LASF12
ARM GAS  C:\Users\Lasse\AppData\Local\Temp\cc0jxxaT.s 			page 10


 399 008f 02       		.uleb128 0x2
 400 0090 01       		.byte	0x1
 401 0091 08       		.byte	0x8
 402 0092 B6020000 		.4byte	.LASF13
 403 0096 03       		.uleb128 0x3
 404 0097 D4010000 		.4byte	.LASF14
 405 009b 03       		.byte	0x3
 406 009c 18       		.byte	0x18
 407 009d 2C000000 		.4byte	0x2c
 408 00a1 03       		.uleb128 0x3
 409 00a2 29020000 		.4byte	.LASF15
 410 00a6 03       		.byte	0x3
 411 00a7 2C       		.byte	0x2c
 412 00a8 4C000000 		.4byte	0x4c
 413 00ac 02       		.uleb128 0x2
 414 00ad 04       		.byte	0x4
 415 00ae 04       		.byte	0x4
 416 00af 6F000000 		.4byte	.LASF16
 417 00b3 02       		.uleb128 0x2
 418 00b4 08       		.byte	0x8
 419 00b5 04       		.byte	0x4
 420 00b6 44000000 		.4byte	.LASF17
 421 00ba 05       		.uleb128 0x5
 422 00bb BB020000 		.4byte	.LASF18
 423 00bf 01       		.byte	0x1
 424 00c0 10       		.byte	0x10
 425 00c1 00000000 		.4byte	.LFB64
 426 00c5 24000000 		.4byte	.LFE64-.LFB64
 427 00c9 01       		.uleb128 0x1
 428 00ca 9C       		.byte	0x9c
 429 00cb F2000000 		.4byte	0xf2
 430 00cf 06       		.uleb128 0x6
 431 00d0 0E000000 		.4byte	.LVL0
 432 00d4 0F040000 		.4byte	0x40f
 433 00d8 06       		.uleb128 0x6
 434 00d9 12000000 		.4byte	.LVL1
 435 00dd 1A040000 		.4byte	0x41a
 436 00e1 07       		.uleb128 0x7
 437 00e2 18000000 		.4byte	.LVL2
 438 00e6 25040000 		.4byte	0x425
 439 00ea 08       		.uleb128 0x8
 440 00eb 01       		.uleb128 0x1
 441 00ec 50       		.byte	0x50
 442 00ed 02       		.uleb128 0x2
 443 00ee 74       		.byte	0x74
 444 00ef 00       		.sleb128 0
 445 00f0 00       		.byte	0
 446 00f1 00       		.byte	0
 447 00f2 05       		.uleb128 0x5
 448 00f3 97010000 		.4byte	.LASF19
 449 00f7 01       		.byte	0x1
 450 00f8 17       		.byte	0x17
 451 00f9 00000000 		.4byte	.LFB65
 452 00fd 1C000000 		.4byte	.LFE65-.LFB65
 453 0101 01       		.uleb128 0x1
 454 0102 9C       		.byte	0x9c
 455 0103 52010000 		.4byte	0x152
ARM GAS  C:\Users\Lasse\AppData\Local\Temp\cc0jxxaT.s 			page 11


 456 0107 09       		.uleb128 0x9
 457 0108 08000000 		.4byte	.LVL3
 458 010c 30040000 		.4byte	0x430
 459 0110 1B010000 		.4byte	0x11b
 460 0114 08       		.uleb128 0x8
 461 0115 01       		.uleb128 0x1
 462 0116 50       		.byte	0x50
 463 0117 02       		.uleb128 0x2
 464 0118 08       		.byte	0x8
 465 0119 62       		.byte	0x62
 466 011a 00       		.byte	0
 467 011b 09       		.uleb128 0x9
 468 011c 0E000000 		.4byte	.LVL4
 469 0120 25040000 		.4byte	0x425
 470 0124 2E010000 		.4byte	0x12e
 471 0128 08       		.uleb128 0x8
 472 0129 01       		.uleb128 0x1
 473 012a 50       		.byte	0x50
 474 012b 01       		.uleb128 0x1
 475 012c 31       		.byte	0x31
 476 012d 00       		.byte	0
 477 012e 09       		.uleb128 0x9
 478 012f 14000000 		.4byte	.LVL5
 479 0133 3B040000 		.4byte	0x43b
 480 0137 42010000 		.4byte	0x142
 481 013b 08       		.uleb128 0x8
 482 013c 01       		.uleb128 0x1
 483 013d 50       		.byte	0x50
 484 013e 02       		.uleb128 0x2
 485 013f 08       		.byte	0x8
 486 0140 32       		.byte	0x32
 487 0141 00       		.byte	0
 488 0142 07       		.uleb128 0x7
 489 0143 1A000000 		.4byte	.LVL6
 490 0147 25040000 		.4byte	0x425
 491 014b 08       		.uleb128 0x8
 492 014c 01       		.uleb128 0x1
 493 014d 50       		.byte	0x50
 494 014e 01       		.uleb128 0x1
 495 014f 30       		.byte	0x30
 496 0150 00       		.byte	0
 497 0151 00       		.byte	0
 498 0152 05       		.uleb128 0x5
 499 0153 56010000 		.4byte	.LASF20
 500 0157 01       		.byte	0x1
 501 0158 25       		.byte	0x25
 502 0159 00000000 		.4byte	.LFB66
 503 015d 1C000000 		.4byte	.LFE66-.LFB66
 504 0161 01       		.uleb128 0x1
 505 0162 9C       		.byte	0x9c
 506 0163 B2010000 		.4byte	0x1b2
 507 0167 09       		.uleb128 0x9
 508 0168 08000000 		.4byte	.LVL7
 509 016c 30040000 		.4byte	0x430
 510 0170 7B010000 		.4byte	0x17b
 511 0174 08       		.uleb128 0x8
 512 0175 01       		.uleb128 0x1
ARM GAS  C:\Users\Lasse\AppData\Local\Temp\cc0jxxaT.s 			page 12


 513 0176 50       		.byte	0x50
 514 0177 02       		.uleb128 0x2
 515 0178 08       		.byte	0x8
 516 0179 63       		.byte	0x63
 517 017a 00       		.byte	0
 518 017b 09       		.uleb128 0x9
 519 017c 0E000000 		.4byte	.LVL8
 520 0180 25040000 		.4byte	0x425
 521 0184 8E010000 		.4byte	0x18e
 522 0188 08       		.uleb128 0x8
 523 0189 01       		.uleb128 0x1
 524 018a 50       		.byte	0x50
 525 018b 01       		.uleb128 0x1
 526 018c 31       		.byte	0x31
 527 018d 00       		.byte	0
 528 018e 09       		.uleb128 0x9
 529 018f 14000000 		.4byte	.LVL9
 530 0193 3B040000 		.4byte	0x43b
 531 0197 A2010000 		.4byte	0x1a2
 532 019b 08       		.uleb128 0x8
 533 019c 01       		.uleb128 0x1
 534 019d 50       		.byte	0x50
 535 019e 02       		.uleb128 0x2
 536 019f 08       		.byte	0x8
 537 01a0 32       		.byte	0x32
 538 01a1 00       		.byte	0
 539 01a2 07       		.uleb128 0x7
 540 01a3 1A000000 		.4byte	.LVL10
 541 01a7 25040000 		.4byte	0x425
 542 01ab 08       		.uleb128 0x8
 543 01ac 01       		.uleb128 0x1
 544 01ad 50       		.byte	0x50
 545 01ae 01       		.uleb128 0x1
 546 01af 30       		.byte	0x30
 547 01b0 00       		.byte	0
 548 01b1 00       		.byte	0
 549 01b2 05       		.uleb128 0x5
 550 01b3 14020000 		.4byte	.LASF21
 551 01b7 01       		.byte	0x1
 552 01b8 33       		.byte	0x33
 553 01b9 00000000 		.4byte	.LFB67
 554 01bd 1C000000 		.4byte	.LFE67-.LFB67
 555 01c1 01       		.uleb128 0x1
 556 01c2 9C       		.byte	0x9c
 557 01c3 12020000 		.4byte	0x212
 558 01c7 09       		.uleb128 0x9
 559 01c8 08000000 		.4byte	.LVL11
 560 01cc 30040000 		.4byte	0x430
 561 01d0 DB010000 		.4byte	0x1db
 562 01d4 08       		.uleb128 0x8
 563 01d5 01       		.uleb128 0x1
 564 01d6 50       		.byte	0x50
 565 01d7 02       		.uleb128 0x2
 566 01d8 08       		.byte	0x8
 567 01d9 64       		.byte	0x64
 568 01da 00       		.byte	0
 569 01db 09       		.uleb128 0x9
ARM GAS  C:\Users\Lasse\AppData\Local\Temp\cc0jxxaT.s 			page 13


 570 01dc 0E000000 		.4byte	.LVL12
 571 01e0 25040000 		.4byte	0x425
 572 01e4 EE010000 		.4byte	0x1ee
 573 01e8 08       		.uleb128 0x8
 574 01e9 01       		.uleb128 0x1
 575 01ea 50       		.byte	0x50
 576 01eb 01       		.uleb128 0x1
 577 01ec 31       		.byte	0x31
 578 01ed 00       		.byte	0
 579 01ee 09       		.uleb128 0x9
 580 01ef 14000000 		.4byte	.LVL13
 581 01f3 3B040000 		.4byte	0x43b
 582 01f7 02020000 		.4byte	0x202
 583 01fb 08       		.uleb128 0x8
 584 01fc 01       		.uleb128 0x1
 585 01fd 50       		.byte	0x50
 586 01fe 02       		.uleb128 0x2
 587 01ff 08       		.byte	0x8
 588 0200 32       		.byte	0x32
 589 0201 00       		.byte	0
 590 0202 07       		.uleb128 0x7
 591 0203 1A000000 		.4byte	.LVL14
 592 0207 25040000 		.4byte	0x425
 593 020b 08       		.uleb128 0x8
 594 020c 01       		.uleb128 0x1
 595 020d 50       		.byte	0x50
 596 020e 01       		.uleb128 0x1
 597 020f 30       		.byte	0x30
 598 0210 00       		.byte	0
 599 0211 00       		.byte	0
 600 0212 05       		.uleb128 0x5
 601 0213 DC010000 		.4byte	.LASF22
 602 0217 01       		.byte	0x1
 603 0218 3F       		.byte	0x3f
 604 0219 00000000 		.4byte	.LFB68
 605 021d 1C000000 		.4byte	.LFE68-.LFB68
 606 0221 01       		.uleb128 0x1
 607 0222 9C       		.byte	0x9c
 608 0223 72020000 		.4byte	0x272
 609 0227 09       		.uleb128 0x9
 610 0228 08000000 		.4byte	.LVL15
 611 022c 30040000 		.4byte	0x430
 612 0230 3B020000 		.4byte	0x23b
 613 0234 08       		.uleb128 0x8
 614 0235 01       		.uleb128 0x1
 615 0236 50       		.byte	0x50
 616 0237 02       		.uleb128 0x2
 617 0238 08       		.byte	0x8
 618 0239 65       		.byte	0x65
 619 023a 00       		.byte	0
 620 023b 09       		.uleb128 0x9
 621 023c 0E000000 		.4byte	.LVL16
 622 0240 25040000 		.4byte	0x425
 623 0244 4E020000 		.4byte	0x24e
 624 0248 08       		.uleb128 0x8
 625 0249 01       		.uleb128 0x1
 626 024a 50       		.byte	0x50
ARM GAS  C:\Users\Lasse\AppData\Local\Temp\cc0jxxaT.s 			page 14


 627 024b 01       		.uleb128 0x1
 628 024c 31       		.byte	0x31
 629 024d 00       		.byte	0
 630 024e 09       		.uleb128 0x9
 631 024f 14000000 		.4byte	.LVL17
 632 0253 3B040000 		.4byte	0x43b
 633 0257 62020000 		.4byte	0x262
 634 025b 08       		.uleb128 0x8
 635 025c 01       		.uleb128 0x1
 636 025d 50       		.byte	0x50
 637 025e 02       		.uleb128 0x2
 638 025f 08       		.byte	0x8
 639 0260 32       		.byte	0x32
 640 0261 00       		.byte	0
 641 0262 07       		.uleb128 0x7
 642 0263 1A000000 		.4byte	.LVL18
 643 0267 25040000 		.4byte	0x425
 644 026b 08       		.uleb128 0x8
 645 026c 01       		.uleb128 0x1
 646 026d 50       		.byte	0x50
 647 026e 01       		.uleb128 0x1
 648 026f 30       		.byte	0x30
 649 0270 00       		.byte	0
 650 0271 00       		.byte	0
 651 0272 0A       		.uleb128 0xa
 652 0273 0A000000 		.4byte	.LASF36
 653 0277 01       		.byte	0x1
 654 0278 4B       		.byte	0x4b
 655 0279 00000000 		.4byte	.LFB69
 656 027d 68000000 		.4byte	.LFE69-.LFB69
 657 0281 01       		.uleb128 0x1
 658 0282 9C       		.byte	0x9c
 659 0283 CB030000 		.4byte	0x3cb
 660 0287 0B       		.uleb128 0xb
 661 0288 4B000000 		.4byte	.LASF23
 662 028c 01       		.byte	0x1
 663 028d 4B       		.byte	0x4b
 664 028e 8F000000 		.4byte	0x8f
 665 0292 00000000 		.4byte	.LLST0
 666 0296 0B       		.uleb128 0xb
 667 0297 5D000000 		.4byte	.LASF24
 668 029b 01       		.byte	0x1
 669 029c 4B       		.byte	0x4b
 670 029d 8F000000 		.4byte	0x8f
 671 02a1 21000000 		.4byte	.LLST1
 672 02a5 09       		.uleb128 0x9
 673 02a6 0C000000 		.4byte	.LVL21
 674 02aa 30040000 		.4byte	0x430
 675 02ae B9020000 		.4byte	0x2b9
 676 02b2 08       		.uleb128 0x8
 677 02b3 01       		.uleb128 0x1
 678 02b4 50       		.byte	0x50
 679 02b5 02       		.uleb128 0x2
 680 02b6 08       		.byte	0x8
 681 02b7 61       		.byte	0x61
 682 02b8 00       		.byte	0
 683 02b9 09       		.uleb128 0x9
ARM GAS  C:\Users\Lasse\AppData\Local\Temp\cc0jxxaT.s 			page 15


 684 02ba 12000000 		.4byte	.LVL22
 685 02be 25040000 		.4byte	0x425
 686 02c2 CC020000 		.4byte	0x2cc
 687 02c6 08       		.uleb128 0x8
 688 02c7 01       		.uleb128 0x1
 689 02c8 50       		.byte	0x50
 690 02c9 01       		.uleb128 0x1
 691 02ca 31       		.byte	0x31
 692 02cb 00       		.byte	0
 693 02cc 09       		.uleb128 0x9
 694 02cd 18000000 		.4byte	.LVL23
 695 02d1 3B040000 		.4byte	0x43b
 696 02d5 E0020000 		.4byte	0x2e0
 697 02d9 08       		.uleb128 0x8
 698 02da 01       		.uleb128 0x1
 699 02db 50       		.byte	0x50
 700 02dc 02       		.uleb128 0x2
 701 02dd 08       		.byte	0x8
 702 02de 32       		.byte	0x32
 703 02df 00       		.byte	0
 704 02e0 09       		.uleb128 0x9
 705 02e1 1E000000 		.4byte	.LVL24
 706 02e5 25040000 		.4byte	0x425
 707 02e9 F3020000 		.4byte	0x2f3
 708 02ed 08       		.uleb128 0x8
 709 02ee 01       		.uleb128 0x1
 710 02ef 50       		.byte	0x50
 711 02f0 01       		.uleb128 0x1
 712 02f1 30       		.byte	0x30
 713 02f2 00       		.byte	0
 714 02f3 09       		.uleb128 0x9
 715 02f4 26000000 		.4byte	.LVL25
 716 02f8 3B040000 		.4byte	0x43b
 717 02fc 08030000 		.4byte	0x308
 718 0300 08       		.uleb128 0x8
 719 0301 01       		.uleb128 0x1
 720 0302 50       		.byte	0x50
 721 0303 03       		.uleb128 0x3
 722 0304 0A       		.byte	0xa
 723 0305 8813     		.2byte	0x1388
 724 0307 00       		.byte	0
 725 0308 09       		.uleb128 0x9
 726 0309 2C000000 		.4byte	.LVL26
 727 030d 30040000 		.4byte	0x430
 728 0311 1C030000 		.4byte	0x31c
 729 0315 08       		.uleb128 0x8
 730 0316 01       		.uleb128 0x1
 731 0317 50       		.byte	0x50
 732 0318 02       		.uleb128 0x2
 733 0319 75       		.byte	0x75
 734 031a 00       		.sleb128 0
 735 031b 00       		.byte	0
 736 031c 09       		.uleb128 0x9
 737 031d 32000000 		.4byte	.LVL27
 738 0321 25040000 		.4byte	0x425
 739 0325 2F030000 		.4byte	0x32f
 740 0329 08       		.uleb128 0x8
ARM GAS  C:\Users\Lasse\AppData\Local\Temp\cc0jxxaT.s 			page 16


 741 032a 01       		.uleb128 0x1
 742 032b 50       		.byte	0x50
 743 032c 01       		.uleb128 0x1
 744 032d 31       		.byte	0x31
 745 032e 00       		.byte	0
 746 032f 09       		.uleb128 0x9
 747 0330 38000000 		.4byte	.LVL28
 748 0334 3B040000 		.4byte	0x43b
 749 0338 43030000 		.4byte	0x343
 750 033c 08       		.uleb128 0x8
 751 033d 01       		.uleb128 0x1
 752 033e 50       		.byte	0x50
 753 033f 02       		.uleb128 0x2
 754 0340 08       		.byte	0x8
 755 0341 32       		.byte	0x32
 756 0342 00       		.byte	0
 757 0343 09       		.uleb128 0x9
 758 0344 3E000000 		.4byte	.LVL29
 759 0348 25040000 		.4byte	0x425
 760 034c 56030000 		.4byte	0x356
 761 0350 08       		.uleb128 0x8
 762 0351 01       		.uleb128 0x1
 763 0352 50       		.byte	0x50
 764 0353 01       		.uleb128 0x1
 765 0354 30       		.byte	0x30
 766 0355 00       		.byte	0
 767 0356 09       		.uleb128 0x9
 768 0357 46000000 		.4byte	.LVL30
 769 035b 3B040000 		.4byte	0x43b
 770 035f 6B030000 		.4byte	0x36b
 771 0363 08       		.uleb128 0x8
 772 0364 01       		.uleb128 0x1
 773 0365 50       		.byte	0x50
 774 0366 03       		.uleb128 0x3
 775 0367 0A       		.byte	0xa
 776 0368 8813     		.2byte	0x1388
 777 036a 00       		.byte	0
 778 036b 09       		.uleb128 0x9
 779 036c 4C000000 		.4byte	.LVL31
 780 0370 30040000 		.4byte	0x430
 781 0374 7F030000 		.4byte	0x37f
 782 0378 08       		.uleb128 0x8
 783 0379 01       		.uleb128 0x1
 784 037a 50       		.byte	0x50
 785 037b 02       		.uleb128 0x2
 786 037c 74       		.byte	0x74
 787 037d 00       		.sleb128 0
 788 037e 00       		.byte	0
 789 037f 09       		.uleb128 0x9
 790 0380 52000000 		.4byte	.LVL32
 791 0384 25040000 		.4byte	0x425
 792 0388 92030000 		.4byte	0x392
 793 038c 08       		.uleb128 0x8
 794 038d 01       		.uleb128 0x1
 795 038e 50       		.byte	0x50
 796 038f 01       		.uleb128 0x1
 797 0390 31       		.byte	0x31
ARM GAS  C:\Users\Lasse\AppData\Local\Temp\cc0jxxaT.s 			page 17


 798 0391 00       		.byte	0
 799 0392 09       		.uleb128 0x9
 800 0393 58000000 		.4byte	.LVL33
 801 0397 3B040000 		.4byte	0x43b
 802 039b A6030000 		.4byte	0x3a6
 803 039f 08       		.uleb128 0x8
 804 03a0 01       		.uleb128 0x1
 805 03a1 50       		.byte	0x50
 806 03a2 02       		.uleb128 0x2
 807 03a3 08       		.byte	0x8
 808 03a4 32       		.byte	0x32
 809 03a5 00       		.byte	0
 810 03a6 09       		.uleb128 0x9
 811 03a7 5E000000 		.4byte	.LVL34
 812 03ab 25040000 		.4byte	0x425
 813 03af B9030000 		.4byte	0x3b9
 814 03b3 08       		.uleb128 0x8
 815 03b4 01       		.uleb128 0x1
 816 03b5 50       		.byte	0x50
 817 03b6 01       		.uleb128 0x1
 818 03b7 30       		.byte	0x30
 819 03b8 00       		.byte	0
 820 03b9 07       		.uleb128 0x7
 821 03ba 66000000 		.4byte	.LVL35
 822 03be 3B040000 		.4byte	0x43b
 823 03c2 08       		.uleb128 0x8
 824 03c3 01       		.uleb128 0x1
 825 03c4 50       		.byte	0x50
 826 03c5 03       		.uleb128 0x3
 827 03c6 0A       		.byte	0xa
 828 03c7 8813     		.2byte	0x1388
 829 03c9 00       		.byte	0
 830 03ca 00       		.byte	0
 831 03cb 0C       		.uleb128 0xc
 832 03cc 83010000 		.4byte	.LASF37
 833 03d0 01       		.byte	0x1
 834 03d1 72       		.byte	0x72
 835 03d2 00000000 		.4byte	.LFB70
 836 03d6 0C000000 		.4byte	.LFE70-.LFB70
 837 03da 01       		.uleb128 0x1
 838 03db 9C       		.byte	0x9c
 839 03dc 0D       		.uleb128 0xd
 840 03dd 37010000 		.4byte	.LASF25
 841 03e1 04       		.byte	0x4
 842 03e2 1207     		.2byte	0x712
 843 03e4 E8030000 		.4byte	0x3e8
 844 03e8 0E       		.uleb128 0xe
 845 03e9 A1000000 		.4byte	0xa1
 846 03ed 0F       		.uleb128 0xf
 847 03ee F5010000 		.4byte	.LASF26
 848 03f2 05       		.byte	0x5
 849 03f3 1B       		.byte	0x1b
 850 03f4 96000000 		.4byte	0x96
 851 03f8 05       		.uleb128 0x5
 852 03f9 03       		.byte	0x3
 853 03fa 00000000 		.4byte	SPI_recieved_flag
 854 03fe 0F       		.uleb128 0xf
ARM GAS  C:\Users\Lasse\AppData\Local\Temp\cc0jxxaT.s 			page 18


 855 03ff 07020000 		.4byte	.LASF27
 856 0403 05       		.byte	0x5
 857 0404 1C       		.byte	0x1c
 858 0405 8F000000 		.4byte	0x8f
 859 0409 05       		.uleb128 0x5
 860 040a 03       		.byte	0x3
 861 040b 00000000 		.4byte	SPI_recieved
 862 040f 10       		.uleb128 0x10
 863 0410 73010000 		.4byte	.LASF28
 864 0414 73010000 		.4byte	.LASF28
 865 0418 06       		.byte	0x6
 866 0419 18       		.byte	0x18
 867 041a 10       		.uleb128 0x10
 868 041b 06030000 		.4byte	.LASF29
 869 041f 06030000 		.4byte	.LASF29
 870 0423 07       		.byte	0x7
 871 0424 46       		.byte	0x46
 872 0425 10       		.uleb128 0x10
 873 0426 11010000 		.4byte	.LASF30
 874 042a 11010000 		.4byte	.LASF30
 875 042e 08       		.byte	0x8
 876 042f 26       		.byte	0x26
 877 0430 10       		.uleb128 0x10
 878 0431 CF020000 		.4byte	.LASF31
 879 0435 CF020000 		.4byte	.LASF31
 880 0439 07       		.byte	0x7
 881 043a 53       		.byte	0x53
 882 043b 10       		.uleb128 0x10
 883 043c 69010000 		.4byte	.LASF32
 884 0440 69010000 		.4byte	.LASF32
 885 0444 09       		.byte	0x9
 886 0445 77       		.byte	0x77
 887 0446 00       		.byte	0
 888              		.section	.debug_abbrev,"",%progbits
 889              	.Ldebug_abbrev0:
 890 0000 01       		.uleb128 0x1
 891 0001 11       		.uleb128 0x11
 892 0002 01       		.byte	0x1
 893 0003 25       		.uleb128 0x25
 894 0004 0E       		.uleb128 0xe
 895 0005 13       		.uleb128 0x13
 896 0006 0B       		.uleb128 0xb
 897 0007 03       		.uleb128 0x3
 898 0008 0E       		.uleb128 0xe
 899 0009 1B       		.uleb128 0x1b
 900 000a 0E       		.uleb128 0xe
 901 000b 55       		.uleb128 0x55
 902 000c 17       		.uleb128 0x17
 903 000d 11       		.uleb128 0x11
 904 000e 01       		.uleb128 0x1
 905 000f 10       		.uleb128 0x10
 906 0010 17       		.uleb128 0x17
 907 0011 00       		.byte	0
 908 0012 00       		.byte	0
 909 0013 02       		.uleb128 0x2
 910 0014 24       		.uleb128 0x24
 911 0015 00       		.byte	0
ARM GAS  C:\Users\Lasse\AppData\Local\Temp\cc0jxxaT.s 			page 19


 912 0016 0B       		.uleb128 0xb
 913 0017 0B       		.uleb128 0xb
 914 0018 3E       		.uleb128 0x3e
 915 0019 0B       		.uleb128 0xb
 916 001a 03       		.uleb128 0x3
 917 001b 0E       		.uleb128 0xe
 918 001c 00       		.byte	0
 919 001d 00       		.byte	0
 920 001e 03       		.uleb128 0x3
 921 001f 16       		.uleb128 0x16
 922 0020 00       		.byte	0
 923 0021 03       		.uleb128 0x3
 924 0022 0E       		.uleb128 0xe
 925 0023 3A       		.uleb128 0x3a
 926 0024 0B       		.uleb128 0xb
 927 0025 3B       		.uleb128 0x3b
 928 0026 0B       		.uleb128 0xb
 929 0027 49       		.uleb128 0x49
 930 0028 13       		.uleb128 0x13
 931 0029 00       		.byte	0
 932 002a 00       		.byte	0
 933 002b 04       		.uleb128 0x4
 934 002c 24       		.uleb128 0x24
 935 002d 00       		.byte	0
 936 002e 0B       		.uleb128 0xb
 937 002f 0B       		.uleb128 0xb
 938 0030 3E       		.uleb128 0x3e
 939 0031 0B       		.uleb128 0xb
 940 0032 03       		.uleb128 0x3
 941 0033 08       		.uleb128 0x8
 942 0034 00       		.byte	0
 943 0035 00       		.byte	0
 944 0036 05       		.uleb128 0x5
 945 0037 2E       		.uleb128 0x2e
 946 0038 01       		.byte	0x1
 947 0039 3F       		.uleb128 0x3f
 948 003a 19       		.uleb128 0x19
 949 003b 03       		.uleb128 0x3
 950 003c 0E       		.uleb128 0xe
 951 003d 3A       		.uleb128 0x3a
 952 003e 0B       		.uleb128 0xb
 953 003f 3B       		.uleb128 0x3b
 954 0040 0B       		.uleb128 0xb
 955 0041 11       		.uleb128 0x11
 956 0042 01       		.uleb128 0x1
 957 0043 12       		.uleb128 0x12
 958 0044 06       		.uleb128 0x6
 959 0045 40       		.uleb128 0x40
 960 0046 18       		.uleb128 0x18
 961 0047 9742     		.uleb128 0x2117
 962 0049 19       		.uleb128 0x19
 963 004a 01       		.uleb128 0x1
 964 004b 13       		.uleb128 0x13
 965 004c 00       		.byte	0
 966 004d 00       		.byte	0
 967 004e 06       		.uleb128 0x6
 968 004f 898201   		.uleb128 0x4109
ARM GAS  C:\Users\Lasse\AppData\Local\Temp\cc0jxxaT.s 			page 20


 969 0052 00       		.byte	0
 970 0053 11       		.uleb128 0x11
 971 0054 01       		.uleb128 0x1
 972 0055 31       		.uleb128 0x31
 973 0056 13       		.uleb128 0x13
 974 0057 00       		.byte	0
 975 0058 00       		.byte	0
 976 0059 07       		.uleb128 0x7
 977 005a 898201   		.uleb128 0x4109
 978 005d 01       		.byte	0x1
 979 005e 11       		.uleb128 0x11
 980 005f 01       		.uleb128 0x1
 981 0060 31       		.uleb128 0x31
 982 0061 13       		.uleb128 0x13
 983 0062 00       		.byte	0
 984 0063 00       		.byte	0
 985 0064 08       		.uleb128 0x8
 986 0065 8A8201   		.uleb128 0x410a
 987 0068 00       		.byte	0
 988 0069 02       		.uleb128 0x2
 989 006a 18       		.uleb128 0x18
 990 006b 9142     		.uleb128 0x2111
 991 006d 18       		.uleb128 0x18
 992 006e 00       		.byte	0
 993 006f 00       		.byte	0
 994 0070 09       		.uleb128 0x9
 995 0071 898201   		.uleb128 0x4109
 996 0074 01       		.byte	0x1
 997 0075 11       		.uleb128 0x11
 998 0076 01       		.uleb128 0x1
 999 0077 31       		.uleb128 0x31
 1000 0078 13       		.uleb128 0x13
 1001 0079 01       		.uleb128 0x1
 1002 007a 13       		.uleb128 0x13
 1003 007b 00       		.byte	0
 1004 007c 00       		.byte	0
 1005 007d 0A       		.uleb128 0xa
 1006 007e 2E       		.uleb128 0x2e
 1007 007f 01       		.byte	0x1
 1008 0080 3F       		.uleb128 0x3f
 1009 0081 19       		.uleb128 0x19
 1010 0082 03       		.uleb128 0x3
 1011 0083 0E       		.uleb128 0xe
 1012 0084 3A       		.uleb128 0x3a
 1013 0085 0B       		.uleb128 0xb
 1014 0086 3B       		.uleb128 0x3b
 1015 0087 0B       		.uleb128 0xb
 1016 0088 27       		.uleb128 0x27
 1017 0089 19       		.uleb128 0x19
 1018 008a 11       		.uleb128 0x11
 1019 008b 01       		.uleb128 0x1
 1020 008c 12       		.uleb128 0x12
 1021 008d 06       		.uleb128 0x6
 1022 008e 40       		.uleb128 0x40
 1023 008f 18       		.uleb128 0x18
 1024 0090 9742     		.uleb128 0x2117
 1025 0092 19       		.uleb128 0x19
ARM GAS  C:\Users\Lasse\AppData\Local\Temp\cc0jxxaT.s 			page 21


 1026 0093 01       		.uleb128 0x1
 1027 0094 13       		.uleb128 0x13
 1028 0095 00       		.byte	0
 1029 0096 00       		.byte	0
 1030 0097 0B       		.uleb128 0xb
 1031 0098 05       		.uleb128 0x5
 1032 0099 00       		.byte	0
 1033 009a 03       		.uleb128 0x3
 1034 009b 0E       		.uleb128 0xe
 1035 009c 3A       		.uleb128 0x3a
 1036 009d 0B       		.uleb128 0xb
 1037 009e 3B       		.uleb128 0x3b
 1038 009f 0B       		.uleb128 0xb
 1039 00a0 49       		.uleb128 0x49
 1040 00a1 13       		.uleb128 0x13
 1041 00a2 02       		.uleb128 0x2
 1042 00a3 17       		.uleb128 0x17
 1043 00a4 00       		.byte	0
 1044 00a5 00       		.byte	0
 1045 00a6 0C       		.uleb128 0xc
 1046 00a7 2E       		.uleb128 0x2e
 1047 00a8 00       		.byte	0
 1048 00a9 3F       		.uleb128 0x3f
 1049 00aa 19       		.uleb128 0x19
 1050 00ab 03       		.uleb128 0x3
 1051 00ac 0E       		.uleb128 0xe
 1052 00ad 3A       		.uleb128 0x3a
 1053 00ae 0B       		.uleb128 0xb
 1054 00af 3B       		.uleb128 0x3b
 1055 00b0 0B       		.uleb128 0xb
 1056 00b1 11       		.uleb128 0x11
 1057 00b2 01       		.uleb128 0x1
 1058 00b3 12       		.uleb128 0x12
 1059 00b4 06       		.uleb128 0x6
 1060 00b5 40       		.uleb128 0x40
 1061 00b6 18       		.uleb128 0x18
 1062 00b7 9742     		.uleb128 0x2117
 1063 00b9 19       		.uleb128 0x19
 1064 00ba 00       		.byte	0
 1065 00bb 00       		.byte	0
 1066 00bc 0D       		.uleb128 0xd
 1067 00bd 34       		.uleb128 0x34
 1068 00be 00       		.byte	0
 1069 00bf 03       		.uleb128 0x3
 1070 00c0 0E       		.uleb128 0xe
 1071 00c1 3A       		.uleb128 0x3a
 1072 00c2 0B       		.uleb128 0xb
 1073 00c3 3B       		.uleb128 0x3b
 1074 00c4 05       		.uleb128 0x5
 1075 00c5 49       		.uleb128 0x49
 1076 00c6 13       		.uleb128 0x13
 1077 00c7 3F       		.uleb128 0x3f
 1078 00c8 19       		.uleb128 0x19
 1079 00c9 3C       		.uleb128 0x3c
 1080 00ca 19       		.uleb128 0x19
 1081 00cb 00       		.byte	0
 1082 00cc 00       		.byte	0
ARM GAS  C:\Users\Lasse\AppData\Local\Temp\cc0jxxaT.s 			page 22


 1083 00cd 0E       		.uleb128 0xe
 1084 00ce 35       		.uleb128 0x35
 1085 00cf 00       		.byte	0
 1086 00d0 49       		.uleb128 0x49
 1087 00d1 13       		.uleb128 0x13
 1088 00d2 00       		.byte	0
 1089 00d3 00       		.byte	0
 1090 00d4 0F       		.uleb128 0xf
 1091 00d5 34       		.uleb128 0x34
 1092 00d6 00       		.byte	0
 1093 00d7 03       		.uleb128 0x3
 1094 00d8 0E       		.uleb128 0xe
 1095 00d9 3A       		.uleb128 0x3a
 1096 00da 0B       		.uleb128 0xb
 1097 00db 3B       		.uleb128 0x3b
 1098 00dc 0B       		.uleb128 0xb
 1099 00dd 49       		.uleb128 0x49
 1100 00de 13       		.uleb128 0x13
 1101 00df 3F       		.uleb128 0x3f
 1102 00e0 19       		.uleb128 0x19
 1103 00e1 02       		.uleb128 0x2
 1104 00e2 18       		.uleb128 0x18
 1105 00e3 00       		.byte	0
 1106 00e4 00       		.byte	0
 1107 00e5 10       		.uleb128 0x10
 1108 00e6 2E       		.uleb128 0x2e
 1109 00e7 00       		.byte	0
 1110 00e8 3F       		.uleb128 0x3f
 1111 00e9 19       		.uleb128 0x19
 1112 00ea 3C       		.uleb128 0x3c
 1113 00eb 19       		.uleb128 0x19
 1114 00ec 6E       		.uleb128 0x6e
 1115 00ed 0E       		.uleb128 0xe
 1116 00ee 03       		.uleb128 0x3
 1117 00ef 0E       		.uleb128 0xe
 1118 00f0 3A       		.uleb128 0x3a
 1119 00f1 0B       		.uleb128 0xb
 1120 00f2 3B       		.uleb128 0x3b
 1121 00f3 0B       		.uleb128 0xb
 1122 00f4 00       		.byte	0
 1123 00f5 00       		.byte	0
 1124 00f6 00       		.byte	0
 1125              		.section	.debug_loc,"",%progbits
 1126              	.Ldebug_loc0:
 1127              	.LLST0:
 1128 0000 00000000 		.4byte	.LVL19
 1129 0004 08000000 		.4byte	.LVL20
 1130 0008 0100     		.2byte	0x1
 1131 000a 50       		.byte	0x50
 1132 000b 08000000 		.4byte	.LVL20
 1133 000f 68000000 		.4byte	.LFE69
 1134 0013 0400     		.2byte	0x4
 1135 0015 F3       		.byte	0xf3
 1136 0016 01       		.uleb128 0x1
 1137 0017 50       		.byte	0x50
 1138 0018 9F       		.byte	0x9f
 1139 0019 00000000 		.4byte	0
ARM GAS  C:\Users\Lasse\AppData\Local\Temp\cc0jxxaT.s 			page 23


 1140 001d 00000000 		.4byte	0
 1141              	.LLST1:
 1142 0021 00000000 		.4byte	.LVL19
 1143 0025 0B000000 		.4byte	.LVL21-1
 1144 0029 0100     		.2byte	0x1
 1145 002b 51       		.byte	0x51
 1146 002c 0B000000 		.4byte	.LVL21-1
 1147 0030 68000000 		.4byte	.LFE69
 1148 0034 0400     		.2byte	0x4
 1149 0036 F3       		.byte	0xf3
 1150 0037 01       		.uleb128 0x1
 1151 0038 51       		.byte	0x51
 1152 0039 9F       		.byte	0x9f
 1153 003a 00000000 		.4byte	0
 1154 003e 00000000 		.4byte	0
 1155              		.section	.debug_aranges,"",%progbits
 1156 0000 4C000000 		.4byte	0x4c
 1157 0004 0200     		.2byte	0x2
 1158 0006 00000000 		.4byte	.Ldebug_info0
 1159 000a 04       		.byte	0x4
 1160 000b 00       		.byte	0
 1161 000c 0000     		.2byte	0
 1162 000e 0000     		.2byte	0
 1163 0010 00000000 		.4byte	.LFB64
 1164 0014 24000000 		.4byte	.LFE64-.LFB64
 1165 0018 00000000 		.4byte	.LFB65
 1166 001c 1C000000 		.4byte	.LFE65-.LFB65
 1167 0020 00000000 		.4byte	.LFB66
 1168 0024 1C000000 		.4byte	.LFE66-.LFB66
 1169 0028 00000000 		.4byte	.LFB67
 1170 002c 1C000000 		.4byte	.LFE67-.LFB67
 1171 0030 00000000 		.4byte	.LFB68
 1172 0034 1C000000 		.4byte	.LFE68-.LFB68
 1173 0038 00000000 		.4byte	.LFB69
 1174 003c 68000000 		.4byte	.LFE69-.LFB69
 1175 0040 00000000 		.4byte	.LFB70
 1176 0044 0C000000 		.4byte	.LFE70-.LFB70
 1177 0048 00000000 		.4byte	0
 1178 004c 00000000 		.4byte	0
 1179              		.section	.debug_ranges,"",%progbits
 1180              	.Ldebug_ranges0:
 1181 0000 00000000 		.4byte	.LFB64
 1182 0004 24000000 		.4byte	.LFE64
 1183 0008 00000000 		.4byte	.LFB65
 1184 000c 1C000000 		.4byte	.LFE65
 1185 0010 00000000 		.4byte	.LFB66
 1186 0014 1C000000 		.4byte	.LFE66
 1187 0018 00000000 		.4byte	.LFB67
 1188 001c 1C000000 		.4byte	.LFE67
 1189 0020 00000000 		.4byte	.LFB68
 1190 0024 1C000000 		.4byte	.LFE68
 1191 0028 00000000 		.4byte	.LFB69
 1192 002c 68000000 		.4byte	.LFE69
 1193 0030 00000000 		.4byte	.LFB70
 1194 0034 0C000000 		.4byte	.LFE70
 1195 0038 00000000 		.4byte	0
 1196 003c 00000000 		.4byte	0
ARM GAS  C:\Users\Lasse\AppData\Local\Temp\cc0jxxaT.s 			page 24


 1197              		.section	.debug_line,"",%progbits
 1198              	.Ldebug_line0:
 1199 0000 29020000 		.section	.debug_str,"MS",%progbits,1
 1199      02009401 
 1199      00000201 
 1199      FB0E0D00 
 1199      01010101 
 1200              	.LASF4:
 1201 0000 5F5F7569 		.ascii	"__uint8_t\000"
 1201      6E74385F 
 1201      7400
 1202              	.LASF36:
 1203 000a 5350495F 		.ascii	"SPI_send_pigeon_shot_position\000"
 1203      73656E64 
 1203      5F706967 
 1203      656F6E5F 
 1203      73686F74 
 1204              	.LASF5:
 1205 0028 5F5F696E 		.ascii	"__int32_t\000"
 1205      7433325F 
 1205      7400
 1206              	.LASF34:
 1207 0032 5350495F 		.ascii	"SPI_driver_PSoC.c\000"
 1207      64726976 
 1207      65725F50 
 1207      536F432E 
 1207      6300
 1208              	.LASF17:
 1209 0044 646F7562 		.ascii	"double\000"
 1209      6C6500
 1210              	.LASF23:
 1211 004b 70696765 		.ascii	"pigeon_position_x\000"
 1211      6F6E5F70 
 1211      6F736974 
 1211      696F6E5F 
 1211      7800
 1212              	.LASF24:
 1213 005d 70696765 		.ascii	"pigeon_position_y\000"
 1213      6F6E5F70 
 1213      6F736974 
 1213      696F6E5F 
 1213      7900
 1214              	.LASF16:
 1215 006f 666C6F61 		.ascii	"float\000"
 1215      7400
 1216              	.LASF1:
 1217 0075 756E7369 		.ascii	"unsigned char\000"
 1217      676E6564 
 1217      20636861 
 1217      7200
 1218              	.LASF33:
 1219 0083 474E5520 		.ascii	"GNU C11 5.4.1 20160609 (release) [ARM/embedded-5-br"
 1219      43313120 
 1219      352E342E 
 1219      31203230 
 1219      31363036 
 1220 00b6 616E6368 		.ascii	"anch revision 237715] -mcpu=cortex-m3 -mthumb -g -O"
ARM GAS  C:\Users\Lasse\AppData\Local\Temp\cc0jxxaT.s 			page 25


 1220      20726576 
 1220      6973696F 
 1220      6E203233 
 1220      37373135 
 1221 00e9 67202D66 		.ascii	"g -ffunction-sections -ffat-lto-objects\000"
 1221      66756E63 
 1221      74696F6E 
 1221      2D736563 
 1221      74696F6E 
 1222              	.LASF30:
 1223 0111 5350495F 		.ascii	"SPI_read_req_Write\000"
 1223      72656164 
 1223      5F726571 
 1223      5F577269 
 1223      746500
 1224              	.LASF3:
 1225 0124 73686F72 		.ascii	"short unsigned int\000"
 1225      7420756E 
 1225      7369676E 
 1225      65642069 
 1225      6E7400
 1226              	.LASF25:
 1227 0137 49544D5F 		.ascii	"ITM_RxBuffer\000"
 1227      52784275 
 1227      66666572 
 1227      00
 1228              	.LASF7:
 1229 0144 6C6F6E67 		.ascii	"long unsigned int\000"
 1229      20756E73 
 1229      69676E65 
 1229      6420696E 
 1229      7400
 1230              	.LASF20:
 1231 0156 5350495F 		.ascii	"SPI_send_low_water\000"
 1231      73656E64 
 1231      5F6C6F77 
 1231      5F776174 
 1231      657200
 1232              	.LASF32:
 1233 0169 43794465 		.ascii	"CyDelayUs\000"
 1233      6C617955 
 1233      7300
 1234              	.LASF28:
 1235 0173 5350495F 		.ascii	"SPI_ISR_StartEx\000"
 1235      4953525F 
 1235      53746172 
 1235      74457800 
 1236              	.LASF37:
 1237 0183 48616E64 		.ascii	"Handle_SPI_recieved\000"
 1237      6C655F53 
 1237      50495F72 
 1237      65636965 
 1237      76656400 
 1238              	.LASF19:
 1239 0197 5350495F 		.ascii	"SPI_send_pigeon_detected\000"
 1239      73656E64 
 1239      5F706967 
ARM GAS  C:\Users\Lasse\AppData\Local\Temp\cc0jxxaT.s 			page 26


 1239      656F6E5F 
 1239      64657465 
 1240              	.LASF10:
 1241 01b0 756E7369 		.ascii	"unsigned int\000"
 1241      676E6564 
 1241      20696E74 
 1241      00
 1242              	.LASF9:
 1243 01bd 6C6F6E67 		.ascii	"long long unsigned int\000"
 1243      206C6F6E 
 1243      6720756E 
 1243      7369676E 
 1243      65642069 
 1244              	.LASF14:
 1245 01d4 75696E74 		.ascii	"uint8_t\000"
 1245      385F7400 
 1246              	.LASF22:
 1247 01dc 5350495F 		.ascii	"SPI_send_flowers_watered\000"
 1247      73656E64 
 1247      5F666C6F 
 1247      77657273 
 1247      5F776174 
 1248              	.LASF26:
 1249 01f5 5350495F 		.ascii	"SPI_recieved_flag\000"
 1249      72656369 
 1249      65766564 
 1249      5F666C61 
 1249      6700
 1250              	.LASF27:
 1251 0207 5350495F 		.ascii	"SPI_recieved\000"
 1251      72656369 
 1251      65766564 
 1251      00
 1252              	.LASF21:
 1253 0214 5350495F 		.ascii	"SPI_send_water_empty\000"
 1253      73656E64 
 1253      5F776174 
 1253      65725F65 
 1253      6D707479 
 1254              	.LASF15:
 1255 0229 696E7433 		.ascii	"int32_t\000"
 1255      325F7400 
 1256              	.LASF12:
 1257 0231 73697A65 		.ascii	"sizetype\000"
 1257      74797065 
 1257      00
 1258              	.LASF35:
 1259 023a 443A5C4F 		.ascii	"D:\\OneDrive - Aarhus Universitet\\Aarhus Universit"
 1259      6E654472 
 1259      69766520 
 1259      2D204161 
 1259      72687573 
 1260 026b 65745C45 		.ascii	"et\\E3\\E3PRJ\\I3E3PRJ_Repo\\PSoCcontroller\\PSoCco"
 1260      335C4533 
 1260      50524A5C 
 1260      49334533 
 1260      50524A5F 
ARM GAS  C:\Users\Lasse\AppData\Local\Temp\cc0jxxaT.s 			page 27


 1261 0299 6E74726F 		.ascii	"ntroller.cydsn\000"
 1261      6C6C6572 
 1261      2E637964 
 1261      736E00
 1262              	.LASF8:
 1263 02a8 6C6F6E67 		.ascii	"long long int\000"
 1263      206C6F6E 
 1263      6720696E 
 1263      7400
 1264              	.LASF13:
 1265 02b6 63686172 		.ascii	"char\000"
 1265      00
 1266              	.LASF18:
 1267 02bb 5350495F 		.ascii	"SPI_start\000"
 1267      73746172 
 1267      7400
 1268              	.LASF2:
 1269 02c5 73686F72 		.ascii	"short int\000"
 1269      7420696E 
 1269      7400
 1270              	.LASF31:
 1271 02cf 5350495F 		.ascii	"SPI_1_WriteTxDataZero\000"
 1271      315F5772 
 1271      69746554 
 1271      78446174 
 1271      615A6572 
 1272              	.LASF6:
 1273 02e5 6C6F6E67 		.ascii	"long int\000"
 1273      20696E74 
 1273      00
 1274              	.LASF11:
 1275 02ee 6C6F6E67 		.ascii	"long double\000"
 1275      20646F75 
 1275      626C6500 
 1276              	.LASF0:
 1277 02fa 7369676E 		.ascii	"signed char\000"
 1277      65642063 
 1277      68617200 
 1278              	.LASF29:
 1279 0306 5350495F 		.ascii	"SPI_1_Start\000"
 1279      315F5374 
 1279      61727400 
 1280              		.ident	"GCC: (GNU Tools for ARM Embedded Processors) 5.4.1 20160609 (release) [ARM/embedded-5-bran
