ARM GAS  C:\Users\midtg\AppData\Local\Temp\ccRYM6da.s 			page 1


   1              		.syntax unified
   2              		.cpu cortex-m3
   3              		.fpu softvfp
   4              		.eabi_attribute 20, 1
   5              		.eabi_attribute 21, 1
   6              		.eabi_attribute 23, 3
   7              		.eabi_attribute 24, 1
   8              		.eabi_attribute 25, 1
   9              		.eabi_attribute 26, 1
  10              		.eabi_attribute 30, 1
  11              		.eabi_attribute 34, 1
  12              		.eabi_attribute 18, 4
  13              		.thumb
  14              		.syntax unified
  15              		.file	"cymetadata.c"
  16              		.text
  17              	.Ltext0:
  18              		.cfi_sections	.debug_frame
  19              		.global	cy_metadata
  20              		.global	cy_meta_flashprotect
  21              		.global	cy_meta_wonvl
  22              		.global	cy_meta_custnvl
  23              		.global	cy_meta_configecc
  24              		.section	.cyconfigecc,"a",%progbits
  25              		.align	2
  26              		.type	cy_meta_configecc, %object
  27              		.size	cy_meta_configecc, 1024
  28              	cy_meta_configecc:
  29 0000 01       		.byte	1
  30 0001 52       		.byte	82
  31 0002 00       		.byte	0
  32 0003 40       		.byte	64
  33 0004 04       		.byte	4
  34 0005 65       		.byte	101
  35 0006 00       		.byte	0
  36 0007 40       		.byte	64
  37 0008 2E       		.byte	46
  38 0009 14       		.byte	20
  39 000a 01       		.byte	1
  40 000b 40       		.byte	64
  41 000c 15       		.byte	21
  42 000d 15       		.byte	21
  43 000e 01       		.byte	1
  44 000f 40       		.byte	64
  45 0010 1F       		.byte	31
  46 0011 16       		.byte	22
  47 0012 01       		.byte	1
  48 0013 40       		.byte	64
  49 0014 12       		.byte	18
  50 0015 17       		.byte	23
  51 0016 01       		.byte	1
  52 0017 40       		.byte	64
  53 0018 11       		.byte	17
  54 0019 18       		.byte	24
  55 001a 01       		.byte	1
  56 001b 40       		.byte	64
  57 001c 35       		.byte	53
ARM GAS  C:\Users\midtg\AppData\Local\Temp\ccRYM6da.s 			page 2


  58 001d 19       		.byte	25
  59 001e 01       		.byte	1
  60 001f 40       		.byte	64
  61 0020 67       		.byte	103
  62 0021 1A       		.byte	26
  63 0022 01       		.byte	1
  64 0023 40       		.byte	64
  65 0024 46       		.byte	70
  66 0025 1B       		.byte	27
  67 0026 01       		.byte	1
  68 0027 40       		.byte	64
  69 0028 03       		.byte	3
  70 0029 40       		.byte	64
  71 002a 01       		.byte	1
  72 002b 40       		.byte	64
  73 002c 02       		.byte	2
  74 002d 41       		.byte	65
  75 002e 01       		.byte	1
  76 002f 40       		.byte	64
  77 0030 02       		.byte	2
  78 0031 42       		.byte	66
  79 0032 01       		.byte	1
  80 0033 40       		.byte	64
  81 0034 02       		.byte	2
  82 0035 43       		.byte	67
  83 0036 01       		.byte	1
  84 0037 40       		.byte	64
  85 0038 05       		.byte	5
  86 0039 48       		.byte	72
  87 003a 01       		.byte	1
  88 003b 40       		.byte	64
  89 003c 09       		.byte	9
  90 003d 4D       		.byte	77
  91 003e 01       		.byte	1
  92 003f 40       		.byte	64
  93 0040 05       		.byte	5
  94 0041 50       		.byte	80
  95 0042 01       		.byte	1
  96 0043 40       		.byte	64
  97 0044 01       		.byte	1
  98 0045 51       		.byte	81
  99 0046 01       		.byte	1
 100 0047 40       		.byte	64
 101 0048 04       		.byte	4
 102 0049 44       		.byte	68
 103 004a 84       		.byte	-124
 104 004b 0F       		.byte	15
 105 004c 86       		.byte	-122
 106 004d 0D       		.byte	13
 107 004e 88       		.byte	-120
 108 004f 72       		.byte	114
 109 0050 89       		.byte	-119
 110 0051 38       		.byte	56
 111 0052 15       		.byte	21
 112 0053 01       		.byte	1
 113 0054 33       		.byte	51
 114 0055 01       		.byte	1
ARM GAS  C:\Users\midtg\AppData\Local\Temp\ccRYM6da.s 			page 3


 115 0056 3F       		.byte	63
 116 0057 04       		.byte	4
 117 0058 40       		.byte	64
 118 0059 54       		.byte	84
 119 005a 49       		.byte	73
 120 005b FF       		.byte	-1
 121 005c 4A       		.byte	74
 122 005d FF       		.byte	-1
 123 005e 4B       		.byte	75
 124 005f FF       		.byte	-1
 125 0060 4F       		.byte	79
 126 0061 01       		.byte	1
 127 0062 50       		.byte	80
 128 0063 18       		.byte	24
 129 0064 54       		.byte	84
 130 0065 01       		.byte	1
 131 0066 59       		.byte	89
 132 0067 04       		.byte	4
 133 0068 5A       		.byte	90
 134 0069 04       		.byte	4
 135 006a 5B       		.byte	91
 136 006b 04       		.byte	4
 137 006c 5D       		.byte	93
 138 006d 09       		.byte	9
 139 006e 5F       		.byte	95
 140 006f 01       		.byte	1
 141 0070 60       		.byte	96
 142 0071 40       		.byte	64
 143 0072 62       		.byte	98
 144 0073 40       		.byte	64
 145 0074 64       		.byte	100
 146 0075 40       		.byte	64
 147 0076 65       		.byte	101
 148 0077 40       		.byte	64
 149 0078 66       		.byte	102
 150 0079 80       		.byte	-128
 151 007a 68       		.byte	104
 152 007b 80       		.byte	-128
 153 007c 6A       		.byte	106
 154 007d 80       		.byte	-128
 155 007e 6C       		.byte	108
 156 007f 80       		.byte	-128
 157 0080 6E       		.byte	110
 158 0081 80       		.byte	-128
 159 0082 C0       		.byte	-64
 160 0083 14       		.byte	20
 161 0084 C9       		.byte	-55
 162 0085 FF       		.byte	-1
 163 0086 CA       		.byte	-54
 164 0087 FF       		.byte	-1
 165 0088 CB       		.byte	-53
 166 0089 FF       		.byte	-1
 167 008a CD       		.byte	-51
 168 008b 83       		.byte	-125
 169 008c CE       		.byte	-50
 170 008d 03       		.byte	3
 171 008e CF       		.byte	-49
ARM GAS  C:\Users\midtg\AppData\Local\Temp\ccRYM6da.s 			page 4


 172 008f 01       		.byte	1
 173 0090 D0       		.byte	-48
 174 0091 18       		.byte	24
 175 0092 D2       		.byte	-46
 176 0093 80       		.byte	-128
 177 0094 DA       		.byte	-38
 178 0095 04       		.byte	4
 179 0096 DB       		.byte	-37
 180 0097 04       		.byte	4
 181 0098 DD       		.byte	-35
 182 0099 99       		.byte	-103
 183 009a DF       		.byte	-33
 184 009b 01       		.byte	1
 185 009c E0       		.byte	-32
 186 009d 40       		.byte	64
 187 009e E2       		.byte	-30
 188 009f 40       		.byte	64
 189 00a0 E4       		.byte	-28
 190 00a1 40       		.byte	64
 191 00a2 E5       		.byte	-27
 192 00a3 40       		.byte	64
 193 00a4 E6       		.byte	-26
 194 00a5 80       		.byte	-128
 195 00a6 E8       		.byte	-24
 196 00a7 80       		.byte	-128
 197 00a8 EA       		.byte	-22
 198 00a9 80       		.byte	-128
 199 00aa EC       		.byte	-20
 200 00ab 80       		.byte	-128
 201 00ac EE       		.byte	-18
 202 00ad 80       		.byte	-128
 203 00ae 22       		.byte	34
 204 00af 04       		.byte	4
 205 00b0 33       		.byte	51
 206 00b1 04       		.byte	4
 207 00b2 42       		.byte	66
 208 00b3 80       		.byte	-128
 209 00b4 46       		.byte	70
 210 00b5 80       		.byte	-128
 211 00b6 47       		.byte	71
 212 00b7 80       		.byte	-128
 213 00b8 48       		.byte	72
 214 00b9 01       		.byte	1
 215 00ba 58       		.byte	88
 216 00bb A1       		.byte	-95
 217 00bc 5A       		.byte	90
 218 00bd 08       		.byte	8
 219 00be 74       		.byte	116
 220 00bf 01       		.byte	1
 221 00c0 77       		.byte	119
 222 00c1 80       		.byte	-128
 223 00c2 80       		.byte	-128
 224 00c3 80       		.byte	-128
 225 00c4 84       		.byte	-124
 226 00c5 20       		.byte	32
 227 00c6 88       		.byte	-120
 228 00c7 01       		.byte	1
ARM GAS  C:\Users\midtg\AppData\Local\Temp\ccRYM6da.s 			page 5


 229 00c8 8F       		.byte	-113
 230 00c9 04       		.byte	4
 231 00ca 9A       		.byte	-102
 232 00cb 80       		.byte	-128
 233 00cc 9F       		.byte	-97
 234 00cd 80       		.byte	-128
 235 00ce CC       		.byte	-52
 236 00cf 02       		.byte	2
 237 00d0 D0       		.byte	-48
 238 00d1 91       		.byte	-111
 239 00d2 D2       		.byte	-46
 240 00d3 08       		.byte	8
 241 00d4 D6       		.byte	-42
 242 00d5 0F       		.byte	15
 243 00d6 E6       		.byte	-26
 244 00d7 09       		.byte	9
 245 00d8 22       		.byte	34
 246 00d9 01       		.byte	1
 247 00da 2E       		.byte	46
 248 00db 01       		.byte	1
 249 00dc 30       		.byte	48
 250 00dd 01       		.byte	1
 251 00de 3E       		.byte	62
 252 00df 01       		.byte	1
 253 00e0 40       		.byte	64
 254 00e1 14       		.byte	20
 255 00e2 45       		.byte	69
 256 00e3 EC       		.byte	-20
 257 00e4 46       		.byte	70
 258 00e5 02       		.byte	2
 259 00e6 48       		.byte	72
 260 00e7 07       		.byte	7
 261 00e8 49       		.byte	73
 262 00e9 FF       		.byte	-1
 263 00ea 4A       		.byte	74
 264 00eb FF       		.byte	-1
 265 00ec 4B       		.byte	75
 266 00ed FF       		.byte	-1
 267 00ee 4D       		.byte	77
 268 00ef 83       		.byte	-125
 269 00f0 4E       		.byte	78
 270 00f1 03       		.byte	3
 271 00f2 4F       		.byte	79
 272 00f3 01       		.byte	1
 273 00f4 50       		.byte	80
 274 00f5 18       		.byte	24
 275 00f6 54       		.byte	84
 276 00f7 01       		.byte	1
 277 00f8 56       		.byte	86
 278 00f9 04       		.byte	4
 279 00fa 58       		.byte	88
 280 00fb 04       		.byte	4
 281 00fc 5A       		.byte	90
 282 00fd 04       		.byte	4
 283 00fe 5B       		.byte	91
 284 00ff 04       		.byte	4
 285 0100 5D       		.byte	93
ARM GAS  C:\Users\midtg\AppData\Local\Temp\ccRYM6da.s 			page 6


 286 0101 99       		.byte	-103
 287 0102 5F       		.byte	95
 288 0103 01       		.byte	1
 289 0104 60       		.byte	96
 290 0105 40       		.byte	64
 291 0106 62       		.byte	98
 292 0107 40       		.byte	64
 293 0108 64       		.byte	100
 294 0109 40       		.byte	64
 295 010a 65       		.byte	101
 296 010b 40       		.byte	64
 297 010c 66       		.byte	102
 298 010d 80       		.byte	-128
 299 010e 68       		.byte	104
 300 010f 80       		.byte	-128
 301 0110 6A       		.byte	106
 302 0111 80       		.byte	-128
 303 0112 6C       		.byte	108
 304 0113 80       		.byte	-128
 305 0114 6E       		.byte	110
 306 0115 80       		.byte	-128
 307 0116 16       		.byte	22
 308 0117 80       		.byte	-128
 309 0118 17       		.byte	23
 310 0119 80       		.byte	-128
 311 011a 1E       		.byte	30
 312 011b 80       		.byte	-128
 313 011c 46       		.byte	70
 314 011d 80       		.byte	-128
 315 011e 47       		.byte	71
 316 011f 80       		.byte	-128
 317 0120 4D       		.byte	77
 318 0121 04       		.byte	4
 319 0122 4F       		.byte	79
 320 0123 01       		.byte	1
 321 0124 56       		.byte	86
 322 0125 80       		.byte	-128
 323 0126 5D       		.byte	93
 324 0127 04       		.byte	4
 325 0128 5E       		.byte	94
 326 0129 80       		.byte	-128
 327 012a 5F       		.byte	95
 328 012b 01       		.byte	1
 329 012c 67       		.byte	103
 330 012d 40       		.byte	64
 331 012e 87       		.byte	-121
 332 012f 40       		.byte	64
 333 0130 C4       		.byte	-60
 334 0131 90       		.byte	-112
 335 0132 D0       		.byte	-48
 336 0133 90       		.byte	-112
 337 0134 D6       		.byte	-42
 338 0135 D0       		.byte	-48
 339 0136 D8       		.byte	-40
 340 0137 80       		.byte	-128
 341 0138 E6       		.byte	-26
 342 0139 01       		.byte	1
ARM GAS  C:\Users\midtg\AppData\Local\Temp\ccRYM6da.s 			page 7


 343 013a 95       		.byte	-107
 344 013b 01       		.byte	1
 345 013c 98       		.byte	-104
 346 013d 01       		.byte	1
 347 013e 9E       		.byte	-98
 348 013f 02       		.byte	2
 349 0140 A2       		.byte	-94
 350 0141 02       		.byte	2
 351 0142 A8       		.byte	-88
 352 0143 01       		.byte	1
 353 0144 AC       		.byte	-84
 354 0145 01       		.byte	1
 355 0146 B0       		.byte	-80
 356 0147 02       		.byte	2
 357 0148 B4       		.byte	-76
 358 0149 01       		.byte	1
 359 014a B7       		.byte	-73
 360 014b 01       		.byte	1
 361 014c BE       		.byte	-66
 362 014d 01       		.byte	1
 363 014e BF       		.byte	-65
 364 014f 40       		.byte	64
 365 0150 D4       		.byte	-44
 366 0151 18       		.byte	24
 367 0152 D6       		.byte	-42
 368 0153 04       		.byte	4
 369 0154 D8       		.byte	-40
 370 0155 04       		.byte	4
 371 0156 D9       		.byte	-39
 372 0157 04       		.byte	4
 373 0158 DB       		.byte	-37
 374 0159 04       		.byte	4
 375 015a DF       		.byte	-33
 376 015b 01       		.byte	1
 377 015c 05       		.byte	5
 378 015d 21       		.byte	33
 379 015e 07       		.byte	7
 380 015f 10       		.byte	16
 381 0160 09       		.byte	9
 382 0161 40       		.byte	64
 383 0162 0A       		.byte	10
 384 0163 04       		.byte	4
 385 0164 0C       		.byte	12
 386 0165 40       		.byte	64
 387 0166 0D       		.byte	13
 388 0167 40       		.byte	64
 389 0168 0E       		.byte	14
 390 0169 48       		.byte	72
 391 016a 0F       		.byte	15
 392 016b 20       		.byte	32
 393 016c 10       		.byte	16
 394 016d 8A       		.byte	-118
 395 016e 16       		.byte	22
 396 016f 01       		.byte	1
 397 0170 17       		.byte	23
 398 0171 29       		.byte	41
 399 0172 1B       		.byte	27
ARM GAS  C:\Users\midtg\AppData\Local\Temp\ccRYM6da.s 			page 8


 400 0173 11       		.byte	17
 401 0174 1D       		.byte	29
 402 0175 21       		.byte	33
 403 0176 1E       		.byte	30
 404 0177 29       		.byte	41
 405 0178 1F       		.byte	31
 406 0179 02       		.byte	2
 407 017a 20       		.byte	32
 408 017b 02       		.byte	2
 409 017c 24       		.byte	36
 410 017d 06       		.byte	6
 411 017e 25       		.byte	37
 412 017f 40       		.byte	64
 413 0180 26       		.byte	38
 414 0181 08       		.byte	8
 415 0182 27       		.byte	39
 416 0183 50       		.byte	80
 417 0184 2C       		.byte	44
 418 0185 24       		.byte	36
 419 0186 2D       		.byte	45
 420 0187 01       		.byte	1
 421 0188 2F       		.byte	47
 422 0189 02       		.byte	2
 423 018a 32       		.byte	50
 424 018b 04       		.byte	4
 425 018c 36       		.byte	54
 426 018d 09       		.byte	9
 427 018e 37       		.byte	55
 428 018f 60       		.byte	96
 429 0190 3E       		.byte	62
 430 0191 0A       		.byte	10
 431 0192 3F       		.byte	63
 432 0193 A0       		.byte	-96
 433 0194 44       		.byte	68
 434 0195 44       		.byte	68
 435 0196 45       		.byte	69
 436 0197 24       		.byte	36
 437 0198 4C       		.byte	76
 438 0199 81       		.byte	-127
 439 019a 4F       		.byte	79
 440 019b 20       		.byte	32
 441 019c 57       		.byte	87
 442 019d 40       		.byte	64
 443 019e 5A       		.byte	90
 444 019f 01       		.byte	1
 445 01a0 5E       		.byte	94
 446 01a1 20       		.byte	32
 447 01a2 60       		.byte	96
 448 01a3 84       		.byte	-124
 449 01a4 63       		.byte	99
 450 01a5 02       		.byte	2
 451 01a6 6C       		.byte	108
 452 01a7 0A       		.byte	10
 453 01a8 6D       		.byte	109
 454 01a9 10       		.byte	16
 455 01aa 6E       		.byte	110
 456 01ab 14       		.byte	20
ARM GAS  C:\Users\midtg\AppData\Local\Temp\ccRYM6da.s 			page 9


 457 01ac 76       		.byte	118
 458 01ad 0B       		.byte	11
 459 01ae 77       		.byte	119
 460 01af 28       		.byte	40
 461 01b0 80       		.byte	-128
 462 01b1 80       		.byte	-128
 463 01b2 C0       		.byte	-64
 464 01b3 70       		.byte	112
 465 01b4 C2       		.byte	-62
 466 01b5 F3       		.byte	-13
 467 01b6 C4       		.byte	-60
 468 01b7 FB       		.byte	-5
 469 01b8 CA       		.byte	-54
 470 01b9 F0       		.byte	-16
 471 01ba CC       		.byte	-52
 472 01bb F2       		.byte	-14
 473 01bc CE       		.byte	-50
 474 01bd F0       		.byte	-16
 475 01be D0       		.byte	-48
 476 01bf E0       		.byte	-32
 477 01c0 D2       		.byte	-46
 478 01c1 30       		.byte	48
 479 01c2 D6       		.byte	-42
 480 01c3 21       		.byte	33
 481 01c4 D8       		.byte	-40
 482 01c5 0D       		.byte	13
 483 01c6 00       		.byte	0
 484 01c7 10       		.byte	16
 485 01c8 02       		.byte	2
 486 01c9 40       		.byte	64
 487 01ca 04       		.byte	4
 488 01cb 10       		.byte	16
 489 01cc 06       		.byte	6
 490 01cd AC       		.byte	-84
 491 01ce 09       		.byte	9
 492 01cf 80       		.byte	-128
 493 01d0 0B       		.byte	11
 494 01d1 13       		.byte	19
 495 01d2 0C       		.byte	12
 496 01d3 0C       		.byte	12
 497 01d4 0E       		.byte	14
 498 01d5 71       		.byte	113
 499 01d6 13       		.byte	19
 500 01d7 0C       		.byte	12
 501 01d8 14       		.byte	20
 502 01d9 DC       		.byte	-36
 503 01da 15       		.byte	21
 504 01db 2C       		.byte	44
 505 01dc 16       		.byte	22
 506 01dd 22       		.byte	34
 507 01de 17       		.byte	23
 508 01df 43       		.byte	67
 509 01e0 19       		.byte	25
 510 01e1 71       		.byte	113
 511 01e2 1A       		.byte	26
 512 01e3 03       		.byte	3
 513 01e4 1B       		.byte	27
ARM GAS  C:\Users\midtg\AppData\Local\Temp\ccRYM6da.s 			page 10


 514 01e5 06       		.byte	6
 515 01e6 1C       		.byte	28
 516 01e7 09       		.byte	9
 517 01e8 1E       		.byte	30
 518 01e9 D0       		.byte	-48
 519 01ea 20       		.byte	32
 520 01eb 14       		.byte	20
 521 01ec 21       		.byte	33
 522 01ed 71       		.byte	113
 523 01ee 23       		.byte	35
 524 01ef 0E       		.byte	14
 525 01f0 26       		.byte	38
 526 01f1 20       		.byte	32
 527 01f2 2F       		.byte	47
 528 01f3 08       		.byte	8
 529 01f4 30       		.byte	48
 530 01f5 E0       		.byte	-32
 531 01f6 31       		.byte	49
 532 01f7 C0       		.byte	-64
 533 01f8 33       		.byte	51
 534 01f9 0F       		.byte	15
 535 01fa 34       		.byte	52
 536 01fb 1F       		.byte	31
 537 01fc 35       		.byte	53
 538 01fd 30       		.byte	48
 539 01fe 39       		.byte	57
 540 01ff 22       		.byte	34
 541 0200 3A       		.byte	58
 542 0201 02       		.byte	2
 543 0202 3B       		.byte	59
 544 0203 08       		.byte	8
 545 0204 3F       		.byte	63
 546 0205 10       		.byte	16
 547 0206 40       		.byte	64
 548 0207 02       		.byte	2
 549 0208 45       		.byte	69
 550 0209 40       		.byte	64
 551 020a 49       		.byte	73
 552 020b FF       		.byte	-1
 553 020c 4A       		.byte	74
 554 020d 07       		.byte	7
 555 020e 4B       		.byte	75
 556 020f FF       		.byte	-1
 557 0210 4C       		.byte	76
 558 0211 40       		.byte	64
 559 0212 4D       		.byte	77
 560 0213 20       		.byte	32
 561 0214 4E       		.byte	78
 562 0215 F0       		.byte	-16
 563 0216 4F       		.byte	79
 564 0217 05       		.byte	5
 565 0218 50       		.byte	80
 566 0219 08       		.byte	8
 567 021a 58       		.byte	88
 568 021b 04       		.byte	4
 569 021c 59       		.byte	89
 570 021d 04       		.byte	4
ARM GAS  C:\Users\midtg\AppData\Local\Temp\ccRYM6da.s 			page 11


 571 021e 5A       		.byte	90
 572 021f 04       		.byte	4
 573 0220 5F       		.byte	95
 574 0221 01       		.byte	1
 575 0222 60       		.byte	96
 576 0223 40       		.byte	64
 577 0224 61       		.byte	97
 578 0225 A8       		.byte	-88
 579 0226 62       		.byte	98
 580 0227 40       		.byte	64
 581 0228 63       		.byte	99
 582 0229 20       		.byte	32
 583 022a 80       		.byte	-128
 584 022b 13       		.byte	19
 585 022c 81       		.byte	-127
 586 022d 04       		.byte	4
 587 022e 82       		.byte	-126
 588 022f 04       		.byte	4
 589 0230 83       		.byte	-125
 590 0231 19       		.byte	25
 591 0232 84       		.byte	-124
 592 0233 13       		.byte	19
 593 0234 85       		.byte	-123
 594 0235 0C       		.byte	12
 595 0236 86       		.byte	-122
 596 0237 0C       		.byte	12
 597 0238 88       		.byte	-120
 598 0239 20       		.byte	32
 599 023a 89       		.byte	-119
 600 023b 0C       		.byte	12
 601 023c 8A       		.byte	-118
 602 023d 40       		.byte	64
 603 023e 8C       		.byte	-116
 604 023f 80       		.byte	-128
 605 0240 8E       		.byte	-114
 606 0241 40       		.byte	64
 607 0242 90       		.byte	-112
 608 0243 40       		.byte	64
 609 0244 92       		.byte	-110
 610 0245 A0       		.byte	-96
 611 0246 94       		.byte	-108
 612 0247 0A       		.byte	10
 613 0248 96       		.byte	-106
 614 0249 14       		.byte	20
 615 024a 98       		.byte	-104
 616 024b E0       		.byte	-32
 617 024c 9C       		.byte	-100
 618 024d 03       		.byte	3
 619 024e 9D       		.byte	-99
 620 024f 08       		.byte	8
 621 0250 9E       		.byte	-98
 622 0251 14       		.byte	20
 623 0252 9F       		.byte	-97
 624 0253 05       		.byte	5
 625 0254 A2       		.byte	-94
 626 0255 08       		.byte	8
 627 0256 A6       		.byte	-90
ARM GAS  C:\Users\midtg\AppData\Local\Temp\ccRYM6da.s 			page 12


 628 0257 15       		.byte	21
 629 0258 A8       		.byte	-88
 630 0259 E0       		.byte	-32
 631 025a AF       		.byte	-81
 632 025b 02       		.byte	2
 633 025c B0       		.byte	-80
 634 025d E0       		.byte	-32
 635 025e B1       		.byte	-79
 636 025f 10       		.byte	16
 637 0260 B2       		.byte	-78
 638 0261 10       		.byte	16
 639 0262 B3       		.byte	-77
 640 0263 03       		.byte	3
 641 0264 B4       		.byte	-76
 642 0265 0F       		.byte	15
 643 0266 B7       		.byte	-73
 644 0267 0C       		.byte	12
 645 0268 BA       		.byte	-70
 646 0269 20       		.byte	32
 647 026a BB       		.byte	-69
 648 026b 20       		.byte	32
 649 026c BE       		.byte	-66
 650 026d 04       		.byte	4
 651 026e BF       		.byte	-65
 652 026f 04       		.byte	4
 653 0270 C0       		.byte	-64
 654 0271 23       		.byte	35
 655 0272 C1       		.byte	-63
 656 0273 01       		.byte	1
 657 0274 C5       		.byte	-59
 658 0275 B0       		.byte	-80
 659 0276 C7       		.byte	-57
 660 0277 CE       		.byte	-50
 661 0278 C8       		.byte	-56
 662 0279 32       		.byte	50
 663 027a C9       		.byte	-55
 664 027b FF       		.byte	-1
 665 027c CA       		.byte	-54
 666 027d FF       		.byte	-1
 667 027e CB       		.byte	-53
 668 027f FF       		.byte	-1
 669 0280 CE       		.byte	-50
 670 0281 F0       		.byte	-16
 671 0282 CF       		.byte	-49
 672 0283 44       		.byte	68
 673 0284 D0       		.byte	-48
 674 0285 0C       		.byte	12
 675 0286 D8       		.byte	-40
 676 0287 04       		.byte	4
 677 0288 D9       		.byte	-39
 678 0289 04       		.byte	4
 679 028a DA       		.byte	-38
 680 028b 04       		.byte	4
 681 028c DF       		.byte	-33
 682 028d 01       		.byte	1
 683 028e E6       		.byte	-26
 684 028f C0       		.byte	-64
ARM GAS  C:\Users\midtg\AppData\Local\Temp\ccRYM6da.s 			page 13


 685 0290 EA       		.byte	-22
 686 0291 40       		.byte	64
 687 0292 EB       		.byte	-21
 688 0293 02       		.byte	2
 689 0294 00       		.byte	0
 690 0295 04       		.byte	4
 691 0296 01       		.byte	1
 692 0297 02       		.byte	2
 693 0298 02       		.byte	2
 694 0299 41       		.byte	65
 695 029a 04       		.byte	4
 696 029b 04       		.byte	4
 697 029c 05       		.byte	5
 698 029d 21       		.byte	33
 699 029e 07       		.byte	7
 700 029f 01       		.byte	1
 701 02a0 09       		.byte	9
 702 02a1 08       		.byte	8
 703 02a2 0A       		.byte	10
 704 02a3 0A       		.byte	10
 705 02a4 0D       		.byte	13
 706 02a5 08       		.byte	8
 707 02a6 0E       		.byte	14
 708 02a7 44       		.byte	68
 709 02a8 0F       		.byte	15
 710 02a9 02       		.byte	2
 711 02aa 10       		.byte	16
 712 02ab 80       		.byte	-128
 713 02ac 12       		.byte	18
 714 02ad 10       		.byte	16
 715 02ae 15       		.byte	21
 716 02af 12       		.byte	18
 717 02b0 16       		.byte	22
 718 02b1 10       		.byte	16
 719 02b2 19       		.byte	25
 720 02b3 01       		.byte	1
 721 02b4 1A       		.byte	26
 722 02b5 08       		.byte	8
 723 02b6 1C       		.byte	28
 724 02b7 04       		.byte	4
 725 02b8 1D       		.byte	29
 726 02b9 10       		.byte	16
 727 02ba 1E       		.byte	30
 728 02bb 40       		.byte	64
 729 02bc 1F       		.byte	31
 730 02bd 0A       		.byte	10
 731 02be 21       		.byte	33
 732 02bf 19       		.byte	25
 733 02c0 22       		.byte	34
 734 02c1 01       		.byte	1
 735 02c2 25       		.byte	37
 736 02c3 04       		.byte	4
 737 02c4 26       		.byte	38
 738 02c5 81       		.byte	-127
 739 02c6 27       		.byte	39
 740 02c7 05       		.byte	5
 741 02c8 29       		.byte	41
ARM GAS  C:\Users\midtg\AppData\Local\Temp\ccRYM6da.s 			page 14


 742 02c9 01       		.byte	1
 743 02ca 2A       		.byte	42
 744 02cb 41       		.byte	65
 745 02cc 2F       		.byte	47
 746 02cd 02       		.byte	2
 747 02ce 31       		.byte	49
 748 02cf 18       		.byte	24
 749 02d0 32       		.byte	50
 750 02d1 01       		.byte	1
 751 02d2 33       		.byte	51
 752 02d3 10       		.byte	16
 753 02d4 36       		.byte	54
 754 02d5 80       		.byte	-128
 755 02d6 38       		.byte	56
 756 02d7 20       		.byte	32
 757 02d8 3D       		.byte	61
 758 02d9 03       		.byte	3
 759 02da 3E       		.byte	62
 760 02db 14       		.byte	20
 761 02dc 41       		.byte	65
 762 02dd 10       		.byte	16
 763 02de 46       		.byte	70
 764 02df 11       		.byte	17
 765 02e0 47       		.byte	71
 766 02e1 10       		.byte	16
 767 02e2 49       		.byte	73
 768 02e3 02       		.byte	2
 769 02e4 4C       		.byte	76
 770 02e5 80       		.byte	-128
 771 02e6 50       		.byte	80
 772 02e7 10       		.byte	16
 773 02e8 52       		.byte	82
 774 02e9 10       		.byte	16
 775 02ea 54       		.byte	84
 776 02eb 08       		.byte	8
 777 02ec 57       		.byte	87
 778 02ed 01       		.byte	1
 779 02ee 80       		.byte	-128
 780 02ef 20       		.byte	32
 781 02f0 81       		.byte	-127
 782 02f1 40       		.byte	64
 783 02f2 83       		.byte	-125
 784 02f3 0C       		.byte	12
 785 02f4 87       		.byte	-121
 786 02f5 01       		.byte	1
 787 02f6 88       		.byte	-120
 788 02f7 08       		.byte	8
 789 02f8 8C       		.byte	-116
 790 02f9 08       		.byte	8
 791 02fa 8D       		.byte	-115
 792 02fb 21       		.byte	33
 793 02fc 91       		.byte	-111
 794 02fd 10       		.byte	16
 795 02fe 92       		.byte	-110
 796 02ff 14       		.byte	20
 797 0300 95       		.byte	-107
 798 0301 81       		.byte	-127
ARM GAS  C:\Users\midtg\AppData\Local\Temp\ccRYM6da.s 			page 15


 799 0302 96       		.byte	-106
 800 0303 48       		.byte	72
 801 0304 9D       		.byte	-99
 802 0305 20       		.byte	32
 803 0306 9F       		.byte	-97
 804 0307 01       		.byte	1
 805 0308 A4       		.byte	-92
 806 0309 20       		.byte	32
 807 030a A5       		.byte	-91
 808 030b 04       		.byte	4
 809 030c A6       		.byte	-90
 810 030d 01       		.byte	1
 811 030e B0       		.byte	-80
 812 030f 01       		.byte	1
 813 0310 C0       		.byte	-64
 814 0311 FD       		.byte	-3
 815 0312 C2       		.byte	-62
 816 0313 F7       		.byte	-9
 817 0314 C4       		.byte	-60
 818 0315 7C       		.byte	124
 819 0316 CA       		.byte	-54
 820 0317 19       		.byte	25
 821 0318 CC       		.byte	-52
 822 0319 17       		.byte	23
 823 031a CE       		.byte	-50
 824 031b E4       		.byte	-28
 825 031c D0       		.byte	-48
 826 031d 74       		.byte	116
 827 031e E6       		.byte	-26
 828 031f 30       		.byte	48
 829 0320 32       		.byte	50
 830 0321 40       		.byte	64
 831 0322 36       		.byte	54
 832 0323 40       		.byte	64
 833 0324 CC       		.byte	-52
 834 0325 30       		.byte	48
 835 0326 96       		.byte	-106
 836 0327 80       		.byte	-128
 837 0328 A6       		.byte	-90
 838 0329 40       		.byte	64
 839 032a 96       		.byte	-106
 840 032b 80       		.byte	-128
 841 032c A6       		.byte	-90
 842 032d 40       		.byte	64
 843 032e 96       		.byte	-106
 844 032f 80       		.byte	-128
 845 0330 A6       		.byte	-90
 846 0331 40       		.byte	64
 847 0332 82       		.byte	-126
 848 0333 40       		.byte	64
 849 0334 86       		.byte	-122
 850 0335 40       		.byte	64
 851 0336 96       		.byte	-106
 852 0337 80       		.byte	-128
 853 0338 A6       		.byte	-90
 854 0339 40       		.byte	64
 855 033a E6       		.byte	-26
ARM GAS  C:\Users\midtg\AppData\Local\Temp\ccRYM6da.s 			page 16


 856 033b C0       		.byte	-64
 857 033c 12       		.byte	18
 858 033d 20       		.byte	32
 859 033e 75       		.byte	117
 860 033f 02       		.byte	2
 861 0340 8E       		.byte	-114
 862 0341 20       		.byte	32
 863 0342 99       		.byte	-103
 864 0343 02       		.byte	2
 865 0344 B1       		.byte	-79
 866 0345 02       		.byte	2
 867 0346 C4       		.byte	-60
 868 0347 08       		.byte	8
 869 0348 DE       		.byte	-34
 870 0349 04       		.byte	4
 871 034a E2       		.byte	-30
 872 034b 08       		.byte	8
 873 034c E8       		.byte	-24
 874 034d 01       		.byte	1
 875 034e 10       		.byte	16
 876 034f 01       		.byte	1
 877 0350 11       		.byte	17
 878 0351 01       		.byte	1
 879 0352 1A       		.byte	26
 880 0353 01       		.byte	1
 881 0354 1B       		.byte	27
 882 0355 01       		.byte	1
 883 0356 1C       		.byte	28
 884 0357 01       		.byte	1
 885 0358 00       		.byte	0
 886 0359 0F       		.byte	15
 887 035a 00       		.byte	0
 888 035b 00       		.byte	0
 889 035c 80       		.byte	-128
 890 035d 80       		.byte	-128
 891 035e 00       		.byte	0
 892 035f 00       		.byte	0
 893 0360 40       		.byte	64
 894 0361 00       		.byte	0
 895 0362 00       		.byte	0
 896 0363 00       		.byte	0
 897 0364 1F       		.byte	31
 898 0365 10       		.byte	16
 899 0366 E0       		.byte	-32
 900 0367 00       		.byte	0
 901 0368 1C       		.byte	28
 902 0369 08       		.byte	8
 903 036a E3       		.byte	-29
 904 036b 00       		.byte	0
 905 036c 41       		.byte	65
 906 036d 00       		.byte	0
 907 036e 00       		.byte	0
 908 036f 26       		.byte	38
 909 0370 00       		.byte	0
 910 0371 00       		.byte	0
 911 0372 00       		.byte	0
 912 0373 80       		.byte	-128
ARM GAS  C:\Users\midtg\AppData\Local\Temp\ccRYM6da.s 			page 17


 913 0374 C3       		.byte	-61
 914 0375 00       		.byte	0
 915 0376 00       		.byte	0
 916 0377 01       		.byte	1
 917 0378 00       		.byte	0
 918 0379 39       		.byte	57
 919 037a E3       		.byte	-29
 920 037b 44       		.byte	68
 921 037c F3       		.byte	-13
 922 037d 18       		.byte	24
 923 037e 0C       		.byte	12
 924 037f 00       		.byte	0
 925 0380 FF       		.byte	-1
 926 0381 00       		.byte	0
 927 0382 00       		.byte	0
 928 0383 80       		.byte	-128
 929 0384 82       		.byte	-126
 930 0385 01       		.byte	1
 931 0386 00       		.byte	0
 932 0387 00       		.byte	0
 933 0388 04       		.byte	4
 934 0389 7F       		.byte	127
 935 038a 00       		.byte	0
 936 038b 00       		.byte	0
 937 038c 0C       		.byte	12
 938 038d 67       		.byte	103
 939 038e 00       		.byte	0
 940 038f 18       		.byte	24
 941 0390 08       		.byte	8
 942 0391 19       		.byte	25
 943 0392 00       		.byte	0
 944 0393 62       		.byte	98
 945 0394 2C       		.byte	44
 946 0395 40       		.byte	64
 947 0396 10       		.byte	16
 948 0397 1F       		.byte	31
 949 0398 0F       		.byte	15
 950 0399 80       		.byte	-128
 951 039a C0       		.byte	-64
 952 039b 38       		.byte	56
 953 039c 00       		.byte	0
 954 039d 02       		.byte	2
 955 039e 22       		.byte	34
 956 039f 08       		.byte	8
 957 03a0 00       		.byte	0
 958 03a1 00       		.byte	0
 959 03a2 04       		.byte	4
 960 03a3 10       		.byte	16
 961 03a4 26       		.byte	38
 962 03a5 04       		.byte	4
 963 03a6 05       		.byte	5
 964 03a7 00       		.byte	0
 965 03a8 03       		.byte	3
 966 03a9 C0       		.byte	-64
 967 03aa 0E       		.byte	14
 968 03ab 00       		.byte	0
 969 03ac 06       		.byte	6
ARM GAS  C:\Users\midtg\AppData\Local\Temp\ccRYM6da.s 			page 18


 970 03ad FF       		.byte	-1
 971 03ae FF       		.byte	-1
 972 03af FF       		.byte	-1
 973 03b0 62       		.byte	98
 974 03b1 A0       		.byte	-96
 975 03b2 F0       		.byte	-16
 976 03b3 41       		.byte	65
 977 03b4 0C       		.byte	12
 978 03b5 00       		.byte	0
 979 03b6 00       		.byte	0
 980 03b7 00       		.byte	0
 981 03b8 00       		.byte	0
 982 03b9 00       		.byte	0
 983 03ba 02       		.byte	2
 984 03bb 11       		.byte	17
 985 03bc 04       		.byte	4
 986 03bd 04       		.byte	4
 987 03be 04       		.byte	4
 988 03bf 04       		.byte	4
 989 03c0 00       		.byte	0
 990 03c1 00       		.byte	0
 991 03c2 00       		.byte	0
 992 03c3 01       		.byte	1
 993 03c4 00       		.byte	0
 994 03c5 00       		.byte	0
 995 03c6 00       		.byte	0
 996 03c7 00       		.byte	0
 997 03c8 00       		.byte	0
 998 03c9 00       		.byte	0
 999 03ca 40       		.byte	64
 1000 03cb 02       		.byte	2
 1001 03cc 00       		.byte	0
 1002 03cd 10       		.byte	16
 1003 03ce 30       		.byte	48
 1004 03cf 10       		.byte	16
 1005 03d0 00       		.byte	0
 1006 03d1 10       		.byte	16
 1007 03d2 10       		.byte	16
 1008 03d3 12       		.byte	18
 1009 03d4 00       		.byte	0
 1010 03d5 00       		.byte	0
 1011 03d6 00       		.byte	0
 1012 03d7 00       		.byte	0
 1013 03d8 00       		.byte	0
 1014 03d9 00       		.byte	0
 1015 03da 00       		.byte	0
 1016 03db 00       		.byte	0
 1017 03dc 00       		.byte	0
 1018 03dd 00       		.byte	0
 1019 03de 00       		.byte	0
 1020 03df 00       		.byte	0
 1021 03e0 00       		.byte	0
 1022 03e1 00       		.byte	0
 1023 03e2 00       		.byte	0
 1024 03e3 00       		.byte	0
 1025 03e4 44       		.byte	68
 1026 03e5 82       		.byte	-126
ARM GAS  C:\Users\midtg\AppData\Local\Temp\ccRYM6da.s 			page 19


 1027 03e6 82       		.byte	-126
 1028 03e7 00       		.byte	0
 1029 03e8 00       		.byte	0
 1030 03e9 00       		.byte	0
 1031 03ea 00       		.byte	0
 1032 03eb 00       		.byte	0
 1033 03ec 80       		.byte	-128
 1034 03ed 00       		.byte	0
 1035 03ee 40       		.byte	64
 1036 03ef 80       		.byte	-128
 1037 03f0 80       		.byte	-128
 1038 03f1 00       		.byte	0
 1039 03f2 80       		.byte	-128
 1040 03f3 00       		.byte	0
 1041 03f4 00       		.byte	0
 1042 03f5 00       		.byte	0
 1043 03f6 00       		.byte	0
 1044 03f7 00       		.byte	0
 1045 03f8 00       		.byte	0
 1046 03f9 0B       		.byte	11
 1047 03fa 0B       		.byte	11
 1048 03fb 00       		.byte	0
 1049 03fc 00       		.byte	0
 1050 03fd 00       		.byte	0
 1051 03fe 00       		.byte	0
 1052 03ff 00       		.byte	0
 1053              		.section	.cywolatch,"a",%progbits
 1054              		.align	2
 1055              		.type	cy_meta_wonvl, %object
 1056              		.size	cy_meta_wonvl, 4
 1057              	cy_meta_wonvl:
 1058 0000 BC       		.byte	-68
 1059 0001 90       		.byte	-112
 1060 0002 AC       		.byte	-84
 1061 0003 AF       		.byte	-81
 1062              		.section	.cycustnvl,"a",%progbits
 1063              		.align	2
 1064              		.type	cy_meta_custnvl, %object
 1065              		.size	cy_meta_custnvl, 4
 1066              	cy_meta_custnvl:
 1067 0000 00       		.byte	0
 1068 0001 00       		.byte	0
 1069 0002 40       		.byte	64
 1070 0003 05       		.byte	5
 1071              		.section	.cymeta,"a",%progbits
 1072              		.align	2
 1073              		.type	cy_metadata, %object
 1074              		.size	cy_metadata, 12
 1075              	cy_metadata:
 1076 0000 00       		.byte	0
 1077 0001 01       		.byte	1
 1078 0002 2E       		.byte	46
 1079 0003 16       		.byte	22
 1080 0004 10       		.byte	16
 1081 0005 69       		.byte	105
 1082 0006 00       		.byte	0
 1083 0007 01       		.byte	1
ARM GAS  C:\Users\midtg\AppData\Local\Temp\ccRYM6da.s 			page 20


 1084 0008 00       		.byte	0
 1085 0009 00       		.byte	0
 1086 000a 00       		.byte	0
 1087 000b 00       		.byte	0
 1088              		.section	.cyflashprotect,"a",%progbits
 1089              		.align	2
 1090              		.type	cy_meta_flashprotect, %object
 1091              		.size	cy_meta_flashprotect, 256
 1092              	cy_meta_flashprotect:
 1093 0000 00000000 		.space	256
 1093      00000000 
 1093      00000000 
 1093      00000000 
 1093      00000000 
 1094              		.text
 1095              	.Letext0:
 1096              		.file 1 "c:\\program files (x86)\\cypress\\psoc creator\\4.2\\psoc creator\\import\\gnu\\arm\\5.4.
 1097              		.file 2 "c:\\program files (x86)\\cypress\\psoc creator\\4.2\\psoc creator\\import\\gnu\\arm\\5.4.
 1098              		.file 3 "Generated_Source\\PSoC5\\cymetadata.c"
 1099              		.section	.debug_info,"",%progbits
 1100              	.Ldebug_info0:
 1101 0000 31010000 		.4byte	0x131
 1102 0004 0400     		.2byte	0x4
 1103 0006 00000000 		.4byte	.Ldebug_abbrev0
 1104 000a 04       		.byte	0x4
 1105 000b 01       		.uleb128 0x1
 1106 000c 24000000 		.4byte	.LASF17
 1107 0010 0C       		.byte	0xc
 1108 0011 E7010000 		.4byte	.LASF18
 1109 0015 D7000000 		.4byte	.LASF19
 1110 0019 00000000 		.4byte	.Ldebug_line0
 1111 001d 02       		.uleb128 0x2
 1112 001e 01       		.byte	0x1
 1113 001f 06       		.byte	0x6
 1114 0020 DB010000 		.4byte	.LASF0
 1115 0024 03       		.uleb128 0x3
 1116 0025 00000000 		.4byte	.LASF9
 1117 0029 01       		.byte	0x1
 1118 002a 1D       		.byte	0x1d
 1119 002b 2F000000 		.4byte	0x2f
 1120 002f 02       		.uleb128 0x2
 1121 0030 01       		.byte	0x1
 1122 0031 08       		.byte	0x8
 1123 0032 16000000 		.4byte	.LASF1
 1124 0036 02       		.uleb128 0x2
 1125 0037 02       		.byte	0x2
 1126 0038 05       		.byte	0x5
 1127 0039 C8010000 		.4byte	.LASF2
 1128 003d 02       		.uleb128 0x2
 1129 003e 02       		.byte	0x2
 1130 003f 07       		.byte	0x7
 1131 0040 C4000000 		.4byte	.LASF3
 1132 0044 02       		.uleb128 0x2
 1133 0045 04       		.byte	0x4
 1134 0046 05       		.byte	0x5
 1135 0047 D2010000 		.4byte	.LASF4
 1136 004b 02       		.uleb128 0x2
ARM GAS  C:\Users\midtg\AppData\Local\Temp\ccRYM6da.s 			page 21


 1137 004c 04       		.byte	0x4
 1138 004d 07       		.byte	0x7
 1139 004e B2000000 		.4byte	.LASF5
 1140 0052 02       		.uleb128 0x2
 1141 0053 08       		.byte	0x8
 1142 0054 05       		.byte	0x5
 1143 0055 BA010000 		.4byte	.LASF6
 1144 0059 02       		.uleb128 0x2
 1145 005a 08       		.byte	0x8
 1146 005b 07       		.byte	0x7
 1147 005c 6F010000 		.4byte	.LASF7
 1148 0060 04       		.uleb128 0x4
 1149 0061 04       		.byte	0x4
 1150 0062 05       		.byte	0x5
 1151 0063 696E7400 		.ascii	"int\000"
 1152 0067 02       		.uleb128 0x2
 1153 0068 04       		.byte	0x4
 1154 0069 07       		.byte	0x7
 1155 006a 62010000 		.4byte	.LASF8
 1156 006e 03       		.uleb128 0x3
 1157 006f 86010000 		.4byte	.LASF10
 1158 0073 02       		.byte	0x2
 1159 0074 18       		.byte	0x18
 1160 0075 24000000 		.4byte	0x24
 1161 0079 05       		.uleb128 0x5
 1162 007a 91000000 		.4byte	0x91
 1163 007e 8A000000 		.4byte	0x8a
 1164 0082 06       		.uleb128 0x6
 1165 0083 8A000000 		.4byte	0x8a
 1166 0087 FF03     		.2byte	0x3ff
 1167 0089 00       		.byte	0
 1168 008a 02       		.uleb128 0x2
 1169 008b 04       		.byte	0x4
 1170 008c 07       		.byte	0x7
 1171 008d B1010000 		.4byte	.LASF11
 1172 0091 07       		.uleb128 0x7
 1173 0092 6E000000 		.4byte	0x6e
 1174 0096 08       		.uleb128 0x8
 1175 0097 50010000 		.4byte	.LASF12
 1176 009b 03       		.byte	0x3
 1177 009c 1F       		.byte	0x1f
 1178 009d A7000000 		.4byte	0xa7
 1179 00a1 05       		.uleb128 0x5
 1180 00a2 03       		.byte	0x3
 1181 00a3 00000000 		.4byte	cy_meta_configecc
 1182 00a7 07       		.uleb128 0x7
 1183 00a8 79000000 		.4byte	0x79
 1184 00ac 05       		.uleb128 0x5
 1185 00ad 91000000 		.4byte	0x91
 1186 00b1 BC000000 		.4byte	0xbc
 1187 00b5 09       		.uleb128 0x9
 1188 00b6 8A000000 		.4byte	0x8a
 1189 00ba 03       		.byte	0x3
 1190 00bb 00       		.byte	0
 1191 00bc 08       		.uleb128 0x8
 1192 00bd 40010000 		.4byte	.LASF13
 1193 00c1 03       		.byte	0x3
ARM GAS  C:\Users\midtg\AppData\Local\Temp\ccRYM6da.s 			page 22


 1194 00c2 AC       		.byte	0xac
 1195 00c3 CD000000 		.4byte	0xcd
 1196 00c7 05       		.uleb128 0x5
 1197 00c8 03       		.byte	0x3
 1198 00c9 00000000 		.4byte	cy_meta_custnvl
 1199 00cd 07       		.uleb128 0x7
 1200 00ce AC000000 		.4byte	0xac
 1201 00d2 08       		.uleb128 0x8
 1202 00d3 A3010000 		.4byte	.LASF14
 1203 00d7 03       		.byte	0x3
 1204 00d8 BA       		.byte	0xba
 1205 00d9 E3000000 		.4byte	0xe3
 1206 00dd 05       		.uleb128 0x5
 1207 00de 03       		.byte	0x3
 1208 00df 00000000 		.4byte	cy_meta_wonvl
 1209 00e3 07       		.uleb128 0x7
 1210 00e4 AC000000 		.4byte	0xac
 1211 00e8 05       		.uleb128 0x5
 1212 00e9 91000000 		.4byte	0x91
 1213 00ed F8000000 		.4byte	0xf8
 1214 00f1 09       		.uleb128 0x9
 1215 00f2 8A000000 		.4byte	0x8a
 1216 00f6 FF       		.byte	0xff
 1217 00f7 00       		.byte	0
 1218 00f8 08       		.uleb128 0x8
 1219 00f9 8E010000 		.4byte	.LASF15
 1220 00fd 03       		.byte	0x3
 1221 00fe C8       		.byte	0xc8
 1222 00ff 09010000 		.4byte	0x109
 1223 0103 05       		.uleb128 0x5
 1224 0104 03       		.byte	0x3
 1225 0105 00000000 		.4byte	cy_meta_flashprotect
 1226 0109 07       		.uleb128 0x7
 1227 010a E8000000 		.4byte	0xe8
 1228 010e 05       		.uleb128 0x5
 1229 010f 91000000 		.4byte	0x91
 1230 0113 1E010000 		.4byte	0x11e
 1231 0117 09       		.uleb128 0x9
 1232 0118 8A000000 		.4byte	0x8a
 1233 011c 0B       		.byte	0xb
 1234 011d 00       		.byte	0
 1235 011e 08       		.uleb128 0x8
 1236 011f 0A000000 		.4byte	.LASF16
 1237 0123 03       		.byte	0x3
 1238 0124 F5       		.byte	0xf5
 1239 0125 2F010000 		.4byte	0x12f
 1240 0129 05       		.uleb128 0x5
 1241 012a 03       		.byte	0x3
 1242 012b 00000000 		.4byte	cy_metadata
 1243 012f 07       		.uleb128 0x7
 1244 0130 0E010000 		.4byte	0x10e
 1245 0134 00       		.byte	0
 1246              		.section	.debug_abbrev,"",%progbits
 1247              	.Ldebug_abbrev0:
 1248 0000 01       		.uleb128 0x1
 1249 0001 11       		.uleb128 0x11
 1250 0002 01       		.byte	0x1
ARM GAS  C:\Users\midtg\AppData\Local\Temp\ccRYM6da.s 			page 23


 1251 0003 25       		.uleb128 0x25
 1252 0004 0E       		.uleb128 0xe
 1253 0005 13       		.uleb128 0x13
 1254 0006 0B       		.uleb128 0xb
 1255 0007 03       		.uleb128 0x3
 1256 0008 0E       		.uleb128 0xe
 1257 0009 1B       		.uleb128 0x1b
 1258 000a 0E       		.uleb128 0xe
 1259 000b 10       		.uleb128 0x10
 1260 000c 17       		.uleb128 0x17
 1261 000d 00       		.byte	0
 1262 000e 00       		.byte	0
 1263 000f 02       		.uleb128 0x2
 1264 0010 24       		.uleb128 0x24
 1265 0011 00       		.byte	0
 1266 0012 0B       		.uleb128 0xb
 1267 0013 0B       		.uleb128 0xb
 1268 0014 3E       		.uleb128 0x3e
 1269 0015 0B       		.uleb128 0xb
 1270 0016 03       		.uleb128 0x3
 1271 0017 0E       		.uleb128 0xe
 1272 0018 00       		.byte	0
 1273 0019 00       		.byte	0
 1274 001a 03       		.uleb128 0x3
 1275 001b 16       		.uleb128 0x16
 1276 001c 00       		.byte	0
 1277 001d 03       		.uleb128 0x3
 1278 001e 0E       		.uleb128 0xe
 1279 001f 3A       		.uleb128 0x3a
 1280 0020 0B       		.uleb128 0xb
 1281 0021 3B       		.uleb128 0x3b
 1282 0022 0B       		.uleb128 0xb
 1283 0023 49       		.uleb128 0x49
 1284 0024 13       		.uleb128 0x13
 1285 0025 00       		.byte	0
 1286 0026 00       		.byte	0
 1287 0027 04       		.uleb128 0x4
 1288 0028 24       		.uleb128 0x24
 1289 0029 00       		.byte	0
 1290 002a 0B       		.uleb128 0xb
 1291 002b 0B       		.uleb128 0xb
 1292 002c 3E       		.uleb128 0x3e
 1293 002d 0B       		.uleb128 0xb
 1294 002e 03       		.uleb128 0x3
 1295 002f 08       		.uleb128 0x8
 1296 0030 00       		.byte	0
 1297 0031 00       		.byte	0
 1298 0032 05       		.uleb128 0x5
 1299 0033 01       		.uleb128 0x1
 1300 0034 01       		.byte	0x1
 1301 0035 49       		.uleb128 0x49
 1302 0036 13       		.uleb128 0x13
 1303 0037 01       		.uleb128 0x1
 1304 0038 13       		.uleb128 0x13
 1305 0039 00       		.byte	0
 1306 003a 00       		.byte	0
 1307 003b 06       		.uleb128 0x6
ARM GAS  C:\Users\midtg\AppData\Local\Temp\ccRYM6da.s 			page 24


 1308 003c 21       		.uleb128 0x21
 1309 003d 00       		.byte	0
 1310 003e 49       		.uleb128 0x49
 1311 003f 13       		.uleb128 0x13
 1312 0040 2F       		.uleb128 0x2f
 1313 0041 05       		.uleb128 0x5
 1314 0042 00       		.byte	0
 1315 0043 00       		.byte	0
 1316 0044 07       		.uleb128 0x7
 1317 0045 26       		.uleb128 0x26
 1318 0046 00       		.byte	0
 1319 0047 49       		.uleb128 0x49
 1320 0048 13       		.uleb128 0x13
 1321 0049 00       		.byte	0
 1322 004a 00       		.byte	0
 1323 004b 08       		.uleb128 0x8
 1324 004c 34       		.uleb128 0x34
 1325 004d 00       		.byte	0
 1326 004e 03       		.uleb128 0x3
 1327 004f 0E       		.uleb128 0xe
 1328 0050 3A       		.uleb128 0x3a
 1329 0051 0B       		.uleb128 0xb
 1330 0052 3B       		.uleb128 0x3b
 1331 0053 0B       		.uleb128 0xb
 1332 0054 49       		.uleb128 0x49
 1333 0055 13       		.uleb128 0x13
 1334 0056 3F       		.uleb128 0x3f
 1335 0057 19       		.uleb128 0x19
 1336 0058 02       		.uleb128 0x2
 1337 0059 18       		.uleb128 0x18
 1338 005a 00       		.byte	0
 1339 005b 00       		.byte	0
 1340 005c 09       		.uleb128 0x9
 1341 005d 21       		.uleb128 0x21
 1342 005e 00       		.byte	0
 1343 005f 49       		.uleb128 0x49
 1344 0060 13       		.uleb128 0x13
 1345 0061 2F       		.uleb128 0x2f
 1346 0062 0B       		.uleb128 0xb
 1347 0063 00       		.byte	0
 1348 0064 00       		.byte	0
 1349 0065 00       		.byte	0
 1350              		.section	.debug_aranges,"",%progbits
 1351 0000 14000000 		.4byte	0x14
 1352 0004 0200     		.2byte	0x2
 1353 0006 00000000 		.4byte	.Ldebug_info0
 1354 000a 04       		.byte	0x4
 1355 000b 00       		.byte	0
 1356 000c 0000     		.2byte	0
 1357 000e 0000     		.2byte	0
 1358 0010 00000000 		.4byte	0
 1359 0014 00000000 		.4byte	0
 1360              		.section	.debug_line,"",%progbits
 1361              	.Ldebug_line0:
 1362 0000 3D010000 		.section	.debug_str,"MS",%progbits,1
 1362      02003701 
 1362      00000201 
ARM GAS  C:\Users\midtg\AppData\Local\Temp\ccRYM6da.s 			page 25


 1362      FB0E0D00 
 1362      01010101 
 1363              	.LASF9:
 1364 0000 5F5F7569 		.ascii	"__uint8_t\000"
 1364      6E74385F 
 1364      7400
 1365              	.LASF16:
 1366 000a 63795F6D 		.ascii	"cy_metadata\000"
 1366      65746164 
 1366      61746100 
 1367              	.LASF1:
 1368 0016 756E7369 		.ascii	"unsigned char\000"
 1368      676E6564 
 1368      20636861 
 1368      7200
 1369              	.LASF17:
 1370 0024 474E5520 		.ascii	"GNU C11 5.4.1 20160609 (release) [ARM/embedded-5-br"
 1370      43313120 
 1370      352E342E 
 1370      31203230 
 1370      31363036 
 1371 0057 616E6368 		.ascii	"anch revision 237715] -mcpu=cortex-m3 -mthumb -g -O"
 1371      20726576 
 1371      6973696F 
 1371      6E203233 
 1371      37373135 
 1372 008a 67202D66 		.ascii	"g -ffunction-sections -ffat-lto-objects\000"
 1372      66756E63 
 1372      74696F6E 
 1372      2D736563 
 1372      74696F6E 
 1373              	.LASF5:
 1374 00b2 6C6F6E67 		.ascii	"long unsigned int\000"
 1374      20756E73 
 1374      69676E65 
 1374      6420696E 
 1374      7400
 1375              	.LASF3:
 1376 00c4 73686F72 		.ascii	"short unsigned int\000"
 1376      7420756E 
 1376      7369676E 
 1376      65642069 
 1376      6E7400
 1377              	.LASF19:
 1378 00d7 433A5C55 		.ascii	"C:\\Users\\midtg\\Documents\\GitHub\\I3E3PRJ_Repo\\"
 1378      73657273 
 1378      5C6D6964 
 1378      74675C44 
 1378      6F63756D 
 1379 0104 41646469 		.ascii	"Additional_PSoC_projects\\Sonar_Driver\\Sonar_funct"
 1379      74696F6E 
 1379      616C5F50 
 1379      536F435F 
 1379      70726F6A 
 1380 0135 696F6E73 		.ascii	"ions.cydsn\000"
 1380      2E637964 
 1380      736E00
ARM GAS  C:\Users\midtg\AppData\Local\Temp\ccRYM6da.s 			page 26


 1381              	.LASF13:
 1382 0140 63795F6D 		.ascii	"cy_meta_custnvl\000"
 1382      6574615F 
 1382      63757374 
 1382      6E766C00 
 1383              	.LASF12:
 1384 0150 63795F6D 		.ascii	"cy_meta_configecc\000"
 1384      6574615F 
 1384      636F6E66 
 1384      69676563 
 1384      6300
 1385              	.LASF8:
 1386 0162 756E7369 		.ascii	"unsigned int\000"
 1386      676E6564 
 1386      20696E74 
 1386      00
 1387              	.LASF7:
 1388 016f 6C6F6E67 		.ascii	"long long unsigned int\000"
 1388      206C6F6E 
 1388      6720756E 
 1388      7369676E 
 1388      65642069 
 1389              	.LASF10:
 1390 0186 75696E74 		.ascii	"uint8_t\000"
 1390      385F7400 
 1391              	.LASF15:
 1392 018e 63795F6D 		.ascii	"cy_meta_flashprotect\000"
 1392      6574615F 
 1392      666C6173 
 1392      6870726F 
 1392      74656374 
 1393              	.LASF14:
 1394 01a3 63795F6D 		.ascii	"cy_meta_wonvl\000"
 1394      6574615F 
 1394      776F6E76 
 1394      6C00
 1395              	.LASF11:
 1396 01b1 73697A65 		.ascii	"sizetype\000"
 1396      74797065 
 1396      00
 1397              	.LASF6:
 1398 01ba 6C6F6E67 		.ascii	"long long int\000"
 1398      206C6F6E 
 1398      6720696E 
 1398      7400
 1399              	.LASF2:
 1400 01c8 73686F72 		.ascii	"short int\000"
 1400      7420696E 
 1400      7400
 1401              	.LASF4:
 1402 01d2 6C6F6E67 		.ascii	"long int\000"
 1402      20696E74 
 1402      00
 1403              	.LASF0:
 1404 01db 7369676E 		.ascii	"signed char\000"
 1404      65642063 
 1404      68617200 
ARM GAS  C:\Users\midtg\AppData\Local\Temp\ccRYM6da.s 			page 27


 1405              	.LASF18:
 1406 01e7 47656E65 		.ascii	"Generated_Source\\PSoC5\\cymetadata.c\000"
 1406      72617465 
 1406      645F536F 
 1406      75726365 
 1406      5C50536F 
 1407              		.ident	"GCC: (GNU Tools for ARM Embedded Processors) 5.4.1 20160609 (release) [ARM/embedded-5-bran
