ARM GAS  C:\Users\midtg\AppData\Local\Temp\ccKrWzk0.s 			page 1


   1              		.syntax unified
   2              		.cpu cortex-m3
   3              		.fpu softvfp
   4              		.eabi_attribute 20, 1
   5              		.eabi_attribute 21, 1
   6              		.eabi_attribute 23, 3
   7              		.eabi_attribute 24, 1
   8              		.eabi_attribute 25, 1
   9              		.eabi_attribute 26, 1
  10              		.eabi_attribute 30, 1
  11              		.eabi_attribute 34, 1
  12              		.eabi_attribute 18, 4
  13              		.thumb
  14              		.syntax unified
  15              		.file	"main.c"
  16              		.text
  17              	.Ltext0:
  18              		.cfi_sections	.debug_frame
  19              		.section	.text.SonarDriverStart,"ax",%progbits
  20              		.align	2
  21              		.global	SonarDriverStart
  22              		.thumb
  23              		.thumb_func
  24              		.type	SonarDriverStart, %function
  25              	SonarDriverStart:
  26              	.LFB64:
  27              		.file 1 "SonarDriver.h"
   1:SonarDriver.h **** /* ========================================
   2:SonarDriver.h ****  *
   3:SonarDriver.h ****  * Copyright YOUR COMPANY, THE YEAR
   4:SonarDriver.h ****  * All Rights Reserved
   5:SonarDriver.h ****  * UNPUBLISHED, LICENSED SOFTWARE.
   6:SonarDriver.h ****  *
   7:SonarDriver.h ****  * CONFIDENTIAL AND PROPRIETARY INFORMATION
   8:SonarDriver.h ****  * WHICH IS THE PROPERTY OF your company.
   9:SonarDriver.h ****  *
  10:SonarDriver.h ****  * ========================================
  11:SonarDriver.h **** */
  12:SonarDriver.h **** 
  13:SonarDriver.h **** //Project Must Have A 24Bit TimerNamed: Timer_Sonar With Max Counter == 16777216 
  14:SonarDriver.h **** //Project must have Input Pins Echo_1 and Echo_2, And Trigger_1 and Trigger_2
  15:SonarDriver.h **** 
  16:SonarDriver.h **** #include <stdio.h>
  17:SonarDriver.h **** #include "project.h"
  18:SonarDriver.h **** 
  19:SonarDriver.h **** 
  20:SonarDriver.h **** struct position{
  21:SonarDriver.h ****     uint8_t detected;
  22:SonarDriver.h ****     int width;
  23:SonarDriver.h ****     double distance;
  24:SonarDriver.h **** };
  25:SonarDriver.h **** 
  26:SonarDriver.h **** void SonarDriverStart(){
  28              		.loc 1 26 0
  29              		.cfi_startproc
  30              		@ args = 0, pretend = 0, frame = 0
  31              		@ frame_needed = 0, uses_anonymous_args = 0
ARM GAS  C:\Users\midtg\AppData\Local\Temp\ccKrWzk0.s 			page 2


  32 0000 08B5     		push	{r3, lr}
  33              		.cfi_def_cfa_offset 8
  34              		.cfi_offset 3, -8
  35              		.cfi_offset 14, -4
  27:SonarDriver.h ****     Trigger_1_Write(0);
  36              		.loc 1 27 0
  37 0002 0020     		movs	r0, #0
  38 0004 FFF7FEFF 		bl	Trigger_1_Write
  39              	.LVL0:
  28:SonarDriver.h ****     Trigger_2_Write(0);
  40              		.loc 1 28 0
  41 0008 0020     		movs	r0, #0
  42 000a FFF7FEFF 		bl	Trigger_2_Write
  43              	.LVL1:
  29:SonarDriver.h ****     Timer_Sonar_Start();
  44              		.loc 1 29 0
  45 000e FFF7FEFF 		bl	Timer_Sonar_Start
  46              	.LVL2:
  47 0012 08BD     		pop	{r3, pc}
  48              		.cfi_endproc
  49              	.LFE64:
  50              		.size	SonarDriverStart, .-SonarDriverStart
  51              		.global	__aeabi_ui2d
  52              		.global	__aeabi_dsub
  53              		.global	__aeabi_ddiv
  54              		.global	__aeabi_dcmplt
  55              		.global	__aeabi_dcmpgt
  56              		.global	__aeabi_dcmpeq
  57              		.global	__aeabi_dadd
  58              		.global	__aeabi_dmul
  59              		.section	.text.GetPigeonPos,"ax",%progbits
  60              		.align	2
  61              		.global	GetPigeonPos
  62              		.thumb
  63              		.thumb_func
  64              		.type	GetPigeonPos, %function
  65              	GetPigeonPos:
  66              	.LFB65:
  30:SonarDriver.h **** }
  31:SonarDriver.h **** 
  32:SonarDriver.h **** struct position GetPigeonPos(){
  67              		.loc 1 32 0
  68              		.cfi_startproc
  69              		@ args = 0, pretend = 0, frame = 16
  70              		@ frame_needed = 0, uses_anonymous_args = 0
  71              	.LVL3:
  72 0000 2DE97043 		push	{r4, r5, r6, r8, r9, lr}
  73              		.cfi_def_cfa_offset 24
  74              		.cfi_offset 4, -24
  75              		.cfi_offset 5, -20
  76              		.cfi_offset 6, -16
  77              		.cfi_offset 8, -12
  78              		.cfi_offset 9, -8
  79              		.cfi_offset 14, -4
  80 0004 84B0     		sub	sp, sp, #16
  81              		.cfi_def_cfa_offset 40
  82 0006 0646     		mov	r6, r0
ARM GAS  C:\Users\midtg\AppData\Local\Temp\ccKrWzk0.s 			page 3


  33:SonarDriver.h ****          //Start Sonar 1, with 10 us pulse on Trigger 1: 
  34:SonarDriver.h ****         Trigger_1_Write(1);
  83              		.loc 1 34 0
  84 0008 0120     		movs	r0, #1
  85              	.LVL4:
  86 000a FFF7FEFF 		bl	Trigger_1_Write
  87              	.LVL5:
  35:SonarDriver.h ****         CyDelayUs(10);
  88              		.loc 1 35 0
  89 000e 0A20     		movs	r0, #10
  90 0010 FFF7FEFF 		bl	CyDelayUs
  91              	.LVL6:
  36:SonarDriver.h ****         Trigger_1_Write(0);
  92              		.loc 1 36 0
  93 0014 0020     		movs	r0, #0
  94 0016 FFF7FEFF 		bl	Trigger_1_Write
  95              	.LVL7:
  96              	.L4:
  37:SonarDriver.h ****         
  38:SonarDriver.h ****         //Wait for Echo_1 to go high 
  39:SonarDriver.h ****         while(Echo_1_Read() != 1){}
  97              		.loc 1 39 0 discriminator 1
  98 001a FFF7FEFF 		bl	Echo_1_Read
  99              	.LVL8:
 100 001e 0128     		cmp	r0, #1
 101 0020 FBD1     		bne	.L4
  40:SonarDriver.h ****         
  41:SonarDriver.h ****         //Reset timer:
  42:SonarDriver.h ****         Timer_Sonar_WriteCounter(16777215);
 102              		.loc 1 42 0
 103 0022 6FF07F40 		mvn	r0, #-16777216
 104 0026 FFF7FEFF 		bl	Timer_Sonar_WriteCounter
 105              	.LVL9:
 106              	.L5:
  43:SonarDriver.h ****        
  44:SonarDriver.h ****         //Wait for Echo_1 to go low (Sonar has recieved echo)
  45:SonarDriver.h ****         while(Echo_1_Read() == 1){}
 107              		.loc 1 45 0 discriminator 1
 108 002a FFF7FEFF 		bl	Echo_1_Read
 109              	.LVL10:
 110 002e 0128     		cmp	r0, #1
 111 0030 FBD0     		beq	.L5
  46:SonarDriver.h ****         
  47:SonarDriver.h ****         //Calculate the time Echo_1 was high:
  48:SonarDriver.h ****         uint32_t timervaerdi = Timer_Sonar_ReadCounter();
 112              		.loc 1 48 0
 113 0032 FFF7FEFF 		bl	Timer_Sonar_ReadCounter
 114              	.LVL11:
  49:SonarDriver.h ****         double time = ((double)16777215.0 - (double)timervaerdi)/(double)24.0;
 115              		.loc 1 49 0
 116 0036 FFF7FEFF 		bl	__aeabi_ui2d
 117              	.LVL12:
 118 003a 0246     		mov	r2, r0
 119 003c 0B46     		mov	r3, r1
 120 003e 4FF06040 		mov	r0, #-536870912
 121 0042 7149     		ldr	r1, .L31
 122 0044 FFF7FEFF 		bl	__aeabi_dsub
ARM GAS  C:\Users\midtg\AppData\Local\Temp\ccKrWzk0.s 			page 4


 123              	.LVL13:
 124 0048 0022     		movs	r2, #0
 125 004a 704B     		ldr	r3, .L31+4
 126 004c FFF7FEFF 		bl	__aeabi_ddiv
 127              	.LVL14:
  50:SonarDriver.h ****         
  51:SonarDriver.h ****         //Calculate distance to object 
  52:SonarDriver.h ****         double distance_sonar_1 = time/58.0;
 128              		.loc 1 52 0
 129 0050 0022     		movs	r2, #0
 130 0052 6F4B     		ldr	r3, .L31+8
 131 0054 FFF7FEFF 		bl	__aeabi_ddiv
 132              	.LVL15:
 133 0058 0446     		mov	r4, r0
 134 005a 0D46     		mov	r5, r1
 135              	.LVL16:
  53:SonarDriver.h ****     
  54:SonarDriver.h ****         //Delay between readings:
  55:SonarDriver.h ****         CyDelay(60);
 136              		.loc 1 55 0
 137 005c 3C20     		movs	r0, #60
 138 005e FFF7FEFF 		bl	CyDelay
 139              	.LVL17:
  56:SonarDriver.h ****         
  57:SonarDriver.h ****         //Sonar 2 reading:
  58:SonarDriver.h ****         Trigger_2_Write(1);
 140              		.loc 1 58 0
 141 0062 0120     		movs	r0, #1
 142 0064 FFF7FEFF 		bl	Trigger_2_Write
 143              	.LVL18:
  59:SonarDriver.h ****         CyDelayUs(10);
 144              		.loc 1 59 0
 145 0068 0A20     		movs	r0, #10
 146 006a FFF7FEFF 		bl	CyDelayUs
 147              	.LVL19:
  60:SonarDriver.h ****         Trigger_2_Write(0);
 148              		.loc 1 60 0
 149 006e 0020     		movs	r0, #0
 150 0070 FFF7FEFF 		bl	Trigger_2_Write
 151              	.LVL20:
 152              	.L6:
  61:SonarDriver.h ****         
  62:SonarDriver.h ****         //UART_1_PutString("Waiting for echo_2_read != 0");
  63:SonarDriver.h ****         while(Echo_2_Read() != 1){}
 153              		.loc 1 63 0 discriminator 1
 154 0074 FFF7FEFF 		bl	Echo_2_Read
 155              	.LVL21:
 156 0078 0128     		cmp	r0, #1
 157 007a FBD1     		bne	.L6
  64:SonarDriver.h ****         Timer_Sonar_WriteCounter(16777215);
 158              		.loc 1 64 0
 159 007c 6FF07F40 		mvn	r0, #-16777216
 160 0080 FFF7FEFF 		bl	Timer_Sonar_WriteCounter
 161              	.LVL22:
 162              	.L7:
  65:SonarDriver.h ****         //UART_1_PutString("Waiting for echo_2_read == 1");
  66:SonarDriver.h ****         while(Echo_2_Read() == 1){}
ARM GAS  C:\Users\midtg\AppData\Local\Temp\ccKrWzk0.s 			page 5


 163              		.loc 1 66 0 discriminator 1
 164 0084 FFF7FEFF 		bl	Echo_2_Read
 165              	.LVL23:
 166 0088 0128     		cmp	r0, #1
 167 008a FBD0     		beq	.L7
  67:SonarDriver.h ****         
  68:SonarDriver.h ****         timervaerdi = Timer_Sonar_ReadCounter();
 168              		.loc 1 68 0
 169 008c FFF7FEFF 		bl	Timer_Sonar_ReadCounter
 170              	.LVL24:
  69:SonarDriver.h ****     
  70:SonarDriver.h ****         double timeus = ((double)16777215.0 - (double)timervaerdi)/(double)24.0;
 171              		.loc 1 70 0
 172 0090 FFF7FEFF 		bl	__aeabi_ui2d
 173              	.LVL25:
 174 0094 0246     		mov	r2, r0
 175 0096 0B46     		mov	r3, r1
 176 0098 4FF06040 		mov	r0, #-536870912
 177 009c 5A49     		ldr	r1, .L31
 178 009e FFF7FEFF 		bl	__aeabi_dsub
 179              	.LVL26:
 180 00a2 0022     		movs	r2, #0
 181 00a4 594B     		ldr	r3, .L31+4
 182 00a6 FFF7FEFF 		bl	__aeabi_ddiv
 183              	.LVL27:
  71:SonarDriver.h ****         double distance_sonar_2 = timeus/58.0;
 184              		.loc 1 71 0
 185 00aa 0022     		movs	r2, #0
 186 00ac 584B     		ldr	r3, .L31+8
 187 00ae FFF7FEFF 		bl	__aeabi_ddiv
 188              	.LVL28:
 189 00b2 8046     		mov	r8, r0
 190 00b4 8946     		mov	r9, r1
 191              	.LVL29:
  72:SonarDriver.h ****         
  73:SonarDriver.h ****         
  74:SonarDriver.h ****         
  75:SonarDriver.h ****          //double distance = (time * 340.0)/2; 
  76:SonarDriver.h ****         if(distance_sonar_1 < 2.5 || distance_sonar_1 > 55){
 192              		.loc 1 76 0
 193 00b6 0022     		movs	r2, #0
 194 00b8 564B     		ldr	r3, .L31+12
 195 00ba 2046     		mov	r0, r4
 196 00bc 2946     		mov	r1, r5
 197 00be FFF7FEFF 		bl	__aeabi_dcmplt
 198              	.LVL30:
 199 00c2 38B9     		cbnz	r0, .L20
 200              		.loc 1 76 0 is_stmt 0 discriminator 1
 201 00c4 0022     		movs	r2, #0
 202 00c6 544B     		ldr	r3, .L31+16
 203 00c8 2046     		mov	r0, r4
 204 00ca 2946     		mov	r1, r5
 205 00cc FFF7FEFF 		bl	__aeabi_dcmpgt
 206              	.LVL31:
 207 00d0 18B9     		cbnz	r0, .L21
 208 00d2 04E0     		b	.L8
 209              	.L20:
ARM GAS  C:\Users\midtg\AppData\Local\Temp\ccKrWzk0.s 			page 6


  77:SonarDriver.h ****             //Pigeon not detected
  78:SonarDriver.h ****             distance_sonar_1 = 0;
 210              		.loc 1 78 0 is_stmt 1
 211 00d4 0024     		movs	r4, #0
 212              	.LVL32:
 213 00d6 0025     		movs	r5, #0
 214 00d8 01E0     		b	.L8
 215              	.LVL33:
 216              	.L21:
 217 00da 0024     		movs	r4, #0
 218              	.LVL34:
 219 00dc 0025     		movs	r5, #0
 220              	.L8:
 221              	.LVL35:
  79:SonarDriver.h ****         }
  80:SonarDriver.h ****             
  81:SonarDriver.h ****         if(distance_sonar_2 < 2.5 || distance_sonar_2 > 55){
 222              		.loc 1 81 0
 223 00de 0022     		movs	r2, #0
 224 00e0 4C4B     		ldr	r3, .L31+12
 225 00e2 4046     		mov	r0, r8
 226 00e4 4946     		mov	r1, r9
 227 00e6 FFF7FEFF 		bl	__aeabi_dcmplt
 228              	.LVL36:
 229 00ea 38B9     		cbnz	r0, .L22
 230              		.loc 1 81 0 is_stmt 0 discriminator 1
 231 00ec 0022     		movs	r2, #0
 232 00ee 4A4B     		ldr	r3, .L31+16
 233 00f0 4046     		mov	r0, r8
 234 00f2 4946     		mov	r1, r9
 235 00f4 FFF7FEFF 		bl	__aeabi_dcmpgt
 236              	.LVL37:
 237 00f8 28B9     		cbnz	r0, .L23
 238 00fa 08E0     		b	.L9
 239              	.L22:
  82:SonarDriver.h ****             //Pigeon not detected
  83:SonarDriver.h ****             distance_sonar_2 = 0;
 240              		.loc 1 83 0 is_stmt 1
 241 00fc 4FF00008 		mov	r8, #0
 242              	.LVL38:
 243 0100 4FF00009 		mov	r9, #0
 244 0104 03E0     		b	.L9
 245              	.LVL39:
 246              	.L23:
 247 0106 4FF00008 		mov	r8, #0
 248              	.LVL40:
 249 010a 4FF00009 		mov	r9, #0
 250              	.L9:
 251              	.LVL41:
  84:SonarDriver.h ****         }
  85:SonarDriver.h ****             
  86:SonarDriver.h ****         if (
 252              		.loc 1 86 0
 253 010e 0022     		movs	r2, #0
 254 0110 0023     		movs	r3, #0
 255 0112 2046     		mov	r0, r4
 256 0114 2946     		mov	r1, r5
ARM GAS  C:\Users\midtg\AppData\Local\Temp\ccKrWzk0.s 			page 7


 257 0116 FFF7FEFF 		bl	__aeabi_dcmpeq
 258              	.LVL42:
 259 011a 08BB     		cbnz	r0, .L10
  87:SonarDriver.h ****             distance_sonar_1 !=0 && distance_sonar_2 != 0){
 260              		.loc 1 87 0
 261 011c 0022     		movs	r2, #0
 262 011e 0023     		movs	r3, #0
 263 0120 4046     		mov	r0, r8
 264 0122 4946     		mov	r1, r9
 265 0124 FFF7FEFF 		bl	__aeabi_dcmpeq
 266              	.LVL43:
 267 0128 D0B9     		cbnz	r0, .L10
 268              	.LVL44:
 269              	.LBB2:
  88:SonarDriver.h ****                 
  89:SonarDriver.h ****                 uint8_t width = 2; //Both Sonars detect pigeon, so assumed to be in position 2 of 3
  90:SonarDriver.h ****                 //Average distance is calculated
  91:SonarDriver.h ****                 double calculated_distance = ((distance_sonar_1+distance_sonar_2)/2)-5;
 270              		.loc 1 91 0
 271 012a 4246     		mov	r2, r8
 272 012c 4B46     		mov	r3, r9
 273 012e 2046     		mov	r0, r4
 274 0130 2946     		mov	r1, r5
 275 0132 FFF7FEFF 		bl	__aeabi_dadd
 276              	.LVL45:
 277 0136 0022     		movs	r2, #0
 278 0138 384B     		ldr	r3, .L31+20
 279 013a FFF7FEFF 		bl	__aeabi_dmul
 280              	.LVL46:
 281 013e 0022     		movs	r2, #0
 282 0140 374B     		ldr	r3, .L31+24
 283 0142 FFF7FEFF 		bl	__aeabi_dsub
 284              	.LVL47:
  92:SonarDriver.h ****                 
  93:SonarDriver.h ****                 //Struct holding, pigeon detected positive, width, and distance.  
  94:SonarDriver.h ****                 struct position p = {1,width,calculated_distance};
 285              		.loc 1 94 0
 286 0146 0123     		movs	r3, #1
 287 0148 8DF80030 		strb	r3, [sp]
 288 014c 0223     		movs	r3, #2
 289 014e 0193     		str	r3, [sp, #4]
 290 0150 CDE90201 		strd	r0, [sp, #8]
  95:SonarDriver.h ****                 return  p; 
 291              		.loc 1 95 0
 292 0154 04AB     		add	r3, sp, #16
 293 0156 13E90F00 		ldmdb	r3, {r0, r1, r2, r3}
 294              	.LVL48:
 295 015a 86E80F00 		stmia	r6, {r0, r1, r2, r3}
 296 015e 4EE0     		b	.L3
 297              	.LVL49:
 298              	.L10:
 299              	.LBE2:
  96:SonarDriver.h ****             }
  97:SonarDriver.h ****             
  98:SonarDriver.h ****         else if(distance_sonar_1 !=0 && distance_sonar_2 == 0){
 300              		.loc 1 98 0
 301 0160 0022     		movs	r2, #0
ARM GAS  C:\Users\midtg\AppData\Local\Temp\ccKrWzk0.s 			page 8


 302 0162 0023     		movs	r3, #0
 303 0164 2046     		mov	r0, r4
 304 0166 2946     		mov	r1, r5
 305 0168 FFF7FEFF 		bl	__aeabi_dcmpeq
 306              	.LVL50:
 307 016c C8B9     		cbnz	r0, .L14
 308              		.loc 1 98 0 is_stmt 0 discriminator 1
 309 016e 0022     		movs	r2, #0
 310 0170 0023     		movs	r3, #0
 311 0172 4046     		mov	r0, r8
 312 0174 4946     		mov	r1, r9
 313 0176 FFF7FEFF 		bl	__aeabi_dcmpeq
 314              	.LVL51:
 315 017a 90B1     		cbz	r0, .L14
 316              	.LVL52:
 317              	.LBB3:
  99:SonarDriver.h ****                  uint8_t width = 3; //Only Sonar 1 detects pigeon, so assumed to be in position 3 o
 100:SonarDriver.h ****                
 101:SonarDriver.h ****                 
 102:SonarDriver.h ****                 //Struct holding, pigeon detected positive, width, and distance.  
 103:SonarDriver.h ****                 struct position p = {1,width,distance_sonar_1-5};
 318              		.loc 1 103 0 is_stmt 1
 319 017c 0123     		movs	r3, #1
 320 017e 8DF80030 		strb	r3, [sp]
 321 0182 0323     		movs	r3, #3
 322 0184 0193     		str	r3, [sp, #4]
 323 0186 0022     		movs	r2, #0
 324 0188 254B     		ldr	r3, .L31+24
 325 018a 2046     		mov	r0, r4
 326 018c 2946     		mov	r1, r5
 327 018e FFF7FEFF 		bl	__aeabi_dsub
 328              	.LVL53:
 329 0192 CDE90201 		strd	r0, [sp, #8]
 104:SonarDriver.h ****                 return  p;         
 330              		.loc 1 104 0
 331 0196 04AB     		add	r3, sp, #16
 332 0198 13E90F00 		ldmdb	r3, {r0, r1, r2, r3}
 333 019c 86E80F00 		stmia	r6, {r0, r1, r2, r3}
 334 01a0 2DE0     		b	.L3
 335              	.LVL54:
 336              	.L14:
 337              	.LBE3:
 105:SonarDriver.h ****         }
 106:SonarDriver.h ****          else if(distance_sonar_1 ==0 && distance_sonar_2 != 0){
 338              		.loc 1 106 0
 339 01a2 0022     		movs	r2, #0
 340 01a4 0023     		movs	r3, #0
 341 01a6 2046     		mov	r0, r4
 342 01a8 2946     		mov	r1, r5
 343 01aa FFF7FEFF 		bl	__aeabi_dcmpeq
 344              	.LVL55:
 345 01ae C8B1     		cbz	r0, .L17
 346              		.loc 1 106 0 is_stmt 0 discriminator 1
 347 01b0 0022     		movs	r2, #0
 348 01b2 0023     		movs	r3, #0
 349 01b4 4046     		mov	r0, r8
 350 01b6 4946     		mov	r1, r9
ARM GAS  C:\Users\midtg\AppData\Local\Temp\ccKrWzk0.s 			page 9


 351 01b8 FFF7FEFF 		bl	__aeabi_dcmpeq
 352              	.LVL56:
 353 01bc 90B9     		cbnz	r0, .L17
 354              	.LVL57:
 355              	.LBB4:
 107:SonarDriver.h ****                  uint8_t width = 1; //Only Sonar 1 detects pigeon, so assumed to be in position 1 o
 108:SonarDriver.h ****                
 109:SonarDriver.h ****                 //Struct holding, pigeon detected positive, width, and distance.  
 110:SonarDriver.h ****                 struct position p = {1,width,distance_sonar_2-2};
 356              		.loc 1 110 0 is_stmt 1
 357 01be 0123     		movs	r3, #1
 358 01c0 8DF80030 		strb	r3, [sp]
 359 01c4 0193     		str	r3, [sp, #4]
 360 01c6 0022     		movs	r2, #0
 361 01c8 4FF08043 		mov	r3, #1073741824
 362 01cc 4046     		mov	r0, r8
 363 01ce 4946     		mov	r1, r9
 364 01d0 FFF7FEFF 		bl	__aeabi_dsub
 365              	.LVL58:
 366 01d4 CDE90201 		strd	r0, [sp, #8]
 111:SonarDriver.h ****                 return  p;         
 367              		.loc 1 111 0
 368 01d8 04AB     		add	r3, sp, #16
 369 01da 13E90F00 		ldmdb	r3, {r0, r1, r2, r3}
 370 01de 86E80F00 		stmia	r6, {r0, r1, r2, r3}
 371 01e2 0CE0     		b	.L3
 372              	.LVL59:
 373              	.L17:
 374              	.LBE4:
 375              	.LBB5:
 112:SonarDriver.h ****         }
 113:SonarDriver.h ****         else {
 114:SonarDriver.h ****             //Pigeon Not detected. An empty struct is returned
 115:SonarDriver.h ****             
 116:SonarDriver.h ****                 //Struct holding, pigeon detected positive, width, and distance.  
 117:SonarDriver.h ****                 struct position p = {0,0,0};
 376              		.loc 1 117 0
 377 01e4 0023     		movs	r3, #0
 378 01e6 8DF80030 		strb	r3, [sp]
 379 01ea 0193     		str	r3, [sp, #4]
 380 01ec 0022     		movs	r2, #0
 381 01ee 0023     		movs	r3, #0
 382 01f0 CDE90223 		strd	r2, [sp, #8]
 118:SonarDriver.h ****                 return  p;   
 383              		.loc 1 118 0
 384 01f4 04AB     		add	r3, sp, #16
 385 01f6 13E90F00 		ldmdb	r3, {r0, r1, r2, r3}
 386 01fa 86E80F00 		stmia	r6, {r0, r1, r2, r3}
 387              	.L3:
 388              	.LBE5:
 119:SonarDriver.h ****         }
 120:SonarDriver.h ****     
 121:SonarDriver.h **** }
 389              		.loc 1 121 0
 390 01fe 3046     		mov	r0, r6
 391 0200 04B0     		add	sp, sp, #16
 392              		.cfi_def_cfa_offset 24
ARM GAS  C:\Users\midtg\AppData\Local\Temp\ccKrWzk0.s 			page 10


 393              		@ sp needed
 394 0202 BDE87083 		pop	{r4, r5, r6, r8, r9, pc}
 395              	.LVL60:
 396              	.L32:
 397 0206 00BF     		.align	2
 398              	.L31:
 399 0208 FFFF6F41 		.word	1097859071
 400 020c 00003840 		.word	1077411840
 401 0210 00004D40 		.word	1078788096
 402 0214 00000440 		.word	1074003968
 403 0218 00804B40 		.word	1078689792
 404 021c 0000E03F 		.word	1071644672
 405 0220 00001440 		.word	1075052544
 406              		.cfi_endproc
 407              	.LFE65:
 408              		.size	GetPigeonPos, .-GetPigeonPos
 409              		.section	.text.main,"ax",%progbits
 410              		.align	2
 411              		.global	main
 412              		.thumb
 413              		.thumb_func
 414              		.type	main, %function
 415              	main:
 416              	.LFB66:
 417              		.file 2 "main.c"
   1:main.c        **** /* ========================================
   2:main.c        ****  *
   3:main.c        ****  * Copyright YOUR COMPANY, THE YEAR
   4:main.c        ****  * All Rights Reserved
   5:main.c        ****  * UNPUBLISHED, LICENSED SOFTWARE.
   6:main.c        ****  *
   7:main.c        ****  * CONFIDENTIAL AND PROPRIETARY INFORMATION
   8:main.c        ****  * WHICH IS THE PROPERTY OF your company.
   9:main.c        ****  *
  10:main.c        ****  * ========================================
  11:main.c        **** */
  12:main.c        **** #include <stdio.h>
  13:main.c        **** #include "project.h"
  14:main.c        **** #include "SonarDriver.h"
  15:main.c        **** 
  16:main.c        **** #define  FREQUENZY 24000000.0 
  17:main.c        **** 
  18:main.c        **** CY_ISR_PROTO(ISR_UART_RX_handler); //Prototype for UART interrupt
  19:main.c        **** //CY_ISR_PROTO(isr_echo_recieved_handler);
  20:main.c        **** //CY_ISR_PROTO(isr_1_handler);
  21:main.c        **** 
  22:main.c        **** void handleByteReceived(uint8_t); //Prototype for UART funktion
  23:main.c        **** static char outputBuffer[256];
  24:main.c        **** uint8_t flag = 1;
  25:main.c        **** uint8_t flagstart = 0;
  26:main.c        **** 
  27:main.c        **** 
  28:main.c        **** int main(void)
  29:main.c        **** {
 418              		.loc 2 29 0
 419              		.cfi_startproc
 420              		@ args = 0, pretend = 0, frame = 16
ARM GAS  C:\Users\midtg\AppData\Local\Temp\ccKrWzk0.s 			page 11


 421              		@ frame_needed = 0, uses_anonymous_args = 0
 422 0000 30B5     		push	{r4, r5, lr}
 423              		.cfi_def_cfa_offset 12
 424              		.cfi_offset 4, -12
 425              		.cfi_offset 5, -8
 426              		.cfi_offset 14, -4
 427 0002 87B0     		sub	sp, sp, #28
 428              		.cfi_def_cfa_offset 40
  30:main.c        ****     CyGlobalIntEnable; /* Enable global interrupts. */
 429              		.loc 2 30 0
 430              		.syntax unified
 431              	@ 30 "main.c" 1
 432 0004 62B6     		CPSIE   i
 433              	@ 0 "" 2
  31:main.c        ****     UART_RX_interrupt_StartEx(ISR_UART_RX_handler);
 434              		.loc 2 31 0
 435              		.thumb
 436              		.syntax unified
 437 0006 1848     		ldr	r0, .L39
 438 0008 FFF7FEFF 		bl	UART_RX_interrupt_StartEx
 439              	.LVL61:
  32:main.c        ****     //isr_echo_recieved_StartEx(isr_echo_recieved_handler);
  33:main.c        ****     SonarDriverStart();
 440              		.loc 2 33 0
 441 000c FFF7FEFF 		bl	SonarDriverStart
 442              	.LVL62:
  34:main.c        ****     //Klargører hardware:
  35:main.c        ****     UART_1_Start();
 443              		.loc 2 35 0
 444 0010 FFF7FEFF 		bl	UART_1_Start
 445              	.LVL63:
  36:main.c        ****    
  37:main.c        ****     //Timer_1_EnableTrigger();
  38:main.c        ****    
  39:main.c        ****     UART_1_PutString("Program Startet\n Type: 1 to start \n");
 446              		.loc 2 39 0
 447 0014 1548     		ldr	r0, .L39+4
 448 0016 FFF7FEFF 		bl	UART_1_PutString
 449              	.LVL64:
 450              	.L34:
 451              	.LBB6:
  40:main.c        **** 
  41:main.c        ****     /* Place your initialization/startup code here (e.g. MyInst_Start()) */
  42:main.c        **** 
  43:main.c        ****     for(;;)
  44:main.c        ****     {
  45:main.c        ****         /* Place your application code here. */
  46:main.c        ****         
  47:main.c        ****         
  48:main.c        ****         while(flagstart != 1){}
 452              		.loc 2 48 0 discriminator 1
 453 001a 154B     		ldr	r3, .L39+8
 454 001c 1B78     		ldrb	r3, [r3]	@ zero_extendqisi2
 455 001e 012B     		cmp	r3, #1
 456 0020 FBD1     		bne	.L34
  49:main.c        ****         flagstart = 0;
 457              		.loc 2 49 0
ARM GAS  C:\Users\midtg\AppData\Local\Temp\ccKrWzk0.s 			page 12


 458 0022 0022     		movs	r2, #0
 459 0024 124B     		ldr	r3, .L39+8
 460 0026 1A70     		strb	r2, [r3]
  50:main.c        ****         
  51:main.c        ****         struct position p = GetPigeonPos();
 461              		.loc 2 51 0
 462 0028 02A8     		add	r0, sp, #8
 463 002a FFF7FEFF 		bl	GetPigeonPos
 464              	.LVL65:
  52:main.c        ****         
  53:main.c        ****         if (p.detected == 1){
 465              		.loc 2 53 0
 466 002e 9DF80830 		ldrb	r3, [sp, #8]	@ zero_extendqisi2
 467 0032 012B     		cmp	r3, #1
 468 0034 0BD1     		bne	.L35
  54:main.c        ****         snprintf(outputBuffer, sizeof(outputBuffer), "Pigeon detected in position: %d, with the dis
 469              		.loc 2 54 0
 470 0036 DDE90423 		ldrd	r2, [sp, #16]
 471 003a CDE90023 		strd	r2, [sp]
 472 003e 039B     		ldr	r3, [sp, #12]
 473 0040 0C4A     		ldr	r2, .L39+12
 474 0042 4FF48071 		mov	r1, #256
 475 0046 0C48     		ldr	r0, .L39+16
 476 0048 FFF7FEFF 		bl	snprintf
 477              	.LVL66:
 478 004c 08E0     		b	.L36
 479              	.L35:
  55:main.c        ****         }
  56:main.c        ****         else
  57:main.c        ****         {
  58:main.c        ****          snprintf(outputBuffer, sizeof(outputBuffer), "Pigeon not detected\n\r");    
 480              		.loc 2 58 0
 481 004e 0A4C     		ldr	r4, .L39+16
 482 0050 0A4D     		ldr	r5, .L39+20
 483 0052 0FCD     		ldmia	r5!, {r0, r1, r2, r3}
 484 0054 0FC4     		stmia	r4!, {r0, r1, r2, r3}
 485 0056 95E80300 		ldmia	r5, {r0, r1}
 486 005a 44F8040B 		str	r0, [r4], #4
 487 005e 2180     		strh	r1, [r4]	@ movhi
 488              	.L36:
  59:main.c        ****         }
  60:main.c        **** 
  61:main.c        ****         UART_1_PutString(outputBuffer);
 489              		.loc 2 61 0
 490 0060 0548     		ldr	r0, .L39+16
 491 0062 FFF7FEFF 		bl	UART_1_PutString
 492              	.LVL67:
 493              	.LBE6:
  62:main.c        ****         
  63:main.c        ****         
  64:main.c        ****         /*
  65:main.c        ****         Trigger_1_Write(1);
  66:main.c        ****         CyDelayUs(10);
  67:main.c        ****         Trigger_1_Write(0);
  68:main.c        ****         
  69:main.c        ****         
  70:main.c        ****         while(Echo_1_Read() != 1){}
ARM GAS  C:\Users\midtg\AppData\Local\Temp\ccKrWzk0.s 			page 13


  71:main.c        ****        
  72:main.c        ****         Timer_Sonar_WriteCounter(16777215);
  73:main.c        ****        
  74:main.c        ****         while(Echo_1_Read() == 1){}
  75:main.c        ****         
  76:main.c        ****         uint32_t timervaerdi = Timer_Sonar_ReadCounter();
  77:main.c        ****     
  78:main.c        ****         double time = ((double)16777215.0 - (double)timervaerdi)/(double)24.0;
  79:main.c        ****         double distance = time/58.0;
  80:main.c        ****          //double distance = (time * 340.0)/2; 
  81:main.c        ****    
  82:main.c        ****         snprintf(outputBuffer, sizeof(outputBuffer), "Sensor 1: %.3f\n\r",distance); 
  83:main.c        **** 
  84:main.c        ****         UART_1_PutString(outputBuffer);
  85:main.c        ****         
  86:main.c        ****         //Delay between readings:
  87:main.c        ****         CyDelay(60);
  88:main.c        ****         
  89:main.c        ****         //Sonar 2 reading:
  90:main.c        ****         
  91:main.c        ****         Trigger_2_Write(1);
  92:main.c        ****         CyDelayUs(10);
  93:main.c        ****         Trigger_2_Write(0);
  94:main.c        ****         
  95:main.c        ****         //UART_1_PutString("Waiting for echo_2_read != 0");
  96:main.c        ****         while(Echo_2_Read() != 1){}
  97:main.c        ****        
  98:main.c        ****         Timer_Sonar_WriteCounter(16777215);
  99:main.c        ****        
 100:main.c        ****         //UART_1_PutString("Waiting for echo_2_read == 1");
 101:main.c        ****         while(Echo_2_Read() == 1){}
 102:main.c        ****         
 103:main.c        ****         timervaerdi = Timer_Sonar_ReadCounter();
 104:main.c        ****     
 105:main.c        ****         double timeus = ((double)16777215.0 - (double)timervaerdi)/(double)24.0;
 106:main.c        ****         double distance2 = timeus/58.0;
 107:main.c        ****          //double distance = (time * 340.0)/2; 
 108:main.c        ****    
 109:main.c        ****         snprintf(outputBuffer, sizeof(outputBuffer), "Sensor 2: %.3f\n\r", distance2); 
 110:main.c        **** 
 111:main.c        ****         UART_1_PutString(outputBuffer);
 112:main.c        ****         */
 113:main.c        ****         
 114:main.c        ****     }
 494              		.loc 2 114 0
 495 0066 D8E7     		b	.L34
 496              	.L40:
 497              		.align	2
 498              	.L39:
 499 0068 00000000 		.word	ISR_UART_RX_handler
 500 006c 00000000 		.word	.LC0
 501 0070 00000000 		.word	.LANCHOR0
 502 0074 24000000 		.word	.LC1
 503 0078 04000000 		.word	.LANCHOR0+4
 504 007c 60000000 		.word	.LC2
 505              		.cfi_endproc
 506              	.LFE66:
ARM GAS  C:\Users\midtg\AppData\Local\Temp\ccKrWzk0.s 			page 14


 507              		.size	main, .-main
 508              		.section	.text.handleByteReceived,"ax",%progbits
 509              		.align	2
 510              		.global	handleByteReceived
 511              		.thumb
 512              		.thumb_func
 513              		.type	handleByteReceived, %function
 514              	handleByteReceived:
 515              	.LFB68:
 115:main.c        ****         
 116:main.c        ****        
 117:main.c        ****     
 118:main.c        ****     
 119:main.c        **** }
 120:main.c        **** 
 121:main.c        **** /*CY_ISR_PROTO(isr_echo_recieved_handler){
 122:main.c        ****     CyGlobalIntDisable;
 123:main.c        ****     
 124:main.c        ****     UART_1_PutString("interrupt");
 125:main.c        ****     uint32_t timervaerdi = Timer_1_ReadCapture();
 126:main.c        ****     
 127:main.c        ****     double time = ((double)16777216.0 - (double)timervaerdi)/(double)24.0;
 128:main.c        ****     double distance = time/58.0;
 129:main.c        ****     //double distance = (time * 340.0)/2; 
 130:main.c        ****    
 131:main.c        ****     snprintf(outputBuffer, sizeof(outputBuffer), "Sensor %d: %.3f\n\r", counter,distance); 
 132:main.c        **** 
 133:main.c        ****     UART_1_PutString(outputBuffer);
 134:main.c        ****     
 135:main.c        ****     counter++;
 136:main.c        ****     
 137:main.c        ****     //flag = 1;
 138:main.c        ****     
 139:main.c        ****     if (counter == 3){
 140:main.c        ****         counter = 1;}
 141:main.c        ****    
 142:main.c        ****     
 143:main.c        ****     Timer_1_ClearFIFO();
 144:main.c        ****     //CyDelay(1);
 145:main.c        ****     CyGlobalIntEnable
 146:main.c        ****    
 147:main.c        **** }
 148:main.c        **** 
 149:main.c        **** 
 150:main.c        **** */
 151:main.c        **** CY_ISR(ISR_UART_RX_handler) //interrupt rutine til at læse UART input
 152:main.c        **** {
 153:main.c        ****     uint8_t bytesToRead = UART_1_GetRxBufferSize();
 154:main.c        ****     while (bytesToRead > 0)
 155:main.c        ****     {
 156:main.c        ****         uint8_t byteReceived = UART_1_ReadRxData();
 157:main.c        ****         UART_1_WriteTxData(byteReceived); // echo back
 158:main.c        ****         
 159:main.c        ****         handleByteReceived(byteReceived);
 160:main.c        ****         
 161:main.c        ****         bytesToRead--;
 162:main.c        ****     }
ARM GAS  C:\Users\midtg\AppData\Local\Temp\ccKrWzk0.s 			page 15


 163:main.c        **** }
 164:main.c        **** 
 165:main.c        **** void handleByteReceived(uint8_t byteReceived)// funktion til at håndterer modtaget UART data
 166:main.c        **** {
 516              		.loc 2 166 0
 517              		.cfi_startproc
 518              		@ args = 0, pretend = 0, frame = 0
 519              		@ frame_needed = 0, uses_anonymous_args = 0
 520              		@ link register save eliminated.
 521              	.LVL68:
 167:main.c        ****     switch(byteReceived)
 522              		.loc 2 167 0
 523 0000 3128     		cmp	r0, #49
 524 0002 02D1     		bne	.L41
 168:main.c        ****     {
 169:main.c        ****         case '1' :
 170:main.c        ****         {
 171:main.c        ****             flagstart = 1;
 525              		.loc 2 171 0
 526 0004 0122     		movs	r2, #1
 527 0006 014B     		ldr	r3, .L44
 528 0008 1A70     		strb	r2, [r3]
 529              	.L41:
 530 000a 7047     		bx	lr
 531              	.L45:
 532              		.align	2
 533              	.L44:
 534 000c 00000000 		.word	.LANCHOR0
 535              		.cfi_endproc
 536              	.LFE68:
 537              		.size	handleByteReceived, .-handleByteReceived
 538              		.section	.text.ISR_UART_RX_handler,"ax",%progbits
 539              		.align	2
 540              		.global	ISR_UART_RX_handler
 541              		.thumb
 542              		.thumb_func
 543              		.type	ISR_UART_RX_handler, %function
 544              	ISR_UART_RX_handler:
 545              	.LFB67:
 152:main.c        ****     uint8_t bytesToRead = UART_1_GetRxBufferSize();
 546              		.loc 2 152 0
 547              		.cfi_startproc
 548              		@ args = 0, pretend = 0, frame = 0
 549              		@ frame_needed = 0, uses_anonymous_args = 0
 550 0000 38B5     		push	{r3, r4, r5, lr}
 551              		.cfi_def_cfa_offset 16
 552              		.cfi_offset 3, -16
 553              		.cfi_offset 4, -12
 554              		.cfi_offset 5, -8
 555              		.cfi_offset 14, -4
 153:main.c        ****     while (bytesToRead > 0)
 556              		.loc 2 153 0
 557 0002 FFF7FEFF 		bl	UART_1_GetRxBufferSize
 558              	.LVL69:
 559 0006 0446     		mov	r4, r0
 560              	.LVL70:
 154:main.c        ****     {
ARM GAS  C:\Users\midtg\AppData\Local\Temp\ccKrWzk0.s 			page 16


 561              		.loc 2 154 0
 562 0008 09E0     		b	.L47
 563              	.L48:
 564              	.LBB7:
 156:main.c        ****         UART_1_WriteTxData(byteReceived); // echo back
 565              		.loc 2 156 0
 566 000a FFF7FEFF 		bl	UART_1_ReadRxData
 567              	.LVL71:
 568 000e 0546     		mov	r5, r0
 569              	.LVL72:
 157:main.c        ****         
 570              		.loc 2 157 0
 571 0010 FFF7FEFF 		bl	UART_1_WriteTxData
 572              	.LVL73:
 159:main.c        ****         
 573              		.loc 2 159 0
 574 0014 2846     		mov	r0, r5
 575 0016 FFF7FEFF 		bl	handleByteReceived
 576              	.LVL74:
 161:main.c        ****     }
 577              		.loc 2 161 0
 578 001a 013C     		subs	r4, r4, #1
 579              	.LVL75:
 580 001c E4B2     		uxtb	r4, r4
 581              	.LVL76:
 582              	.L47:
 583              	.LBE7:
 154:main.c        ****     {
 584              		.loc 2 154 0
 585 001e 002C     		cmp	r4, #0
 586 0020 F3D1     		bne	.L48
 163:main.c        **** 
 587              		.loc 2 163 0
 588 0022 38BD     		pop	{r3, r4, r5, pc}
 589              		.cfi_endproc
 590              	.LFE67:
 591              		.size	ISR_UART_RX_handler, .-ISR_UART_RX_handler
 592              		.global	flagstart
 593              		.global	flag
 594              		.data
 595              		.type	flag, %object
 596              		.size	flag, 1
 597              	flag:
 598 0000 01       		.byte	1
 599              		.section	.rodata.str1.4,"aMS",%progbits,1
 600              		.align	2
 601              	.LC0:
 602 0000 50726F67 		.ascii	"Program Startet\012 Type: 1 to start \012\000"
 602      72616D20 
 602      53746172 
 602      7465740A 
 602      20547970 
 603              	.LC1:
 604 0024 50696765 		.ascii	"Pigeon detected in position: %d, with the distance:"
 604      6F6E2064 
 604      65746563 
 604      74656420 
ARM GAS  C:\Users\midtg\AppData\Local\Temp\ccKrWzk0.s 			page 17


 604      696E2070 
 605 0057 20252E33 		.ascii	" %.3f\012\015\000"
 605      660A0D00 
 606 005f 00       		.space	1
 607              	.LC2:
 608 0060 50696765 		.ascii	"Pigeon not detected\012\015\000"
 608      6F6E206E 
 608      6F742064 
 608      65746563 
 608      7465640A 
 609              		.bss
 610              		.align	2
 611              		.set	.LANCHOR0,. + 0
 612              		.type	flagstart, %object
 613              		.size	flagstart, 1
 614              	flagstart:
 615 0000 00       		.space	1
 616 0001 000000   		.space	3
 617              		.type	outputBuffer, %object
 618              		.size	outputBuffer, 256
 619              	outputBuffer:
 620 0004 00000000 		.space	256
 620      00000000 
 620      00000000 
 620      00000000 
 620      00000000 
 621              		.text
 622              	.Letext0:
 623              		.file 3 "c:\\program files (x86)\\cypress\\psoc creator\\4.2\\psoc creator\\import\\gnu\\arm\\5.4.
 624              		.file 4 "c:\\program files (x86)\\cypress\\psoc creator\\4.2\\psoc creator\\import\\gnu\\arm\\5.4.
 625              		.file 5 "Generated_Source\\PSoC5/core_cm3.h"
 626              		.file 6 "Generated_Source\\PSoC5/Trigger_1.h"
 627              		.file 7 "Generated_Source\\PSoC5/Trigger_2.h"
 628              		.file 8 "Generated_Source\\PSoC5/Timer_Sonar.h"
 629              		.file 9 "Generated_Source\\PSoC5/CyLib.h"
 630              		.file 10 "Generated_Source\\PSoC5/Echo_1.h"
 631              		.file 11 "Generated_Source\\PSoC5/Echo_2.h"
 632              		.file 12 "c:\\program files (x86)\\cypress\\psoc creator\\4.2\\psoc creator\\import\\gnu\\arm\\5.4
 633              		.file 13 "Generated_Source\\PSoC5/UART_1.h"
 634              		.file 14 "Generated_Source\\PSoC5/UART_RX_interrupt.h"
 635              		.section	.debug_info,"",%progbits
 636              	.Ldebug_info0:
 637 0000 A4050000 		.4byte	0x5a4
 638 0004 0400     		.2byte	0x4
 639 0006 00000000 		.4byte	.Ldebug_abbrev0
 640 000a 04       		.byte	0x4
 641 000b 01       		.uleb128 0x1
 642 000c CC000000 		.4byte	.LASF54
 643 0010 0C       		.byte	0xc
 644 0011 86030000 		.4byte	.LASF55
 645 0015 5A020000 		.4byte	.LASF56
 646 0019 00000000 		.4byte	.Ldebug_ranges0+0
 647 001d 00000000 		.4byte	0
 648 0021 00000000 		.4byte	.Ldebug_line0
 649 0025 02       		.uleb128 0x2
 650 0026 08       		.byte	0x8
 651 0027 04       		.byte	0x4
ARM GAS  C:\Users\midtg\AppData\Local\Temp\ccKrWzk0.s 			page 18


 652 0028 43020000 		.4byte	.LASF0
 653 002c 02       		.uleb128 0x2
 654 002d 01       		.byte	0x1
 655 002e 06       		.byte	0x6
 656 002f 4D030000 		.4byte	.LASF1
 657 0033 03       		.uleb128 0x3
 658 0034 21000000 		.4byte	.LASF5
 659 0038 03       		.byte	0x3
 660 0039 1D       		.byte	0x1d
 661 003a 3E000000 		.4byte	0x3e
 662 003e 02       		.uleb128 0x2
 663 003f 01       		.byte	0x1
 664 0040 08       		.byte	0x8
 665 0041 BE000000 		.4byte	.LASF2
 666 0045 02       		.uleb128 0x2
 667 0046 02       		.byte	0x2
 668 0047 05       		.byte	0x5
 669 0048 98030000 		.4byte	.LASF3
 670 004c 02       		.uleb128 0x2
 671 004d 02       		.byte	0x2
 672 004e 07       		.byte	0x7
 673 004f 53000000 		.4byte	.LASF4
 674 0053 03       		.uleb128 0x3
 675 0054 37000000 		.4byte	.LASF6
 676 0058 03       		.byte	0x3
 677 0059 3F       		.byte	0x3f
 678 005a 5E000000 		.4byte	0x5e
 679 005e 02       		.uleb128 0x2
 680 005f 04       		.byte	0x4
 681 0060 05       		.byte	0x5
 682 0061 41000000 		.4byte	.LASF7
 683 0065 03       		.uleb128 0x3
 684 0066 66000000 		.4byte	.LASF8
 685 006a 03       		.byte	0x3
 686 006b 41       		.byte	0x41
 687 006c 70000000 		.4byte	0x70
 688 0070 02       		.uleb128 0x2
 689 0071 04       		.byte	0x4
 690 0072 07       		.byte	0x7
 691 0073 8C010000 		.4byte	.LASF9
 692 0077 02       		.uleb128 0x2
 693 0078 08       		.byte	0x8
 694 0079 05       		.byte	0x5
 695 007a 78030000 		.4byte	.LASF10
 696 007e 02       		.uleb128 0x2
 697 007f 08       		.byte	0x8
 698 0080 07       		.byte	0x7
 699 0081 FD020000 		.4byte	.LASF11
 700 0085 04       		.uleb128 0x4
 701 0086 04       		.byte	0x4
 702 0087 05       		.byte	0x5
 703 0088 696E7400 		.ascii	"int\000"
 704 008c 02       		.uleb128 0x2
 705 008d 04       		.byte	0x4
 706 008e 07       		.byte	0x7
 707 008f E0020000 		.4byte	.LASF12
 708 0093 02       		.uleb128 0x2
ARM GAS  C:\Users\midtg\AppData\Local\Temp\ccKrWzk0.s 			page 19


 709 0094 08       		.byte	0x8
 710 0095 04       		.byte	0x4
 711 0096 B7030000 		.4byte	.LASF13
 712 009a 02       		.uleb128 0x2
 713 009b 04       		.byte	0x4
 714 009c 07       		.byte	0x7
 715 009d 66030000 		.4byte	.LASF14
 716 00a1 02       		.uleb128 0x2
 717 00a2 01       		.byte	0x1
 718 00a3 08       		.byte	0x8
 719 00a4 8D030000 		.4byte	.LASF15
 720 00a8 03       		.uleb128 0x3
 721 00a9 14030000 		.4byte	.LASF16
 722 00ad 04       		.byte	0x4
 723 00ae 18       		.byte	0x18
 724 00af 33000000 		.4byte	0x33
 725 00b3 03       		.uleb128 0x3
 726 00b4 5E030000 		.4byte	.LASF17
 727 00b8 04       		.byte	0x4
 728 00b9 2C       		.byte	0x2c
 729 00ba 53000000 		.4byte	0x53
 730 00be 03       		.uleb128 0x3
 731 00bf A2030000 		.4byte	.LASF18
 732 00c3 04       		.byte	0x4
 733 00c4 30       		.byte	0x30
 734 00c5 65000000 		.4byte	0x65
 735 00c9 02       		.uleb128 0x2
 736 00ca 04       		.byte	0x4
 737 00cb 04       		.byte	0x4
 738 00cc AB000000 		.4byte	.LASF19
 739 00d0 05       		.uleb128 0x5
 740 00d1 CD020000 		.4byte	.LASF57
 741 00d5 10       		.byte	0x10
 742 00d6 01       		.byte	0x1
 743 00d7 14       		.byte	0x14
 744 00d8 01010000 		.4byte	0x101
 745 00dc 06       		.uleb128 0x6
 746 00dd 6F030000 		.4byte	.LASF20
 747 00e1 01       		.byte	0x1
 748 00e2 15       		.byte	0x15
 749 00e3 A8000000 		.4byte	0xa8
 750 00e7 00       		.byte	0
 751 00e8 06       		.uleb128 0x6
 752 00e9 92030000 		.4byte	.LASF21
 753 00ed 01       		.byte	0x1
 754 00ee 16       		.byte	0x16
 755 00ef 85000000 		.4byte	0x85
 756 00f3 04       		.byte	0x4
 757 00f4 06       		.uleb128 0x6
 758 00f5 A2000000 		.4byte	.LASF22
 759 00f9 01       		.byte	0x1
 760 00fa 17       		.byte	0x17
 761 00fb 25000000 		.4byte	0x25
 762 00ff 08       		.byte	0x8
 763 0100 00       		.byte	0
 764 0101 07       		.uleb128 0x7
 765 0102 7D000000 		.4byte	.LASF58
ARM GAS  C:\Users\midtg\AppData\Local\Temp\ccKrWzk0.s 			page 20


 766 0106 01       		.byte	0x1
 767 0107 1A       		.byte	0x1a
 768 0108 00000000 		.4byte	.LFB64
 769 010c 14000000 		.4byte	.LFE64-.LFB64
 770 0110 01       		.uleb128 0x1
 771 0111 9C       		.byte	0x9c
 772 0112 46010000 		.4byte	0x146
 773 0116 08       		.uleb128 0x8
 774 0117 08000000 		.4byte	.LVL0
 775 011b F7040000 		.4byte	0x4f7
 776 011f 29010000 		.4byte	0x129
 777 0123 09       		.uleb128 0x9
 778 0124 01       		.uleb128 0x1
 779 0125 50       		.byte	0x50
 780 0126 01       		.uleb128 0x1
 781 0127 30       		.byte	0x30
 782 0128 00       		.byte	0
 783 0129 08       		.uleb128 0x8
 784 012a 0E000000 		.4byte	.LVL1
 785 012e 02050000 		.4byte	0x502
 786 0132 3C010000 		.4byte	0x13c
 787 0136 09       		.uleb128 0x9
 788 0137 01       		.uleb128 0x1
 789 0138 50       		.byte	0x50
 790 0139 01       		.uleb128 0x1
 791 013a 30       		.byte	0x30
 792 013b 00       		.byte	0
 793 013c 0A       		.uleb128 0xa
 794 013d 12000000 		.4byte	.LVL2
 795 0141 0D050000 		.4byte	0x50d
 796 0145 00       		.byte	0
 797 0146 0B       		.uleb128 0xb
 798 0147 8E000000 		.4byte	.LASF29
 799 014b 01       		.byte	0x1
 800 014c 20       		.byte	0x20
 801 014d D0000000 		.4byte	0xd0
 802 0151 00000000 		.4byte	.LFB65
 803 0155 24020000 		.4byte	.LFE65-.LFB65
 804 0159 01       		.uleb128 0x1
 805 015a 9C       		.byte	0x9c
 806 015b 39030000 		.4byte	0x339
 807 015f 0C       		.uleb128 0xc
 808 0160 1F020000 		.4byte	.LASF23
 809 0164 01       		.byte	0x1
 810 0165 30       		.byte	0x30
 811 0166 BE000000 		.4byte	0xbe
 812 016a 00000000 		.4byte	.LLST0
 813 016e 0C       		.uleb128 0xc
 814 016f 59030000 		.4byte	.LASF24
 815 0173 01       		.byte	0x1
 816 0174 31       		.byte	0x31
 817 0175 25000000 		.4byte	0x25
 818 0179 1E000000 		.4byte	.LLST1
 819 017d 0C       		.uleb128 0xc
 820 017e C3010000 		.4byte	.LASF25
 821 0182 01       		.byte	0x1
 822 0183 34       		.byte	0x34
ARM GAS  C:\Users\midtg\AppData\Local\Temp\ccKrWzk0.s 			page 21


 823 0184 25000000 		.4byte	0x25
 824 0188 36000000 		.4byte	.LLST2
 825 018c 0C       		.uleb128 0xc
 826 018d 9B000000 		.4byte	.LASF26
 827 0191 01       		.byte	0x1
 828 0192 46       		.byte	0x46
 829 0193 25000000 		.4byte	0x25
 830 0197 6E000000 		.4byte	.LLST3
 831 019b 0C       		.uleb128 0xc
 832 019c D4010000 		.4byte	.LASF27
 833 01a0 01       		.byte	0x1
 834 01a1 47       		.byte	0x47
 835 01a2 25000000 		.4byte	0x25
 836 01a6 86000000 		.4byte	.LLST4
 837 01aa 0D       		.uleb128 0xd
 838 01ab 2A010000 		.4byte	.LBB2
 839 01af 36000000 		.4byte	.LBE2-.LBB2
 840 01b3 E2010000 		.4byte	0x1e2
 841 01b7 0C       		.uleb128 0xc
 842 01b8 92030000 		.4byte	.LASF21
 843 01bc 01       		.byte	0x1
 844 01bd 59       		.byte	0x59
 845 01be A8000000 		.4byte	0xa8
 846 01c2 BE000000 		.4byte	.LLST5
 847 01c6 0C       		.uleb128 0xc
 848 01c7 00000000 		.4byte	.LASF28
 849 01cb 01       		.byte	0x1
 850 01cc 5B       		.byte	0x5b
 851 01cd 25000000 		.4byte	0x25
 852 01d1 D2000000 		.4byte	.LLST6
 853 01d5 0E       		.uleb128 0xe
 854 01d6 7000     		.ascii	"p\000"
 855 01d8 01       		.byte	0x1
 856 01d9 5E       		.byte	0x5e
 857 01da D0000000 		.4byte	0xd0
 858 01de 02       		.uleb128 0x2
 859 01df 91       		.byte	0x91
 860 01e0 58       		.sleb128 -40
 861 01e1 00       		.byte	0
 862 01e2 0D       		.uleb128 0xd
 863 01e3 7C010000 		.4byte	.LBB3
 864 01e7 26000000 		.4byte	.LBE3-.LBB3
 865 01eb 0B020000 		.4byte	0x20b
 866 01ef 0C       		.uleb128 0xc
 867 01f0 92030000 		.4byte	.LASF21
 868 01f4 01       		.byte	0x1
 869 01f5 63       		.byte	0x63
 870 01f6 A8000000 		.4byte	0xa8
 871 01fa F6000000 		.4byte	.LLST7
 872 01fe 0E       		.uleb128 0xe
 873 01ff 7000     		.ascii	"p\000"
 874 0201 01       		.byte	0x1
 875 0202 67       		.byte	0x67
 876 0203 D0000000 		.4byte	0xd0
 877 0207 02       		.uleb128 0x2
 878 0208 91       		.byte	0x91
 879 0209 58       		.sleb128 -40
ARM GAS  C:\Users\midtg\AppData\Local\Temp\ccKrWzk0.s 			page 22


 880 020a 00       		.byte	0
 881 020b 0D       		.uleb128 0xd
 882 020c BE010000 		.4byte	.LBB4
 883 0210 26000000 		.4byte	.LBE4-.LBB4
 884 0214 34020000 		.4byte	0x234
 885 0218 0C       		.uleb128 0xc
 886 0219 92030000 		.4byte	.LASF21
 887 021d 01       		.byte	0x1
 888 021e 6B       		.byte	0x6b
 889 021f A8000000 		.4byte	0xa8
 890 0223 0A010000 		.4byte	.LLST8
 891 0227 0E       		.uleb128 0xe
 892 0228 7000     		.ascii	"p\000"
 893 022a 01       		.byte	0x1
 894 022b 6E       		.byte	0x6e
 895 022c D0000000 		.4byte	0xd0
 896 0230 02       		.uleb128 0x2
 897 0231 91       		.byte	0x91
 898 0232 58       		.sleb128 -40
 899 0233 00       		.byte	0
 900 0234 0D       		.uleb128 0xd
 901 0235 E4010000 		.4byte	.LBB5
 902 0239 1A000000 		.4byte	.LBE5-.LBB5
 903 023d 4E020000 		.4byte	0x24e
 904 0241 0E       		.uleb128 0xe
 905 0242 7000     		.ascii	"p\000"
 906 0244 01       		.byte	0x1
 907 0245 75       		.byte	0x75
 908 0246 D0000000 		.4byte	0xd0
 909 024a 02       		.uleb128 0x2
 910 024b 91       		.byte	0x91
 911 024c 58       		.sleb128 -40
 912 024d 00       		.byte	0
 913 024e 08       		.uleb128 0x8
 914 024f 0E000000 		.4byte	.LVL5
 915 0253 F7040000 		.4byte	0x4f7
 916 0257 61020000 		.4byte	0x261
 917 025b 09       		.uleb128 0x9
 918 025c 01       		.uleb128 0x1
 919 025d 50       		.byte	0x50
 920 025e 01       		.uleb128 0x1
 921 025f 31       		.byte	0x31
 922 0260 00       		.byte	0
 923 0261 08       		.uleb128 0x8
 924 0262 14000000 		.4byte	.LVL6
 925 0266 18050000 		.4byte	0x518
 926 026a 74020000 		.4byte	0x274
 927 026e 09       		.uleb128 0x9
 928 026f 01       		.uleb128 0x1
 929 0270 50       		.byte	0x50
 930 0271 01       		.uleb128 0x1
 931 0272 3A       		.byte	0x3a
 932 0273 00       		.byte	0
 933 0274 08       		.uleb128 0x8
 934 0275 1A000000 		.4byte	.LVL7
 935 0279 F7040000 		.4byte	0x4f7
 936 027d 87020000 		.4byte	0x287
ARM GAS  C:\Users\midtg\AppData\Local\Temp\ccKrWzk0.s 			page 23


 937 0281 09       		.uleb128 0x9
 938 0282 01       		.uleb128 0x1
 939 0283 50       		.byte	0x50
 940 0284 01       		.uleb128 0x1
 941 0285 30       		.byte	0x30
 942 0286 00       		.byte	0
 943 0287 0A       		.uleb128 0xa
 944 0288 1E000000 		.4byte	.LVL8
 945 028c 23050000 		.4byte	0x523
 946 0290 08       		.uleb128 0x8
 947 0291 2A000000 		.4byte	.LVL9
 948 0295 2E050000 		.4byte	0x52e
 949 0299 A7020000 		.4byte	0x2a7
 950 029d 09       		.uleb128 0x9
 951 029e 01       		.uleb128 0x1
 952 029f 50       		.byte	0x50
 953 02a0 05       		.uleb128 0x5
 954 02a1 0C       		.byte	0xc
 955 02a2 FFFFFF00 		.4byte	0xffffff
 956 02a6 00       		.byte	0
 957 02a7 0A       		.uleb128 0xa
 958 02a8 2E000000 		.4byte	.LVL10
 959 02ac 23050000 		.4byte	0x523
 960 02b0 0A       		.uleb128 0xa
 961 02b1 36000000 		.4byte	.LVL11
 962 02b5 39050000 		.4byte	0x539
 963 02b9 08       		.uleb128 0x8
 964 02ba 62000000 		.4byte	.LVL17
 965 02be 44050000 		.4byte	0x544
 966 02c2 CD020000 		.4byte	0x2cd
 967 02c6 09       		.uleb128 0x9
 968 02c7 01       		.uleb128 0x1
 969 02c8 50       		.byte	0x50
 970 02c9 02       		.uleb128 0x2
 971 02ca 08       		.byte	0x8
 972 02cb 3C       		.byte	0x3c
 973 02cc 00       		.byte	0
 974 02cd 08       		.uleb128 0x8
 975 02ce 68000000 		.4byte	.LVL18
 976 02d2 02050000 		.4byte	0x502
 977 02d6 E0020000 		.4byte	0x2e0
 978 02da 09       		.uleb128 0x9
 979 02db 01       		.uleb128 0x1
 980 02dc 50       		.byte	0x50
 981 02dd 01       		.uleb128 0x1
 982 02de 31       		.byte	0x31
 983 02df 00       		.byte	0
 984 02e0 08       		.uleb128 0x8
 985 02e1 6E000000 		.4byte	.LVL19
 986 02e5 18050000 		.4byte	0x518
 987 02e9 F3020000 		.4byte	0x2f3
 988 02ed 09       		.uleb128 0x9
 989 02ee 01       		.uleb128 0x1
 990 02ef 50       		.byte	0x50
 991 02f0 01       		.uleb128 0x1
 992 02f1 3A       		.byte	0x3a
 993 02f2 00       		.byte	0
ARM GAS  C:\Users\midtg\AppData\Local\Temp\ccKrWzk0.s 			page 24


 994 02f3 08       		.uleb128 0x8
 995 02f4 74000000 		.4byte	.LVL20
 996 02f8 02050000 		.4byte	0x502
 997 02fc 06030000 		.4byte	0x306
 998 0300 09       		.uleb128 0x9
 999 0301 01       		.uleb128 0x1
 1000 0302 50       		.byte	0x50
 1001 0303 01       		.uleb128 0x1
 1002 0304 30       		.byte	0x30
 1003 0305 00       		.byte	0
 1004 0306 0A       		.uleb128 0xa
 1005 0307 78000000 		.4byte	.LVL21
 1006 030b 4F050000 		.4byte	0x54f
 1007 030f 08       		.uleb128 0x8
 1008 0310 84000000 		.4byte	.LVL22
 1009 0314 2E050000 		.4byte	0x52e
 1010 0318 26030000 		.4byte	0x326
 1011 031c 09       		.uleb128 0x9
 1012 031d 01       		.uleb128 0x1
 1013 031e 50       		.byte	0x50
 1014 031f 05       		.uleb128 0x5
 1015 0320 0C       		.byte	0xc
 1016 0321 FFFFFF00 		.4byte	0xffffff
 1017 0325 00       		.byte	0
 1018 0326 0A       		.uleb128 0xa
 1019 0327 88000000 		.4byte	.LVL23
 1020 032b 4F050000 		.4byte	0x54f
 1021 032f 0A       		.uleb128 0xa
 1022 0330 90000000 		.4byte	.LVL24
 1023 0334 39050000 		.4byte	0x539
 1024 0338 00       		.byte	0
 1025 0339 0F       		.uleb128 0xf
 1026 033a DB020000 		.4byte	.LASF59
 1027 033e 02       		.byte	0x2
 1028 033f 1C       		.byte	0x1c
 1029 0340 85000000 		.4byte	0x85
 1030 0344 00000000 		.4byte	.LFB66
 1031 0348 80000000 		.4byte	.LFE66-.LFB66
 1032 034c 01       		.uleb128 0x1
 1033 034d 9C       		.byte	0x9c
 1034 034e 08040000 		.4byte	0x408
 1035 0352 0D       		.uleb128 0xd
 1036 0353 1A000000 		.4byte	.LBB6
 1037 0357 4C000000 		.4byte	.LBE6-.LBB6
 1038 035b CB030000 		.4byte	0x3cb
 1039 035f 0E       		.uleb128 0xe
 1040 0360 7000     		.ascii	"p\000"
 1041 0362 02       		.byte	0x2
 1042 0363 33       		.byte	0x33
 1043 0364 D0000000 		.4byte	0xd0
 1044 0368 02       		.uleb128 0x2
 1045 0369 91       		.byte	0x91
 1046 036a 60       		.sleb128 -32
 1047 036b 08       		.uleb128 0x8
 1048 036c 2E000000 		.4byte	.LVL65
 1049 0370 46010000 		.4byte	0x146
 1050 0374 7F030000 		.4byte	0x37f
ARM GAS  C:\Users\midtg\AppData\Local\Temp\ccKrWzk0.s 			page 25


 1051 0378 09       		.uleb128 0x9
 1052 0379 01       		.uleb128 0x1
 1053 037a 50       		.byte	0x50
 1054 037b 02       		.uleb128 0x2
 1055 037c 91       		.byte	0x91
 1056 037d 60       		.sleb128 -32
 1057 037e 00       		.byte	0
 1058 037f 08       		.uleb128 0x8
 1059 0380 4C000000 		.4byte	.LVL66
 1060 0384 5A050000 		.4byte	0x55a
 1061 0388 B7030000 		.4byte	0x3b7
 1062 038c 09       		.uleb128 0x9
 1063 038d 01       		.uleb128 0x1
 1064 038e 50       		.byte	0x50
 1065 038f 05       		.uleb128 0x5
 1066 0390 03       		.byte	0x3
 1067 0391 04000000 		.4byte	.LANCHOR0+4
 1068 0395 09       		.uleb128 0x9
 1069 0396 01       		.uleb128 0x1
 1070 0397 51       		.byte	0x51
 1071 0398 03       		.uleb128 0x3
 1072 0399 0A       		.byte	0xa
 1073 039a 0001     		.2byte	0x100
 1074 039c 09       		.uleb128 0x9
 1075 039d 01       		.uleb128 0x1
 1076 039e 52       		.byte	0x52
 1077 039f 05       		.uleb128 0x5
 1078 03a0 03       		.byte	0x3
 1079 03a1 24000000 		.4byte	.LC1
 1080 03a5 09       		.uleb128 0x9
 1081 03a6 01       		.uleb128 0x1
 1082 03a7 53       		.byte	0x53
 1083 03a8 03       		.uleb128 0x3
 1084 03a9 91       		.byte	0x91
 1085 03aa 64       		.sleb128 -28
 1086 03ab 06       		.byte	0x6
 1087 03ac 09       		.uleb128 0x9
 1088 03ad 02       		.uleb128 0x2
 1089 03ae 7D       		.byte	0x7d
 1090 03af 00       		.sleb128 0
 1091 03b0 05       		.uleb128 0x5
 1092 03b1 91       		.byte	0x91
 1093 03b2 68       		.sleb128 -24
 1094 03b3 F6       		.byte	0xf6
 1095 03b4 08       		.byte	0x8
 1096 03b5 25       		.uleb128 0x25
 1097 03b6 00       		.byte	0
 1098 03b7 10       		.uleb128 0x10
 1099 03b8 66000000 		.4byte	.LVL67
 1100 03bc 65050000 		.4byte	0x565
 1101 03c0 09       		.uleb128 0x9
 1102 03c1 01       		.uleb128 0x1
 1103 03c2 50       		.byte	0x50
 1104 03c3 05       		.uleb128 0x5
 1105 03c4 03       		.byte	0x3
 1106 03c5 04000000 		.4byte	.LANCHOR0+4
 1107 03c9 00       		.byte	0
ARM GAS  C:\Users\midtg\AppData\Local\Temp\ccKrWzk0.s 			page 26


 1108 03ca 00       		.byte	0
 1109 03cb 08       		.uleb128 0x8
 1110 03cc 0C000000 		.4byte	.LVL61
 1111 03d0 70050000 		.4byte	0x570
 1112 03d4 E2030000 		.4byte	0x3e2
 1113 03d8 09       		.uleb128 0x9
 1114 03d9 01       		.uleb128 0x1
 1115 03da 50       		.byte	0x50
 1116 03db 05       		.uleb128 0x5
 1117 03dc 03       		.byte	0x3
 1118 03dd 00000000 		.4byte	ISR_UART_RX_handler
 1119 03e1 00       		.byte	0
 1120 03e2 0A       		.uleb128 0xa
 1121 03e3 10000000 		.4byte	.LVL62
 1122 03e7 01010000 		.4byte	0x101
 1123 03eb 0A       		.uleb128 0xa
 1124 03ec 14000000 		.4byte	.LVL63
 1125 03f0 7B050000 		.4byte	0x57b
 1126 03f4 10       		.uleb128 0x10
 1127 03f5 1A000000 		.4byte	.LVL64
 1128 03f9 65050000 		.4byte	0x565
 1129 03fd 09       		.uleb128 0x9
 1130 03fe 01       		.uleb128 0x1
 1131 03ff 50       		.byte	0x50
 1132 0400 05       		.uleb128 0x5
 1133 0401 03       		.byte	0x3
 1134 0402 00000000 		.4byte	.LC0
 1135 0406 00       		.byte	0
 1136 0407 00       		.byte	0
 1137 0408 11       		.uleb128 0x11
 1138 0409 B0010000 		.4byte	.LASF30
 1139 040d 02       		.byte	0x2
 1140 040e A5       		.byte	0xa5
 1141 040f 00000000 		.4byte	.LFB68
 1142 0413 10000000 		.4byte	.LFE68-.LFB68
 1143 0417 01       		.uleb128 0x1
 1144 0418 9C       		.byte	0x9c
 1145 0419 2B040000 		.4byte	0x42b
 1146 041d 12       		.uleb128 0x12
 1147 041e B1000000 		.4byte	.LASF33
 1148 0422 02       		.byte	0x2
 1149 0423 A5       		.byte	0xa5
 1150 0424 A8000000 		.4byte	0xa8
 1151 0428 01       		.uleb128 0x1
 1152 0429 50       		.byte	0x50
 1153 042a 00       		.byte	0
 1154 042b 11       		.uleb128 0x11
 1155 042c E5010000 		.4byte	.LASF31
 1156 0430 02       		.byte	0x2
 1157 0431 97       		.byte	0x97
 1158 0432 00000000 		.4byte	.LFB67
 1159 0436 24000000 		.4byte	.LFE67-.LFB67
 1160 043a 01       		.uleb128 0x1
 1161 043b 9C       		.byte	0x9c
 1162 043c A3040000 		.4byte	0x4a3
 1163 0440 0C       		.uleb128 0xc
 1164 0441 71000000 		.4byte	.LASF32
ARM GAS  C:\Users\midtg\AppData\Local\Temp\ccKrWzk0.s 			page 27


 1165 0445 02       		.byte	0x2
 1166 0446 99       		.byte	0x99
 1167 0447 A8000000 		.4byte	0xa8
 1168 044b 1E010000 		.4byte	.LLST9
 1169 044f 0D       		.uleb128 0xd
 1170 0450 0A000000 		.4byte	.LBB7
 1171 0454 14000000 		.4byte	.LBE7-.LBB7
 1172 0458 99040000 		.4byte	0x499
 1173 045c 0C       		.uleb128 0xc
 1174 045d B1000000 		.4byte	.LASF33
 1175 0461 02       		.byte	0x2
 1176 0462 9C       		.byte	0x9c
 1177 0463 A8000000 		.4byte	0xa8
 1178 0467 3C010000 		.4byte	.LLST10
 1179 046b 0A       		.uleb128 0xa
 1180 046c 0E000000 		.4byte	.LVL71
 1181 0470 86050000 		.4byte	0x586
 1182 0474 08       		.uleb128 0x8
 1183 0475 14000000 		.4byte	.LVL73
 1184 0479 91050000 		.4byte	0x591
 1185 047d 88040000 		.4byte	0x488
 1186 0481 09       		.uleb128 0x9
 1187 0482 01       		.uleb128 0x1
 1188 0483 50       		.byte	0x50
 1189 0484 02       		.uleb128 0x2
 1190 0485 75       		.byte	0x75
 1191 0486 00       		.sleb128 0
 1192 0487 00       		.byte	0
 1193 0488 10       		.uleb128 0x10
 1194 0489 1A000000 		.4byte	.LVL74
 1195 048d 08040000 		.4byte	0x408
 1196 0491 09       		.uleb128 0x9
 1197 0492 01       		.uleb128 0x1
 1198 0493 50       		.byte	0x50
 1199 0494 02       		.uleb128 0x2
 1200 0495 75       		.byte	0x75
 1201 0496 00       		.sleb128 0
 1202 0497 00       		.byte	0
 1203 0498 00       		.byte	0
 1204 0499 0A       		.uleb128 0xa
 1205 049a 06000000 		.4byte	.LVL69
 1206 049e 9C050000 		.4byte	0x59c
 1207 04a2 00       		.byte	0
 1208 04a3 13       		.uleb128 0x13
 1209 04a4 A1000000 		.4byte	0xa1
 1210 04a8 B3040000 		.4byte	0x4b3
 1211 04ac 14       		.uleb128 0x14
 1212 04ad 9A000000 		.4byte	0x9a
 1213 04b1 FF       		.byte	0xff
 1214 04b2 00       		.byte	0
 1215 04b3 15       		.uleb128 0x15
 1216 04b4 7F010000 		.4byte	.LASF34
 1217 04b8 02       		.byte	0x2
 1218 04b9 17       		.byte	0x17
 1219 04ba A3040000 		.4byte	0x4a3
 1220 04be 05       		.uleb128 0x5
 1221 04bf 03       		.byte	0x3
ARM GAS  C:\Users\midtg\AppData\Local\Temp\ccKrWzk0.s 			page 28


 1222 04c0 04000000 		.4byte	outputBuffer
 1223 04c4 16       		.uleb128 0x16
 1224 04c5 F9010000 		.4byte	.LASF35
 1225 04c9 05       		.byte	0x5
 1226 04ca 1207     		.2byte	0x712
 1227 04cc D0040000 		.4byte	0x4d0
 1228 04d0 17       		.uleb128 0x17
 1229 04d1 B3000000 		.4byte	0xb3
 1230 04d5 18       		.uleb128 0x18
 1231 04d6 D6020000 		.4byte	.LASF36
 1232 04da 02       		.byte	0x2
 1233 04db 18       		.byte	0x18
 1234 04dc A8000000 		.4byte	0xa8
 1235 04e0 05       		.uleb128 0x5
 1236 04e1 03       		.byte	0x3
 1237 04e2 00000000 		.4byte	flag
 1238 04e6 18       		.uleb128 0x18
 1239 04e7 C3030000 		.4byte	.LASF37
 1240 04eb 02       		.byte	0x2
 1241 04ec 19       		.byte	0x19
 1242 04ed A8000000 		.4byte	0xa8
 1243 04f1 05       		.uleb128 0x5
 1244 04f2 03       		.byte	0x3
 1245 04f3 00000000 		.4byte	flagstart
 1246 04f7 19       		.uleb128 0x19
 1247 04f8 4A020000 		.4byte	.LASF38
 1248 04fc 4A020000 		.4byte	.LASF38
 1249 0500 06       		.byte	0x6
 1250 0501 26       		.byte	0x26
 1251 0502 19       		.uleb128 0x19
 1252 0503 ED020000 		.4byte	.LASF39
 1253 0507 ED020000 		.4byte	.LASF39
 1254 050b 07       		.byte	0x7
 1255 050c 26       		.byte	0x26
 1256 050d 19       		.uleb128 0x19
 1257 050e 5A010000 		.4byte	.LASF40
 1258 0512 5A010000 		.4byte	.LASF40
 1259 0516 08       		.byte	0x8
 1260 0517 5A       		.byte	0x5a
 1261 0518 19       		.uleb128 0x19
 1262 0519 C3020000 		.4byte	.LASF41
 1263 051d C3020000 		.4byte	.LASF41
 1264 0521 09       		.byte	0x9
 1265 0522 77       		.byte	0x77
 1266 0523 19       		.uleb128 0x19
 1267 0524 2B000000 		.4byte	.LASF42
 1268 0528 2B000000 		.4byte	.LASF42
 1269 052c 0A       		.byte	0xa
 1270 052d 2B       		.byte	0x2b
 1271 052e 19       		.uleb128 0x19
 1272 052f 06020000 		.4byte	.LASF43
 1273 0533 06020000 		.4byte	.LASF43
 1274 0537 08       		.byte	0x8
 1275 0538 6A       		.byte	0x6a
 1276 0539 19       		.uleb128 0x19
 1277 053a 2B020000 		.4byte	.LASF44
 1278 053e 2B020000 		.4byte	.LASF44
ARM GAS  C:\Users\midtg\AppData\Local\Temp\ccKrWzk0.s 			page 29


 1279 0542 08       		.byte	0x8
 1280 0543 69       		.byte	0x69
 1281 0544 19       		.uleb128 0x19
 1282 0545 DE030000 		.4byte	.LASF45
 1283 0549 DE030000 		.4byte	.LASF45
 1284 054d 09       		.byte	0x9
 1285 054e 76       		.byte	0x76
 1286 054f 19       		.uleb128 0x19
 1287 0550 AB030000 		.4byte	.LASF46
 1288 0554 AB030000 		.4byte	.LASF46
 1289 0558 0B       		.byte	0xb
 1290 0559 2B       		.byte	0x2b
 1291 055a 19       		.uleb128 0x19
 1292 055b 4A000000 		.4byte	.LASF47
 1293 055f 4A000000 		.4byte	.LASF47
 1294 0563 0C       		.byte	0xc
 1295 0564 FD       		.byte	0xfd
 1296 0565 19       		.uleb128 0x19
 1297 0566 CD030000 		.4byte	.LASF48
 1298 056a CD030000 		.4byte	.LASF48
 1299 056e 0D       		.byte	0xd
 1300 056f 8B       		.byte	0x8b
 1301 0570 19       		.uleb128 0x19
 1302 0571 33030000 		.4byte	.LASF49
 1303 0575 33030000 		.4byte	.LASF49
 1304 0579 0E       		.byte	0xe
 1305 057a 18       		.byte	0x18
 1306 057b 19       		.uleb128 0x19
 1307 057c 14000000 		.4byte	.LASF50
 1308 0580 14000000 		.4byte	.LASF50
 1309 0584 0D       		.byte	0xd
 1310 0585 54       		.byte	0x54
 1311 0586 19       		.uleb128 0x19
 1312 0587 9E010000 		.4byte	.LASF51
 1313 058b 9E010000 		.4byte	.LASF51
 1314 058f 0D       		.byte	0xd
 1315 0590 6F       		.byte	0x6f
 1316 0591 19       		.uleb128 0x19
 1317 0592 6C010000 		.4byte	.LASF52
 1318 0596 6C010000 		.4byte	.LASF52
 1319 059a 0D       		.byte	0xd
 1320 059b 88       		.byte	0x88
 1321 059c 19       		.uleb128 0x19
 1322 059d 1C030000 		.4byte	.LASF53
 1323 05a1 1C030000 		.4byte	.LASF53
 1324 05a5 0D       		.byte	0xd
 1325 05a6 73       		.byte	0x73
 1326 05a7 00       		.byte	0
 1327              		.section	.debug_abbrev,"",%progbits
 1328              	.Ldebug_abbrev0:
 1329 0000 01       		.uleb128 0x1
 1330 0001 11       		.uleb128 0x11
 1331 0002 01       		.byte	0x1
 1332 0003 25       		.uleb128 0x25
 1333 0004 0E       		.uleb128 0xe
 1334 0005 13       		.uleb128 0x13
 1335 0006 0B       		.uleb128 0xb
ARM GAS  C:\Users\midtg\AppData\Local\Temp\ccKrWzk0.s 			page 30


 1336 0007 03       		.uleb128 0x3
 1337 0008 0E       		.uleb128 0xe
 1338 0009 1B       		.uleb128 0x1b
 1339 000a 0E       		.uleb128 0xe
 1340 000b 55       		.uleb128 0x55
 1341 000c 17       		.uleb128 0x17
 1342 000d 11       		.uleb128 0x11
 1343 000e 01       		.uleb128 0x1
 1344 000f 10       		.uleb128 0x10
 1345 0010 17       		.uleb128 0x17
 1346 0011 00       		.byte	0
 1347 0012 00       		.byte	0
 1348 0013 02       		.uleb128 0x2
 1349 0014 24       		.uleb128 0x24
 1350 0015 00       		.byte	0
 1351 0016 0B       		.uleb128 0xb
 1352 0017 0B       		.uleb128 0xb
 1353 0018 3E       		.uleb128 0x3e
 1354 0019 0B       		.uleb128 0xb
 1355 001a 03       		.uleb128 0x3
 1356 001b 0E       		.uleb128 0xe
 1357 001c 00       		.byte	0
 1358 001d 00       		.byte	0
 1359 001e 03       		.uleb128 0x3
 1360 001f 16       		.uleb128 0x16
 1361 0020 00       		.byte	0
 1362 0021 03       		.uleb128 0x3
 1363 0022 0E       		.uleb128 0xe
 1364 0023 3A       		.uleb128 0x3a
 1365 0024 0B       		.uleb128 0xb
 1366 0025 3B       		.uleb128 0x3b
 1367 0026 0B       		.uleb128 0xb
 1368 0027 49       		.uleb128 0x49
 1369 0028 13       		.uleb128 0x13
 1370 0029 00       		.byte	0
 1371 002a 00       		.byte	0
 1372 002b 04       		.uleb128 0x4
 1373 002c 24       		.uleb128 0x24
 1374 002d 00       		.byte	0
 1375 002e 0B       		.uleb128 0xb
 1376 002f 0B       		.uleb128 0xb
 1377 0030 3E       		.uleb128 0x3e
 1378 0031 0B       		.uleb128 0xb
 1379 0032 03       		.uleb128 0x3
 1380 0033 08       		.uleb128 0x8
 1381 0034 00       		.byte	0
 1382 0035 00       		.byte	0
 1383 0036 05       		.uleb128 0x5
 1384 0037 13       		.uleb128 0x13
 1385 0038 01       		.byte	0x1
 1386 0039 03       		.uleb128 0x3
 1387 003a 0E       		.uleb128 0xe
 1388 003b 0B       		.uleb128 0xb
 1389 003c 0B       		.uleb128 0xb
 1390 003d 3A       		.uleb128 0x3a
 1391 003e 0B       		.uleb128 0xb
 1392 003f 3B       		.uleb128 0x3b
ARM GAS  C:\Users\midtg\AppData\Local\Temp\ccKrWzk0.s 			page 31


 1393 0040 0B       		.uleb128 0xb
 1394 0041 01       		.uleb128 0x1
 1395 0042 13       		.uleb128 0x13
 1396 0043 00       		.byte	0
 1397 0044 00       		.byte	0
 1398 0045 06       		.uleb128 0x6
 1399 0046 0D       		.uleb128 0xd
 1400 0047 00       		.byte	0
 1401 0048 03       		.uleb128 0x3
 1402 0049 0E       		.uleb128 0xe
 1403 004a 3A       		.uleb128 0x3a
 1404 004b 0B       		.uleb128 0xb
 1405 004c 3B       		.uleb128 0x3b
 1406 004d 0B       		.uleb128 0xb
 1407 004e 49       		.uleb128 0x49
 1408 004f 13       		.uleb128 0x13
 1409 0050 38       		.uleb128 0x38
 1410 0051 0B       		.uleb128 0xb
 1411 0052 00       		.byte	0
 1412 0053 00       		.byte	0
 1413 0054 07       		.uleb128 0x7
 1414 0055 2E       		.uleb128 0x2e
 1415 0056 01       		.byte	0x1
 1416 0057 3F       		.uleb128 0x3f
 1417 0058 19       		.uleb128 0x19
 1418 0059 03       		.uleb128 0x3
 1419 005a 0E       		.uleb128 0xe
 1420 005b 3A       		.uleb128 0x3a
 1421 005c 0B       		.uleb128 0xb
 1422 005d 3B       		.uleb128 0x3b
 1423 005e 0B       		.uleb128 0xb
 1424 005f 11       		.uleb128 0x11
 1425 0060 01       		.uleb128 0x1
 1426 0061 12       		.uleb128 0x12
 1427 0062 06       		.uleb128 0x6
 1428 0063 40       		.uleb128 0x40
 1429 0064 18       		.uleb128 0x18
 1430 0065 9742     		.uleb128 0x2117
 1431 0067 19       		.uleb128 0x19
 1432 0068 01       		.uleb128 0x1
 1433 0069 13       		.uleb128 0x13
 1434 006a 00       		.byte	0
 1435 006b 00       		.byte	0
 1436 006c 08       		.uleb128 0x8
 1437 006d 898201   		.uleb128 0x4109
 1438 0070 01       		.byte	0x1
 1439 0071 11       		.uleb128 0x11
 1440 0072 01       		.uleb128 0x1
 1441 0073 31       		.uleb128 0x31
 1442 0074 13       		.uleb128 0x13
 1443 0075 01       		.uleb128 0x1
 1444 0076 13       		.uleb128 0x13
 1445 0077 00       		.byte	0
 1446 0078 00       		.byte	0
 1447 0079 09       		.uleb128 0x9
 1448 007a 8A8201   		.uleb128 0x410a
 1449 007d 00       		.byte	0
ARM GAS  C:\Users\midtg\AppData\Local\Temp\ccKrWzk0.s 			page 32


 1450 007e 02       		.uleb128 0x2
 1451 007f 18       		.uleb128 0x18
 1452 0080 9142     		.uleb128 0x2111
 1453 0082 18       		.uleb128 0x18
 1454 0083 00       		.byte	0
 1455 0084 00       		.byte	0
 1456 0085 0A       		.uleb128 0xa
 1457 0086 898201   		.uleb128 0x4109
 1458 0089 00       		.byte	0
 1459 008a 11       		.uleb128 0x11
 1460 008b 01       		.uleb128 0x1
 1461 008c 31       		.uleb128 0x31
 1462 008d 13       		.uleb128 0x13
 1463 008e 00       		.byte	0
 1464 008f 00       		.byte	0
 1465 0090 0B       		.uleb128 0xb
 1466 0091 2E       		.uleb128 0x2e
 1467 0092 01       		.byte	0x1
 1468 0093 3F       		.uleb128 0x3f
 1469 0094 19       		.uleb128 0x19
 1470 0095 03       		.uleb128 0x3
 1471 0096 0E       		.uleb128 0xe
 1472 0097 3A       		.uleb128 0x3a
 1473 0098 0B       		.uleb128 0xb
 1474 0099 3B       		.uleb128 0x3b
 1475 009a 0B       		.uleb128 0xb
 1476 009b 49       		.uleb128 0x49
 1477 009c 13       		.uleb128 0x13
 1478 009d 11       		.uleb128 0x11
 1479 009e 01       		.uleb128 0x1
 1480 009f 12       		.uleb128 0x12
 1481 00a0 06       		.uleb128 0x6
 1482 00a1 40       		.uleb128 0x40
 1483 00a2 18       		.uleb128 0x18
 1484 00a3 9642     		.uleb128 0x2116
 1485 00a5 19       		.uleb128 0x19
 1486 00a6 01       		.uleb128 0x1
 1487 00a7 13       		.uleb128 0x13
 1488 00a8 00       		.byte	0
 1489 00a9 00       		.byte	0
 1490 00aa 0C       		.uleb128 0xc
 1491 00ab 34       		.uleb128 0x34
 1492 00ac 00       		.byte	0
 1493 00ad 03       		.uleb128 0x3
 1494 00ae 0E       		.uleb128 0xe
 1495 00af 3A       		.uleb128 0x3a
 1496 00b0 0B       		.uleb128 0xb
 1497 00b1 3B       		.uleb128 0x3b
 1498 00b2 0B       		.uleb128 0xb
 1499 00b3 49       		.uleb128 0x49
 1500 00b4 13       		.uleb128 0x13
 1501 00b5 02       		.uleb128 0x2
 1502 00b6 17       		.uleb128 0x17
 1503 00b7 00       		.byte	0
 1504 00b8 00       		.byte	0
 1505 00b9 0D       		.uleb128 0xd
 1506 00ba 0B       		.uleb128 0xb
ARM GAS  C:\Users\midtg\AppData\Local\Temp\ccKrWzk0.s 			page 33


 1507 00bb 01       		.byte	0x1
 1508 00bc 11       		.uleb128 0x11
 1509 00bd 01       		.uleb128 0x1
 1510 00be 12       		.uleb128 0x12
 1511 00bf 06       		.uleb128 0x6
 1512 00c0 01       		.uleb128 0x1
 1513 00c1 13       		.uleb128 0x13
 1514 00c2 00       		.byte	0
 1515 00c3 00       		.byte	0
 1516 00c4 0E       		.uleb128 0xe
 1517 00c5 34       		.uleb128 0x34
 1518 00c6 00       		.byte	0
 1519 00c7 03       		.uleb128 0x3
 1520 00c8 08       		.uleb128 0x8
 1521 00c9 3A       		.uleb128 0x3a
 1522 00ca 0B       		.uleb128 0xb
 1523 00cb 3B       		.uleb128 0x3b
 1524 00cc 0B       		.uleb128 0xb
 1525 00cd 49       		.uleb128 0x49
 1526 00ce 13       		.uleb128 0x13
 1527 00cf 02       		.uleb128 0x2
 1528 00d0 18       		.uleb128 0x18
 1529 00d1 00       		.byte	0
 1530 00d2 00       		.byte	0
 1531 00d3 0F       		.uleb128 0xf
 1532 00d4 2E       		.uleb128 0x2e
 1533 00d5 01       		.byte	0x1
 1534 00d6 3F       		.uleb128 0x3f
 1535 00d7 19       		.uleb128 0x19
 1536 00d8 03       		.uleb128 0x3
 1537 00d9 0E       		.uleb128 0xe
 1538 00da 3A       		.uleb128 0x3a
 1539 00db 0B       		.uleb128 0xb
 1540 00dc 3B       		.uleb128 0x3b
 1541 00dd 0B       		.uleb128 0xb
 1542 00de 27       		.uleb128 0x27
 1543 00df 19       		.uleb128 0x19
 1544 00e0 49       		.uleb128 0x49
 1545 00e1 13       		.uleb128 0x13
 1546 00e2 8701     		.uleb128 0x87
 1547 00e4 19       		.uleb128 0x19
 1548 00e5 11       		.uleb128 0x11
 1549 00e6 01       		.uleb128 0x1
 1550 00e7 12       		.uleb128 0x12
 1551 00e8 06       		.uleb128 0x6
 1552 00e9 40       		.uleb128 0x40
 1553 00ea 18       		.uleb128 0x18
 1554 00eb 9742     		.uleb128 0x2117
 1555 00ed 19       		.uleb128 0x19
 1556 00ee 01       		.uleb128 0x1
 1557 00ef 13       		.uleb128 0x13
 1558 00f0 00       		.byte	0
 1559 00f1 00       		.byte	0
 1560 00f2 10       		.uleb128 0x10
 1561 00f3 898201   		.uleb128 0x4109
 1562 00f6 01       		.byte	0x1
 1563 00f7 11       		.uleb128 0x11
ARM GAS  C:\Users\midtg\AppData\Local\Temp\ccKrWzk0.s 			page 34


 1564 00f8 01       		.uleb128 0x1
 1565 00f9 31       		.uleb128 0x31
 1566 00fa 13       		.uleb128 0x13
 1567 00fb 00       		.byte	0
 1568 00fc 00       		.byte	0
 1569 00fd 11       		.uleb128 0x11
 1570 00fe 2E       		.uleb128 0x2e
 1571 00ff 01       		.byte	0x1
 1572 0100 3F       		.uleb128 0x3f
 1573 0101 19       		.uleb128 0x19
 1574 0102 03       		.uleb128 0x3
 1575 0103 0E       		.uleb128 0xe
 1576 0104 3A       		.uleb128 0x3a
 1577 0105 0B       		.uleb128 0xb
 1578 0106 3B       		.uleb128 0x3b
 1579 0107 0B       		.uleb128 0xb
 1580 0108 27       		.uleb128 0x27
 1581 0109 19       		.uleb128 0x19
 1582 010a 11       		.uleb128 0x11
 1583 010b 01       		.uleb128 0x1
 1584 010c 12       		.uleb128 0x12
 1585 010d 06       		.uleb128 0x6
 1586 010e 40       		.uleb128 0x40
 1587 010f 18       		.uleb128 0x18
 1588 0110 9742     		.uleb128 0x2117
 1589 0112 19       		.uleb128 0x19
 1590 0113 01       		.uleb128 0x1
 1591 0114 13       		.uleb128 0x13
 1592 0115 00       		.byte	0
 1593 0116 00       		.byte	0
 1594 0117 12       		.uleb128 0x12
 1595 0118 05       		.uleb128 0x5
 1596 0119 00       		.byte	0
 1597 011a 03       		.uleb128 0x3
 1598 011b 0E       		.uleb128 0xe
 1599 011c 3A       		.uleb128 0x3a
 1600 011d 0B       		.uleb128 0xb
 1601 011e 3B       		.uleb128 0x3b
 1602 011f 0B       		.uleb128 0xb
 1603 0120 49       		.uleb128 0x49
 1604 0121 13       		.uleb128 0x13
 1605 0122 02       		.uleb128 0x2
 1606 0123 18       		.uleb128 0x18
 1607 0124 00       		.byte	0
 1608 0125 00       		.byte	0
 1609 0126 13       		.uleb128 0x13
 1610 0127 01       		.uleb128 0x1
 1611 0128 01       		.byte	0x1
 1612 0129 49       		.uleb128 0x49
 1613 012a 13       		.uleb128 0x13
 1614 012b 01       		.uleb128 0x1
 1615 012c 13       		.uleb128 0x13
 1616 012d 00       		.byte	0
 1617 012e 00       		.byte	0
 1618 012f 14       		.uleb128 0x14
 1619 0130 21       		.uleb128 0x21
 1620 0131 00       		.byte	0
ARM GAS  C:\Users\midtg\AppData\Local\Temp\ccKrWzk0.s 			page 35


 1621 0132 49       		.uleb128 0x49
 1622 0133 13       		.uleb128 0x13
 1623 0134 2F       		.uleb128 0x2f
 1624 0135 0B       		.uleb128 0xb
 1625 0136 00       		.byte	0
 1626 0137 00       		.byte	0
 1627 0138 15       		.uleb128 0x15
 1628 0139 34       		.uleb128 0x34
 1629 013a 00       		.byte	0
 1630 013b 03       		.uleb128 0x3
 1631 013c 0E       		.uleb128 0xe
 1632 013d 3A       		.uleb128 0x3a
 1633 013e 0B       		.uleb128 0xb
 1634 013f 3B       		.uleb128 0x3b
 1635 0140 0B       		.uleb128 0xb
 1636 0141 49       		.uleb128 0x49
 1637 0142 13       		.uleb128 0x13
 1638 0143 02       		.uleb128 0x2
 1639 0144 18       		.uleb128 0x18
 1640 0145 00       		.byte	0
 1641 0146 00       		.byte	0
 1642 0147 16       		.uleb128 0x16
 1643 0148 34       		.uleb128 0x34
 1644 0149 00       		.byte	0
 1645 014a 03       		.uleb128 0x3
 1646 014b 0E       		.uleb128 0xe
 1647 014c 3A       		.uleb128 0x3a
 1648 014d 0B       		.uleb128 0xb
 1649 014e 3B       		.uleb128 0x3b
 1650 014f 05       		.uleb128 0x5
 1651 0150 49       		.uleb128 0x49
 1652 0151 13       		.uleb128 0x13
 1653 0152 3F       		.uleb128 0x3f
 1654 0153 19       		.uleb128 0x19
 1655 0154 3C       		.uleb128 0x3c
 1656 0155 19       		.uleb128 0x19
 1657 0156 00       		.byte	0
 1658 0157 00       		.byte	0
 1659 0158 17       		.uleb128 0x17
 1660 0159 35       		.uleb128 0x35
 1661 015a 00       		.byte	0
 1662 015b 49       		.uleb128 0x49
 1663 015c 13       		.uleb128 0x13
 1664 015d 00       		.byte	0
 1665 015e 00       		.byte	0
 1666 015f 18       		.uleb128 0x18
 1667 0160 34       		.uleb128 0x34
 1668 0161 00       		.byte	0
 1669 0162 03       		.uleb128 0x3
 1670 0163 0E       		.uleb128 0xe
 1671 0164 3A       		.uleb128 0x3a
 1672 0165 0B       		.uleb128 0xb
 1673 0166 3B       		.uleb128 0x3b
 1674 0167 0B       		.uleb128 0xb
 1675 0168 49       		.uleb128 0x49
 1676 0169 13       		.uleb128 0x13
 1677 016a 3F       		.uleb128 0x3f
ARM GAS  C:\Users\midtg\AppData\Local\Temp\ccKrWzk0.s 			page 36


 1678 016b 19       		.uleb128 0x19
 1679 016c 02       		.uleb128 0x2
 1680 016d 18       		.uleb128 0x18
 1681 016e 00       		.byte	0
 1682 016f 00       		.byte	0
 1683 0170 19       		.uleb128 0x19
 1684 0171 2E       		.uleb128 0x2e
 1685 0172 00       		.byte	0
 1686 0173 3F       		.uleb128 0x3f
 1687 0174 19       		.uleb128 0x19
 1688 0175 3C       		.uleb128 0x3c
 1689 0176 19       		.uleb128 0x19
 1690 0177 6E       		.uleb128 0x6e
 1691 0178 0E       		.uleb128 0xe
 1692 0179 03       		.uleb128 0x3
 1693 017a 0E       		.uleb128 0xe
 1694 017b 3A       		.uleb128 0x3a
 1695 017c 0B       		.uleb128 0xb
 1696 017d 3B       		.uleb128 0x3b
 1697 017e 0B       		.uleb128 0xb
 1698 017f 00       		.byte	0
 1699 0180 00       		.byte	0
 1700 0181 00       		.byte	0
 1701              		.section	.debug_loc,"",%progbits
 1702              	.Ldebug_loc0:
 1703              	.LLST0:
 1704 0000 36000000 		.4byte	.LVL11
 1705 0004 39000000 		.4byte	.LVL12-1
 1706 0008 0100     		.2byte	0x1
 1707 000a 50       		.byte	0x50
 1708 000b 90000000 		.4byte	.LVL24
 1709 000f 93000000 		.4byte	.LVL25-1
 1710 0013 0100     		.2byte	0x1
 1711 0015 50       		.byte	0x50
 1712 0016 00000000 		.4byte	0
 1713 001a 00000000 		.4byte	0
 1714              	.LLST1:
 1715 001e 50000000 		.4byte	.LVL14
 1716 0022 57000000 		.4byte	.LVL15-1
 1717 0026 0600     		.2byte	0x6
 1718 0028 50       		.byte	0x50
 1719 0029 93       		.byte	0x93
 1720 002a 04       		.uleb128 0x4
 1721 002b 51       		.byte	0x51
 1722 002c 93       		.byte	0x93
 1723 002d 04       		.uleb128 0x4
 1724 002e 00000000 		.4byte	0
 1725 0032 00000000 		.4byte	0
 1726              	.LLST2:
 1727 0036 5C000000 		.4byte	.LVL16
 1728 003a D6000000 		.4byte	.LVL32
 1729 003e 0600     		.2byte	0x6
 1730 0040 54       		.byte	0x54
 1731 0041 93       		.byte	0x93
 1732 0042 04       		.uleb128 0x4
 1733 0043 55       		.byte	0x55
 1734 0044 93       		.byte	0x93
ARM GAS  C:\Users\midtg\AppData\Local\Temp\ccKrWzk0.s 			page 37


 1735 0045 04       		.uleb128 0x4
 1736 0046 DA000000 		.4byte	.LVL33
 1737 004a DC000000 		.4byte	.LVL34
 1738 004e 0600     		.2byte	0x6
 1739 0050 54       		.byte	0x54
 1740 0051 93       		.byte	0x93
 1741 0052 04       		.uleb128 0x4
 1742 0053 55       		.byte	0x55
 1743 0054 93       		.byte	0x93
 1744 0055 04       		.uleb128 0x4
 1745 0056 DE000000 		.4byte	.LVL35
 1746 005a 06020000 		.4byte	.LVL60
 1747 005e 0600     		.2byte	0x6
 1748 0060 54       		.byte	0x54
 1749 0061 93       		.byte	0x93
 1750 0062 04       		.uleb128 0x4
 1751 0063 55       		.byte	0x55
 1752 0064 93       		.byte	0x93
 1753 0065 04       		.uleb128 0x4
 1754 0066 00000000 		.4byte	0
 1755 006a 00000000 		.4byte	0
 1756              	.LLST3:
 1757 006e AA000000 		.4byte	.LVL27
 1758 0072 B1000000 		.4byte	.LVL28-1
 1759 0076 0600     		.2byte	0x6
 1760 0078 50       		.byte	0x50
 1761 0079 93       		.byte	0x93
 1762 007a 04       		.uleb128 0x4
 1763 007b 51       		.byte	0x51
 1764 007c 93       		.byte	0x93
 1765 007d 04       		.uleb128 0x4
 1766 007e 00000000 		.4byte	0
 1767 0082 00000000 		.4byte	0
 1768              	.LLST4:
 1769 0086 B6000000 		.4byte	.LVL29
 1770 008a 00010000 		.4byte	.LVL38
 1771 008e 0600     		.2byte	0x6
 1772 0090 58       		.byte	0x58
 1773 0091 93       		.byte	0x93
 1774 0092 04       		.uleb128 0x4
 1775 0093 59       		.byte	0x59
 1776 0094 93       		.byte	0x93
 1777 0095 04       		.uleb128 0x4
 1778 0096 06010000 		.4byte	.LVL39
 1779 009a 0A010000 		.4byte	.LVL40
 1780 009e 0600     		.2byte	0x6
 1781 00a0 58       		.byte	0x58
 1782 00a1 93       		.byte	0x93
 1783 00a2 04       		.uleb128 0x4
 1784 00a3 59       		.byte	0x59
 1785 00a4 93       		.byte	0x93
 1786 00a5 04       		.uleb128 0x4
 1787 00a6 0E010000 		.4byte	.LVL41
 1788 00aa 06020000 		.4byte	.LVL60
 1789 00ae 0600     		.2byte	0x6
 1790 00b0 58       		.byte	0x58
 1791 00b1 93       		.byte	0x93
ARM GAS  C:\Users\midtg\AppData\Local\Temp\ccKrWzk0.s 			page 38


 1792 00b2 04       		.uleb128 0x4
 1793 00b3 59       		.byte	0x59
 1794 00b4 93       		.byte	0x93
 1795 00b5 04       		.uleb128 0x4
 1796 00b6 00000000 		.4byte	0
 1797 00ba 00000000 		.4byte	0
 1798              	.LLST5:
 1799 00be 2A010000 		.4byte	.LVL44
 1800 00c2 60010000 		.4byte	.LVL49
 1801 00c6 0200     		.2byte	0x2
 1802 00c8 32       		.byte	0x32
 1803 00c9 9F       		.byte	0x9f
 1804 00ca 00000000 		.4byte	0
 1805 00ce 00000000 		.4byte	0
 1806              	.LLST6:
 1807 00d2 46010000 		.4byte	.LVL47
 1808 00d6 5A010000 		.4byte	.LVL48
 1809 00da 0600     		.2byte	0x6
 1810 00dc 50       		.byte	0x50
 1811 00dd 93       		.byte	0x93
 1812 00de 04       		.uleb128 0x4
 1813 00df 51       		.byte	0x51
 1814 00e0 93       		.byte	0x93
 1815 00e1 04       		.uleb128 0x4
 1816 00e2 5A010000 		.4byte	.LVL48
 1817 00e6 60010000 		.4byte	.LVL49
 1818 00ea 0200     		.2byte	0x2
 1819 00ec 91       		.byte	0x91
 1820 00ed 60       		.sleb128 -32
 1821 00ee 00000000 		.4byte	0
 1822 00f2 00000000 		.4byte	0
 1823              	.LLST7:
 1824 00f6 7C010000 		.4byte	.LVL52
 1825 00fa A2010000 		.4byte	.LVL54
 1826 00fe 0200     		.2byte	0x2
 1827 0100 33       		.byte	0x33
 1828 0101 9F       		.byte	0x9f
 1829 0102 00000000 		.4byte	0
 1830 0106 00000000 		.4byte	0
 1831              	.LLST8:
 1832 010a BE010000 		.4byte	.LVL57
 1833 010e E4010000 		.4byte	.LVL59
 1834 0112 0200     		.2byte	0x2
 1835 0114 31       		.byte	0x31
 1836 0115 9F       		.byte	0x9f
 1837 0116 00000000 		.4byte	0
 1838 011a 00000000 		.4byte	0
 1839              	.LLST9:
 1840 011e 08000000 		.4byte	.LVL70
 1841 0122 1C000000 		.4byte	.LVL75
 1842 0126 0100     		.2byte	0x1
 1843 0128 54       		.byte	0x54
 1844 0129 1E000000 		.4byte	.LVL76
 1845 012d 24000000 		.4byte	.LFE67
 1846 0131 0100     		.2byte	0x1
 1847 0133 54       		.byte	0x54
 1848 0134 00000000 		.4byte	0
ARM GAS  C:\Users\midtg\AppData\Local\Temp\ccKrWzk0.s 			page 39


 1849 0138 00000000 		.4byte	0
 1850              	.LLST10:
 1851 013c 10000000 		.4byte	.LVL72
 1852 0140 1E000000 		.4byte	.LVL76
 1853 0144 0100     		.2byte	0x1
 1854 0146 55       		.byte	0x55
 1855 0147 00000000 		.4byte	0
 1856 014b 00000000 		.4byte	0
 1857              		.section	.debug_aranges,"",%progbits
 1858 0000 3C000000 		.4byte	0x3c
 1859 0004 0200     		.2byte	0x2
 1860 0006 00000000 		.4byte	.Ldebug_info0
 1861 000a 04       		.byte	0x4
 1862 000b 00       		.byte	0
 1863 000c 0000     		.2byte	0
 1864 000e 0000     		.2byte	0
 1865 0010 00000000 		.4byte	.LFB64
 1866 0014 14000000 		.4byte	.LFE64-.LFB64
 1867 0018 00000000 		.4byte	.LFB65
 1868 001c 24020000 		.4byte	.LFE65-.LFB65
 1869 0020 00000000 		.4byte	.LFB66
 1870 0024 80000000 		.4byte	.LFE66-.LFB66
 1871 0028 00000000 		.4byte	.LFB68
 1872 002c 10000000 		.4byte	.LFE68-.LFB68
 1873 0030 00000000 		.4byte	.LFB67
 1874 0034 24000000 		.4byte	.LFE67-.LFB67
 1875 0038 00000000 		.4byte	0
 1876 003c 00000000 		.4byte	0
 1877              		.section	.debug_ranges,"",%progbits
 1878              	.Ldebug_ranges0:
 1879 0000 00000000 		.4byte	.LFB64
 1880 0004 14000000 		.4byte	.LFE64
 1881 0008 00000000 		.4byte	.LFB65
 1882 000c 24020000 		.4byte	.LFE65
 1883 0010 00000000 		.4byte	.LFB66
 1884 0014 80000000 		.4byte	.LFE66
 1885 0018 00000000 		.4byte	.LFB68
 1886 001c 10000000 		.4byte	.LFE68
 1887 0020 00000000 		.4byte	.LFB67
 1888 0024 24000000 		.4byte	.LFE67
 1889 0028 00000000 		.4byte	0
 1890 002c 00000000 		.4byte	0
 1891              		.section	.debug_line,"",%progbits
 1892              	.Ldebug_line0:
 1893 0000 08030000 		.section	.debug_str,"MS",%progbits,1
 1893      02003802 
 1893      00000201 
 1893      FB0E0D00 
 1893      01010101 
 1894              	.LASF28:
 1895 0000 63616C63 		.ascii	"calculated_distance\000"
 1895      756C6174 
 1895      65645F64 
 1895      69737461 
 1895      6E636500 
 1896              	.LASF50:
 1897 0014 55415254 		.ascii	"UART_1_Start\000"
ARM GAS  C:\Users\midtg\AppData\Local\Temp\ccKrWzk0.s 			page 40


 1897      5F315F53 
 1897      74617274 
 1897      00
 1898              	.LASF5:
 1899 0021 5F5F7569 		.ascii	"__uint8_t\000"
 1899      6E74385F 
 1899      7400
 1900              	.LASF42:
 1901 002b 4563686F 		.ascii	"Echo_1_Read\000"
 1901      5F315F52 
 1901      65616400 
 1902              	.LASF6:
 1903 0037 5F5F696E 		.ascii	"__int32_t\000"
 1903      7433325F 
 1903      7400
 1904              	.LASF7:
 1905 0041 6C6F6E67 		.ascii	"long int\000"
 1905      20696E74 
 1905      00
 1906              	.LASF47:
 1907 004a 736E7072 		.ascii	"snprintf\000"
 1907      696E7466 
 1907      00
 1908              	.LASF4:
 1909 0053 73686F72 		.ascii	"short unsigned int\000"
 1909      7420756E 
 1909      7369676E 
 1909      65642069 
 1909      6E7400
 1910              	.LASF8:
 1911 0066 5F5F7569 		.ascii	"__uint32_t\000"
 1911      6E743332 
 1911      5F7400
 1912              	.LASF32:
 1913 0071 62797465 		.ascii	"bytesToRead\000"
 1913      73546F52 
 1913      65616400 
 1914              	.LASF58:
 1915 007d 536F6E61 		.ascii	"SonarDriverStart\000"
 1915      72447269 
 1915      76657253 
 1915      74617274 
 1915      00
 1916              	.LASF29:
 1917 008e 47657450 		.ascii	"GetPigeonPos\000"
 1917      6967656F 
 1917      6E506F73 
 1917      00
 1918              	.LASF26:
 1919 009b 74696D65 		.ascii	"timeus\000"
 1919      757300
 1920              	.LASF22:
 1921 00a2 64697374 		.ascii	"distance\000"
 1921      616E6365 
 1921      00
 1922              	.LASF19:
 1923 00ab 666C6F61 		.ascii	"float\000"
ARM GAS  C:\Users\midtg\AppData\Local\Temp\ccKrWzk0.s 			page 41


 1923      7400
 1924              	.LASF33:
 1925 00b1 62797465 		.ascii	"byteReceived\000"
 1925      52656365 
 1925      69766564 
 1925      00
 1926              	.LASF2:
 1927 00be 756E7369 		.ascii	"unsigned char\000"
 1927      676E6564 
 1927      20636861 
 1927      7200
 1928              	.LASF54:
 1929 00cc 474E5520 		.ascii	"GNU C11 5.4.1 20160609 (release) [ARM/embedded-5-br"
 1929      43313120 
 1929      352E342E 
 1929      31203230 
 1929      31363036 
 1930 00ff 616E6368 		.ascii	"anch revision 237715] -mcpu=cortex-m3 -mthumb -g -O"
 1930      20726576 
 1930      6973696F 
 1930      6E203233 
 1930      37373135 
 1931 0132 67202D66 		.ascii	"g -ffunction-sections -ffat-lto-objects\000"
 1931      66756E63 
 1931      74696F6E 
 1931      2D736563 
 1931      74696F6E 
 1932              	.LASF40:
 1933 015a 54696D65 		.ascii	"Timer_Sonar_Start\000"
 1933      725F536F 
 1933      6E61725F 
 1933      53746172 
 1933      7400
 1934              	.LASF52:
 1935 016c 55415254 		.ascii	"UART_1_WriteTxData\000"
 1935      5F315F57 
 1935      72697465 
 1935      54784461 
 1935      746100
 1936              	.LASF34:
 1937 017f 6F757470 		.ascii	"outputBuffer\000"
 1937      75744275 
 1937      66666572 
 1937      00
 1938              	.LASF9:
 1939 018c 6C6F6E67 		.ascii	"long unsigned int\000"
 1939      20756E73 
 1939      69676E65 
 1939      6420696E 
 1939      7400
 1940              	.LASF51:
 1941 019e 55415254 		.ascii	"UART_1_ReadRxData\000"
 1941      5F315F52 
 1941      65616452 
 1941      78446174 
 1941      6100
 1942              	.LASF30:
ARM GAS  C:\Users\midtg\AppData\Local\Temp\ccKrWzk0.s 			page 42


 1943 01b0 68616E64 		.ascii	"handleByteReceived\000"
 1943      6C654279 
 1943      74655265 
 1943      63656976 
 1943      656400
 1944              	.LASF25:
 1945 01c3 64697374 		.ascii	"distance_sonar_1\000"
 1945      616E6365 
 1945      5F736F6E 
 1945      61725F31 
 1945      00
 1946              	.LASF27:
 1947 01d4 64697374 		.ascii	"distance_sonar_2\000"
 1947      616E6365 
 1947      5F736F6E 
 1947      61725F32 
 1947      00
 1948              	.LASF31:
 1949 01e5 4953525F 		.ascii	"ISR_UART_RX_handler\000"
 1949      55415254 
 1949      5F52585F 
 1949      68616E64 
 1949      6C657200 
 1950              	.LASF35:
 1951 01f9 49544D5F 		.ascii	"ITM_RxBuffer\000"
 1951      52784275 
 1951      66666572 
 1951      00
 1952              	.LASF43:
 1953 0206 54696D65 		.ascii	"Timer_Sonar_WriteCounter\000"
 1953      725F536F 
 1953      6E61725F 
 1953      57726974 
 1953      65436F75 
 1954              	.LASF23:
 1955 021f 74696D65 		.ascii	"timervaerdi\000"
 1955      72766165 
 1955      72646900 
 1956              	.LASF44:
 1957 022b 54696D65 		.ascii	"Timer_Sonar_ReadCounter\000"
 1957      725F536F 
 1957      6E61725F 
 1957      52656164 
 1957      436F756E 
 1958              	.LASF0:
 1959 0243 646F7562 		.ascii	"double\000"
 1959      6C6500
 1960              	.LASF38:
 1961 024a 54726967 		.ascii	"Trigger_1_Write\000"
 1961      6765725F 
 1961      315F5772 
 1961      69746500 
 1962              	.LASF56:
 1963 025a 433A5C55 		.ascii	"C:\\Users\\midtg\\Documents\\GitHub\\I3E3PRJ_Repo\\"
 1963      73657273 
 1963      5C6D6964 
 1963      74675C44 
ARM GAS  C:\Users\midtg\AppData\Local\Temp\ccKrWzk0.s 			page 43


 1963      6F63756D 
 1964 0287 41646469 		.ascii	"Additional_PSoC_projects\\Sonar_Driver\\Sonar_funct"
 1964      74696F6E 
 1964      616C5F50 
 1964      536F435F 
 1964      70726F6A 
 1965 02b8 696F6E73 		.ascii	"ions.cydsn\000"
 1965      2E637964 
 1965      736E00
 1966              	.LASF41:
 1967 02c3 43794465 		.ascii	"CyDelayUs\000"
 1967      6C617955 
 1967      7300
 1968              	.LASF57:
 1969 02cd 706F7369 		.ascii	"position\000"
 1969      74696F6E 
 1969      00
 1970              	.LASF36:
 1971 02d6 666C6167 		.ascii	"flag\000"
 1971      00
 1972              	.LASF59:
 1973 02db 6D61696E 		.ascii	"main\000"
 1973      00
 1974              	.LASF12:
 1975 02e0 756E7369 		.ascii	"unsigned int\000"
 1975      676E6564 
 1975      20696E74 
 1975      00
 1976              	.LASF39:
 1977 02ed 54726967 		.ascii	"Trigger_2_Write\000"
 1977      6765725F 
 1977      325F5772 
 1977      69746500 
 1978              	.LASF11:
 1979 02fd 6C6F6E67 		.ascii	"long long unsigned int\000"
 1979      206C6F6E 
 1979      6720756E 
 1979      7369676E 
 1979      65642069 
 1980              	.LASF16:
 1981 0314 75696E74 		.ascii	"uint8_t\000"
 1981      385F7400 
 1982              	.LASF53:
 1983 031c 55415254 		.ascii	"UART_1_GetRxBufferSize\000"
 1983      5F315F47 
 1983      65745278 
 1983      42756666 
 1983      65725369 
 1984              	.LASF49:
 1985 0333 55415254 		.ascii	"UART_RX_interrupt_StartEx\000"
 1985      5F52585F 
 1985      696E7465 
 1985      72727570 
 1985      745F5374 
 1986              	.LASF1:
 1987 034d 7369676E 		.ascii	"signed char\000"
 1987      65642063 
ARM GAS  C:\Users\midtg\AppData\Local\Temp\ccKrWzk0.s 			page 44


 1987      68617200 
 1988              	.LASF24:
 1989 0359 74696D65 		.ascii	"time\000"
 1989      00
 1990              	.LASF17:
 1991 035e 696E7433 		.ascii	"int32_t\000"
 1991      325F7400 
 1992              	.LASF14:
 1993 0366 73697A65 		.ascii	"sizetype\000"
 1993      74797065 
 1993      00
 1994              	.LASF20:
 1995 036f 64657465 		.ascii	"detected\000"
 1995      63746564 
 1995      00
 1996              	.LASF10:
 1997 0378 6C6F6E67 		.ascii	"long long int\000"
 1997      206C6F6E 
 1997      6720696E 
 1997      7400
 1998              	.LASF55:
 1999 0386 6D61696E 		.ascii	"main.c\000"
 1999      2E6300
 2000              	.LASF15:
 2001 038d 63686172 		.ascii	"char\000"
 2001      00
 2002              	.LASF21:
 2003 0392 77696474 		.ascii	"width\000"
 2003      6800
 2004              	.LASF3:
 2005 0398 73686F72 		.ascii	"short int\000"
 2005      7420696E 
 2005      7400
 2006              	.LASF18:
 2007 03a2 75696E74 		.ascii	"uint32_t\000"
 2007      33325F74 
 2007      00
 2008              	.LASF46:
 2009 03ab 4563686F 		.ascii	"Echo_2_Read\000"
 2009      5F325F52 
 2009      65616400 
 2010              	.LASF13:
 2011 03b7 6C6F6E67 		.ascii	"long double\000"
 2011      20646F75 
 2011      626C6500 
 2012              	.LASF37:
 2013 03c3 666C6167 		.ascii	"flagstart\000"
 2013      73746172 
 2013      7400
 2014              	.LASF48:
 2015 03cd 55415254 		.ascii	"UART_1_PutString\000"
 2015      5F315F50 
 2015      75745374 
 2015      72696E67 
 2015      00
 2016              	.LASF45:
 2017 03de 43794465 		.ascii	"CyDelay\000"
ARM GAS  C:\Users\midtg\AppData\Local\Temp\ccKrWzk0.s 			page 45


 2017      6C617900 
 2018              		.ident	"GCC: (GNU Tools for ARM Embedded Processors) 5.4.1 20160609 (release) [ARM/embedded-5-bran
