--------------- Build Started: 12/13/2018 04:47:44 Project: PSoCcontroller, Configuration: ARM GCC 5.4-2016-q2-update Debug ---------------
cydsfit.exe -.appdatapath "C:\Users\midtg\AppData\Local\Cypress Semiconductor\PSoC Creator\4.2" -.fdsnotice -.fdswarpdepfile=warp_dependencies.txt -.fdselabdepfile=elab_dependencies.txt -.fdsbldfile=generated_files.txt -.fdsreffile=referenced_files.txt -p C:\Users\midtg\Documents\GitHub\I3E3PRJ_Repo\PSoCcontroller\PSoCcontroller.cydsn\PSoCcontroller.cyprj -d CY8C5888LTI-LP097 -s C:\Users\midtg\Documents\GitHub\I3E3PRJ_Repo\PSoCcontroller\PSoCcontroller.cydsn\Generated_Source\PSoC5 -- -yv2 -q10 -ygs -o2 -v3 -.fftcfgtype=LE
Elaborating Design...
HDL Generation...
Synthesis...
Tech Mapping...
ADD: pft.M0040: information: The following 1 pin(s) will be assigned a location by the fitter: Pin_2(0)
Analog Placement...
Log: apr.M0058: The analog placement iterative improvement is 67% done. (App=cydsfit)
Analog Routing...
Analog Code Generation...
Digital Placement...
Digital Routing...
Bitstream Generation...
Bitstream Verification...
Static timing analysis...
API Generation...
Dependency Generation...
Cleanup...
--------------- Build Succeeded: 12/13/2018 04:48:01 ---------------
