#***************************************************************************

#sjplacer

#Version:            1.1

#Build Date:         Dec  5 2017 15:35:27

#File Generated:     Dec 13 2018 04:53:08

#Purpose:            

#Copyright (C) 2010-2011 by Softjin Technologies Pvt Ltd. All rights reserved.

#***************************************************************************

Executing : C:\Program Files (x86)\Cypress\PSoC Creator\4.2\PSoC Creator\bin/sjplacer.exe --proj-name PSoCcontroller --netlist-vh2 PSoCcontroller_p.vh2 --arch p35_udb4x6 --arch-file C:\Program Files (x86)\Cypress\PSoC Creator\4.2\PSoC Creator\dev\arch/udbdsi_4x6_24.cydata --ip-file C:\Program Files (x86)\Cypress\PSoC Creator\4.2\PSoC Creator\dev\psoc5/psoc5lp/ip_blocks.cydata --rrg-file C:\Program Files (x86)\Cypress\PSoC Creator\4.2\PSoC Creator\dev\psoc5/psoc5lp/route_arch-rrg.cydata --irq-file C:\Program Files (x86)\Cypress\PSoC Creator\4.2\PSoC Creator\dev\psoc5/psoc5lp/irqconn.cydata --drq-file C:\Program Files (x86)\Cypress\PSoC Creator\4.2\PSoC Creator\dev\psoc5/psoc5lp/dmaconn.cydata --dsi-conn-file C:\Program Files (x86)\Cypress\PSoC Creator\4.2\PSoC Creator\dev\psoc5/psoc5lp/dsiconn.cydata --pins-file pins_68-QFN.xml --lib-file PSoCcontroller_p.lib --sdc-file PSoCcontroller.sdc --io-pcf PSoCcontroller.pci --outdir .

		Softjin Techologies Placer, Version 1.1

Build Date : Dec  5 2017	15:33:41

D2004: Option and Settings Summary
=============================================================
Netlist vh2 file          - PSoCcontroller_p.vh2
Architecture file         - C:\Program Files (x86)\Cypress\PSoC Creator\4.2\PSoC Creator\dev\arch/udbdsi_4x6_24.cydata
Package                   - 
Defparam file             - 
SDC file                  - PSoCcontroller.sdc
Output directory          - .
Timing library            - PSoCcontroller_p.lib
IO Placement file         - PSoCcontroller.pci

D2050: Starting reading inputs for placer
=============================================================
D2065: Reading netlist file : "PSoCcontroller_p.vh2"
D2065: Reading arch file : "C:\Program Files (x86)\Cypress\PSoC Creator\4.2\PSoC Creator\dev\arch/udbdsi_4x6_24.cydata"
D2051: Reading of inputs for placer completed successfully

D2053: Starting placement of the design
=============================================================

Phase 2
Phase 3

Design Statistics after Packing
    Number of Combinational MCs 	:	22
    Number of Sequential MCs    	:	25
    Number of DPs               	:	14
    Number of Controls          	:	7
    Number of Status            	:	9
    Number of SyncCells         	:	4
    Number of count7cells       	:	2

Device Utilization Summary after Packing
    Macrocells                  :	47/192
    UDBS                        :	17/24
    IOs                         :	23/72


D2088: Phase 3, elapsed time : 0.0 (sec)

Phase 4
D2088: Phase 4, elapsed time : 0.0 (sec)

Phase 5
D2088: Phase 5, elapsed time : 0.0 (sec)

Phase 6

######################################################################
Placement Timing Summary

The timing summary is based on estimated routing delays after
placement. For final timing report, please carry out the timing
analysis after routing.
======================================================================

######################################################################
                     Clock Summary 
======================================================================
Number of clocks: 14
Clock: ADC_Moisture_theACLK | Frequency: N/A       | Target:   1.6 MHz
Clock: ADC_Moisture_theACLK(fixed-function) | Frequency: N/A       | Target:   1.6 MHz
Clock: ADC_SAR_WaSens_theACLK | Frequency: N/A       | Target:   1.6 MHz
Clock: ADC_SAR_WaSens_theACLK(fixed-function) | Frequency: N/A       | Target:   1.6 MHz
Clock: Clock_1              | Frequency:  59.7 MHz | Target:   0.0 MHz
Clock: Clock_2              | Frequency:  59.7 MHz | Target:   0.5 MHz
Clock: CyBUS_CLK            | Frequency:  43.5 MHz | Target:  24.0 MHz
Clock: CyILO                | Frequency: N/A       | Target:   0.0 MHz
Clock: CyIMO                | Frequency: N/A       | Target:   3.0 MHz
Clock: CyMASTER_CLK         | Frequency: N/A       | Target:  24.0 MHz
Clock: CyPLL_OUT            | Frequency: N/A       | Target:  24.0 MHz
Clock: SPI_1_IntClock       | Frequency:  55.0 MHz | Target:   2.0 MHz
Clock: Slave_clk(0)_PAD     | Frequency:  34.4 MHz | Target:   0.1 MHz
Clock: UART_1_IntClock      | Frequency:  49.5 MHz | Target:   0.5 MHz

======================================================================
                     End of Clock Summary
######################################################################

D2088: Phase 6, elapsed time : 0.1 (sec)

Phase 7
######################################################################
                     Clock Summary 
======================================================================
Number of clocks: 14
Clock: ADC_Moisture_theACLK | Frequency: N/A       | Target:   1.6 MHz
Clock: ADC_Moisture_theACLK(fixed-function) | Frequency: N/A       | Target:   1.6 MHz
Clock: ADC_SAR_WaSens_theACLK | Frequency: N/A       | Target:   1.6 MHz
Clock: ADC_SAR_WaSens_theACLK(fixed-function) | Frequency: N/A       | Target:   1.6 MHz
Clock: Clock_1              | Frequency:  59.7 MHz | Target:   0.0 MHz
Clock: Clock_2              | Frequency:  59.7 MHz | Target:   0.5 MHz
Clock: CyBUS_CLK            | Frequency:   2.4 MHz | Target:  24.0 MHz
Clock: CyILO                | Frequency: N/A       | Target:   0.0 MHz
Clock: CyIMO                | Frequency: N/A       | Target:   3.0 MHz
Clock: CyMASTER_CLK         | Frequency: N/A       | Target:  24.0 MHz
Clock: CyPLL_OUT            | Frequency: N/A       | Target:  24.0 MHz
Clock: SPI_1_IntClock       | Frequency:  73.8 MHz | Target:   2.0 MHz
Clock: Slave_clk(0)_PAD     | Frequency:  26.0 MHz | Target:   0.1 MHz
Clock: UART_1_IntClock      | Frequency:   2.4 MHz | Target:   0.5 MHz

======================================================================
                     End of Clock Summary
######################################################################
D2088: Phase 7, elapsed time : 1.3 (sec)

Final Design Statistics
    Number of Combinational MCs 	:	22
    Number of Sequential MCs    	:	25
    Number of DPs               	:	14
    Number of Controls          	:	7
    Number of Status            	:	9
    Number of SyncCells         	:	4
    Number of count7cells       	:	2
    Number of IOs       	:	23

Device Utilization Summary
    Macrocells                  :	47/192
    IOs                         :	23/72



######################################################################
Placement Timing Summary

The timing summary is based on estimated routing delays after
placement. For final timing report, please carry out the timing
analysis after routing.
======================================================================


######################################################################
                     Clock Summary 
======================================================================
Number of clocks: 14
Clock: ADC_Moisture_theACLK | Frequency: N/A       | Target:   1.6 MHz
Clock: ADC_Moisture_theACLK(fixed-function) | Frequency: N/A       | Target:   1.6 MHz
Clock: ADC_SAR_WaSens_theACLK | Frequency: N/A       | Target:   1.6 MHz
Clock: ADC_SAR_WaSens_theACLK(fixed-function) | Frequency: N/A       | Target:   1.6 MHz
Clock: Clock_1              | Frequency:  59.7 MHz | Target:   0.0 MHz
Clock: Clock_2              | Frequency:  57.8 MHz | Target:   0.5 MHz
Clock: CyBUS_CLK            | Frequency:   3.1 MHz | Target:  24.0 MHz
Clock: CyILO                | Frequency: N/A       | Target:   0.0 MHz
Clock: CyIMO                | Frequency: N/A       | Target:   3.0 MHz
Clock: CyMASTER_CLK         | Frequency: N/A       | Target:  24.0 MHz
Clock: CyPLL_OUT            | Frequency: N/A       | Target:  24.0 MHz
Clock: SPI_1_IntClock       | Frequency:  90.3 MHz | Target:   2.0 MHz
Clock: Slave_clk(0)_PAD     | Frequency:  30.3 MHz | Target:   0.1 MHz
Clock: UART_1_IntClock      | Frequency:   3.1 MHz | Target:   0.5 MHz

======================================================================
                     End of Clock Summary
######################################################################

Phase 8
D2088: Phase 8, elapsed time : 0.0 (sec)

D2054: Placement of the design completed successfully

I2076: Total run-time: 2.6 sec.

