--------------- Build Started: 11/30/2018 10:27:22 Project: Stepper, Configuration: ARM GCC 5.4-2016-q2-update Debug ---------------
cydsfit.exe -.appdatapath "C:\Users\Lasse\AppData\Local\Cypress Semiconductor\PSoC Creator\4.2" -.fdsnotice -.fdswarpdepfile=warp_dependencies.txt -.fdselabdepfile=elab_dependencies.txt -.fdsbldfile=generated_files.txt -.fdsreffile=referenced_files.txt -p "D:\OneDrive - Aarhus Universitet\Aarhus Universitet\E3\E3PRJ\I3E3PRJ_Repo\PSoC\MotorDriver\Stepper.cydsn\Stepper.cyprj" -d CY8C5888LTI-LP097 -s "D:\OneDrive - Aarhus Universitet\Aarhus Universitet\E3\E3PRJ\I3E3PRJ_Repo\PSoC\MotorDriver\Stepper.cydsn\Generated_Source\PSoC5" -- -yv2 -q10 -ygs -o2 -v3 -.fftcfgtype=LE
Elaborating Design...
HDL Generation...
Synthesis...
Tech Mapping...
Analog Placement...
Analog Routing...
Analog Code Generation...
Digital Placement...
Digital Routing...
Bitstream Generation...
Bitstream Verification...
Static timing analysis...
API Generation...
Dependency Generation...
Cleanup...
arm-none-eabi-gcc.exe -mcpu=cortex-m3 -mthumb -I. -IGenerated_Source\PSoC5 -Wa,-alh=.\CortexM3\ARM_GCC_541\Debug/main.lst -g -D DEBUG -D CY_CORE_ID=0 -Wall -ffunction-sections -ffat-lto-objects -Og -c main.c -o .\CortexM3\ARM_GCC_541\Debug\main.o
In file included from main.c:13:0:
MotorDriver.h:27:13: warning: 'rotateClockwiseX' declared 'static' but never defined [-Wunused-function]
 static void rotateClockwiseX();
             ^
MotorDriver.h:28:13: warning: 'rotateCounterClockwiseX' declared 'static' but never defined [-Wunused-function]
 static void rotateCounterClockwiseX();
             ^
MotorDriver.h:29:13: warning: 'moveStepX' declared 'static' but never defined [-Wunused-function]
 static void moveStepX();
             ^
MotorDriver.h:31:13: warning: 'resetPositionX' declared 'static' but never defined [-Wunused-function]
 static void resetPositionX();
             ^
arm-none-eabi-gcc.exe -mcpu=cortex-m3 -mthumb -I. -IGenerated_Source\PSoC5 -Wa,-alh=.\CortexM3\ARM_GCC_541\Debug/MotorDriver.lst -g -D DEBUG -D CY_CORE_ID=0 -Wall -ffunction-sections -ffat-lto-objects -Og -c MotorDriver.c -o .\CortexM3\ARM_GCC_541\Debug\MotorDriver.o
arm-none-eabi-gcc.exe -mcpu=cortex-m3 -mthumb -I. -IGenerated_Source\PSoC5 -Wa,-alh=.\CortexM3\ARM_GCC_541\Debug/Timer_StepperX.lst -g -D DEBUG -D CY_CORE_ID=0 -Wall -ffunction-sections -ffat-lto-objects -Og -c Generated_Source\PSoC5\Timer_StepperX.c -o .\CortexM3\ARM_GCC_541\Debug\Timer_StepperX.o
arm-none-eabi-gcc.exe -mcpu=cortex-m3 -mthumb -I. -IGenerated_Source\PSoC5 -Wa,-alh=.\CortexM3\ARM_GCC_541\Debug/Timer_StepperX_PM.lst -g -D DEBUG -D CY_CORE_ID=0 -Wall -ffunction-sections -ffat-lto-objects -Og -c Generated_Source\PSoC5\Timer_StepperX_PM.c -o .\CortexM3\ARM_GCC_541\Debug\Timer_StepperX_PM.o
arm-none-eabi-ar.exe -rs .\CortexM3\ARM_GCC_541\Debug\Stepper.a .\CortexM3\ARM_GCC_541\Debug\cy_em_eeprom.o .\CortexM3\ARM_GCC_541\Debug\CyDmac.o .\CortexM3\ARM_GCC_541\Debug\CyFlash.o .\CortexM3\ARM_GCC_541\Debug\CyLib.o .\CortexM3\ARM_GCC_541\Debug\cyPm.o .\CortexM3\ARM_GCC_541\Debug\CySpc.o .\CortexM3\ARM_GCC_541\Debug\cyutils.o .\CortexM3\ARM_GCC_541\Debug\Pin_X1.o .\CortexM3\ARM_GCC_541\Debug\Pin_X2.o .\CortexM3\ARM_GCC_541\Debug\Pin_X3.o .\CortexM3\ARM_GCC_541\Debug\Clock_1.o .\CortexM3\ARM_GCC_541\Debug\Timer_StepperX.o .\CortexM3\ARM_GCC_541\Debug\Timer_StepperX_PM.o .\CortexM3\ARM_GCC_541\Debug\stepper_isr.o .\CortexM3\ARM_GCC_541\Debug\UART_1.o .\CortexM3\ARM_GCC_541\Debug\UART_1_PM.o .\CortexM3\ARM_GCC_541\Debug\UART_1_INT.o .\CortexM3\ARM_GCC_541\Debug\UART_1_BOOT.o .\CortexM3\ARM_GCC_541\Debug\UART_1_IntClock.o .\CortexM3\ARM_GCC_541\Debug\uart_isr.o .\CortexM3\ARM_GCC_541\Debug\CyBootAsmGnu.o
arm-none-eabi-ar.exe: creating .\CortexM3\ARM_GCC_541\Debug\Stepper.a
arm-none-eabi-gcc.exe -Wl,--start-group -o "D:\OneDrive - Aarhus Universitet\Aarhus Universitet\E3\E3PRJ\I3E3PRJ_Repo\PSoC\MotorDriver\Stepper.cydsn\CortexM3\ARM_GCC_541\Debug\Stepper.elf" .\CortexM3\ARM_GCC_541\Debug\main.o .\CortexM3\ARM_GCC_541\Debug\MotorDriver.o .\CortexM3\ARM_GCC_541\Debug\cyfitter_cfg.o .\CortexM3\ARM_GCC_541\Debug\cymetadata.o .\CortexM3\ARM_GCC_541\Debug\Cm3Start.o .\CortexM3\ARM_GCC_541\Debug\Stepper.a "C:\Program Files (x86)\Cypress\PSoC Creator\4.2\PSoC Creator\psoc\content\cycomponentlibrary\CyComponentLibrary.cylib\CortexM3\ARM_GCC_541\Debug\CyComponentLibrary.a" -mcpu=cortex-m3 -mthumb -l m -L Generated_Source\PSoC5 -Wl,-Map,.\CortexM3\ARM_GCC_541\Debug/Stepper.map -T Generated_Source\PSoC5\cm3gcc.ld -specs=nano.specs -Wl,--gc-sections -g -ffunction-sections -Og -ffat-lto-objects -Wl,--end-group
cyelftool.exe -C "D:\OneDrive - Aarhus Universitet\Aarhus Universitet\E3\E3PRJ\I3E3PRJ_Repo\PSoC\MotorDriver\Stepper.cydsn\CortexM3\ARM_GCC_541\Debug\Stepper.elf" --flash_row_size 256 --flash_size 262144 --flash_offset 0x00000000
No ELF section .cychecksum found, creating one
Application checksum calculated and stored in ELF section .cychecksum
Checksum calculated and stored in ELF section .cymeta
cyelftool.exe -S "D:\OneDrive - Aarhus Universitet\Aarhus Universitet\E3\E3PRJ\I3E3PRJ_Repo\PSoC\MotorDriver\Stepper.cydsn\CortexM3\ARM_GCC_541\Debug\Stepper.elf"
Flash used: 4982 of 262144 bytes (1.9%).
SRAM used: 2521 of 65536 bytes (3.8%). Stack: 2048 bytes. Heap: 128 bytes.
--------------- Build Succeeded: 11/30/2018 10:27:39 ---------------
